<?xml version="1.0" encoding="UTF-8"?>
<coverage generated="1693764640748" clover="3.2.0">
  <project timestamp="1693764640748" name="All files">
    <metrics statements="1013" coveredstatements="779" conditionals="363" coveredconditionals="254" methods="217" coveredmethods="162" elements="1593" coveredelements="1195" complexity="0" loc="1013" ncloc="1013" packages="1" files="22" classes="22"/>
    <file name="AddWorkoutsToRoutine.js" path="C:\Users\User-Admin\Documents\UniWork\WorkingDissertationV2\Fitness-Future-Dissertation-Project\fitness-web-app\src\AddWorkoutsToRoutine.js">
      <metrics statements="77" coveredstatements="43" conditionals="33" coveredconditionals="14" methods="16" coveredmethods="10"/>
      <line num="16" count="1" type="stmt"/>
      <line num="17" count="4" type="stmt"/>
      <line num="18" count="4" type="stmt"/>
      <line num="19" count="4" type="stmt"/>
      <line num="20" count="4" type="stmt"/>
      <line num="21" count="4" type="stmt"/>
      <line num="22" count="4" type="stmt"/>
      <line num="23" count="4" type="stmt"/>
      <line num="24" count="4" type="stmt"/>
      <line num="25" count="4" type="stmt"/>
      <line num="26" count="4" type="stmt"/>
      <line num="29" count="4" type="stmt"/>
      <line num="31" count="4" type="stmt"/>
      <line num="33" count="4" type="stmt"/>
      <line num="35" count="4" type="cond" truecount="1" falsecount="1"/>
      <line num="37" count="4" type="stmt"/>
      <line num="41" count="2" type="stmt"/>
      <line num="43" count="2" type="stmt"/>
      <line num="47" count="4" type="stmt"/>
      <line num="50" count="2" type="stmt"/>
      <line num="51" count="2" type="stmt"/>
      <line num="55" count="2" type="stmt"/>
      <line num="61" count="2" type="cond" truecount="4" falsecount="0"/>
      <line num="63" count="1" type="stmt"/>
      <line num="64" count="2" type="stmt"/>
      <line num="67" count="1" type="stmt"/>
      <line num="68" count="2" type="stmt"/>
      <line num="71" count="1" type="stmt"/>
      <line num="72" count="2" type="stmt"/>
      <line num="75" count="1" type="stmt"/>
      <line num="76" count="2" type="stmt"/>
      <line num="81" count="1" type="stmt"/>
      <line num="82" count="1" type="stmt"/>
      <line num="83" count="1" type="stmt"/>
      <line num="84" count="1" type="stmt"/>
      <line num="85" count="1" type="cond" truecount="2" falsecount="2"/>
      <line num="86" count="1" type="stmt"/>
      <line num="89" count="0" type="stmt"/>
      <line num="90" count="0" type="stmt"/>
      <line num="94" count="4" type="stmt"/>
      <line num="95" count="2" type="cond" truecount="1" falsecount="1"/>
      <line num="96" count="0" type="stmt"/>
      <line num="97" count="0" type="stmt"/>
      <line num="99" count="0" type="cond" truecount="0" falsecount="2"/>
      <line num="100" count="0" type="stmt"/>
      <line num="101" count="0" type="stmt"/>
      <line num="102" count="0" type="cond" truecount="0" falsecount="2"/>
      <line num="103" count="0" type="stmt"/>
      <line num="107" count="0" type="cond" truecount="0" falsecount="4"/>
      <line num="108" count="0" type="stmt"/>
      <line num="115" count="4" type="stmt"/>
      <line num="116" count="0" type="stmt"/>
      <line num="118" count="0" type="cond" truecount="0" falsecount="5"/>
      <line num="119" count="0" type="stmt"/>
      <line num="120" count="0" type="stmt"/>
      <line num="123" count="0" type="stmt"/>
      <line num="124" count="0" type="stmt"/>
      <line num="125" count="0" type="stmt"/>
      <line num="127" count="0" type="stmt"/>
      <line num="128" count="0" type="stmt"/>
      <line num="140" count="0" type="stmt"/>
      <line num="141" count="0" type="stmt"/>
      <line num="143" count="0" type="stmt"/>
      <line num="144" count="0" type="stmt"/>
      <line num="145" count="0" type="stmt"/>
      <line num="147" count="0" type="stmt"/>
      <line num="149" count="0" type="stmt"/>
      <line num="150" count="0" type="stmt"/>
      <line num="152" count="0" type="stmt"/>
      <line num="153" count="0" type="stmt"/>
      <line num="156" count="4" type="stmt"/>
      <line num="180" count="0" type="stmt"/>
      <line num="187" count="2" type="cond" truecount="2" falsecount="0"/>
      <line num="203" count="0" type="stmt"/>
      <line num="207" count="2" type="stmt"/>
      <line num="221" count="0" type="stmt"/>
      <line num="236" count="0" type="stmt"/>
    </file>
    <file name="ApiStatus.js" path="C:\Users\User-Admin\Documents\UniWork\WorkingDissertationV2\Fitness-Future-Dissertation-Project\fitness-web-app\src\ApiStatus.js">
      <metrics statements="11" coveredstatements="11" conditionals="0" coveredconditionals="0" methods="3" coveredmethods="3"/>
      <line num="4" count="1" type="stmt"/>
      <line num="5" count="4" type="stmt"/>
      <line num="7" count="4" type="stmt"/>
      <line num="8" count="2" type="stmt"/>
      <line num="9" count="2" type="stmt"/>
      <line num="10" count="2" type="stmt"/>
      <line num="11" count="1" type="stmt"/>
      <line num="13" count="1" type="stmt"/>
      <line num="14" count="1" type="stmt"/>
      <line num="18" count="2" type="stmt"/>
      <line num="21" count="4" type="stmt"/>
    </file>
    <file name="AuthContext.js" path="C:\Users\User-Admin\Documents\UniWork\WorkingDissertationV2\Fitness-Future-Dissertation-Project\fitness-web-app\src\AuthContext.js">
      <metrics statements="34" coveredstatements="26" conditionals="8" coveredconditionals="7" methods="4" coveredmethods="3"/>
      <line num="5" count="2" type="stmt"/>
      <line num="12" count="2" type="stmt"/>
      <line num="16" count="2" type="cond" truecount="2" falsecount="0"/>
      <line num="17" count="2" type="cond" truecount="2" falsecount="0"/>
      <line num="18" count="2" type="cond" truecount="2" falsecount="0"/>
      <line num="20" count="2" type="stmt"/>
      <line num="21" count="1" type="stmt"/>
      <line num="22" count="1" type="stmt"/>
      <line num="29" count="1" type="cond" truecount="1" falsecount="1"/>
      <line num="30" count="1" type="stmt"/>
      <line num="31" count="1" type="stmt"/>
      <line num="32" count="1" type="stmt"/>
      <line num="33" count="1" type="stmt"/>
      <line num="34" count="1" type="stmt"/>
      <line num="35" count="1" type="stmt"/>
      <line num="36" count="1" type="stmt"/>
      <line num="39" count="1" type="stmt"/>
      <line num="40" count="1" type="stmt"/>
      <line num="41" count="1" type="stmt"/>
      <line num="42" count="1" type="stmt"/>
      <line num="43" count="1" type="stmt"/>
      <line num="45" count="0" type="stmt"/>
      <line num="48" count="0" type="stmt"/>
      <line num="54" count="2" type="stmt"/>
      <line num="55" count="0" type="stmt"/>
      <line num="56" count="0" type="stmt"/>
      <line num="57" count="0" type="stmt"/>
      <line num="60" count="0" type="stmt"/>
      <line num="61" count="0" type="stmt"/>
      <line num="62" count="0" type="stmt"/>
      <line num="65" count="2" type="stmt"/>
      <line num="68" count="2" type="stmt"/>
      <line num="75" count="2" type="stmt"/>
      <line num="87" count="2" type="stmt"/>
    </file>
    <file name="CreateWorkoutRoutine.js" path="C:\Users\User-Admin\Documents\UniWork\WorkingDissertationV2\Fitness-Future-Dissertation-Project\fitness-web-app\src\CreateWorkoutRoutine.js">
      <metrics statements="43" coveredstatements="38" conditionals="14" coveredconditionals="12" methods="9" coveredmethods="8"/>
      <line num="16" count="1" type="stmt"/>
      <line num="17" count="7" type="stmt"/>
      <line num="18" count="7" type="stmt"/>
      <line num="19" count="7" type="stmt"/>
      <line num="20" count="7" type="stmt"/>
      <line num="21" count="7" type="cond" truecount="2" falsecount="0"/>
      <line num="22" count="7" type="stmt"/>
      <line num="23" count="7" type="stmt"/>
      <line num="24" count="7" type="stmt"/>
      <line num="25" count="7" type="stmt"/>
      <line num="28" count="7" type="stmt"/>
      <line num="30" count="3" type="stmt"/>
      <line num="35" count="7" type="stmt"/>
      <line num="36" count="4" type="stmt"/>
      <line num="37" count="4" type="stmt"/>
      <line num="44" count="2" type="cond" truecount="2" falsecount="0"/>
      <line num="45" count="1" type="stmt"/>
      <line num="46" count="1" type="stmt"/>
      <line num="48" count="2" type="stmt"/>
      <line num="49" count="7" type="stmt"/>
      <line num="51" count="1" type="stmt"/>
      <line num="52" count="1" type="stmt"/>
      <line num="54" count="1" type="stmt"/>
      <line num="56" count="1" type="cond" truecount="1" falsecount="1"/>
      <line num="57" count="1" type="stmt"/>
      <line num="60" count="0" type="stmt"/>
      <line num="65" count="7" type="stmt"/>
      <line num="66" count="1" type="stmt"/>
      <line num="69" count="1" type="cond" truecount="1" falsecount="1"/>
      <line num="70" count="0" type="stmt"/>
      <line num="71" count="0" type="stmt"/>
      <line num="74" count="1" type="stmt"/>
      <line num="75" count="1" type="stmt"/>
      <line num="80" count="1" type="stmt"/>
      <line num="83" count="1" type="stmt"/>
      <line num="86" count="1" type="stmt"/>
      <line num="88" count="1" type="stmt"/>
      <line num="91" count="1" type="stmt"/>
      <line num="93" count="0" type="stmt"/>
      <line num="99" count="7" type="stmt"/>
      <line num="121" count="1" type="stmt"/>
      <line num="128" count="47" type="stmt"/>
      <line num="144" count="0" type="stmt"/>
    </file>
    <file name="DeleteUserWorkout.js" path="C:\Users\User-Admin\Documents\UniWork\WorkingDissertationV2\Fitness-Future-Dissertation-Project\fitness-web-app\src\DeleteUserWorkout.js">
      <metrics statements="51" coveredstatements="43" conditionals="12" coveredconditionals="9" methods="11" coveredmethods="9"/>
      <line num="17" count="1" type="stmt"/>
      <line num="18" count="13" type="stmt"/>
      <line num="19" count="12" type="stmt"/>
      <line num="20" count="12" type="stmt"/>
      <line num="21" count="12" type="stmt"/>
      <line num="22" count="12" type="stmt"/>
      <line num="23" count="12" type="stmt"/>
      <line num="24" count="12" type="stmt"/>
      <line num="25" count="12" type="stmt"/>
      <line num="26" count="12" type="cond" truecount="2" falsecount="0"/>
      <line num="28" count="12" type="stmt"/>
      <line num="30" count="12" type="stmt"/>
      <line num="31" count="12" type="stmt"/>
      <line num="33" count="4" type="stmt"/>
      <line num="37" count="12" type="stmt"/>
      <line num="38" count="5" type="stmt"/>
      <line num="39" count="5" type="stmt"/>
      <line num="44" count="3" type="cond" truecount="1" falsecount="1"/>
      <line num="45" count="3" type="stmt"/>
      <line num="47" count="3" type="stmt"/>
      <line num="48" count="3" type="stmt"/>
      <line num="51" count="3" type="stmt"/>
      <line num="52" count="3" type="stmt"/>
      <line num="54" count="3" type="stmt"/>
      <line num="55" count="3" type="stmt"/>
      <line num="56" count="3" type="stmt"/>
      <line num="58" count="0" type="stmt"/>
      <line num="59" count="0" type="stmt"/>
      <line num="63" count="1" type="stmt"/>
      <line num="64" count="1" type="stmt"/>
      <line num="70" count="12" type="stmt"/>
      <line num="71" count="1" type="stmt"/>
      <line num="74" count="1" type="cond" truecount="1" falsecount="1"/>
      <line num="75" count="0" type="stmt"/>
      <line num="76" count="0" type="stmt"/>
      <line num="80" count="1" type="stmt"/>
      <line num="81" count="1" type="stmt"/>
      <line num="87" count="1" type="cond" truecount="1" falsecount="1"/>
      <line num="88" count="1" type="stmt"/>
      <line num="89" count="1" type="stmt"/>
      <line num="90" count="1" type="stmt"/>
      <line num="91" count="1" type="stmt"/>
      <line num="93" count="0" type="stmt"/>
      <line num="99" count="0" type="stmt"/>
      <line num="100" count="0" type="stmt"/>
      <line num="106" count="12" type="stmt"/>
      <line num="114" count="0" type="stmt"/>
      <line num="126" count="12" type="stmt"/>
      <line num="149" count="2" type="stmt"/>
      <line num="153" count="7" type="stmt"/>
      <line num="159" count="2" type="stmt"/>
    </file>
    <file name="DeleteWorkoutRoutine.js" path="C:\Users\User-Admin\Documents\UniWork\WorkingDissertationV2\Fitness-Future-Dissertation-Project\fitness-web-app\src\DeleteWorkoutRoutine.js">
      <metrics statements="47" coveredstatements="33" conditionals="14" coveredconditionals="8" methods="11" coveredmethods="9"/>
      <line num="16" count="1" type="stmt"/>
      <line num="17" count="12" type="stmt"/>
      <line num="18" count="12" type="stmt"/>
      <line num="19" count="12" type="stmt"/>
      <line num="20" count="12" type="stmt"/>
      <line num="21" count="12" type="stmt"/>
      <line num="22" count="12" type="stmt"/>
      <line num="23" count="12" type="stmt"/>
      <line num="24" count="12" type="stmt"/>
      <line num="25" count="12" type="cond" truecount="2" falsecount="0"/>
      <line num="27" count="12" type="stmt"/>
      <line num="28" count="4" type="stmt"/>
      <line num="29" count="4" type="stmt"/>
      <line num="33" count="3" type="cond" truecount="1" falsecount="1"/>
      <line num="35" count="3" type="stmt"/>
      <line num="36" count="3" type="stmt"/>
      <line num="39" count="3" type="stmt"/>
      <line num="40" count="3" type="stmt"/>
      <line num="43" count="3" type="stmt"/>
      <line num="44" count="3" type="stmt"/>
      <line num="47" count="0" type="cond" truecount="0" falsecount="2"/>
      <line num="48" count="0" type="stmt"/>
      <line num="49" count="0" type="stmt"/>
      <line num="53" count="1" type="stmt"/>
      <line num="54" count="1" type="stmt"/>
      <line num="58" count="12" type="stmt"/>
      <line num="59" count="4" type="stmt"/>
      <line num="62" count="12" type="stmt"/>
      <line num="64" count="1" type="cond" truecount="1" falsecount="1"/>
      <line num="65" count="1" type="stmt"/>
      <line num="66" count="1" type="stmt"/>
      <line num="69" count="0" type="stmt"/>
      <line num="70" count="0" type="stmt"/>
      <line num="74" count="0" type="stmt"/>
      <line num="76" count="0" type="cond" truecount="0" falsecount="2"/>
      <line num="78" count="0" type="stmt"/>
      <line num="79" count="0" type="stmt"/>
      <line num="82" count="0" type="stmt"/>
      <line num="84" count="0" type="stmt"/>
      <line num="89" count="0" type="stmt"/>
      <line num="90" count="0" type="stmt"/>
      <line num="96" count="12" type="stmt"/>
      <line num="104" count="0" type="stmt"/>
      <line num="117" count="12" type="stmt"/>
      <line num="138" count="2" type="stmt"/>
      <line num="142" count="7" type="stmt"/>
      <line num="148" count="2" type="stmt"/>
    </file>
    <file name="EditWorkouts.js" path="C:\Users\User-Admin\Documents\UniWork\WorkingDissertationV2\Fitness-Future-Dissertation-Project\fitness-web-app\src\EditWorkouts.js">
      <metrics statements="60" coveredstatements="31" conditionals="13" coveredconditionals="3" methods="12" coveredmethods="6"/>
      <line num="16" count="1" type="stmt"/>
      <line num="17" count="3" type="stmt"/>
      <line num="18" count="2" type="stmt"/>
      <line num="19" count="2" type="stmt"/>
      <line num="20" count="2" type="stmt"/>
      <line num="21" count="2" type="stmt"/>
      <line num="22" count="2" type="stmt"/>
      <line num="23" count="2" type="stmt"/>
      <line num="24" count="2" type="stmt"/>
      <line num="27" count="2" type="cond" truecount="1" falsecount="1"/>
      <line num="29" count="2" type="stmt"/>
      <line num="32" count="2" type="stmt"/>
      <line num="34" count="2" type="stmt"/>
      <line num="35" count="1" type="stmt"/>
      <line num="36" count="1" type="stmt"/>
      <line num="37" count="1" type="stmt"/>
      <line num="40" count="1" type="stmt"/>
      <line num="43" count="1" type="stmt"/>
      <line num="45" count="1" type="stmt"/>
      <line num="46" count="1" type="stmt"/>
      <line num="49" count="1" type="stmt"/>
      <line num="50" count="1" type="stmt"/>
      <line num="52" count="1" type="stmt"/>
      <line num="53" count="1" type="stmt"/>
      <line num="54" count="1" type="stmt"/>
      <line num="57" count="0" type="stmt"/>
      <line num="61" count="1" type="stmt"/>
      <line num="64" count="2" type="stmt"/>
      <line num="65" count="0" type="stmt"/>
      <line num="67" count="0" type="cond" truecount="0" falsecount="5"/>
      <line num="68" count="0" type="stmt"/>
      <line num="69" count="0" type="stmt"/>
      <line num="72" count="0" type="stmt"/>
      <line num="73" count="0" type="stmt"/>
      <line num="74" count="0" type="stmt"/>
      <line num="76" count="0" type="stmt"/>
      <line num="77" count="0" type="stmt"/>
      <line num="86" count="0" type="stmt"/>
      <line num="88" count="0" type="stmt"/>
      <line num="89" count="0" type="stmt"/>
      <line num="91" count="0" type="stmt"/>
      <line num="96" count="2" type="stmt"/>
      <line num="97" count="0" type="stmt"/>
      <line num="98" count="0" type="stmt"/>
      <line num="100" count="0" type="cond" truecount="0" falsecount="2"/>
      <line num="102" count="0" type="stmt"/>
      <line num="103" count="0" type="stmt"/>
      <line num="107" count="0" type="stmt"/>
      <line num="108" count="0" type="stmt"/>
      <line num="111" count="0" type="stmt"/>
      <line num="114" count="0" type="stmt"/>
      <line num="115" count="0" type="stmt"/>
      <line num="117" count="0" type="stmt"/>
      <line num="118" count="0" type="stmt"/>
      <line num="123" count="2" type="stmt"/>
      <line num="125" count="2" type="stmt"/>
      <line num="153" count="1" type="stmt"/>
      <line num="167" count="0" type="stmt"/>
      <line num="179" count="0" type="stmt"/>
      <line num="194" count="0" type="stmt"/>
    </file>
    <file name="ExerciseCompletion.js" path="C:\Users\User-Admin\Documents\UniWork\WorkingDissertationV2\Fitness-Future-Dissertation-Project\fitness-web-app\src\ExerciseCompletion.js">
      <metrics statements="62" coveredstatements="32" conditionals="19" coveredconditionals="12" methods="19" coveredmethods="10"/>
      <line num="16" count="1" type="stmt"/>
      <line num="17" count="5" type="stmt"/>
      <line num="18" count="5" type="stmt"/>
      <line num="19" count="5" type="stmt"/>
      <line num="20" count="5" type="stmt"/>
      <line num="21" count="5" type="stmt"/>
      <line num="23" count="5" type="stmt"/>
      <line num="25" count="5" type="stmt"/>
      <line num="28" count="5" type="stmt"/>
      <line num="30" count="2" type="stmt"/>
      <line num="34" count="5" type="stmt"/>
      <line num="35" count="2" type="stmt"/>
      <line num="36" count="2" type="stmt"/>
      <line num="41" count="2" type="cond" truecount="2" falsecount="0"/>
      <line num="42" count="1" type="stmt"/>
      <line num="45" count="1" type="stmt"/>
      <line num="46" count="1" type="stmt"/>
      <line num="50" count="1" type="stmt"/>
      <line num="51" count="1" type="stmt"/>
      <line num="56" count="0" type="stmt"/>
      <line num="57" count="0" type="stmt"/>
      <line num="63" count="5" type="stmt"/>
      <line num="65" count="5" type="stmt"/>
      <line num="66" count="1" type="stmt"/>
      <line num="67" count="1" type="stmt"/>
      <line num="68" count="1" type="stmt"/>
      <line num="69" count="1" type="stmt"/>
      <line num="75" count="1" type="stmt"/>
      <line num="78" count="5" type="stmt"/>
      <line num="79" count="0" type="stmt"/>
      <line num="82" count="0" type="stmt"/>
      <line num="83" count="0" type="stmt"/>
      <line num="90" count="0" type="cond" truecount="0" falsecount="2"/>
      <line num="91" count="0" type="stmt"/>
      <line num="92" count="0" type="stmt"/>
      <line num="98" count="0" type="stmt"/>
      <line num="104" count="0" type="stmt"/>
      <line num="105" count="0" type="stmt"/>
      <line num="108" count="0" type="stmt"/>
      <line num="116" count="0" type="stmt"/>
      <line num="121" count="0" type="stmt"/>
      <line num="122" count="0" type="stmt"/>
      <line num="126" count="0" type="stmt"/>
      <line num="127" count="0" type="stmt"/>
      <line num="132" count="0" type="stmt"/>
      <line num="133" count="0" type="stmt"/>
      <line num="135" count="0" type="stmt"/>
      <line num="136" count="0" type="stmt"/>
      <line num="143" count="5" type="stmt"/>
      <line num="153" count="5" type="stmt"/>
      <line num="181" count="2" type="stmt"/>
      <line num="203" count="1" type="stmt"/>
      <line num="205" count="1" type="stmt"/>
      <line num="216" count="0" type="stmt"/>
      <line num="217" count="0" type="stmt"/>
      <line num="221" count="0" type="stmt"/>
      <line num="231" count="0" type="stmt"/>
      <line num="232" count="0" type="stmt"/>
      <line num="236" count="0" type="stmt"/>
      <line num="246" count="0" type="stmt"/>
      <line num="247" count="0" type="stmt"/>
      <line num="251" count="0" type="stmt"/>
    </file>
    <file name="Footer.js" path="C:\Users\User-Admin\Documents\UniWork\WorkingDissertationV2\Fitness-Future-Dissertation-Project\fitness-web-app\src\Footer.js">
      <metrics statements="2" coveredstatements="2" conditionals="0" coveredconditionals="0" methods="1" coveredmethods="1"/>
      <line num="5" count="1" type="stmt"/>
      <line num="6" count="1" type="stmt"/>
    </file>
    <file name="Home.js" path="C:\Users\User-Admin\Documents\UniWork\WorkingDissertationV2\Fitness-Future-Dissertation-Project\fitness-web-app\src\Home.js">
      <metrics statements="2" coveredstatements="2" conditionals="0" coveredconditionals="0" methods="1" coveredmethods="1"/>
      <line num="18" count="1" type="stmt"/>
      <line num="19" count="3" type="stmt"/>
    </file>
    <file name="LeaderboardDisplay.js" path="C:\Users\User-Admin\Documents\UniWork\WorkingDissertationV2\Fitness-Future-Dissertation-Project\fitness-web-app\src\LeaderboardDisplay.js">
      <metrics statements="13" coveredstatements="13" conditionals="0" coveredconditionals="0" methods="4" coveredmethods="4"/>
      <line num="19" count="1" type="stmt"/>
      <line num="21" count="3" type="stmt"/>
      <line num="22" count="3" type="stmt"/>
      <line num="24" count="3" type="stmt"/>
      <line num="25" count="2" type="stmt"/>
      <line num="26" count="2" type="stmt"/>
      <line num="27" count="2" type="stmt"/>
      <line num="30" count="1" type="stmt"/>
      <line num="33" count="1" type="stmt"/>
      <line num="36" count="1" type="stmt"/>
      <line num="41" count="2" type="stmt"/>
      <line num="46" count="3" type="stmt"/>
      <line num="63" count="2" type="stmt"/>
    </file>
    <file name="LoginForm.js" path="C:\Users\User-Admin\Documents\UniWork\WorkingDissertationV2\Fitness-Future-Dissertation-Project\fitness-web-app\src\LoginForm.js">
      <metrics statements="24" coveredstatements="21" conditionals="10" coveredconditionals="6" methods="5" coveredmethods="4"/>
      <line num="18" count="1" type="stmt"/>
      <line num="19" count="9" type="stmt"/>
      <line num="20" count="9" type="stmt"/>
      <line num="21" count="9" type="stmt"/>
      <line num="22" count="9" type="stmt"/>
      <line num="23" count="9" type="stmt"/>
      <line num="24" count="9" type="stmt"/>
      <line num="25" count="9" type="stmt"/>
      <line num="26" count="9" type="cond" truecount="1" falsecount="1"/>
      <line num="30" count="9" type="stmt"/>
      <line num="31" count="0" type="stmt"/>
      <line num="36" count="9" type="stmt"/>
      <line num="37" count="2" type="stmt"/>
      <line num="40" count="2" type="stmt"/>
      <line num="42" count="2" type="stmt"/>
      <line num="47" count="1" type="cond" truecount="1" falsecount="1"/>
      <line num="48" count="0" type="stmt"/>
      <line num="49" count="0" type="stmt"/>
      <line num="51" count="1" type="stmt"/>
      <line num="55" count="1" type="stmt"/>
      <line num="56" count="1" type="stmt"/>
      <line num="67" count="9" type="stmt"/>
      <line num="96" count="2" type="stmt"/>
      <line num="106" count="2" type="stmt"/>
    </file>
    <file name="NewUserWorkout.js" path="C:\Users\User-Admin\Documents\UniWork\WorkingDissertationV2\Fitness-Future-Dissertation-Project\fitness-web-app\src\NewUserWorkout.js">
      <metrics statements="57" coveredstatements="33" conditionals="21" coveredconditionals="10" methods="12" coveredmethods="6"/>
      <line num="19" count="1" type="stmt"/>
      <line num="20" count="4" type="stmt"/>
      <line num="21" count="4" type="stmt"/>
      <line num="22" count="4" type="stmt"/>
      <line num="23" count="4" type="stmt"/>
      <line num="24" count="4" type="stmt"/>
      <line num="25" count="4" type="stmt"/>
      <line num="26" count="4" type="stmt"/>
      <line num="27" count="4" type="stmt"/>
      <line num="28" count="4" type="cond" truecount="1" falsecount="1"/>
      <line num="29" count="4" type="stmt"/>
      <line num="30" count="4" type="stmt"/>
      <line num="31" count="4" type="stmt"/>
      <line num="34" count="4" type="stmt"/>
      <line num="37" count="2" type="stmt"/>
      <line num="40" count="4" type="stmt"/>
      <line num="42" count="2" type="stmt"/>
      <line num="45" count="4" type="stmt"/>
      <line num="46" count="2" type="stmt"/>
      <line num="47" count="2" type="stmt"/>
      <line num="51" count="2" type="cond" truecount="2" falsecount="0"/>
      <line num="52" count="1" type="stmt"/>
      <line num="53" count="1" type="cond" truecount="1" falsecount="1"/>
      <line num="54" count="1" type="stmt"/>
      <line num="59" count="2" type="stmt"/>
      <line num="63" count="0" type="stmt"/>
      <line num="64" count="0" type="stmt"/>
      <line num="68" count="4" type="stmt"/>
      <line num="69" count="2" type="stmt"/>
      <line num="70" count="2" type="stmt"/>
      <line num="74" count="0" type="stmt"/>
      <line num="76" count="0" type="stmt"/>
      <line num="81" count="4" type="stmt"/>
      <line num="82" count="0" type="stmt"/>
      <line num="84" count="0" type="cond" truecount="0" falsecount="5"/>
      <line num="85" count="0" type="stmt"/>
      <line num="86" count="0" type="stmt"/>
      <line num="89" count="0" type="stmt"/>
      <line num="90" count="0" type="stmt"/>
      <line num="101" count="0" type="stmt"/>
      <line num="102" count="0" type="stmt"/>
      <line num="104" count="0" type="stmt"/>
      <line num="106" count="0" type="stmt"/>
      <line num="107" count="0" type="stmt"/>
      <line num="108" count="0" type="stmt"/>
      <line num="110" count="0" type="stmt"/>
      <line num="112" count="0" type="stmt"/>
      <line num="116" count="4" type="stmt"/>
      <line num="142" count="0" type="stmt"/>
      <line num="146" count="2" type="stmt"/>
      <line num="147" count="0" type="stmt"/>
      <line num="150" count="2" type="cond" truecount="1" falsecount="1"/>
      <line num="151" count="2" type="stmt"/>
      <line num="158" count="0" type="stmt"/>
      <line num="171" count="0" type="stmt"/>
      <line num="181" count="0" type="stmt"/>
      <line num="205" count="0" type="stmt"/>
    </file>
    <file name="ProgressDeletion.js" path="C:\Users\User-Admin\Documents\UniWork\WorkingDissertationV2\Fitness-Future-Dissertation-Project\fitness-web-app\src\ProgressDeletion.js">
      <metrics statements="49" coveredstatements="44" conditionals="12" coveredconditionals="10" methods="10" coveredmethods="8"/>
      <line num="16" count="1" type="stmt"/>
      <line num="17" count="12" type="stmt"/>
      <line num="18" count="12" type="stmt"/>
      <line num="19" count="12" type="stmt"/>
      <line num="20" count="12" type="stmt"/>
      <line num="21" count="12" type="stmt"/>
      <line num="22" count="12" type="stmt"/>
      <line num="23" count="12" type="cond" truecount="2" falsecount="0"/>
      <line num="24" count="12" type="stmt"/>
      <line num="27" count="12" type="stmt"/>
      <line num="30" count="4" type="stmt"/>
      <line num="34" count="12" type="stmt"/>
      <line num="35" count="5" type="stmt"/>
      <line num="36" count="5" type="stmt"/>
      <line num="39" count="3" type="stmt"/>
      <line num="41" count="3" type="cond" truecount="1" falsecount="1"/>
      <line num="42" count="3" type="stmt"/>
      <line num="45" count="0" type="stmt"/>
      <line num="49" count="1" type="stmt"/>
      <line num="50" count="1" type="stmt"/>
      <line num="56" count="12" type="stmt"/>
      <line num="57" count="2" type="stmt"/>
      <line num="59" count="2" type="cond" truecount="2" falsecount="0"/>
      <line num="60" count="1" type="stmt"/>
      <line num="62" count="1" type="stmt"/>
      <line num="66" count="12" type="stmt"/>
      <line num="67" count="1" type="stmt"/>
      <line num="69" count="1" type="cond" truecount="1" falsecount="1"/>
      <line num="70" count="0" type="stmt"/>
      <line num="71" count="0" type="stmt"/>
      <line num="74" count="1" type="stmt"/>
      <line num="75" count="1" type="stmt"/>
      <line num="79" count="1" type="stmt"/>
      <line num="81" count="1" type="stmt"/>
      <line num="82" count="1" type="stmt"/>
      <line num="85" count="1" type="stmt"/>
      <line num="87" count="0" type="stmt"/>
      <line num="93" count="12" type="stmt"/>
      <line num="94" count="12" type="stmt"/>
      <line num="95" count="14" type="stmt"/>
      <line num="96" count="14" type="stmt"/>
      <line num="97" count="14" type="stmt"/>
      <line num="102" count="12" type="stmt"/>
      <line num="103" count="14" type="stmt"/>
      <line num="104" count="14" type="stmt"/>
      <line num="112" count="12" type="stmt"/>
      <line num="120" count="0" type="stmt"/>
      <line num="130" count="12" type="stmt"/>
      <line num="158" count="2" type="stmt"/>
    </file>
    <file name="ProtectedRoute.js" path="C:\Users\User-Admin\Documents\UniWork\WorkingDissertationV2\Fitness-Future-Dissertation-Project\fitness-web-app\src\ProtectedRoute.js">
      <metrics statements="12" coveredstatements="12" conditionals="10" coveredconditionals="10" methods="2" coveredmethods="2"/>
      <line num="8" count="1" type="stmt"/>
      <line num="9" count="4" type="stmt"/>
      <line num="10" count="4" type="stmt"/>
      <line num="13" count="4" type="stmt"/>
      <line num="16" count="4" type="stmt"/>
      <line num="20" count="4" type="stmt"/>
      <line num="22" count="4" type="stmt"/>
      <line num="27" count="4" type="cond" truecount="4" falsecount="0"/>
      <line num="29" count="2" type="stmt"/>
      <line num="30" count="2" type="stmt"/>
      <line num="35" count="4" type="stmt"/>
      <line num="37" count="4" type="stmt"/>
    </file>
    <file name="RegisterForm.js" path="C:\Users\User-Admin\Documents\UniWork\WorkingDissertationV2\Fitness-Future-Dissertation-Project\fitness-web-app\src\RegisterForm.js">
      <metrics statements="33" coveredstatements="30" conditionals="18" coveredconditionals="15" methods="8" coveredmethods="8"/>
      <line num="19" count="1" type="stmt"/>
      <line num="20" count="17" type="stmt"/>
      <line num="21" count="17" type="stmt"/>
      <line num="22" count="17" type="stmt"/>
      <line num="23" count="17" type="stmt"/>
      <line num="24" count="17" type="stmt"/>
      <line num="25" count="17" type="stmt"/>
      <line num="26" count="17" type="stmt"/>
      <line num="29" count="17" type="stmt"/>
      <line num="32" count="17" type="stmt"/>
      <line num="33" count="3" type="stmt"/>
      <line num="37" count="3" type="cond" truecount="5" falsecount="1"/>
      <line num="38" count="0" type="stmt"/>
      <line num="39" count="0" type="stmt"/>
      <line num="43" count="3" type="stmt"/>
      <line num="45" count="3" type="stmt"/>
      <line num="46" count="3" type="stmt"/>
      <line num="55" count="1" type="stmt"/>
      <line num="58" count="1" type="cond" truecount="4" falsecount="1"/>
      <line num="59" count="1" type="stmt"/>
      <line num="62" count="0" type="stmt"/>
      <line num="68" count="1" type="stmt"/>
      <line num="70" count="1" type="stmt"/>
      <line num="73" count="1" type="stmt"/>
      <line num="75" count="1" type="cond" truecount="4" falsecount="1"/>
      <line num="79" count="1" type="stmt"/>
      <line num="85" count="17" type="stmt"/>
      <line num="106" count="2" type="stmt"/>
      <line num="116" count="2" type="stmt"/>
      <line num="126" count="2" type="stmt"/>
      <line num="136" count="2" type="stmt"/>
      <line num="146" count="2" type="stmt"/>
      <line num="155" count="2" type="stmt"/>
    </file>
    <file name="RegisteredNavbar.js" path="C:\Users\User-Admin\Documents\UniWork\WorkingDissertationV2\Fitness-Future-Dissertation-Project\fitness-web-app\src\RegisteredNavbar.js">
      <metrics statements="7" coveredstatements="5" conditionals="0" coveredconditionals="0" methods="2" coveredmethods="1"/>
      <line num="12" count="2" type="stmt"/>
      <line num="13" count="5" type="stmt"/>
      <line num="14" count="5" type="stmt"/>
      <line num="16" count="5" type="stmt"/>
      <line num="17" count="0" type="stmt"/>
      <line num="18" count="0" type="stmt"/>
      <line num="23" count="5" type="stmt"/>
    </file>
    <file name="RemoveExerciseFromRoutine.js" path="C:\Users\User-Admin\Documents\UniWork\WorkingDissertationV2\Fitness-Future-Dissertation-Project\fitness-web-app\src\RemoveExerciseFromRoutine.js">
      <metrics statements="57" coveredstatements="43" conditionals="13" coveredconditionals="7" methods="15" coveredmethods="12"/>
      <line num="17" count="1" type="stmt"/>
      <line num="18" count="8" type="stmt"/>
      <line num="19" count="8" type="stmt"/>
      <line num="20" count="8" type="stmt"/>
      <line num="21" count="8" type="stmt"/>
      <line num="22" count="8" type="stmt"/>
      <line num="23" count="8" type="stmt"/>
      <line num="24" count="8" type="stmt"/>
      <line num="25" count="8" type="stmt"/>
      <line num="26" count="8" type="stmt"/>
      <line num="27" count="8" type="cond" truecount="1" falsecount="1"/>
      <line num="28" count="8" type="stmt"/>
      <line num="31" count="8" type="stmt"/>
      <line num="33" count="2" type="stmt"/>
      <line num="36" count="8" type="stmt"/>
      <line num="37" count="2" type="stmt"/>
      <line num="38" count="2" type="stmt"/>
      <line num="41" count="2" type="stmt"/>
      <line num="44" count="2" type="stmt"/>
      <line num="48" count="4" type="stmt"/>
      <line num="49" count="2" type="stmt"/>
      <line num="53" count="4" type="stmt"/>
      <line num="54" count="2" type="stmt"/>
      <line num="56" count="0" type="stmt"/>
      <line num="61" count="8" type="stmt"/>
      <line num="62" count="2" type="stmt"/>
      <line num="63" count="2" type="stmt"/>
      <line num="65" count="2" type="stmt"/>
      <line num="67" count="2" type="cond" truecount="1" falsecount="1"/>
      <line num="68" count="2" type="stmt"/>
      <line num="70" count="0" type="stmt"/>
      <line num="73" count="2" type="stmt"/>
      <line num="78" count="8" type="stmt"/>
      <line num="79" count="1" type="stmt"/>
      <line num="81" count="1" type="cond" truecount="1" falsecount="1"/>
      <line num="82" count="1" type="stmt"/>
      <line num="85" count="1" type="stmt"/>
      <line num="87" count="1" type="stmt"/>
      <line num="90" count="8" type="stmt"/>
      <line num="91" count="0" type="stmt"/>
      <line num="93" count="0" type="cond" truecount="0" falsecount="2"/>
      <line num="94" count="0" type="stmt"/>
      <line num="95" count="0" type="stmt"/>
      <line num="98" count="0" type="stmt"/>
      <line num="99" count="0" type="stmt"/>
      <line num="102" count="0" type="stmt"/>
      <line num="104" count="0" type="stmt"/>
      <line num="105" count="0" type="stmt"/>
      <line num="109" count="0" type="stmt"/>
      <line num="111" count="0" type="stmt"/>
      <line num="116" count="12" type="stmt"/>
      <line num="119" count="8" type="stmt"/>
      <line num="127" count="0" type="stmt"/>
      <line num="139" count="8" type="stmt"/>
      <line num="166" count="12" type="stmt"/>
      <line num="186" count="4" type="stmt"/>
      <line num="195" count="1" type="stmt"/>
    </file>
    <file name="Server.js" path="C:\Users\User-Admin\Documents\UniWork\WorkingDissertationV2\Fitness-Future-Dissertation-Project\fitness-web-app\src\Server.js">
      <metrics statements="307" coveredstatements="265" conditionals="154" coveredconditionals="127" methods="58" coveredmethods="47"/>
      <line num="2" count="1" type="stmt"/>
      <line num="3" count="1" type="stmt"/>
      <line num="4" count="1" type="stmt"/>
      <line num="5" count="1" type="stmt"/>
      <line num="6" count="1" type="stmt"/>
      <line num="8" count="1" type="stmt"/>
      <line num="9" count="1" type="stmt"/>
      <line num="10" count="1" type="stmt"/>
      <line num="11" count="1" type="stmt"/>
      <line num="15" count="1" type="stmt"/>
      <line num="18" count="1" type="stmt"/>
      <line num="29" count="1" type="stmt"/>
      <line num="31" count="1" type="stmt"/>
      <line num="32" count="0" type="cond" truecount="0" falsecount="2"/>
      <line num="34" count="0" type="stmt"/>
      <line num="35" count="0" type="stmt"/>
      <line num="36" count="0" type="cond" truecount="0" falsecount="2"/>
      <line num="39" count="0" type="stmt"/>
      <line num="42" count="1" type="cond" truecount="1" falsecount="1"/>
      <line num="43" count="0" type="stmt"/>
      <line num="46" count="1" type="stmt"/>
      <line num="47" count="1" type="stmt"/>
      <line num="48" count="1" type="stmt"/>
      <line num="50" count="1" type="stmt"/>
      <line num="51" count="0" type="stmt"/>
      <line num="61" count="1" type="stmt"/>
      <line num="72" count="1" type="stmt"/>
      <line num="73" count="2" type="cond" truecount="2" falsecount="0"/>
      <line num="75" count="1" type="stmt"/>
      <line num="77" count="1" type="stmt"/>
      <line num="78" count="2" type="stmt"/>
      <line num="80" count="2" type="stmt"/>
      <line num="81" count="0" type="cond" truecount="0" falsecount="2"/>
      <line num="82" count="0" type="stmt"/>
      <line num="84" count="0" type="stmt"/>
      <line num="93" count="1" type="stmt"/>
      <line num="94" count="2" type="stmt"/>
      <line num="96" count="2" type="stmt"/>
      <line num="97" count="5" type="stmt"/>
      <line num="98" count="5" type="stmt"/>
      <line num="99" count="5" type="stmt"/>
      <line num="100" count="5" type="stmt"/>
      <line num="101" count="5" type="stmt"/>
      <line num="102" count="5" type="stmt"/>
      <line num="104" count="5" type="cond" truecount="2" falsecount="0"/>
      <line num="105" count="2" type="stmt"/>
      <line num="106" count="2" type="cond" truecount="1" falsecount="1"/>
      <line num="107" count="0" type="stmt"/>
      <line num="113" count="2" type="stmt"/>
      <line num="120" count="3" type="stmt"/>
      <line num="131" count="2" type="stmt"/>
      <line num="135" count="1" type="stmt"/>
      <line num="136" count="3" type="stmt"/>
      <line num="138" count="3" type="stmt"/>
      <line num="139" count="8" type="cond" truecount="4" falsecount="0"/>
      <line num="140" count="5" type="stmt"/>
      <line num="141" count="5" type="stmt"/>
      <line num="142" count="5" type="stmt"/>
      <line num="147" count="3" type="stmt"/>
      <line num="149" count="3" type="stmt"/>
      <line num="158" count="1" type="stmt"/>
      <line num="159" count="0" type="stmt"/>
      <line num="168" count="0" type="stmt"/>
      <line num="174" count="1" type="stmt"/>
      <line num="175" count="3" type="stmt"/>
      <line num="177" count="3" type="stmt"/>
      <line num="179" count="3" type="stmt"/>
      <line num="180" count="3" type="cond" truecount="1" falsecount="1"/>
      <line num="181" count="0" type="stmt"/>
      <line num="182" count="0" type="stmt"/>
      <line num="187" count="3" type="stmt"/>
      <line num="189" count="3" type="cond" truecount="2" falsecount="0"/>
      <line num="190" count="2" type="stmt"/>
      <line num="191" count="2" type="stmt"/>
      <line num="193" count="2" type="cond" truecount="2" falsecount="0"/>
      <line num="194" count="1" type="stmt"/>
      <line num="195" count="1" type="stmt"/>
      <line num="196" count="1" type="stmt"/>
      <line num="197" count="1" type="stmt"/>
      <line num="199" count="1" type="stmt"/>
      <line num="200" count="1" type="stmt"/>
      <line num="206" count="1" type="stmt"/>
      <line num="214" count="1" type="stmt"/>
      <line num="216" count="3" type="stmt"/>
      <line num="219" count="3" type="stmt"/>
      <line num="221" count="3" type="stmt"/>
      <line num="225" count="3" type="cond" truecount="2" falsecount="0"/>
      <line num="226" count="1" type="stmt"/>
      <line num="228" count="2" type="stmt"/>
      <line num="230" count="2" type="stmt"/>
      <line num="233" count="2" type="stmt"/>
      <line num="235" count="2" type="stmt"/>
      <line num="236" count="2" type="cond" truecount="2" falsecount="0"/>
      <line num="237" count="1" type="stmt"/>
      <line num="241" count="1" type="stmt"/>
      <line num="242" count="1" type="stmt"/>
      <line num="249" count="1" type="stmt"/>
      <line num="250" count="3" type="stmt"/>
      <line num="252" count="3" type="stmt"/>
      <line num="253" count="3" type="cond" truecount="2" falsecount="0"/>
      <line num="254" count="1" type="stmt"/>
      <line num="255" count="1" type="stmt"/>
      <line num="261" count="2" type="cond" truecount="4" falsecount="0"/>
      <line num="262" count="1" type="stmt"/>
      <line num="268" count="1" type="stmt"/>
      <line num="275" count="1" type="stmt"/>
      <line num="276" count="3" type="stmt"/>
      <line num="278" count="3" type="stmt"/>
      <line num="281" count="3" type="stmt"/>
      <line num="282" count="3" type="cond" truecount="2" falsecount="0"/>
      <line num="283" count="1" type="stmt"/>
      <line num="284" count="1" type="stmt"/>
      <line num="290" count="2" type="cond" truecount="4" falsecount="0"/>
      <line num="291" count="1" type="stmt"/>
      <line num="297" count="1" type="stmt"/>
      <line num="304" count="1" type="stmt"/>
      <line num="305" count="0" type="stmt"/>
      <line num="307" count="0" type="stmt"/>
      <line num="310" count="0" type="stmt"/>
      <line num="311" count="0" type="cond" truecount="0" falsecount="2"/>
      <line num="312" count="0" type="stmt"/>
      <line num="313" count="0" type="stmt"/>
      <line num="319" count="0" type="cond" truecount="0" falsecount="4"/>
      <line num="320" count="0" type="stmt"/>
      <line num="326" count="0" type="stmt"/>
      <line num="334" count="1" type="stmt"/>
      <line num="335" count="3" type="stmt"/>
      <line num="337" count="3" type="stmt"/>
      <line num="339" count="3" type="stmt"/>
      <line num="340" count="3" type="cond" truecount="2" falsecount="0"/>
      <line num="341" count="1" type="stmt"/>
      <line num="342" count="1" type="stmt"/>
      <line num="348" count="2" type="cond" truecount="4" falsecount="0"/>
      <line num="349" count="1" type="stmt"/>
      <line num="355" count="1" type="stmt"/>
      <line num="363" count="1" type="stmt"/>
      <line num="364" count="3" type="stmt"/>
      <line num="366" count="3" type="stmt"/>
      <line num="368" count="3" type="stmt"/>
      <line num="369" count="3" type="cond" truecount="2" falsecount="0"/>
      <line num="370" count="1" type="stmt"/>
      <line num="371" count="1" type="stmt"/>
      <line num="377" count="2" type="cond" truecount="4" falsecount="0"/>
      <line num="378" count="1" type="stmt"/>
      <line num="384" count="1" type="stmt"/>
      <line num="391" count="1" type="stmt"/>
      <line num="392" count="3" type="stmt"/>
      <line num="394" count="3" type="stmt"/>
      <line num="396" count="3" type="stmt"/>
      <line num="397" count="3" type="cond" truecount="2" falsecount="0"/>
      <line num="398" count="1" type="stmt"/>
      <line num="399" count="1" type="stmt"/>
      <line num="405" count="2" type="cond" truecount="4" falsecount="0"/>
      <line num="406" count="1" type="stmt"/>
      <line num="412" count="1" type="stmt"/>
      <line num="419" count="1" type="stmt"/>
      <line num="420" count="3" type="stmt"/>
      <line num="422" count="3" type="stmt"/>
      <line num="424" count="3" type="stmt"/>
      <line num="425" count="3" type="cond" truecount="2" falsecount="0"/>
      <line num="426" count="1" type="stmt"/>
      <line num="427" count="1" type="stmt"/>
      <line num="433" count="2" type="cond" truecount="4" falsecount="0"/>
      <line num="434" count="1" type="stmt"/>
      <line num="440" count="1" type="stmt"/>
      <line num="448" count="1" type="stmt"/>
      <line num="454" count="3" type="stmt"/>
      <line num="456" count="3" type="stmt"/>
      <line num="458" count="3" type="stmt"/>
      <line num="462" count="3" type="stmt"/>
      <line num="463" count="3" type="cond" truecount="2" falsecount="0"/>
      <line num="464" count="1" type="stmt"/>
      <line num="465" count="1" type="stmt"/>
      <line num="471" count="2" type="cond" truecount="4" falsecount="0"/>
      <line num="472" count="1" type="stmt"/>
      <line num="478" count="1" type="stmt"/>
      <line num="486" count="1" type="stmt"/>
      <line num="487" count="3" type="stmt"/>
      <line num="489" count="3" type="stmt"/>
      <line num="491" count="3" type="stmt"/>
      <line num="493" count="3" type="stmt"/>
      <line num="494" count="3" type="cond" truecount="2" falsecount="0"/>
      <line num="495" count="1" type="stmt"/>
      <line num="496" count="1" type="stmt"/>
      <line num="502" count="2" type="cond" truecount="4" falsecount="0"/>
      <line num="503" count="1" type="stmt"/>
      <line num="509" count="1" type="stmt"/>
      <line num="518" count="1" type="stmt"/>
      <line num="519" count="3" type="stmt"/>
      <line num="521" count="3" type="stmt"/>
      <line num="523" count="3" type="stmt"/>
      <line num="524" count="3" type="cond" truecount="2" falsecount="0"/>
      <line num="525" count="1" type="stmt"/>
      <line num="526" count="1" type="stmt"/>
      <line num="532" count="2" type="cond" truecount="4" falsecount="0"/>
      <line num="533" count="1" type="stmt"/>
      <line num="539" count="1" type="stmt"/>
      <line num="547" count="1" type="stmt"/>
      <line num="548" count="3" type="stmt"/>
      <line num="550" count="3" type="stmt"/>
      <line num="552" count="3" type="stmt"/>
      <line num="553" count="3" type="cond" truecount="2" falsecount="0"/>
      <line num="554" count="1" type="stmt"/>
      <line num="555" count="1" type="stmt"/>
      <line num="561" count="2" type="cond" truecount="4" falsecount="0"/>
      <line num="562" count="1" type="stmt"/>
      <line num="568" count="1" type="stmt"/>
      <line num="577" count="1" type="stmt"/>
      <line num="578" count="3" type="stmt"/>
      <line num="579" count="3" type="stmt"/>
      <line num="581" count="3" type="stmt"/>
      <line num="582" count="3" type="cond" truecount="2" falsecount="0"/>
      <line num="583" count="1" type="stmt"/>
      <line num="584" count="1" type="stmt"/>
      <line num="590" count="2" type="cond" truecount="4" falsecount="0"/>
      <line num="591" count="1" type="stmt"/>
      <line num="597" count="1" type="stmt"/>
      <line num="605" count="1" type="stmt"/>
      <line num="608" count="3" type="stmt"/>
      <line num="609" count="3" type="stmt"/>
      <line num="611" count="3" type="stmt"/>
      <line num="612" count="3" type="cond" truecount="2" falsecount="0"/>
      <line num="613" count="1" type="stmt"/>
      <line num="614" count="1" type="stmt"/>
      <line num="620" count="2" type="cond" truecount="4" falsecount="0"/>
      <line num="621" count="1" type="stmt"/>
      <line num="627" count="1" type="stmt"/>
      <line num="635" count="1" type="stmt"/>
      <line num="636" count="3" type="stmt"/>
      <line num="641" count="3" type="stmt"/>
      <line num="643" count="3" type="stmt"/>
      <line num="644" count="3" type="cond" truecount="2" falsecount="0"/>
      <line num="645" count="1" type="stmt"/>
      <line num="646" count="1" type="stmt"/>
      <line num="652" count="2" type="cond" truecount="4" falsecount="0"/>
      <line num="653" count="1" type="stmt"/>
      <line num="659" count="1" type="stmt"/>
      <line num="666" count="1" type="stmt"/>
      <line num="667" count="3" type="stmt"/>
      <line num="669" count="3" type="stmt"/>
      <line num="671" count="3" type="stmt"/>
      <line num="672" count="3" type="cond" truecount="2" falsecount="0"/>
      <line num="673" count="1" type="stmt"/>
      <line num="674" count="1" type="stmt"/>
      <line num="680" count="2" type="cond" truecount="4" falsecount="0"/>
      <line num="681" count="1" type="stmt"/>
      <line num="687" count="1" type="stmt"/>
      <line num="694" count="1" type="stmt"/>
      <line num="695" count="3" type="stmt"/>
      <line num="697" count="3" type="stmt"/>
      <line num="698" count="3" type="cond" truecount="2" falsecount="0"/>
      <line num="699" count="1" type="stmt"/>
      <line num="700" count="1" type="stmt"/>
      <line num="706" count="2" type="cond" truecount="4" falsecount="0"/>
      <line num="707" count="1" type="stmt"/>
      <line num="713" count="1" type="stmt"/>
      <line num="721" count="1" type="stmt"/>
      <line num="722" count="3" type="stmt"/>
      <line num="724" count="3" type="stmt"/>
      <line num="726" count="3" type="stmt"/>
      <line num="727" count="3" type="cond" truecount="2" falsecount="0"/>
      <line num="728" count="1" type="stmt"/>
      <line num="729" count="1" type="stmt"/>
      <line num="735" count="2" type="cond" truecount="4" falsecount="0"/>
      <line num="736" count="1" type="stmt"/>
      <line num="742" count="1" type="stmt"/>
      <line num="750" count="1" type="stmt"/>
      <line num="751" count="3" type="stmt"/>
      <line num="753" count="3" type="stmt"/>
      <line num="755" count="3" type="stmt"/>
      <line num="756" count="3" type="cond" truecount="2" falsecount="0"/>
      <line num="757" count="1" type="stmt"/>
      <line num="758" count="1" type="stmt"/>
      <line num="764" count="2" type="cond" truecount="4" falsecount="0"/>
      <line num="765" count="1" type="stmt"/>
      <line num="771" count="1" type="stmt"/>
      <line num="780" count="1" type="stmt"/>
      <line num="781" count="0" type="stmt"/>
      <line num="783" count="0" type="stmt"/>
      <line num="785" count="0" type="stmt"/>
      <line num="786" count="0" type="cond" truecount="0" falsecount="2"/>
      <line num="787" count="0" type="stmt"/>
      <line num="788" count="0" type="stmt"/>
      <line num="794" count="0" type="cond" truecount="0" falsecount="4"/>
      <line num="795" count="0" type="stmt"/>
      <line num="801" count="0" type="stmt"/>
      <line num="808" count="1" type="stmt"/>
      <line num="809" count="0" type="stmt"/>
      <line num="811" count="0" type="stmt"/>
      <line num="814" count="0" type="stmt"/>
      <line num="815" count="0" type="cond" truecount="0" falsecount="2"/>
      <line num="816" count="0" type="stmt"/>
      <line num="817" count="0" type="stmt"/>
      <line num="823" count="0" type="cond" truecount="0" falsecount="4"/>
      <line num="824" count="0" type="stmt"/>
      <line num="830" count="0" type="stmt"/>
      <line num="838" count="1" type="stmt"/>
      <line num="839" count="3" type="stmt"/>
      <line num="841" count="3" type="stmt"/>
      <line num="843" count="3" type="stmt"/>
      <line num="844" count="3" type="cond" truecount="2" falsecount="0"/>
      <line num="845" count="1" type="stmt"/>
      <line num="846" count="1" type="stmt"/>
      <line num="852" count="2" type="cond" truecount="4" falsecount="0"/>
      <line num="853" count="1" type="stmt"/>
      <line num="859" count="1" type="stmt"/>
      <line num="868" count="1" type="stmt"/>
    </file>
    <file name="UnregisteredNavbar.js" path="C:\Users\User-Admin\Documents\UniWork\WorkingDissertationV2\Fitness-Future-Dissertation-Project\fitness-web-app\src\UnregisteredNavbar.js">
      <metrics statements="2" coveredstatements="2" conditionals="0" coveredconditionals="0" methods="1" coveredmethods="1"/>
      <line num="10" count="2" type="stmt"/>
      <line num="13" count="4" type="stmt"/>
    </file>
    <file name="User.js" path="C:\Users\User-Admin\Documents\UniWork\WorkingDissertationV2\Fitness-Future-Dissertation-Project\fitness-web-app\src\User.js">
      <metrics statements="62" coveredstatements="49" conditionals="12" coveredconditionals="4" methods="13" coveredmethods="9"/>
      <line num="23" count="1" type="stmt"/>
      <line num="24" count="2" type="stmt"/>
      <line num="25" count="2" type="stmt"/>
      <line num="26" count="2" type="stmt"/>
      <line num="27" count="2" type="stmt"/>
      <line num="28" count="2" type="stmt"/>
      <line num="30" count="2" type="stmt"/>
      <line num="31" count="2" type="stmt"/>
      <line num="32" count="2" type="stmt"/>
      <line num="33" count="2" type="stmt"/>
      <line num="34" count="2" type="stmt"/>
      <line num="35" count="2" type="cond" truecount="1" falsecount="1"/>
      <line num="39" count="2" type="stmt"/>
      <line num="42" count="2" type="stmt"/>
      <line num="43" count="1" type="stmt"/>
      <line num="44" count="1" type="stmt"/>
      <line num="45" count="1" type="stmt"/>
      <line num="48" count="1" type="stmt"/>
      <line num="52" count="1" type="stmt"/>
      <line num="58" count="1" type="stmt"/>
      <line num="60" count="1" type="stmt"/>
      <line num="62" count="1" type="stmt"/>
      <line num="65" count="1" type="stmt"/>
      <line num="68" count="0" type="stmt"/>
      <line num="73" count="1" type="stmt"/>
      <line num="77" count="2" type="stmt"/>
      <line num="78" count="0" type="stmt"/>
      <line num="79" count="0" type="stmt"/>
      <line num="87" count="2" type="stmt"/>
      <line num="88" count="2" type="stmt"/>
      <line num="90" count="2" type="stmt"/>
      <line num="91" count="2" type="stmt"/>
      <line num="92" count="2" type="stmt"/>
      <line num="94" count="2" type="stmt"/>
      <line num="96" count="1" type="stmt"/>
      <line num="104" count="1" type="cond" truecount="1" falsecount="1"/>
      <line num="106" count="0" type="cond" truecount="0" falsecount="2"/>
      <line num="109" count="0" type="cond" truecount="0" falsecount="2"/>
      <line num="110" count="0" type="stmt"/>
      <line num="117" count="0" type="stmt"/>
      <line num="118" count="0" type="stmt"/>
      <line num="119" count="0" type="stmt"/>
      <line num="123" count="0" type="stmt"/>
      <line num="124" count="0" type="stmt"/>
      <line num="131" count="2" type="cond" truecount="1" falsecount="1"/>
      <line num="132" count="0" type="stmt"/>
      <line num="137" count="2" type="stmt"/>
      <line num="141" count="2" type="stmt"/>
      <line num="144" count="2" type="stmt"/>
      <line num="145" count="2" type="stmt"/>
      <line num="147" count="2" type="stmt"/>
      <line num="160" count="2" type="stmt"/>
      <line num="161" count="1" type="stmt"/>
      <line num="162" count="1" type="stmt"/>
      <line num="163" count="1" type="stmt"/>
      <line num="166" count="1" type="stmt"/>
      <line num="169" count="1" type="stmt"/>
      <line num="170" count="1" type="stmt"/>
      <line num="173" count="0" type="stmt"/>
      <line num="178" count="1" type="stmt"/>
      <line num="181" count="2" type="stmt"/>
      <line num="226" count="1" type="stmt"/>
    </file>
    <file name="queries.js" path="C:\Users\User-Admin\Documents\UniWork\WorkingDissertationV2\Fitness-Future-Dissertation-Project\fitness-web-app\src\queries.js">
      <metrics statements="1" coveredstatements="1" conditionals="0" coveredconditionals="0" methods="0" coveredmethods="0"/>
      <line num="3" count="1" type="stmt"/>
    </file>
  </project>
</coverage>
