<?xml version="1.0" encoding="UTF-8"?>
<coverage generated="1694014753310" clover="3.2.0">
  <project timestamp="1694014753310" name="All files">
    <metrics statements="1051" coveredstatements="787" conditionals="377" coveredconditionals="263" methods="222" coveredmethods="163" elements="1650" coveredelements="1213" complexity="0" loc="1051" ncloc="1051" packages="1" files="22" classes="22"/>
    <file name="AddWorkoutsToRoutine.js" path="C:\Users\User-Admin\Documents\UniWork\WorkingDissertationV2\Fitness-Future-Dissertation-Project\fitness-web-app\src\AddWorkoutsToRoutine.js">
      <metrics statements="86" coveredstatements="48" conditionals="33" coveredconditionals="14" methods="16" coveredmethods="10"/>
      <line num="16" count="1" type="stmt"/>
      <line num="17" count="4" type="stmt"/>
      <line num="18" count="4" type="stmt"/>
      <line num="19" count="4" type="stmt"/>
      <line num="20" count="4" type="stmt"/>
      <line num="21" count="4" type="stmt"/>
      <line num="22" count="4" type="stmt"/>
      <line num="23" count="4" type="stmt"/>
      <line num="24" count="4" type="stmt"/>
      <line num="25" count="4" type="stmt"/>
      <line num="26" count="4" type="stmt"/>
      <line num="27" count="4" type="stmt"/>
      <line num="29" count="4" type="stmt"/>
      <line num="31" count="4" type="stmt"/>
      <line num="33" count="4" type="stmt"/>
      <line num="35" count="4" type="cond" truecount="1" falsecount="1"/>
      <line num="38" count="4" type="stmt"/>
      <line num="40" count="2" type="stmt"/>
      <line num="41" count="2" type="stmt"/>
      <line num="42" count="2" type="stmt"/>
      <line num="44" count="2" type="stmt"/>
      <line num="46" count="2" type="stmt"/>
      <line num="52" count="4" type="stmt"/>
      <line num="55" count="2" type="stmt"/>
      <line num="56" count="2" type="stmt"/>
      <line num="60" count="2" type="stmt"/>
      <line num="67" count="2" type="cond" truecount="4" falsecount="0"/>
      <line num="69" count="1" type="stmt"/>
      <line num="70" count="2" type="stmt"/>
      <line num="73" count="1" type="stmt"/>
      <line num="74" count="2" type="stmt"/>
      <line num="77" count="1" type="stmt"/>
      <line num="78" count="2" type="stmt"/>
      <line num="81" count="1" type="stmt"/>
      <line num="82" count="2" type="stmt"/>
      <line num="88" count="1" type="stmt"/>
      <line num="89" count="1" type="stmt"/>
      <line num="90" count="1" type="stmt"/>
      <line num="91" count="1" type="stmt"/>
      <line num="94" count="1" type="cond" truecount="2" falsecount="2"/>
      <line num="95" count="1" type="stmt"/>
      <line num="98" count="0" type="stmt"/>
      <line num="99" count="0" type="stmt"/>
      <line num="104" count="4" type="stmt"/>
      <line num="105" count="2" type="stmt"/>
      <line num="106" count="2" type="cond" truecount="1" falsecount="1"/>
      <line num="107" count="0" type="stmt"/>
      <line num="108" count="0" type="stmt"/>
      <line num="110" count="0" type="stmt"/>
      <line num="114" count="0" type="cond" truecount="0" falsecount="2"/>
      <line num="116" count="0" type="stmt"/>
      <line num="117" count="0" type="stmt"/>
      <line num="118" count="0" type="cond" truecount="0" falsecount="2"/>
      <line num="120" count="0" type="stmt"/>
      <line num="121" count="0" type="stmt"/>
      <line num="126" count="0" type="cond" truecount="0" falsecount="4"/>
      <line num="128" count="0" type="stmt"/>
      <line num="129" count="0" type="stmt"/>
      <line num="132" count="0" type="stmt"/>
      <line num="140" count="4" type="stmt"/>
      <line num="142" count="0" type="stmt"/>
      <line num="145" count="0" type="cond" truecount="0" falsecount="5"/>
      <line num="146" count="0" type="stmt"/>
      <line num="147" count="0" type="stmt"/>
      <line num="150" count="0" type="stmt"/>
      <line num="151" count="0" type="stmt"/>
      <line num="152" count="0" type="stmt"/>
      <line num="155" count="0" type="stmt"/>
      <line num="156" count="0" type="stmt"/>
      <line num="169" count="0" type="stmt"/>
      <line num="170" count="0" type="stmt"/>
      <line num="172" count="0" type="stmt"/>
      <line num="173" count="0" type="stmt"/>
      <line num="174" count="0" type="stmt"/>
      <line num="178" count="0" type="stmt"/>
      <line num="182" count="0" type="stmt"/>
      <line num="183" count="0" type="stmt"/>
      <line num="186" count="0" type="stmt"/>
      <line num="187" count="0" type="stmt"/>
      <line num="192" count="4" type="stmt"/>
      <line num="216" count="0" type="stmt"/>
      <line num="220" count="2" type="stmt"/>
      <line num="237" count="0" type="stmt"/>
      <line num="244" count="2" type="cond" truecount="2" falsecount="0"/>
      <line num="260" count="0" type="stmt"/>
      <line num="277" count="0" type="stmt"/>
    </file>
    <file name="ApiStatus.js" path="C:\Users\User-Admin\Documents\UniWork\WorkingDissertationV2\Fitness-Future-Dissertation-Project\fitness-web-app\src\ApiStatus.js">
      <metrics statements="11" coveredstatements="11" conditionals="0" coveredconditionals="0" methods="3" coveredmethods="3"/>
      <line num="6" count="1" type="stmt"/>
      <line num="7" count="4" type="stmt"/>
      <line num="10" count="4" type="stmt"/>
      <line num="11" count="2" type="stmt"/>
      <line num="12" count="2" type="stmt"/>
      <line num="13" count="2" type="stmt"/>
      <line num="14" count="1" type="stmt"/>
      <line num="16" count="1" type="stmt"/>
      <line num="17" count="1" type="stmt"/>
      <line num="21" count="2" type="stmt"/>
      <line num="24" count="4" type="stmt"/>
    </file>
    <file name="AuthContext.js" path="C:\Users\User-Admin\Documents\UniWork\WorkingDissertationV2\Fitness-Future-Dissertation-Project\fitness-web-app\src\AuthContext.js">
      <metrics statements="34" coveredstatements="26" conditionals="8" coveredconditionals="7" methods="4" coveredmethods="3"/>
      <line num="5" count="2" type="stmt"/>
      <line num="13" count="2" type="stmt"/>
      <line num="18" count="2" type="cond" truecount="2" falsecount="0"/>
      <line num="19" count="2" type="cond" truecount="2" falsecount="0"/>
      <line num="20" count="2" type="cond" truecount="2" falsecount="0"/>
      <line num="26" count="2" type="stmt"/>
      <line num="27" count="1" type="stmt"/>
      <line num="28" count="1" type="stmt"/>
      <line num="36" count="1" type="cond" truecount="1" falsecount="1"/>
      <line num="37" count="1" type="stmt"/>
      <line num="40" count="1" type="stmt"/>
      <line num="41" count="1" type="stmt"/>
      <line num="42" count="1" type="stmt"/>
      <line num="45" count="1" type="stmt"/>
      <line num="46" count="1" type="stmt"/>
      <line num="47" count="1" type="stmt"/>
      <line num="50" count="1" type="stmt"/>
      <line num="51" count="1" type="stmt"/>
      <line num="52" count="1" type="stmt"/>
      <line num="53" count="1" type="stmt"/>
      <line num="54" count="1" type="stmt"/>
      <line num="57" count="0" type="stmt"/>
      <line num="60" count="0" type="stmt"/>
      <line num="68" count="2" type="stmt"/>
      <line num="71" count="0" type="stmt"/>
      <line num="72" count="0" type="stmt"/>
      <line num="73" count="0" type="stmt"/>
      <line num="77" count="0" type="stmt"/>
      <line num="78" count="0" type="stmt"/>
      <line num="79" count="0" type="stmt"/>
      <line num="82" count="2" type="stmt"/>
      <line num="86" count="2" type="stmt"/>
      <line num="94" count="2" type="stmt"/>
      <line num="106" count="2" type="stmt"/>
    </file>
    <file name="CreateWorkoutRoutine.js" path="C:\Users\User-Admin\Documents\UniWork\WorkingDissertationV2\Fitness-Future-Dissertation-Project\fitness-web-app\src\CreateWorkoutRoutine.js">
      <metrics statements="43" coveredstatements="38" conditionals="14" coveredconditionals="12" methods="9" coveredmethods="8"/>
      <line num="16" count="1" type="stmt"/>
      <line num="17" count="7" type="stmt"/>
      <line num="18" count="7" type="stmt"/>
      <line num="19" count="7" type="stmt"/>
      <line num="20" count="7" type="stmt"/>
      <line num="21" count="7" type="cond" truecount="2" falsecount="0"/>
      <line num="22" count="7" type="stmt"/>
      <line num="23" count="7" type="stmt"/>
      <line num="24" count="7" type="stmt"/>
      <line num="25" count="7" type="stmt"/>
      <line num="29" count="7" type="stmt"/>
      <line num="31" count="3" type="stmt"/>
      <line num="38" count="7" type="stmt"/>
      <line num="39" count="4" type="stmt"/>
      <line num="40" count="4" type="stmt"/>
      <line num="47" count="2" type="cond" truecount="2" falsecount="0"/>
      <line num="49" count="1" type="stmt"/>
      <line num="50" count="1" type="stmt"/>
      <line num="53" count="2" type="stmt"/>
      <line num="55" count="7" type="stmt"/>
      <line num="57" count="1" type="stmt"/>
      <line num="58" count="1" type="stmt"/>
      <line num="61" count="1" type="stmt"/>
      <line num="63" count="1" type="cond" truecount="1" falsecount="1"/>
      <line num="64" count="1" type="stmt"/>
      <line num="67" count="0" type="stmt"/>
      <line num="72" count="7" type="stmt"/>
      <line num="73" count="1" type="stmt"/>
      <line num="76" count="1" type="cond" truecount="1" falsecount="1"/>
      <line num="77" count="0" type="stmt"/>
      <line num="78" count="0" type="stmt"/>
      <line num="81" count="1" type="stmt"/>
      <line num="82" count="1" type="stmt"/>
      <line num="87" count="1" type="stmt"/>
      <line num="90" count="1" type="stmt"/>
      <line num="94" count="1" type="stmt"/>
      <line num="97" count="1" type="stmt"/>
      <line num="101" count="1" type="stmt"/>
      <line num="103" count="0" type="stmt"/>
      <line num="109" count="7" type="stmt"/>
      <line num="131" count="1" type="stmt"/>
      <line num="138" count="47" type="stmt"/>
      <line num="156" count="0" type="stmt"/>
    </file>
    <file name="DeleteUserWorkout.js" path="C:\Users\User-Admin\Documents\UniWork\WorkingDissertationV2\Fitness-Future-Dissertation-Project\fitness-web-app\src\DeleteUserWorkout.js">
      <metrics statements="61" coveredstatements="31" conditionals="16" coveredconditionals="7" methods="15" coveredmethods="7"/>
      <line num="17" count="1" type="stmt"/>
      <line num="18" count="7" type="stmt"/>
      <line num="19" count="7" type="stmt"/>
      <line num="20" count="7" type="stmt"/>
      <line num="21" count="7" type="stmt"/>
      <line num="22" count="7" type="stmt"/>
      <line num="23" count="7" type="stmt"/>
      <line num="24" count="7" type="stmt"/>
      <line num="25" count="7" type="stmt"/>
      <line num="26" count="7" type="cond" truecount="1" falsecount="1"/>
      <line num="28" count="7" type="stmt"/>
      <line num="30" count="7" type="stmt"/>
      <line num="33" count="7" type="stmt"/>
      <line num="35" count="3" type="stmt"/>
      <line num="40" count="7" type="stmt"/>
      <line num="41" count="3" type="stmt"/>
      <line num="42" count="3" type="stmt"/>
      <line num="45" count="2" type="stmt"/>
      <line num="50" count="2" type="cond" truecount="2" falsecount="2"/>
      <line num="53" count="0" type="stmt"/>
      <line num="54" count="0" type="stmt"/>
      <line num="55" count="0" type="stmt"/>
      <line num="56" count="0" type="stmt"/>
      <line num="59" count="2" type="cond" truecount="1" falsecount="1"/>
      <line num="60" count="2" type="stmt"/>
      <line num="61" count="2" type="stmt"/>
      <line num="63" count="2" type="stmt"/>
      <line num="64" count="2" type="stmt"/>
      <line num="68" count="0" type="stmt"/>
      <line num="69" count="0" type="stmt"/>
      <line num="72" count="0" type="stmt"/>
      <line num="73" count="0" type="stmt"/>
      <line num="76" count="0" type="stmt"/>
      <line num="77" count="0" type="stmt"/>
      <line num="79" count="0" type="stmt"/>
      <line num="80" count="0" type="stmt"/>
      <line num="84" count="1" type="stmt"/>
      <line num="85" count="1" type="stmt"/>
      <line num="91" count="7" type="stmt"/>
      <line num="92" count="0" type="stmt"/>
      <line num="96" count="0" type="cond" truecount="0" falsecount="2"/>
      <line num="97" count="0" type="stmt"/>
      <line num="98" count="0" type="stmt"/>
      <line num="103" count="0" type="stmt"/>
      <line num="104" count="0" type="stmt"/>
      <line num="111" count="0" type="cond" truecount="0" falsecount="2"/>
      <line num="112" count="0" type="stmt"/>
      <line num="113" count="0" type="stmt"/>
      <line num="114" count="0" type="stmt"/>
      <line num="115" count="0" type="stmt"/>
      <line num="116" count="0" type="stmt"/>
      <line num="118" count="0" type="stmt"/>
      <line num="119" count="0" type="stmt"/>
      <line num="126" count="0" type="stmt"/>
      <line num="127" count="0" type="stmt"/>
      <line num="134" count="7" type="stmt"/>
      <line num="142" count="0" type="stmt"/>
      <line num="154" count="7" type="stmt"/>
      <line num="177" count="0" type="stmt"/>
      <line num="182" count="3" type="stmt"/>
      <line num="189" count="1" type="stmt"/>
    </file>
    <file name="DeleteWorkoutRoutine.js" path="C:\Users\User-Admin\Documents\UniWork\WorkingDissertationV2\Fitness-Future-Dissertation-Project\fitness-web-app\src\DeleteWorkoutRoutine.js">
      <metrics statements="47" coveredstatements="33" conditionals="14" coveredconditionals="8" methods="11" coveredmethods="9"/>
      <line num="16" count="1" type="stmt"/>
      <line num="17" count="12" type="stmt"/>
      <line num="18" count="12" type="stmt"/>
      <line num="19" count="12" type="stmt"/>
      <line num="20" count="12" type="stmt"/>
      <line num="21" count="12" type="stmt"/>
      <line num="22" count="12" type="stmt"/>
      <line num="23" count="12" type="stmt"/>
      <line num="24" count="12" type="stmt"/>
      <line num="25" count="12" type="cond" truecount="2" falsecount="0"/>
      <line num="28" count="12" type="stmt"/>
      <line num="29" count="4" type="stmt"/>
      <line num="30" count="4" type="stmt"/>
      <line num="34" count="3" type="cond" truecount="1" falsecount="1"/>
      <line num="37" count="3" type="stmt"/>
      <line num="38" count="3" type="stmt"/>
      <line num="41" count="3" type="stmt"/>
      <line num="42" count="3" type="stmt"/>
      <line num="45" count="3" type="stmt"/>
      <line num="46" count="3" type="stmt"/>
      <line num="50" count="0" type="cond" truecount="0" falsecount="2"/>
      <line num="51" count="0" type="stmt"/>
      <line num="52" count="0" type="stmt"/>
      <line num="56" count="1" type="stmt"/>
      <line num="57" count="1" type="stmt"/>
      <line num="62" count="12" type="stmt"/>
      <line num="63" count="4" type="stmt"/>
      <line num="67" count="12" type="stmt"/>
      <line num="69" count="1" type="cond" truecount="1" falsecount="1"/>
      <line num="70" count="1" type="stmt"/>
      <line num="71" count="1" type="stmt"/>
      <line num="75" count="0" type="stmt"/>
      <line num="76" count="0" type="stmt"/>
      <line num="80" count="0" type="stmt"/>
      <line num="82" count="0" type="cond" truecount="0" falsecount="2"/>
      <line num="84" count="0" type="stmt"/>
      <line num="85" count="0" type="stmt"/>
      <line num="88" count="0" type="stmt"/>
      <line num="90" count="0" type="stmt"/>
      <line num="95" count="0" type="stmt"/>
      <line num="96" count="0" type="stmt"/>
      <line num="103" count="12" type="stmt"/>
      <line num="111" count="0" type="stmt"/>
      <line num="124" count="12" type="stmt"/>
      <line num="145" count="2" type="stmt"/>
      <line num="149" count="7" type="stmt"/>
      <line num="155" count="2" type="stmt"/>
    </file>
    <file name="EditWorkouts.js" path="C:\Users\User-Admin\Documents\UniWork\WorkingDissertationV2\Fitness-Future-Dissertation-Project\fitness-web-app\src\EditWorkouts.js">
      <metrics statements="64" coveredstatements="31" conditionals="13" coveredconditionals="3" methods="12" coveredmethods="6"/>
      <line num="16" count="1" type="stmt"/>
      <line num="17" count="3" type="stmt"/>
      <line num="18" count="2" type="stmt"/>
      <line num="19" count="2" type="stmt"/>
      <line num="20" count="2" type="stmt"/>
      <line num="21" count="2" type="stmt"/>
      <line num="22" count="2" type="stmt"/>
      <line num="23" count="2" type="stmt"/>
      <line num="24" count="2" type="stmt"/>
      <line num="27" count="2" type="cond" truecount="1" falsecount="1"/>
      <line num="29" count="2" type="stmt"/>
      <line num="32" count="2" type="stmt"/>
      <line num="34" count="2" type="stmt"/>
      <line num="37" count="1" type="stmt"/>
      <line num="41" count="2" type="stmt"/>
      <line num="42" count="1" type="stmt"/>
      <line num="43" count="1" type="stmt"/>
      <line num="46" count="1" type="stmt"/>
      <line num="50" count="1" type="stmt"/>
      <line num="53" count="1" type="stmt"/>
      <line num="54" count="1" type="stmt"/>
      <line num="57" count="1" type="stmt"/>
      <line num="58" count="1" type="stmt"/>
      <line num="62" count="1" type="stmt"/>
      <line num="63" count="1" type="stmt"/>
      <line num="64" count="1" type="stmt"/>
      <line num="67" count="0" type="stmt"/>
      <line num="71" count="2" type="stmt"/>
      <line num="72" count="0" type="stmt"/>
      <line num="74" count="0" type="cond" truecount="0" falsecount="5"/>
      <line num="75" count="0" type="stmt"/>
      <line num="76" count="0" type="stmt"/>
      <line num="79" count="0" type="stmt"/>
      <line num="80" count="0" type="stmt"/>
      <line num="81" count="0" type="stmt"/>
      <line num="83" count="0" type="stmt"/>
      <line num="84" count="0" type="stmt"/>
      <line num="93" count="0" type="stmt"/>
      <line num="96" count="0" type="stmt"/>
      <line num="97" count="0" type="stmt"/>
      <line num="98" count="0" type="stmt"/>
      <line num="99" count="0" type="stmt"/>
      <line num="100" count="0" type="stmt"/>
      <line num="101" count="0" type="stmt"/>
      <line num="103" count="0" type="stmt"/>
      <line num="109" count="2" type="stmt"/>
      <line num="110" count="0" type="stmt"/>
      <line num="111" count="0" type="stmt"/>
      <line num="113" count="0" type="cond" truecount="0" falsecount="2"/>
      <line num="115" count="0" type="stmt"/>
      <line num="116" count="0" type="stmt"/>
      <line num="120" count="0" type="stmt"/>
      <line num="121" count="0" type="stmt"/>
      <line num="124" count="0" type="stmt"/>
      <line num="127" count="0" type="stmt"/>
      <line num="128" count="0" type="stmt"/>
      <line num="130" count="0" type="stmt"/>
      <line num="131" count="0" type="stmt"/>
      <line num="136" count="2" type="stmt"/>
      <line num="138" count="2" type="stmt"/>
      <line num="166" count="1" type="stmt"/>
      <line num="180" count="0" type="stmt"/>
      <line num="192" count="0" type="stmt"/>
      <line num="207" count="0" type="stmt"/>
    </file>
    <file name="ExerciseCompletion.js" path="C:\Users\User-Admin\Documents\UniWork\WorkingDissertationV2\Fitness-Future-Dissertation-Project\fitness-web-app\src\ExerciseCompletion.js">
      <metrics statements="63" coveredstatements="33" conditionals="19" coveredconditionals="12" methods="19" coveredmethods="10"/>
      <line num="16" count="1" type="stmt"/>
      <line num="17" count="5" type="stmt"/>
      <line num="18" count="5" type="stmt"/>
      <line num="19" count="5" type="stmt"/>
      <line num="20" count="5" type="stmt"/>
      <line num="21" count="5" type="stmt"/>
      <line num="23" count="5" type="stmt"/>
      <line num="25" count="5" type="stmt"/>
      <line num="27" count="5" type="stmt"/>
      <line num="30" count="5" type="stmt"/>
      <line num="32" count="2" type="stmt"/>
      <line num="36" count="5" type="stmt"/>
      <line num="37" count="2" type="stmt"/>
      <line num="38" count="2" type="stmt"/>
      <line num="43" count="2" type="cond" truecount="2" falsecount="0"/>
      <line num="44" count="1" type="stmt"/>
      <line num="47" count="1" type="stmt"/>
      <line num="48" count="1" type="stmt"/>
      <line num="52" count="1" type="stmt"/>
      <line num="53" count="1" type="stmt"/>
      <line num="58" count="0" type="stmt"/>
      <line num="59" count="0" type="stmt"/>
      <line num="65" count="5" type="stmt"/>
      <line num="68" count="5" type="stmt"/>
      <line num="69" count="1" type="stmt"/>
      <line num="70" count="1" type="stmt"/>
      <line num="71" count="1" type="stmt"/>
      <line num="72" count="1" type="stmt"/>
      <line num="78" count="1" type="stmt"/>
      <line num="81" count="5" type="stmt"/>
      <line num="82" count="0" type="stmt"/>
      <line num="86" count="0" type="stmt"/>
      <line num="87" count="0" type="stmt"/>
      <line num="94" count="0" type="cond" truecount="0" falsecount="2"/>
      <line num="95" count="0" type="stmt"/>
      <line num="96" count="0" type="stmt"/>
      <line num="102" count="0" type="stmt"/>
      <line num="108" count="0" type="stmt"/>
      <line num="109" count="0" type="stmt"/>
      <line num="112" count="0" type="stmt"/>
      <line num="120" count="0" type="stmt"/>
      <line num="125" count="0" type="stmt"/>
      <line num="126" count="0" type="stmt"/>
      <line num="130" count="0" type="stmt"/>
      <line num="131" count="0" type="stmt"/>
      <line num="136" count="0" type="stmt"/>
      <line num="137" count="0" type="stmt"/>
      <line num="138" count="0" type="stmt"/>
      <line num="139" count="0" type="stmt"/>
      <line num="146" count="5" type="stmt"/>
      <line num="156" count="5" type="stmt"/>
      <line num="184" count="2" type="stmt"/>
      <line num="206" count="1" type="stmt"/>
      <line num="208" count="1" type="stmt"/>
      <line num="221" count="0" type="stmt"/>
      <line num="222" count="0" type="stmt"/>
      <line num="226" count="0" type="stmt"/>
      <line num="236" count="0" type="stmt"/>
      <line num="237" count="0" type="stmt"/>
      <line num="241" count="0" type="stmt"/>
      <line num="251" count="0" type="stmt"/>
      <line num="252" count="0" type="stmt"/>
      <line num="256" count="0" type="stmt"/>
    </file>
    <file name="Footer.js" path="C:\Users\User-Admin\Documents\UniWork\WorkingDissertationV2\Fitness-Future-Dissertation-Project\fitness-web-app\src\Footer.js">
      <metrics statements="2" coveredstatements="2" conditionals="0" coveredconditionals="0" methods="1" coveredmethods="1"/>
      <line num="7" count="1" type="stmt"/>
      <line num="8" count="1" type="stmt"/>
    </file>
    <file name="Home.js" path="C:\Users\User-Admin\Documents\UniWork\WorkingDissertationV2\Fitness-Future-Dissertation-Project\fitness-web-app\src\Home.js">
      <metrics statements="2" coveredstatements="2" conditionals="0" coveredconditionals="0" methods="1" coveredmethods="1"/>
      <line num="18" count="1" type="stmt"/>
      <line num="19" count="3" type="stmt"/>
    </file>
    <file name="LeaderboardDisplay.js" path="C:\Users\User-Admin\Documents\UniWork\WorkingDissertationV2\Fitness-Future-Dissertation-Project\fitness-web-app\src\LeaderboardDisplay.js">
      <metrics statements="13" coveredstatements="13" conditionals="0" coveredconditionals="0" methods="4" coveredmethods="4"/>
      <line num="19" count="1" type="stmt"/>
      <line num="21" count="3" type="stmt"/>
      <line num="22" count="3" type="stmt"/>
      <line num="26" count="3" type="stmt"/>
      <line num="27" count="2" type="stmt"/>
      <line num="28" count="2" type="stmt"/>
      <line num="29" count="2" type="stmt"/>
      <line num="32" count="1" type="stmt"/>
      <line num="35" count="1" type="stmt"/>
      <line num="38" count="1" type="stmt"/>
      <line num="43" count="2" type="stmt"/>
      <line num="48" count="3" type="stmt"/>
      <line num="66" count="2" type="stmt"/>
    </file>
    <file name="LoginForm.js" path="C:\Users\User-Admin\Documents\UniWork\WorkingDissertationV2\Fitness-Future-Dissertation-Project\fitness-web-app\src\LoginForm.js">
      <metrics statements="24" coveredstatements="21" conditionals="10" coveredconditionals="6" methods="5" coveredmethods="4"/>
      <line num="18" count="1" type="stmt"/>
      <line num="19" count="9" type="stmt"/>
      <line num="20" count="9" type="stmt"/>
      <line num="21" count="9" type="stmt"/>
      <line num="22" count="9" type="stmt"/>
      <line num="23" count="9" type="stmt"/>
      <line num="24" count="9" type="stmt"/>
      <line num="25" count="9" type="stmt"/>
      <line num="26" count="9" type="cond" truecount="1" falsecount="1"/>
      <line num="30" count="9" type="stmt"/>
      <line num="31" count="0" type="stmt"/>
      <line num="36" count="9" type="stmt"/>
      <line num="37" count="2" type="stmt"/>
      <line num="40" count="2" type="stmt"/>
      <line num="42" count="2" type="stmt"/>
      <line num="48" count="1" type="cond" truecount="1" falsecount="1"/>
      <line num="50" count="0" type="stmt"/>
      <line num="51" count="0" type="stmt"/>
      <line num="54" count="1" type="stmt"/>
      <line num="59" count="1" type="stmt"/>
      <line num="60" count="1" type="stmt"/>
      <line num="71" count="9" type="stmt"/>
      <line num="100" count="2" type="stmt"/>
      <line num="110" count="2" type="stmt"/>
    </file>
    <file name="NewUserWorkout.js" path="C:\Users\User-Admin\Documents\UniWork\WorkingDissertationV2\Fitness-Future-Dissertation-Project\fitness-web-app\src\NewUserWorkout.js">
      <metrics statements="57" coveredstatements="33" conditionals="25" coveredconditionals="13" methods="12" coveredmethods="6"/>
      <line num="19" count="1" type="stmt"/>
      <line num="20" count="4" type="stmt"/>
      <line num="21" count="4" type="stmt"/>
      <line num="22" count="4" type="stmt"/>
      <line num="23" count="4" type="stmt"/>
      <line num="24" count="4" type="stmt"/>
      <line num="25" count="4" type="stmt"/>
      <line num="26" count="4" type="stmt"/>
      <line num="27" count="4" type="stmt"/>
      <line num="28" count="4" type="cond" truecount="1" falsecount="1"/>
      <line num="29" count="4" type="stmt"/>
      <line num="30" count="4" type="stmt"/>
      <line num="31" count="4" type="stmt"/>
      <line num="34" count="4" type="stmt"/>
      <line num="37" count="2" type="stmt"/>
      <line num="40" count="4" type="stmt"/>
      <line num="42" count="2" type="stmt"/>
      <line num="45" count="4" type="stmt"/>
      <line num="46" count="2" type="stmt"/>
      <line num="47" count="2" type="stmt"/>
      <line num="51" count="2" type="cond" truecount="2" falsecount="0"/>
      <line num="52" count="1" type="stmt"/>
      <line num="53" count="1" type="cond" truecount="1" falsecount="1"/>
      <line num="54" count="1" type="stmt"/>
      <line num="59" count="2" type="stmt"/>
      <line num="63" count="0" type="stmt"/>
      <line num="64" count="0" type="stmt"/>
      <line num="68" count="4" type="stmt"/>
      <line num="69" count="2" type="stmt"/>
      <line num="70" count="2" type="stmt"/>
      <line num="74" count="0" type="stmt"/>
      <line num="76" count="0" type="stmt"/>
      <line num="81" count="4" type="stmt"/>
      <line num="82" count="0" type="stmt"/>
      <line num="84" count="0" type="cond" truecount="0" falsecount="5"/>
      <line num="85" count="0" type="stmt"/>
      <line num="86" count="0" type="stmt"/>
      <line num="89" count="0" type="stmt"/>
      <line num="90" count="0" type="stmt"/>
      <line num="101" count="0" type="stmt"/>
      <line num="102" count="0" type="stmt"/>
      <line num="104" count="0" type="stmt"/>
      <line num="106" count="0" type="stmt"/>
      <line num="107" count="0" type="stmt"/>
      <line num="108" count="0" type="stmt"/>
      <line num="110" count="0" type="stmt"/>
      <line num="112" count="0" type="stmt"/>
      <line num="116" count="4" type="stmt"/>
      <line num="142" count="0" type="stmt"/>
      <line num="146" count="2" type="cond" truecount="2" falsecount="0"/>
      <line num="147" count="0" type="stmt"/>
      <line num="150" count="2" type="cond" truecount="1" falsecount="1"/>
      <line num="151" count="2" type="stmt"/>
      <line num="157" count="0" type="stmt"/>
      <line num="173" count="0" type="stmt"/>
      <line num="184" count="0" type="stmt"/>
      <line num="208" count="0" type="stmt"/>
    </file>
    <file name="ProgressDeletion.js" path="C:\Users\User-Admin\Documents\UniWork\WorkingDissertationV2\Fitness-Future-Dissertation-Project\fitness-web-app\src\ProgressDeletion.js">
      <metrics statements="53" coveredstatements="45" conditionals="14" coveredconditionals="10" methods="10" coveredmethods="8"/>
      <line num="16" count="1" type="stmt"/>
      <line num="17" count="12" type="stmt"/>
      <line num="18" count="12" type="stmt"/>
      <line num="19" count="12" type="stmt"/>
      <line num="20" count="12" type="stmt"/>
      <line num="21" count="12" type="stmt"/>
      <line num="22" count="12" type="stmt"/>
      <line num="23" count="12" type="cond" truecount="2" falsecount="0"/>
      <line num="24" count="12" type="stmt"/>
      <line num="27" count="12" type="stmt"/>
      <line num="30" count="4" type="stmt"/>
      <line num="34" count="12" type="stmt"/>
      <line num="35" count="5" type="stmt"/>
      <line num="36" count="5" type="stmt"/>
      <line num="39" count="3" type="stmt"/>
      <line num="41" count="3" type="cond" truecount="1" falsecount="1"/>
      <line num="42" count="3" type="stmt"/>
      <line num="45" count="0" type="cond" truecount="0" falsecount="2"/>
      <line num="47" count="0" type="stmt"/>
      <line num="48" count="0" type="stmt"/>
      <line num="49" count="0" type="stmt"/>
      <line num="53" count="1" type="stmt"/>
      <line num="54" count="1" type="stmt"/>
      <line num="60" count="12" type="stmt"/>
      <line num="61" count="2" type="stmt"/>
      <line num="63" count="2" type="cond" truecount="2" falsecount="0"/>
      <line num="64" count="1" type="stmt"/>
      <line num="66" count="1" type="stmt"/>
      <line num="71" count="12" type="stmt"/>
      <line num="72" count="1" type="stmt"/>
      <line num="74" count="1" type="cond" truecount="1" falsecount="1"/>
      <line num="75" count="0" type="stmt"/>
      <line num="76" count="0" type="stmt"/>
      <line num="79" count="1" type="stmt"/>
      <line num="80" count="1" type="stmt"/>
      <line num="84" count="1" type="stmt"/>
      <line num="87" count="1" type="stmt"/>
      <line num="88" count="1" type="stmt"/>
      <line num="89" count="1" type="stmt"/>
      <line num="92" count="1" type="stmt"/>
      <line num="94" count="0" type="stmt"/>
      <line num="101" count="12" type="stmt"/>
      <line num="102" count="12" type="stmt"/>
      <line num="103" count="14" type="stmt"/>
      <line num="104" count="14" type="stmt"/>
      <line num="105" count="14" type="stmt"/>
      <line num="110" count="12" type="stmt"/>
      <line num="111" count="14" type="stmt"/>
      <line num="112" count="14" type="stmt"/>
      <line num="120" count="12" type="stmt"/>
      <line num="128" count="0" type="stmt"/>
      <line num="138" count="12" type="stmt"/>
      <line num="166" count="2" type="stmt"/>
    </file>
    <file name="ProtectedRoute.js" path="C:\Users\User-Admin\Documents\UniWork\WorkingDissertationV2\Fitness-Future-Dissertation-Project\fitness-web-app\src\ProtectedRoute.js">
      <metrics statements="12" coveredstatements="12" conditionals="10" coveredconditionals="10" methods="2" coveredmethods="2"/>
      <line num="8" count="1" type="stmt"/>
      <line num="9" count="4" type="stmt"/>
      <line num="10" count="4" type="stmt"/>
      <line num="13" count="4" type="stmt"/>
      <line num="16" count="4" type="stmt"/>
      <line num="20" count="4" type="stmt"/>
      <line num="22" count="4" type="stmt"/>
      <line num="27" count="4" type="cond" truecount="4" falsecount="0"/>
      <line num="29" count="2" type="stmt"/>
      <line num="30" count="2" type="stmt"/>
      <line num="35" count="4" type="stmt"/>
      <line num="37" count="4" type="stmt"/>
    </file>
    <file name="RegisterForm.js" path="C:\Users\User-Admin\Documents\UniWork\WorkingDissertationV2\Fitness-Future-Dissertation-Project\fitness-web-app\src\RegisterForm.js">
      <metrics statements="33" coveredstatements="30" conditionals="18" coveredconditionals="15" methods="8" coveredmethods="8"/>
      <line num="19" count="1" type="stmt"/>
      <line num="20" count="17" type="stmt"/>
      <line num="21" count="17" type="stmt"/>
      <line num="22" count="17" type="stmt"/>
      <line num="23" count="17" type="stmt"/>
      <line num="24" count="17" type="stmt"/>
      <line num="25" count="17" type="stmt"/>
      <line num="26" count="17" type="stmt"/>
      <line num="29" count="17" type="stmt"/>
      <line num="32" count="17" type="stmt"/>
      <line num="33" count="3" type="stmt"/>
      <line num="37" count="3" type="cond" truecount="5" falsecount="1"/>
      <line num="38" count="0" type="stmt"/>
      <line num="39" count="0" type="stmt"/>
      <line num="43" count="3" type="stmt"/>
      <line num="45" count="3" type="stmt"/>
      <line num="46" count="3" type="stmt"/>
      <line num="55" count="1" type="stmt"/>
      <line num="58" count="1" type="cond" truecount="4" falsecount="1"/>
      <line num="59" count="1" type="stmt"/>
      <line num="62" count="0" type="stmt"/>
      <line num="68" count="1" type="stmt"/>
      <line num="70" count="1" type="stmt"/>
      <line num="73" count="1" type="stmt"/>
      <line num="75" count="1" type="cond" truecount="4" falsecount="1"/>
      <line num="79" count="1" type="stmt"/>
      <line num="85" count="17" type="stmt"/>
      <line num="106" count="2" type="stmt"/>
      <line num="116" count="2" type="stmt"/>
      <line num="126" count="2" type="stmt"/>
      <line num="136" count="2" type="stmt"/>
      <line num="146" count="2" type="stmt"/>
      <line num="155" count="2" type="stmt"/>
    </file>
    <file name="RegisteredNavbar.js" path="C:\Users\User-Admin\Documents\UniWork\WorkingDissertationV2\Fitness-Future-Dissertation-Project\fitness-web-app\src\RegisteredNavbar.js">
      <metrics statements="7" coveredstatements="5" conditionals="0" coveredconditionals="0" methods="2" coveredmethods="1"/>
      <line num="13" count="2" type="stmt"/>
      <line num="14" count="5" type="stmt"/>
      <line num="15" count="5" type="stmt"/>
      <line num="17" count="5" type="stmt"/>
      <line num="18" count="0" type="stmt"/>
      <line num="19" count="0" type="stmt"/>
      <line num="25" count="5" type="stmt"/>
    </file>
    <file name="RemoveExerciseFromRoutine.js" path="C:\Users\User-Admin\Documents\UniWork\WorkingDissertationV2\Fitness-Future-Dissertation-Project\fitness-web-app\src\RemoveExerciseFromRoutine.js">
      <metrics statements="62" coveredstatements="44" conditionals="15" coveredconditionals="8" methods="15" coveredmethods="12"/>
      <line num="17" count="1" type="stmt"/>
      <line num="18" count="8" type="stmt"/>
      <line num="19" count="8" type="stmt"/>
      <line num="20" count="8" type="stmt"/>
      <line num="21" count="8" type="stmt"/>
      <line num="22" count="8" type="stmt"/>
      <line num="23" count="8" type="stmt"/>
      <line num="24" count="8" type="stmt"/>
      <line num="25" count="8" type="stmt"/>
      <line num="26" count="8" type="stmt"/>
      <line num="27" count="8" type="cond" truecount="1" falsecount="1"/>
      <line num="28" count="8" type="stmt"/>
      <line num="31" count="8" type="stmt"/>
      <line num="33" count="2" type="stmt"/>
      <line num="38" count="8" type="stmt"/>
      <line num="39" count="2" type="stmt"/>
      <line num="40" count="2" type="stmt"/>
      <line num="45" count="2" type="cond" truecount="1" falsecount="1"/>
      <line num="46" count="0" type="stmt"/>
      <line num="47" count="0" type="stmt"/>
      <line num="48" count="0" type="stmt"/>
      <line num="49" count="0" type="stmt"/>
      <line num="52" count="2" type="stmt"/>
      <line num="54" count="2" type="stmt"/>
      <line num="56" count="4" type="stmt"/>
      <line num="57" count="2" type="stmt"/>
      <line num="59" count="4" type="stmt"/>
      <line num="60" count="2" type="stmt"/>
      <line num="62" count="0" type="stmt"/>
      <line num="68" count="8" type="stmt"/>
      <line num="69" count="2" type="stmt"/>
      <line num="70" count="2" type="stmt"/>
      <line num="72" count="2" type="stmt"/>
      <line num="74" count="2" type="cond" truecount="1" falsecount="1"/>
      <line num="75" count="2" type="stmt"/>
      <line num="77" count="0" type="stmt"/>
      <line num="80" count="2" type="stmt"/>
      <line num="85" count="8" type="stmt"/>
      <line num="86" count="1" type="stmt"/>
      <line num="88" count="1" type="cond" truecount="1" falsecount="1"/>
      <line num="89" count="1" type="stmt"/>
      <line num="92" count="1" type="stmt"/>
      <line num="94" count="1" type="stmt"/>
      <line num="97" count="8" type="stmt"/>
      <line num="98" count="0" type="stmt"/>
      <line num="100" count="0" type="cond" truecount="0" falsecount="2"/>
      <line num="101" count="0" type="stmt"/>
      <line num="102" count="0" type="stmt"/>
      <line num="105" count="0" type="stmt"/>
      <line num="106" count="0" type="stmt"/>
      <line num="109" count="0" type="stmt"/>
      <line num="111" count="0" type="stmt"/>
      <line num="112" count="0" type="stmt"/>
      <line num="116" count="0" type="stmt"/>
      <line num="118" count="0" type="stmt"/>
      <line num="123" count="12" type="stmt"/>
      <line num="126" count="8" type="stmt"/>
      <line num="134" count="0" type="stmt"/>
      <line num="146" count="8" type="stmt"/>
      <line num="173" count="12" type="stmt"/>
      <line num="193" count="4" type="stmt"/>
      <line num="202" count="1" type="stmt"/>
    </file>
    <file name="Server.js" path="C:\Users\User-Admin\Documents\UniWork\WorkingDissertationV2\Fitness-Future-Dissertation-Project\fitness-web-app\src\Server.js">
      <metrics statements="312" coveredstatements="277" conditionals="156" coveredconditionals="134" methods="59" coveredmethods="50"/>
      <line num="2" count="1" type="stmt"/>
      <line num="3" count="1" type="stmt"/>
      <line num="4" count="1" type="stmt"/>
      <line num="5" count="1" type="stmt"/>
      <line num="6" count="1" type="stmt"/>
      <line num="10" count="1" type="stmt"/>
      <line num="11" count="1" type="stmt"/>
      <line num="12" count="1" type="stmt"/>
      <line num="13" count="1" type="stmt"/>
      <line num="17" count="1" type="stmt"/>
      <line num="20" count="1" type="stmt"/>
      <line num="31" count="1" type="stmt"/>
      <line num="33" count="1" type="stmt"/>
      <line num="34" count="0" type="cond" truecount="0" falsecount="2"/>
      <line num="36" count="0" type="stmt"/>
      <line num="37" count="0" type="stmt"/>
      <line num="38" count="0" type="cond" truecount="0" falsecount="2"/>
      <line num="41" count="0" type="stmt"/>
      <line num="44" count="1" type="cond" truecount="1" falsecount="1"/>
      <line num="45" count="0" type="stmt"/>
      <line num="49" count="1" type="stmt"/>
      <line num="50" count="1" type="stmt"/>
      <line num="51" count="1" type="stmt"/>
      <line num="54" count="1" type="stmt"/>
      <line num="55" count="0" type="stmt"/>
      <line num="65" count="1" type="stmt"/>
      <line num="76" count="1" type="stmt"/>
      <line num="77" count="2" type="cond" truecount="2" falsecount="0"/>
      <line num="80" count="1" type="stmt"/>
      <line num="83" count="1" type="stmt"/>
      <line num="84" count="2" type="stmt"/>
      <line num="87" count="2" type="stmt"/>
      <line num="88" count="0" type="cond" truecount="0" falsecount="2"/>
      <line num="89" count="0" type="stmt"/>
      <line num="91" count="0" type="stmt"/>
      <line num="100" count="1" type="stmt"/>
      <line num="101" count="2" type="stmt"/>
      <line num="104" count="2" type="stmt"/>
      <line num="105" count="5" type="stmt"/>
      <line num="106" count="5" type="stmt"/>
      <line num="107" count="5" type="stmt"/>
      <line num="108" count="5" type="stmt"/>
      <line num="109" count="5" type="stmt"/>
      <line num="110" count="5" type="stmt"/>
      <line num="113" count="5" type="cond" truecount="2" falsecount="0"/>
      <line num="114" count="2" type="stmt"/>
      <line num="117" count="2" type="cond" truecount="1" falsecount="1"/>
      <line num="118" count="0" type="stmt"/>
      <line num="125" count="2" type="stmt"/>
      <line num="133" count="3" type="stmt"/>
      <line num="144" count="2" type="stmt"/>
      <line num="148" count="1" type="stmt"/>
      <line num="150" count="3" type="stmt"/>
      <line num="154" count="3" type="stmt"/>
      <line num="155" count="8" type="cond" truecount="4" falsecount="0"/>
      <line num="156" count="5" type="stmt"/>
      <line num="157" count="5" type="stmt"/>
      <line num="159" count="5" type="stmt"/>
      <line num="164" count="3" type="stmt"/>
      <line num="167" count="3" type="stmt"/>
      <line num="177" count="1" type="stmt"/>
      <line num="178" count="0" type="stmt"/>
      <line num="187" count="0" type="stmt"/>
      <line num="194" count="1" type="stmt"/>
      <line num="195" count="3" type="stmt"/>
      <line num="197" count="3" type="stmt"/>
      <line num="199" count="3" type="stmt"/>
      <line num="200" count="3" type="cond" truecount="1" falsecount="1"/>
      <line num="201" count="0" type="stmt"/>
      <line num="202" count="0" type="stmt"/>
      <line num="207" count="3" type="stmt"/>
      <line num="209" count="3" type="cond" truecount="2" falsecount="0"/>
      <line num="210" count="2" type="stmt"/>
      <line num="211" count="2" type="stmt"/>
      <line num="213" count="2" type="cond" truecount="2" falsecount="0"/>
      <line num="214" count="1" type="stmt"/>
      <line num="215" count="1" type="stmt"/>
      <line num="216" count="1" type="stmt"/>
      <line num="217" count="1" type="stmt"/>
      <line num="219" count="1" type="stmt"/>
      <line num="220" count="1" type="stmt"/>
      <line num="226" count="1" type="stmt"/>
      <line num="235" count="1" type="stmt"/>
      <line num="237" count="3" type="stmt"/>
      <line num="240" count="3" type="stmt"/>
      <line num="242" count="3" type="stmt"/>
      <line num="246" count="3" type="cond" truecount="2" falsecount="0"/>
      <line num="247" count="1" type="stmt"/>
      <line num="249" count="2" type="stmt"/>
      <line num="251" count="2" type="stmt"/>
      <line num="254" count="2" type="stmt"/>
      <line num="256" count="2" type="stmt"/>
      <line num="257" count="2" type="cond" truecount="2" falsecount="0"/>
      <line num="258" count="1" type="stmt"/>
      <line num="262" count="1" type="stmt"/>
      <line num="263" count="1" type="stmt"/>
      <line num="271" count="1" type="stmt"/>
      <line num="272" count="3" type="stmt"/>
      <line num="274" count="3" type="stmt"/>
      <line num="275" count="3" type="cond" truecount="2" falsecount="0"/>
      <line num="276" count="1" type="stmt"/>
      <line num="277" count="1" type="stmt"/>
      <line num="283" count="2" type="cond" truecount="4" falsecount="0"/>
      <line num="284" count="1" type="stmt"/>
      <line num="290" count="1" type="stmt"/>
      <line num="298" count="1" type="stmt"/>
      <line num="299" count="3" type="stmt"/>
      <line num="301" count="3" type="stmt"/>
      <line num="304" count="3" type="stmt"/>
      <line num="305" count="3" type="cond" truecount="2" falsecount="0"/>
      <line num="306" count="1" type="stmt"/>
      <line num="307" count="1" type="stmt"/>
      <line num="313" count="2" type="cond" truecount="4" falsecount="0"/>
      <line num="314" count="1" type="stmt"/>
      <line num="320" count="1" type="stmt"/>
      <line num="327" count="1" type="stmt"/>
      <line num="328" count="3" type="stmt"/>
      <line num="330" count="3" type="stmt"/>
      <line num="333" count="3" type="stmt"/>
      <line num="334" count="3" type="cond" truecount="2" falsecount="0"/>
      <line num="335" count="1" type="stmt"/>
      <line num="336" count="1" type="stmt"/>
      <line num="342" count="2" type="cond" truecount="4" falsecount="0"/>
      <line num="343" count="1" type="stmt"/>
      <line num="349" count="1" type="stmt"/>
      <line num="358" count="1" type="stmt"/>
      <line num="359" count="3" type="stmt"/>
      <line num="361" count="3" type="stmt"/>
      <line num="363" count="3" type="stmt"/>
      <line num="364" count="3" type="cond" truecount="2" falsecount="0"/>
      <line num="365" count="1" type="stmt"/>
      <line num="366" count="1" type="stmt"/>
      <line num="372" count="2" type="cond" truecount="4" falsecount="0"/>
      <line num="373" count="1" type="stmt"/>
      <line num="379" count="1" type="stmt"/>
      <line num="387" count="1" type="stmt"/>
      <line num="388" count="3" type="stmt"/>
      <line num="390" count="3" type="stmt"/>
      <line num="392" count="3" type="stmt"/>
      <line num="393" count="3" type="cond" truecount="2" falsecount="0"/>
      <line num="394" count="1" type="stmt"/>
      <line num="395" count="1" type="stmt"/>
      <line num="401" count="2" type="cond" truecount="4" falsecount="0"/>
      <line num="402" count="1" type="stmt"/>
      <line num="408" count="1" type="stmt"/>
      <line num="415" count="1" type="stmt"/>
      <line num="416" count="3" type="stmt"/>
      <line num="418" count="3" type="stmt"/>
      <line num="420" count="3" type="stmt"/>
      <line num="421" count="3" type="cond" truecount="2" falsecount="0"/>
      <line num="422" count="1" type="stmt"/>
      <line num="423" count="1" type="stmt"/>
      <line num="429" count="2" type="cond" truecount="4" falsecount="0"/>
      <line num="430" count="1" type="stmt"/>
      <line num="436" count="1" type="stmt"/>
      <line num="443" count="1" type="stmt"/>
      <line num="444" count="3" type="stmt"/>
      <line num="446" count="3" type="stmt"/>
      <line num="448" count="3" type="stmt"/>
      <line num="449" count="3" type="cond" truecount="2" falsecount="0"/>
      <line num="450" count="1" type="stmt"/>
      <line num="451" count="1" type="stmt"/>
      <line num="457" count="2" type="cond" truecount="4" falsecount="0"/>
      <line num="458" count="1" type="stmt"/>
      <line num="464" count="1" type="stmt"/>
      <line num="472" count="1" type="stmt"/>
      <line num="478" count="3" type="stmt"/>
      <line num="481" count="3" type="stmt"/>
      <line num="483" count="3" type="stmt"/>
      <line num="487" count="3" type="stmt"/>
      <line num="488" count="3" type="cond" truecount="2" falsecount="0"/>
      <line num="489" count="1" type="stmt"/>
      <line num="490" count="1" type="stmt"/>
      <line num="496" count="2" type="cond" truecount="4" falsecount="0"/>
      <line num="497" count="1" type="stmt"/>
      <line num="503" count="1" type="stmt"/>
      <line num="512" count="1" type="stmt"/>
      <line num="513" count="3" type="stmt"/>
      <line num="514" count="3" type="stmt"/>
      <line num="515" count="3" type="stmt"/>
      <line num="516" count="3" type="stmt"/>
      <line num="518" count="3" type="stmt"/>
      <line num="519" count="3" type="cond" truecount="2" falsecount="0"/>
      <line num="520" count="1" type="stmt"/>
      <line num="521" count="1" type="stmt"/>
      <line num="527" count="2" type="cond" truecount="4" falsecount="0"/>
      <line num="528" count="1" type="stmt"/>
      <line num="535" count="1" type="stmt"/>
      <line num="536" count="1" type="cond" truecount="1" falsecount="1"/>
      <line num="537" count="0" type="stmt"/>
      <line num="538" count="0" type="stmt"/>
      <line num="545" count="1" type="stmt"/>
      <line num="556" count="1" type="stmt"/>
      <line num="557" count="3" type="stmt"/>
      <line num="559" count="3" type="stmt"/>
      <line num="561" count="3" type="stmt"/>
      <line num="562" count="3" type="cond" truecount="2" falsecount="0"/>
      <line num="563" count="1" type="stmt"/>
      <line num="564" count="1" type="stmt"/>
      <line num="570" count="2" type="cond" truecount="4" falsecount="0"/>
      <line num="571" count="1" type="stmt"/>
      <line num="577" count="1" type="stmt"/>
      <line num="586" count="1" type="stmt"/>
      <line num="587" count="3" type="stmt"/>
      <line num="589" count="3" type="stmt"/>
      <line num="591" count="3" type="stmt"/>
      <line num="592" count="3" type="cond" truecount="2" falsecount="0"/>
      <line num="593" count="1" type="stmt"/>
      <line num="594" count="1" type="stmt"/>
      <line num="600" count="2" type="cond" truecount="4" falsecount="0"/>
      <line num="601" count="1" type="stmt"/>
      <line num="607" count="1" type="stmt"/>
      <line num="616" count="1" type="stmt"/>
      <line num="617" count="3" type="stmt"/>
      <line num="618" count="3" type="stmt"/>
      <line num="620" count="3" type="stmt"/>
      <line num="621" count="3" type="cond" truecount="2" falsecount="0"/>
      <line num="622" count="1" type="stmt"/>
      <line num="623" count="1" type="stmt"/>
      <line num="629" count="2" type="cond" truecount="4" falsecount="0"/>
      <line num="630" count="1" type="stmt"/>
      <line num="636" count="1" type="stmt"/>
      <line num="644" count="1" type="stmt"/>
      <line num="647" count="3" type="stmt"/>
      <line num="648" count="3" type="stmt"/>
      <line num="650" count="3" type="stmt"/>
      <line num="651" count="3" type="cond" truecount="2" falsecount="0"/>
      <line num="652" count="1" type="stmt"/>
      <line num="653" count="1" type="stmt"/>
      <line num="659" count="2" type="cond" truecount="4" falsecount="0"/>
      <line num="660" count="1" type="stmt"/>
      <line num="666" count="1" type="stmt"/>
      <line num="674" count="1" type="stmt"/>
      <line num="675" count="3" type="stmt"/>
      <line num="680" count="3" type="stmt"/>
      <line num="682" count="3" type="stmt"/>
      <line num="683" count="3" type="cond" truecount="2" falsecount="0"/>
      <line num="684" count="1" type="stmt"/>
      <line num="685" count="1" type="stmt"/>
      <line num="691" count="2" type="cond" truecount="4" falsecount="0"/>
      <line num="692" count="1" type="stmt"/>
      <line num="698" count="1" type="stmt"/>
      <line num="705" count="1" type="stmt"/>
      <line num="706" count="3" type="stmt"/>
      <line num="708" count="3" type="stmt"/>
      <line num="710" count="3" type="stmt"/>
      <line num="711" count="3" type="cond" truecount="2" falsecount="0"/>
      <line num="712" count="1" type="stmt"/>
      <line num="713" count="1" type="stmt"/>
      <line num="719" count="2" type="cond" truecount="4" falsecount="0"/>
      <line num="720" count="1" type="stmt"/>
      <line num="726" count="1" type="stmt"/>
      <line num="733" count="1" type="stmt"/>
      <line num="734" count="3" type="stmt"/>
      <line num="736" count="3" type="stmt"/>
      <line num="737" count="3" type="cond" truecount="2" falsecount="0"/>
      <line num="738" count="1" type="stmt"/>
      <line num="739" count="1" type="stmt"/>
      <line num="745" count="2" type="cond" truecount="4" falsecount="0"/>
      <line num="746" count="1" type="stmt"/>
      <line num="752" count="1" type="stmt"/>
      <line num="760" count="1" type="stmt"/>
      <line num="761" count="3" type="stmt"/>
      <line num="763" count="3" type="stmt"/>
      <line num="765" count="3" type="stmt"/>
      <line num="766" count="3" type="cond" truecount="2" falsecount="0"/>
      <line num="767" count="1" type="stmt"/>
      <line num="768" count="1" type="stmt"/>
      <line num="774" count="2" type="cond" truecount="4" falsecount="0"/>
      <line num="775" count="1" type="stmt"/>
      <line num="781" count="1" type="stmt"/>
      <line num="789" count="1" type="stmt"/>
      <line num="790" count="3" type="stmt"/>
      <line num="792" count="3" type="stmt"/>
      <line num="794" count="3" type="stmt"/>
      <line num="795" count="3" type="cond" truecount="2" falsecount="0"/>
      <line num="796" count="1" type="stmt"/>
      <line num="797" count="1" type="stmt"/>
      <line num="803" count="2" type="cond" truecount="4" falsecount="0"/>
      <line num="804" count="1" type="stmt"/>
      <line num="810" count="1" type="stmt"/>
      <line num="819" count="1" type="stmt"/>
      <line num="820" count="0" type="stmt"/>
      <line num="822" count="0" type="stmt"/>
      <line num="824" count="0" type="stmt"/>
      <line num="825" count="0" type="cond" truecount="0" falsecount="2"/>
      <line num="826" count="0" type="stmt"/>
      <line num="827" count="0" type="stmt"/>
      <line num="833" count="0" type="cond" truecount="0" falsecount="4"/>
      <line num="834" count="0" type="stmt"/>
      <line num="840" count="0" type="stmt"/>
      <line num="847" count="1" type="stmt"/>
      <line num="848" count="0" type="stmt"/>
      <line num="850" count="0" type="stmt"/>
      <line num="853" count="0" type="stmt"/>
      <line num="854" count="0" type="cond" truecount="0" falsecount="2"/>
      <line num="855" count="0" type="stmt"/>
      <line num="856" count="0" type="stmt"/>
      <line num="862" count="0" type="cond" truecount="0" falsecount="4"/>
      <line num="863" count="0" type="stmt"/>
      <line num="869" count="0" type="stmt"/>
      <line num="877" count="1" type="stmt"/>
      <line num="878" count="3" type="stmt"/>
      <line num="880" count="3" type="stmt"/>
      <line num="882" count="3" type="stmt"/>
      <line num="883" count="3" type="cond" truecount="2" falsecount="0"/>
      <line num="884" count="1" type="stmt"/>
      <line num="885" count="1" type="stmt"/>
      <line num="891" count="2" type="cond" truecount="4" falsecount="0"/>
      <line num="892" count="1" type="stmt"/>
      <line num="898" count="1" type="stmt"/>
      <line num="908" count="1" type="stmt"/>
    </file>
    <file name="UnregisteredNavbar.js" path="C:\Users\User-Admin\Documents\UniWork\WorkingDissertationV2\Fitness-Future-Dissertation-Project\fitness-web-app\src\UnregisteredNavbar.js">
      <metrics statements="2" coveredstatements="2" conditionals="0" coveredconditionals="0" methods="1" coveredmethods="1"/>
      <line num="10" count="2" type="stmt"/>
      <line num="13" count="4" type="stmt"/>
    </file>
    <file name="User.js" path="C:\Users\User-Admin\Documents\UniWork\WorkingDissertationV2\Fitness-Future-Dissertation-Project\fitness-web-app\src\User.js">
      <metrics statements="62" coveredstatements="49" conditionals="12" coveredconditionals="4" methods="13" coveredmethods="9"/>
      <line num="23" count="1" type="stmt"/>
      <line num="24" count="2" type="stmt"/>
      <line num="25" count="2" type="stmt"/>
      <line num="26" count="2" type="stmt"/>
      <line num="27" count="2" type="stmt"/>
      <line num="28" count="2" type="stmt"/>
      <line num="30" count="2" type="stmt"/>
      <line num="31" count="2" type="stmt"/>
      <line num="32" count="2" type="stmt"/>
      <line num="33" count="2" type="stmt"/>
      <line num="34" count="2" type="stmt"/>
      <line num="35" count="2" type="cond" truecount="1" falsecount="1"/>
      <line num="39" count="2" type="stmt"/>
      <line num="42" count="2" type="stmt"/>
      <line num="43" count="1" type="stmt"/>
      <line num="44" count="1" type="stmt"/>
      <line num="45" count="1" type="stmt"/>
      <line num="48" count="1" type="stmt"/>
      <line num="52" count="1" type="stmt"/>
      <line num="58" count="1" type="stmt"/>
      <line num="60" count="1" type="stmt"/>
      <line num="62" count="1" type="stmt"/>
      <line num="65" count="1" type="stmt"/>
      <line num="68" count="0" type="stmt"/>
      <line num="73" count="1" type="stmt"/>
      <line num="77" count="2" type="stmt"/>
      <line num="78" count="0" type="stmt"/>
      <line num="79" count="0" type="stmt"/>
      <line num="83" count="2" type="stmt"/>
      <line num="84" count="2" type="stmt"/>
      <line num="86" count="2" type="stmt"/>
      <line num="87" count="2" type="stmt"/>
      <line num="88" count="2" type="stmt"/>
      <line num="90" count="2" type="stmt"/>
      <line num="92" count="1" type="stmt"/>
      <line num="100" count="1" type="cond" truecount="1" falsecount="1"/>
      <line num="102" count="0" type="cond" truecount="0" falsecount="2"/>
      <line num="105" count="0" type="cond" truecount="0" falsecount="2"/>
      <line num="106" count="0" type="stmt"/>
      <line num="113" count="0" type="stmt"/>
      <line num="114" count="0" type="stmt"/>
      <line num="115" count="0" type="stmt"/>
      <line num="119" count="0" type="stmt"/>
      <line num="120" count="0" type="stmt"/>
      <line num="127" count="2" type="cond" truecount="1" falsecount="1"/>
      <line num="128" count="0" type="stmt"/>
      <line num="133" count="2" type="stmt"/>
      <line num="137" count="2" type="stmt"/>
      <line num="140" count="2" type="stmt"/>
      <line num="141" count="2" type="stmt"/>
      <line num="143" count="2" type="stmt"/>
      <line num="156" count="2" type="stmt"/>
      <line num="157" count="1" type="stmt"/>
      <line num="158" count="1" type="stmt"/>
      <line num="159" count="1" type="stmt"/>
      <line num="162" count="1" type="stmt"/>
      <line num="165" count="1" type="stmt"/>
      <line num="166" count="1" type="stmt"/>
      <line num="169" count="0" type="stmt"/>
      <line num="174" count="1" type="stmt"/>
      <line num="177" count="2" type="stmt"/>
      <line num="229" count="1" type="stmt"/>
    </file>
    <file name="queries.js" path="C:\Users\User-Admin\Documents\UniWork\WorkingDissertationV2\Fitness-Future-Dissertation-Project\fitness-web-app\src\queries.js">
      <metrics statements="1" coveredstatements="1" conditionals="0" coveredconditionals="0" methods="0" coveredmethods="0"/>
      <line num="3" count="1" type="stmt"/>
    </file>
  </project>
</coverage>
