{"C:\\Users\\User-Admin\\Documents\\UniWork\\WorkingDissertationV2\\Fitness-Future-Dissertation-Project\\fitness-web-app\\src\\AddWorkoutsToRoutine.js": {"path":"C:\\Users\\User-Admin\\Documents\\UniWork\\WorkingDissertationV2\\Fitness-Future-Dissertation-Project\\fitness-web-app\\src\\AddWorkoutsToRoutine.js","statementMap":{"0":{"start":{"line":16,"column":28},"end":{"line":221,"column":1}},"1":{"start":{"line":17,"column":50},"end":{"line":17,"column":62}},"2":{"start":{"line":18,"column":66},"end":{"line":18,"column":78}},"3":{"start":{"line":19,"column":24},"end":{"line":19,"column":36}},"4":{"start":{"line":20,"column":41},"end":{"line":20,"column":53}},"5":{"start":{"line":21,"column":44},"end":{"line":21,"column":56}},"6":{"start":{"line":22,"column":60},"end":{"line":22,"column":72}},"7":{"start":{"line":23,"column":46},"end":{"line":23,"column":58}},"8":{"start":{"line":24,"column":34},"end":{"line":24,"column":48}},"9":{"start":{"line":25,"column":74},"end":{"line":25,"column":89}},"10":{"start":{"line":28,"column":20},"end":{"line":28,"column":44}},"11":{"start":{"line":30,"column":19},"end":{"line":30,"column":32}},"12":{"start":{"line":32,"column":19},"end":{"line":32,"column":32}},"13":{"start":{"line":34,"column":25},"end":{"line":34,"column":72}},"14":{"start":{"line":36,"column":2},"end":{"line":40,"column":25}},"15":{"start":{"line":39,"column":4},"end":{"line":39,"column":22}},"16":{"start":{"line":43,"column":28},"end":{"line":86,"column":5}},"17":{"start":{"line":44,"column":6},"end":{"line":85,"column":7}},"18":{"start":{"line":45,"column":25},"end":{"line":47,"column":9}},"19":{"start":{"line":49,"column":31},"end":{"line":51,"column":9}},"20":{"start":{"line":55,"column":8},"end":{"line":81,"column":9}},"21":{"start":{"line":57,"column":31},"end":{"line":59,"column":9}},"22":{"start":{"line":58,"column":27},"end":{"line":58,"column":52}},"23":{"start":{"line":61,"column":29},"end":{"line":63,"column":9}},"24":{"start":{"line":62,"column":23},"end":{"line":62,"column":42}},"25":{"start":{"line":65,"column":34},"end":{"line":67,"column":9}},"26":{"start":{"line":66,"column":30},"end":{"line":66,"column":61}},"27":{"start":{"line":69,"column":21},"end":{"line":71,"column":9}},"28":{"start":{"line":70,"column":30},"end":{"line":70,"column":48}},"29":{"start":{"line":75,"column":8},"end":{"line":75,"column":38}},"30":{"start":{"line":76,"column":8},"end":{"line":76,"column":21}},"31":{"start":{"line":77,"column":8},"end":{"line":77,"column":41}},"32":{"start":{"line":78,"column":8},"end":{"line":78,"column":47}},"33":{"start":{"line":79,"column":15},"end":{"line":81,"column":9}},"34":{"start":{"line":80,"column":10},"end":{"line":80,"column":45}},"35":{"start":{"line":83,"column":8},"end":{"line":83,"column":39}},"36":{"start":{"line":84,"column":8},"end":{"line":84,"column":44}},"37":{"start":{"line":91,"column":23},"end":{"line":123,"column":3}},"38":{"start":{"line":92,"column":4},"end":{"line":92,"column":27}},"39":{"start":{"line":94,"column":4},"end":{"line":97,"column":5}},"40":{"start":{"line":95,"column":6},"end":{"line":95,"column":87}},"41":{"start":{"line":96,"column":6},"end":{"line":96,"column":13}},"42":{"start":{"line":99,"column":4},"end":{"line":99,"column":51}},"43":{"start":{"line":100,"column":4},"end":{"line":100,"column":55}},"44":{"start":{"line":101,"column":4},"end":{"line":101,"column":65}},"45":{"start":{"line":103,"column":4},"end":{"line":122,"column":5}},"46":{"start":{"line":104,"column":23},"end":{"line":113,"column":7}},"47":{"start":{"line":115,"column":6},"end":{"line":115,"column":44}},"48":{"start":{"line":117,"column":6},"end":{"line":117,"column":102}},"49":{"start":{"line":118,"column":6},"end":{"line":118,"column":46}},"50":{"start":{"line":120,"column":6},"end":{"line":120,"column":37}},"51":{"start":{"line":121,"column":6},"end":{"line":121,"column":24}},"52":{"start":{"line":124,"column":2},"end":{"line":220,"column":4}},"53":{"start":{"line":148,"column":37},"end":{"line":148,"column":77}},"54":{"start":{"line":153,"column":20},"end":{"line":155,"column":30}},"55":{"start":{"line":167,"column":37},"end":{"line":167,"column":80}},"56":{"start":{"line":171,"column":20},"end":{"line":173,"column":29}},"57":{"start":{"line":185,"column":37},"end":{"line":185,"column":70}},"58":{"start":{"line":200,"column":29},"end":{"line":200,"column":60}}},"fnMap":{"0":{"name":"(anonymous_0)","decl":{"start":{"line":16,"column":28},"end":{"line":16,"column":29}},"loc":{"start":{"line":16,"column":34},"end":{"line":221,"column":1}},"line":16},"1":{"name":"(anonymous_1)","decl":{"start":{"line":36,"column":12},"end":{"line":36,"column":13}},"loc":{"start":{"line":36,"column":18},"end":{"line":40,"column":3}},"line":36},"2":{"name":"(anonymous_2)","decl":{"start":{"line":43,"column":28},"end":{"line":43,"column":29}},"loc":{"start":{"line":43,"column":40},"end":{"line":86,"column":5}},"line":43},"3":{"name":"(anonymous_3)","decl":{"start":{"line":58,"column":10},"end":{"line":58,"column":11}},"loc":{"start":{"line":58,"column":27},"end":{"line":58,"column":52}},"line":58},"4":{"name":"(anonymous_4)","decl":{"start":{"line":62,"column":10},"end":{"line":62,"column":11}},"loc":{"start":{"line":62,"column":23},"end":{"line":62,"column":42}},"line":62},"5":{"name":"(anonymous_5)","decl":{"start":{"line":66,"column":10},"end":{"line":66,"column":11}},"loc":{"start":{"line":66,"column":30},"end":{"line":66,"column":61}},"line":66},"6":{"name":"(anonymous_6)","decl":{"start":{"line":70,"column":10},"end":{"line":70,"column":11}},"loc":{"start":{"line":70,"column":30},"end":{"line":70,"column":48}},"line":70},"7":{"name":"(anonymous_7)","decl":{"start":{"line":91,"column":23},"end":{"line":91,"column":24}},"loc":{"start":{"line":91,"column":40},"end":{"line":123,"column":3}},"line":91},"8":{"name":"(anonymous_8)","decl":{"start":{"line":148,"column":30},"end":{"line":148,"column":31}},"loc":{"start":{"line":148,"column":37},"end":{"line":148,"column":77}},"line":148},"9":{"name":"(anonymous_9)","decl":{"start":{"line":152,"column":39},"end":{"line":152,"column":40}},"loc":{"start":{"line":153,"column":20},"end":{"line":155,"column":30}},"line":153},"10":{"name":"(anonymous_10)","decl":{"start":{"line":167,"column":30},"end":{"line":167,"column":31}},"loc":{"start":{"line":167,"column":37},"end":{"line":167,"column":80}},"line":167},"11":{"name":"(anonymous_11)","decl":{"start":{"line":170,"column":42},"end":{"line":170,"column":43}},"loc":{"start":{"line":171,"column":20},"end":{"line":173,"column":29}},"line":171},"12":{"name":"(anonymous_12)","decl":{"start":{"line":185,"column":30},"end":{"line":185,"column":31}},"loc":{"start":{"line":185,"column":37},"end":{"line":185,"column":70}},"line":185},"13":{"name":"(anonymous_13)","decl":{"start":{"line":200,"column":23},"end":{"line":200,"column":24}},"loc":{"start":{"line":200,"column":29},"end":{"line":200,"column":60}},"line":200}},"branchMap":{"0":{"loc":{"start":{"line":34,"column":25},"end":{"line":34,"column":72}},"type":"binary-expr","locations":[{"start":{"line":34,"column":25},"end":{"line":34,"column":39}},{"start":{"line":34,"column":43},"end":{"line":34,"column":72}}],"line":34},"1":{"loc":{"start":{"line":55,"column":8},"end":{"line":81,"column":9}},"type":"if","locations":[{"start":{"line":55,"column":8},"end":{"line":81,"column":9}},{"start":{"line":79,"column":15},"end":{"line":81,"column":9}}],"line":55},"2":{"loc":{"start":{"line":55,"column":12},"end":{"line":55,"column":90}},"type":"binary-expr","locations":[{"start":{"line":55,"column":12},"end":{"line":55,"column":46}},{"start":{"line":55,"column":50},"end":{"line":55,"column":90}}],"line":55},"3":{"loc":{"start":{"line":79,"column":15},"end":{"line":81,"column":9}},"type":"if","locations":[{"start":{"line":79,"column":15},"end":{"line":81,"column":9}},{"start":{},"end":{}}],"line":79},"4":{"loc":{"start":{"line":79,"column":20},"end":{"line":79,"column":94}},"type":"binary-expr","locations":[{"start":{"line":79,"column":20},"end":{"line":79,"column":52}},{"start":{"line":79,"column":56},"end":{"line":79,"column":94}}],"line":79},"5":{"loc":{"start":{"line":94,"column":4},"end":{"line":97,"column":5}},"type":"if","locations":[{"start":{"line":94,"column":4},"end":{"line":97,"column":5}},{"start":{},"end":{}}],"line":94},"6":{"loc":{"start":{"line":94,"column":8},"end":{"line":94,"column":70}},"type":"binary-expr","locations":[{"start":{"line":94,"column":8},"end":{"line":94,"column":23}},{"start":{"line":94,"column":27},"end":{"line":94,"column":44}},{"start":{"line":94,"column":48},"end":{"line":94,"column":70}}],"line":94},"7":{"loc":{"start":{"line":192,"column":15},"end":{"line":196,"column":15}},"type":"binary-expr","locations":[{"start":{"line":192,"column":15},"end":{"line":192,"column":29}},{"start":{"line":193,"column":14},"end":{"line":195,"column":20}}],"line":192},"8":{"loc":{"start":{"line":198,"column":15},"end":{"line":204,"column":15}},"type":"binary-expr","locations":[{"start":{"line":198,"column":15},"end":{"line":198,"column":43}},{"start":{"line":199,"column":14},"end":{"line":203,"column":23}}],"line":198},"9":{"loc":{"start":{"line":209,"column":13},"end":{"line":213,"column":17}},"type":"binary-expr","locations":[{"start":{"line":209,"column":13},"end":{"line":209,"column":21}},{"start":{"line":210,"column":13},"end":{"line":212,"column":20}}],"line":209}},"s":{"0":1,"1":4,"2":4,"3":4,"4":4,"5":4,"6":4,"7":4,"8":4,"9":4,"10":4,"11":4,"12":4,"13":4,"14":4,"15":2,"16":4,"17":2,"18":2,"19":2,"20":2,"21":1,"22":2,"23":1,"24":2,"25":1,"26":2,"27":1,"28":2,"29":1,"30":1,"31":1,"32":1,"33":1,"34":1,"35":0,"36":0,"37":4,"38":0,"39":0,"40":0,"41":0,"42":0,"43":0,"44":0,"45":0,"46":0,"47":0,"48":0,"49":0,"50":0,"51":0,"52":4,"53":0,"54":2,"55":0,"56":2,"57":0,"58":0},"f":{"0":4,"1":2,"2":2,"3":2,"4":2,"5":2,"6":2,"7":0,"8":0,"9":2,"10":0,"11":2,"12":0,"13":0},"b":{"0":[4,0],"1":[1,1],"2":[2,1],"3":[1,0],"4":[1,0],"5":[0,0],"6":[0,0,0],"7":[4,0],"8":[4,0],"9":[4,1]},"_coverageSchema":"1a1c01bbd47fc00a2c39e90264f33305004495a9","hash":"9ee381c4fe87cb8b2e03301749a42c0b8ae14a2f"}
,"C:\\Users\\User-Admin\\Documents\\UniWork\\WorkingDissertationV2\\Fitness-Future-Dissertation-Project\\fitness-web-app\\src\\ApiStatus.js": {"path":"C:\\Users\\User-Admin\\Documents\\UniWork\\WorkingDissertationV2\\Fitness-Future-Dissertation-Project\\fitness-web-app\\src\\ApiStatus.js","statementMap":{"0":{"start":{"line":4,"column":18},"end":{"line":24,"column":3}},"1":{"start":{"line":5,"column":52},"end":{"line":5,"column":64}},"2":{"start":{"line":7,"column":4},"end":{"line":19,"column":11}},"3":{"start":{"line":8,"column":36},"end":{"line":16,"column":7}},"4":{"start":{"line":9,"column":8},"end":{"line":15,"column":9}},"5":{"start":{"line":10,"column":27},"end":{"line":10,"column":68}},"6":{"start":{"line":11,"column":10},"end":{"line":11,"column":53}},"7":{"start":{"line":13,"column":10},"end":{"line":13,"column":68}},"8":{"start":{"line":14,"column":10},"end":{"line":14,"column":64}},"9":{"start":{"line":18,"column":6},"end":{"line":18,"column":30}},"10":{"start":{"line":21,"column":4},"end":{"line":21,"column":84}}},"fnMap":{"0":{"name":"(anonymous_0)","decl":{"start":{"line":4,"column":18},"end":{"line":4,"column":19}},"loc":{"start":{"line":4,"column":24},"end":{"line":24,"column":3}},"line":4},"1":{"name":"(anonymous_1)","decl":{"start":{"line":7,"column":14},"end":{"line":7,"column":15}},"loc":{"start":{"line":7,"column":20},"end":{"line":19,"column":5}},"line":7},"2":{"name":"(anonymous_2)","decl":{"start":{"line":8,"column":36},"end":{"line":8,"column":37}},"loc":{"start":{"line":8,"column":48},"end":{"line":16,"column":7}},"line":8}},"branchMap":{},"s":{"0":1,"1":4,"2":4,"3":2,"4":2,"5":2,"6":1,"7":1,"8":1,"9":2,"10":4},"f":{"0":4,"1":2,"2":2},"b":{},"_coverageSchema":"1a1c01bbd47fc00a2c39e90264f33305004495a9","hash":"1e29865e2019543bcf9cd749c7a4ef2b4bee0641"}
,"C:\\Users\\User-Admin\\Documents\\UniWork\\WorkingDissertationV2\\Fitness-Future-Dissertation-Project\\fitness-web-app\\src\\AuthContext.js": {"path":"C:\\Users\\User-Admin\\Documents\\UniWork\\WorkingDissertationV2\\Fitness-Future-Dissertation-Project\\fitness-web-app\\src\\AuthContext.js","statementMap":{"0":{"start":{"line":5,"column":20},"end":{"line":5,"column":41}},"1":{"start":{"line":10,"column":45},"end":{"line":10,"column":67}},"2":{"start":{"line":12,"column":34},"end":{"line":12,"column":68}},"3":{"start":{"line":13,"column":38},"end":{"line":13,"column":75}},"4":{"start":{"line":14,"column":34},"end":{"line":14,"column":68}},"5":{"start":{"line":16,"column":16},"end":{"line":48,"column":3}},"6":{"start":{"line":17,"column":4},"end":{"line":45,"column":5}},"7":{"start":{"line":18,"column":23},"end":{"line":21,"column":8}},"8":{"start":{"line":25,"column":6},"end":{"line":42,"column":7}},"9":{"start":{"line":26,"column":8},"end":{"line":26,"column":34}},"10":{"start":{"line":27,"column":23},"end":{"line":27,"column":43}},"11":{"start":{"line":28,"column":26},"end":{"line":28,"column":49}},"12":{"start":{"line":29,"column":8},"end":{"line":29,"column":28}},"13":{"start":{"line":30,"column":8},"end":{"line":30,"column":28}},"14":{"start":{"line":31,"column":8},"end":{"line":31,"column":28}},"15":{"start":{"line":32,"column":8},"end":{"line":32,"column":31}},"16":{"start":{"line":35,"column":8},"end":{"line":35,"column":38}},"17":{"start":{"line":36,"column":8},"end":{"line":36,"column":38}},"18":{"start":{"line":37,"column":8},"end":{"line":37,"column":41}},"19":{"start":{"line":38,"column":8},"end":{"line":38,"column":55}},"20":{"start":{"line":39,"column":8},"end":{"line":39,"column":77}},"21":{"start":{"line":41,"column":8},"end":{"line":41,"column":47}},"22":{"start":{"line":44,"column":6},"end":{"line":44,"column":95}},"23":{"start":{"line":50,"column":17},"end":{"line":58,"column":3}},"24":{"start":{"line":51,"column":4},"end":{"line":51,"column":22}},"25":{"start":{"line":52,"column":4},"end":{"line":52,"column":25}},"26":{"start":{"line":56,"column":4},"end":{"line":56,"column":29}},"27":{"start":{"line":57,"column":4},"end":{"line":57,"column":32}},"28":{"start":{"line":60,"column":2},"end":{"line":60,"column":43}},"29":{"start":{"line":63,"column":16},"end":{"line":67,"column":5}},"30":{"start":{"line":69,"column":2},"end":{"line":73,"column":4}},"31":{"start":{"line":81,"column":4},"end":{"line":81,"column":35}}},"fnMap":{"0":{"name":"AuthProvider","decl":{"start":{"line":8,"column":16},"end":{"line":8,"column":28}},"loc":{"start":{"line":8,"column":36},"end":{"line":76,"column":1}},"line":8},"1":{"name":"(anonymous_1)","decl":{"start":{"line":16,"column":16},"end":{"line":16,"column":17}},"loc":{"start":{"line":16,"column":43},"end":{"line":48,"column":3}},"line":16},"2":{"name":"(anonymous_2)","decl":{"start":{"line":50,"column":17},"end":{"line":50,"column":18}},"loc":{"start":{"line":50,"column":23},"end":{"line":58,"column":3}},"line":50},"3":{"name":"useAuth","decl":{"start":{"line":80,"column":16},"end":{"line":80,"column":23}},"loc":{"start":{"line":80,"column":26},"end":{"line":82,"column":3}},"line":80}},"branchMap":{"0":{"loc":{"start":{"line":12,"column":43},"end":{"line":12,"column":67}},"type":"binary-expr","locations":[{"start":{"line":12,"column":43},"end":{"line":12,"column":59}},{"start":{"line":12,"column":63},"end":{"line":12,"column":67}}],"line":12},"1":{"loc":{"start":{"line":13,"column":47},"end":{"line":13,"column":74}},"type":"binary-expr","locations":[{"start":{"line":13,"column":47},"end":{"line":13,"column":65}},{"start":{"line":13,"column":69},"end":{"line":13,"column":74}}],"line":13},"2":{"loc":{"start":{"line":14,"column":43},"end":{"line":14,"column":67}},"type":"binary-expr","locations":[{"start":{"line":14,"column":43},"end":{"line":14,"column":59}},{"start":{"line":14,"column":63},"end":{"line":14,"column":67}}],"line":14},"3":{"loc":{"start":{"line":25,"column":6},"end":{"line":42,"column":7}},"type":"if","locations":[{"start":{"line":25,"column":6},"end":{"line":42,"column":7}},{"start":{"line":40,"column":13},"end":{"line":42,"column":7}}],"line":25}},"s":{"0":2,"1":2,"2":2,"3":2,"4":2,"5":2,"6":1,"7":1,"8":1,"9":1,"10":1,"11":1,"12":1,"13":1,"14":1,"15":1,"16":1,"17":1,"18":1,"19":1,"20":1,"21":0,"22":0,"23":2,"24":0,"25":0,"26":0,"27":0,"28":2,"29":2,"30":2,"31":2},"f":{"0":2,"1":1,"2":0,"3":2},"b":{"0":[2,2],"1":[2,2],"2":[2,2],"3":[1,0]},"_coverageSchema":"1a1c01bbd47fc00a2c39e90264f33305004495a9","hash":"ea3d68f603b84a9842bb7dd03395ae6d4261c160"}
,"C:\\Users\\User-Admin\\Documents\\UniWork\\WorkingDissertationV2\\Fitness-Future-Dissertation-Project\\fitness-web-app\\src\\CreateWorkoutRoutine.js": {"path":"C:\\Users\\User-Admin\\Documents\\UniWork\\WorkingDissertationV2\\Fitness-Future-Dissertation-Project\\fitness-web-app\\src\\CreateWorkoutRoutine.js","statementMap":{"0":{"start":{"line":16,"column":30},"end":{"line":163,"column":1}},"1":{"start":{"line":17,"column":24},"end":{"line":17,"column":36}},"2":{"start":{"line":18,"column":20},"end":{"line":18,"column":44}},"3":{"start":{"line":19,"column":19},"end":{"line":19,"column":32}},"4":{"start":{"line":20,"column":19},"end":{"line":20,"column":32}},"5":{"start":{"line":21,"column":18},"end":{"line":21,"column":58}},"6":{"start":{"line":22,"column":48},"end":{"line":22,"column":60}},"7":{"start":{"line":23,"column":66},"end":{"line":23,"column":81}},"8":{"start":{"line":24,"column":34},"end":{"line":24,"column":48}},"9":{"start":{"line":25,"column":44},"end":{"line":25,"column":132}},"10":{"start":{"line":28,"column":2},"end":{"line":32,"column":25}},"11":{"start":{"line":30,"column":4},"end":{"line":30,"column":24}},"12":{"start":{"line":35,"column":28},"end":{"line":62,"column":1}},"13":{"start":{"line":36,"column":4},"end":{"line":61,"column":3}},"14":{"start":{"line":37,"column":23},"end":{"line":39,"column":7}},"15":{"start":{"line":44,"column":4},"end":{"line":58,"column":5}},"16":{"start":{"line":45,"column":33},"end":{"line":45,"column":51}},"17":{"start":{"line":46,"column":6},"end":{"line":46,"column":45}},"18":{"start":{"line":48,"column":24},"end":{"line":48,"column":76}},"19":{"start":{"line":48,"column":61},"end":{"line":48,"column":75}},"20":{"start":{"line":49,"column":27},"end":{"line":49,"column":80}},"21":{"start":{"line":49,"column":55},"end":{"line":49,"column":79}},"22":{"start":{"line":51,"column":6},"end":{"line":51,"column":29}},"23":{"start":{"line":52,"column":6},"end":{"line":52,"column":32}},"24":{"start":{"line":54,"column":6},"end":{"line":54,"column":37}},"25":{"start":{"line":56,"column":11},"end":{"line":58,"column":5}},"26":{"start":{"line":57,"column":6},"end":{"line":57,"column":41}},"27":{"start":{"line":60,"column":4},"end":{"line":60,"column":35}},"28":{"start":{"line":65,"column":23},"end":{"line":96,"column":3}},"29":{"start":{"line":66,"column":4},"end":{"line":66,"column":27}},"30":{"start":{"line":69,"column":4},"end":{"line":72,"column":5}},"31":{"start":{"line":70,"column":6},"end":{"line":70,"column":61}},"32":{"start":{"line":71,"column":6},"end":{"line":71,"column":13}},"33":{"start":{"line":74,"column":4},"end":{"line":94,"column":5}},"34":{"start":{"line":75,"column":23},"end":{"line":78,"column":8}},"35":{"start":{"line":80,"column":6},"end":{"line":80,"column":46}},"36":{"start":{"line":83,"column":6},"end":{"line":83,"column":40}},"37":{"start":{"line":86,"column":6},"end":{"line":86,"column":26}},"38":{"start":{"line":88,"column":6},"end":{"line":88,"column":17}},"39":{"start":{"line":91,"column":6},"end":{"line":91,"column":87}},"40":{"start":{"line":93,"column":6},"end":{"line":93,"column":37}},"41":{"start":{"line":99,"column":2},"end":{"line":162,"column":4}},"42":{"start":{"line":121,"column":37},"end":{"line":121,"column":59}},"43":{"start":{"line":128,"column":16},"end":{"line":130,"column":25}},"44":{"start":{"line":144,"column":29},"end":{"line":144,"column":63}}},"fnMap":{"0":{"name":"(anonymous_0)","decl":{"start":{"line":16,"column":30},"end":{"line":16,"column":31}},"loc":{"start":{"line":16,"column":36},"end":{"line":163,"column":1}},"line":16},"1":{"name":"(anonymous_1)","decl":{"start":{"line":28,"column":12},"end":{"line":28,"column":13}},"loc":{"start":{"line":28,"column":18},"end":{"line":32,"column":3}},"line":28},"2":{"name":"(anonymous_2)","decl":{"start":{"line":35,"column":28},"end":{"line":35,"column":29}},"loc":{"start":{"line":35,"column":40},"end":{"line":62,"column":1}},"line":35},"3":{"name":"(anonymous_3)","decl":{"start":{"line":48,"column":47},"end":{"line":48,"column":48}},"loc":{"start":{"line":48,"column":61},"end":{"line":48,"column":75}},"line":48},"4":{"name":"(anonymous_4)","decl":{"start":{"line":49,"column":48},"end":{"line":49,"column":49}},"loc":{"start":{"line":49,"column":55},"end":{"line":49,"column":79}},"line":49},"5":{"name":"(anonymous_5)","decl":{"start":{"line":65,"column":23},"end":{"line":65,"column":24}},"loc":{"start":{"line":65,"column":40},"end":{"line":96,"column":3}},"line":65},"6":{"name":"(anonymous_6)","decl":{"start":{"line":121,"column":30},"end":{"line":121,"column":31}},"loc":{"start":{"line":121,"column":37},"end":{"line":121,"column":59}},"line":121},"7":{"name":"(anonymous_7)","decl":{"start":{"line":127,"column":34},"end":{"line":127,"column":35}},"loc":{"start":{"line":128,"column":16},"end":{"line":130,"column":25}},"line":128},"8":{"name":"(anonymous_8)","decl":{"start":{"line":144,"column":23},"end":{"line":144,"column":24}},"loc":{"start":{"line":144,"column":29},"end":{"line":144,"column":63}},"line":144}},"branchMap":{"0":{"loc":{"start":{"line":21,"column":18},"end":{"line":21,"column":58}},"type":"binary-expr","locations":[{"start":{"line":21,"column":18},"end":{"line":21,"column":32}},{"start":{"line":21,"column":36},"end":{"line":21,"column":58}}],"line":21},"1":{"loc":{"start":{"line":44,"column":4},"end":{"line":58,"column":5}},"type":"if","locations":[{"start":{"line":44,"column":4},"end":{"line":58,"column":5}},{"start":{"line":56,"column":11},"end":{"line":58,"column":5}}],"line":44},"2":{"loc":{"start":{"line":56,"column":11},"end":{"line":58,"column":5}},"type":"if","locations":[{"start":{"line":56,"column":11},"end":{"line":58,"column":5}},{"start":{},"end":{}}],"line":56},"3":{"loc":{"start":{"line":69,"column":4},"end":{"line":72,"column":5}},"type":"if","locations":[{"start":{"line":69,"column":4},"end":{"line":72,"column":5}},{"start":{},"end":{}}],"line":69},"4":{"loc":{"start":{"line":136,"column":17},"end":{"line":140,"column":17}},"type":"binary-expr","locations":[{"start":{"line":136,"column":17},"end":{"line":136,"column":24}},{"start":{"line":137,"column":13},"end":{"line":139,"column":20}}],"line":136},"5":{"loc":{"start":{"line":142,"column":15},"end":{"line":148,"column":15}},"type":"binary-expr","locations":[{"start":{"line":142,"column":15},"end":{"line":142,"column":39}},{"start":{"line":143,"column":14},"end":{"line":147,"column":21}}],"line":142},"6":{"loc":{"start":{"line":153,"column":13},"end":{"line":157,"column":17}},"type":"binary-expr","locations":[{"start":{"line":153,"column":13},"end":{"line":153,"column":21}},{"start":{"line":154,"column":13},"end":{"line":156,"column":20}}],"line":153}},"s":{"0":1,"1":7,"2":7,"3":7,"4":7,"5":7,"6":7,"7":7,"8":7,"9":7,"10":7,"11":3,"12":7,"13":4,"14":4,"15":2,"16":1,"17":1,"18":1,"19":2,"20":1,"21":7,"22":1,"23":1,"24":1,"25":1,"26":1,"27":0,"28":7,"29":1,"30":1,"31":0,"32":0,"33":1,"34":1,"35":1,"36":1,"37":1,"38":1,"39":1,"40":0,"41":7,"42":1,"43":47,"44":0},"f":{"0":7,"1":3,"2":4,"3":2,"4":7,"5":1,"6":1,"7":47,"8":0},"b":{"0":[7,1],"1":[1,1],"2":[1,0],"3":[0,1],"4":[7,1],"5":[7,1],"6":[7,1]},"_coverageSchema":"1a1c01bbd47fc00a2c39e90264f33305004495a9","hash":"c921e5653c224a44e891005b9293b1007d197e46"}
,"C:\\Users\\User-Admin\\Documents\\UniWork\\WorkingDissertationV2\\Fitness-Future-Dissertation-Project\\fitness-web-app\\src\\DeleteUserWorkout.js": {"path":"C:\\Users\\User-Admin\\Documents\\UniWork\\WorkingDissertationV2\\Fitness-Future-Dissertation-Project\\fitness-web-app\\src\\DeleteUserWorkout.js","statementMap":{"0":{"start":{"line":17,"column":27},"end":{"line":180,"column":1}},"1":{"start":{"line":18,"column":36},"end":{"line":18,"column":48}},"2":{"start":{"line":19,"column":50},"end":{"line":19,"column":62}},"3":{"start":{"line":20,"column":46},"end":{"line":20,"column":58}},"4":{"start":{"line":21,"column":38},"end":{"line":21,"column":50}},"5":{"start":{"line":22,"column":42},"end":{"line":22,"column":54}},"6":{"start":{"line":23,"column":50},"end":{"line":23,"column":65}},"7":{"start":{"line":24,"column":19},"end":{"line":24,"column":32}},"8":{"start":{"line":25,"column":19},"end":{"line":25,"column":32}},"9":{"start":{"line":26,"column":24},"end":{"line":26,"column":72}},"10":{"start":{"line":28,"column":34},"end":{"line":28,"column":46}},"11":{"start":{"line":30,"column":20},"end":{"line":30,"column":44}},"12":{"start":{"line":31,"column":2},"end":{"line":34,"column":25}},"13":{"start":{"line":33,"column":4},"end":{"line":33,"column":22}},"14":{"start":{"line":37,"column":28},"end":{"line":66,"column":5}},"15":{"start":{"line":38,"column":6},"end":{"line":65,"column":7}},"16":{"start":{"line":39,"column":25},"end":{"line":41,"column":9}},"17":{"start":{"line":44,"column":8},"end":{"line":60,"column":9}},"18":{"start":{"line":45,"column":10},"end":{"line":45,"column":50}},"19":{"start":{"line":47,"column":29},"end":{"line":49,"column":11}},"20":{"start":{"line":48,"column":34},"end":{"line":48,"column":60}},"21":{"start":{"line":51,"column":31},"end":{"line":53,"column":11}},"22":{"start":{"line":52,"column":39},"end":{"line":52,"column":72}},"23":{"start":{"line":54,"column":10},"end":{"line":54,"column":63}},"24":{"start":{"line":55,"column":10},"end":{"line":55,"column":36}},"25":{"start":{"line":56,"column":10},"end":{"line":56,"column":40}},"26":{"start":{"line":58,"column":10},"end":{"line":58,"column":36}},"27":{"start":{"line":59,"column":10},"end":{"line":59,"column":44}},"28":{"start":{"line":63,"column":8},"end":{"line":63,"column":39}},"29":{"start":{"line":64,"column":8},"end":{"line":64,"column":40}},"30":{"start":{"line":70,"column":23},"end":{"line":102,"column":3}},"31":{"start":{"line":71,"column":4},"end":{"line":71,"column":27}},"32":{"start":{"line":74,"column":4},"end":{"line":77,"column":5}},"33":{"start":{"line":75,"column":6},"end":{"line":75,"column":54}},"34":{"start":{"line":76,"column":6},"end":{"line":76,"column":13}},"35":{"start":{"line":80,"column":2},"end":{"line":101,"column":3}},"36":{"start":{"line":81,"column":21},"end":{"line":84,"column":6}},"37":{"start":{"line":87,"column":4},"end":{"line":94,"column":5}},"38":{"start":{"line":88,"column":6},"end":{"line":88,"column":33}},"39":{"start":{"line":89,"column":6},"end":{"line":89,"column":24}},"40":{"start":{"line":90,"column":6},"end":{"line":90,"column":97}},"41":{"start":{"line":91,"column":6},"end":{"line":91,"column":47}},"42":{"start":{"line":93,"column":6},"end":{"line":93,"column":40}},"43":{"start":{"line":99,"column":4},"end":{"line":99,"column":36}},"44":{"start":{"line":100,"column":4},"end":{"line":100,"column":86}},"45":{"start":{"line":106,"column":4},"end":{"line":121,"column":12}},"46":{"start":{"line":106,"column":49},"end":{"line":106,"column":75}},"47":{"start":{"line":114,"column":51},"end":{"line":114,"column":77}},"48":{"start":{"line":126,"column":2},"end":{"line":179,"column":4}},"49":{"start":{"line":149,"column":37},"end":{"line":149,"column":65}},"50":{"start":{"line":153,"column":20},"end":{"line":155,"column":29}},"51":{"start":{"line":159,"column":56},"end":{"line":159,"column":81}}},"fnMap":{"0":{"name":"(anonymous_0)","decl":{"start":{"line":17,"column":27},"end":{"line":17,"column":28}},"loc":{"start":{"line":17,"column":33},"end":{"line":180,"column":1}},"line":17},"1":{"name":"(anonymous_1)","decl":{"start":{"line":31,"column":12},"end":{"line":31,"column":13}},"loc":{"start":{"line":31,"column":18},"end":{"line":34,"column":3}},"line":31},"2":{"name":"(anonymous_2)","decl":{"start":{"line":37,"column":28},"end":{"line":37,"column":29}},"loc":{"start":{"line":37,"column":40},"end":{"line":66,"column":5}},"line":37},"3":{"name":"(anonymous_3)","decl":{"start":{"line":48,"column":12},"end":{"line":48,"column":13}},"loc":{"start":{"line":48,"column":34},"end":{"line":48,"column":60}},"line":48},"4":{"name":"(anonymous_4)","decl":{"start":{"line":52,"column":12},"end":{"line":52,"column":13}},"loc":{"start":{"line":52,"column":39},"end":{"line":52,"column":72}},"line":52},"5":{"name":"(anonymous_5)","decl":{"start":{"line":70,"column":23},"end":{"line":70,"column":24}},"loc":{"start":{"line":70,"column":40},"end":{"line":102,"column":3}},"line":70},"6":{"name":"(anonymous_6)","decl":{"start":{"line":106,"column":43},"end":{"line":106,"column":44}},"loc":{"start":{"line":106,"column":49},"end":{"line":106,"column":75}},"line":106},"7":{"name":"(anonymous_7)","decl":{"start":{"line":114,"column":45},"end":{"line":114,"column":46}},"loc":{"start":{"line":114,"column":51},"end":{"line":114,"column":77}},"line":114},"8":{"name":"(anonymous_8)","decl":{"start":{"line":149,"column":30},"end":{"line":149,"column":31}},"loc":{"start":{"line":149,"column":37},"end":{"line":149,"column":65}},"line":149},"9":{"name":"(anonymous_9)","decl":{"start":{"line":152,"column":36},"end":{"line":152,"column":37}},"loc":{"start":{"line":153,"column":20},"end":{"line":155,"column":29}},"line":153},"10":{"name":"(anonymous_10)","decl":{"start":{"line":159,"column":50},"end":{"line":159,"column":51}},"loc":{"start":{"line":159,"column":56},"end":{"line":159,"column":81}},"line":159}},"branchMap":{"0":{"loc":{"start":{"line":26,"column":24},"end":{"line":26,"column":72}},"type":"binary-expr","locations":[{"start":{"line":26,"column":24},"end":{"line":26,"column":38}},{"start":{"line":26,"column":42},"end":{"line":26,"column":72}}],"line":26},"1":{"loc":{"start":{"line":44,"column":8},"end":{"line":60,"column":9}},"type":"if","locations":[{"start":{"line":44,"column":8},"end":{"line":60,"column":9}},{"start":{"line":57,"column":15},"end":{"line":60,"column":9}}],"line":44},"2":{"loc":{"start":{"line":74,"column":4},"end":{"line":77,"column":5}},"type":"if","locations":[{"start":{"line":74,"column":4},"end":{"line":77,"column":5}},{"start":{},"end":{}}],"line":74},"3":{"loc":{"start":{"line":87,"column":4},"end":{"line":94,"column":5}},"type":"if","locations":[{"start":{"line":87,"column":4},"end":{"line":94,"column":5}},{"start":{"line":92,"column":11},"end":{"line":94,"column":5}}],"line":87},"4":{"loc":{"start":{"line":162,"column":15},"end":{"line":166,"column":17}},"type":"binary-expr","locations":[{"start":{"line":162,"column":15},"end":{"line":162,"column":28}},{"start":{"line":163,"column":13},"end":{"line":165,"column":20}}],"line":162},"5":{"loc":{"start":{"line":170,"column":11},"end":{"line":174,"column":17}},"type":"binary-expr","locations":[{"start":{"line":170,"column":11},"end":{"line":170,"column":19}},{"start":{"line":171,"column":13},"end":{"line":173,"column":20}}],"line":170}},"s":{"0":1,"1":13,"2":12,"3":12,"4":12,"5":12,"6":12,"7":12,"8":12,"9":12,"10":12,"11":12,"12":12,"13":4,"14":12,"15":5,"16":5,"17":3,"18":3,"19":3,"20":3,"21":3,"22":3,"23":3,"24":3,"25":3,"26":0,"27":0,"28":1,"29":1,"30":12,"31":1,"32":1,"33":0,"34":0,"35":1,"36":1,"37":1,"38":1,"39":1,"40":1,"41":1,"42":0,"43":0,"44":0,"45":12,"46":0,"47":0,"48":12,"49":2,"50":7,"51":2},"f":{"0":13,"1":4,"2":5,"3":3,"4":3,"5":1,"6":0,"7":0,"8":2,"9":7,"10":2},"b":{"0":[12,12],"1":[3,0],"2":[0,1],"3":[1,0],"4":[12,12],"5":[12,1]},"_coverageSchema":"1a1c01bbd47fc00a2c39e90264f33305004495a9","hash":"fc80ca1430fb2c4cd66a0a15973c8615dc5f60d3"}
,"C:\\Users\\User-Admin\\Documents\\UniWork\\WorkingDissertationV2\\Fitness-Future-Dissertation-Project\\fitness-web-app\\src\\DeleteWorkoutRoutine.js": {"path":"C:\\Users\\User-Admin\\Documents\\UniWork\\WorkingDissertationV2\\Fitness-Future-Dissertation-Project\\fitness-web-app\\src\\DeleteWorkoutRoutine.js","statementMap":{"0":{"start":{"line":16,"column":29},"end":{"line":170,"column":1}},"1":{"start":{"line":17,"column":50},"end":{"line":17,"column":62}},"2":{"start":{"line":18,"column":52},"end":{"line":18,"column":64}},"3":{"start":{"line":19,"column":26},"end":{"line":19,"column":38}},"4":{"start":{"line":20,"column":20},"end":{"line":20,"column":44}},"5":{"start":{"line":21,"column":50},"end":{"line":21,"column":65}},"6":{"start":{"line":22,"column":19},"end":{"line":22,"column":32}},"7":{"start":{"line":23,"column":19},"end":{"line":23,"column":32}},"8":{"start":{"line":24,"column":34},"end":{"line":24,"column":46}},"9":{"start":{"line":25,"column":24},"end":{"line":25,"column":72}},"10":{"start":{"line":27,"column":31},"end":{"line":56,"column":3}},"11":{"start":{"line":28,"column":4},"end":{"line":55,"column":5}},"12":{"start":{"line":29,"column":23},"end":{"line":31,"column":7}},"13":{"start":{"line":33,"column":6},"end":{"line":50,"column":7}},"14":{"start":{"line":35,"column":37},"end":{"line":37,"column":7}},"15":{"start":{"line":36,"column":38},"end":{"line":36,"column":79}},"16":{"start":{"line":39,"column":19},"end":{"line":41,"column":7}},"17":{"start":{"line":40,"column":41},"end":{"line":40,"column":72}},"18":{"start":{"line":43,"column":6},"end":{"line":43,"column":46}},"19":{"start":{"line":44,"column":6},"end":{"line":44,"column":20}},"20":{"start":{"line":48,"column":8},"end":{"line":48,"column":42}},"21":{"start":{"line":49,"column":8},"end":{"line":49,"column":39}},"22":{"start":{"line":53,"column":6},"end":{"line":53,"column":37}},"23":{"start":{"line":54,"column":6},"end":{"line":54,"column":43}},"24":{"start":{"line":58,"column":2},"end":{"line":60,"column":25}},"25":{"start":{"line":59,"column":4},"end":{"line":59,"column":27}},"26":{"start":{"line":62,"column":23},"end":{"line":92,"column":3}},"27":{"start":{"line":64,"column":4},"end":{"line":67,"column":5}},"28":{"start":{"line":65,"column":6},"end":{"line":65,"column":54}},"29":{"start":{"line":66,"column":6},"end":{"line":66,"column":13}},"30":{"start":{"line":69,"column":4},"end":{"line":91,"column":5}},"31":{"start":{"line":70,"column":23},"end":{"line":73,"column":8}},"32":{"start":{"line":74,"column":6},"end":{"line":74,"column":46}},"33":{"start":{"line":76,"column":4},"end":{"line":85,"column":5}},"34":{"start":{"line":78,"column":4},"end":{"line":78,"column":27}},"35":{"start":{"line":79,"column":4},"end":{"line":79,"column":31}},"36":{"start":{"line":82,"column":4},"end":{"line":82,"column":101}},"37":{"start":{"line":84,"column":6},"end":{"line":84,"column":40}},"38":{"start":{"line":89,"column":6},"end":{"line":89,"column":37}},"39":{"start":{"line":90,"column":6},"end":{"line":90,"column":42}},"40":{"start":{"line":96,"column":4},"end":{"line":111,"column":12}},"41":{"start":{"line":96,"column":49},"end":{"line":96,"column":75}},"42":{"start":{"line":104,"column":51},"end":{"line":104,"column":77}},"43":{"start":{"line":117,"column":2},"end":{"line":169,"column":4}},"44":{"start":{"line":138,"column":37},"end":{"line":138,"column":72}},"45":{"start":{"line":142,"column":20},"end":{"line":144,"column":30}},"46":{"start":{"line":148,"column":60},"end":{"line":148,"column":85}}},"fnMap":{"0":{"name":"(anonymous_0)","decl":{"start":{"line":16,"column":29},"end":{"line":16,"column":30}},"loc":{"start":{"line":16,"column":35},"end":{"line":170,"column":1}},"line":16},"1":{"name":"(anonymous_1)","decl":{"start":{"line":27,"column":31},"end":{"line":27,"column":32}},"loc":{"start":{"line":27,"column":43},"end":{"line":56,"column":3}},"line":27},"2":{"name":"(anonymous_2)","decl":{"start":{"line":36,"column":8},"end":{"line":36,"column":9}},"loc":{"start":{"line":36,"column":38},"end":{"line":36,"column":79}},"line":36},"3":{"name":"(anonymous_3)","decl":{"start":{"line":40,"column":8},"end":{"line":40,"column":9}},"loc":{"start":{"line":40,"column":41},"end":{"line":40,"column":72}},"line":40},"4":{"name":"(anonymous_4)","decl":{"start":{"line":58,"column":12},"end":{"line":58,"column":13}},"loc":{"start":{"line":58,"column":18},"end":{"line":60,"column":3}},"line":58},"5":{"name":"(anonymous_5)","decl":{"start":{"line":62,"column":23},"end":{"line":62,"column":24}},"loc":{"start":{"line":62,"column":40},"end":{"line":92,"column":3}},"line":62},"6":{"name":"(anonymous_6)","decl":{"start":{"line":96,"column":43},"end":{"line":96,"column":44}},"loc":{"start":{"line":96,"column":49},"end":{"line":96,"column":75}},"line":96},"7":{"name":"(anonymous_7)","decl":{"start":{"line":104,"column":45},"end":{"line":104,"column":46}},"loc":{"start":{"line":104,"column":51},"end":{"line":104,"column":77}},"line":104},"8":{"name":"(anonymous_8)","decl":{"start":{"line":138,"column":30},"end":{"line":138,"column":31}},"loc":{"start":{"line":138,"column":37},"end":{"line":138,"column":72}},"line":138},"9":{"name":"(anonymous_9)","decl":{"start":{"line":141,"column":43},"end":{"line":141,"column":44}},"loc":{"start":{"line":142,"column":20},"end":{"line":144,"column":30}},"line":142},"10":{"name":"(anonymous_10)","decl":{"start":{"line":148,"column":54},"end":{"line":148,"column":55}},"loc":{"start":{"line":148,"column":60},"end":{"line":148,"column":85}},"line":148}},"branchMap":{"0":{"loc":{"start":{"line":25,"column":24},"end":{"line":25,"column":72}},"type":"binary-expr","locations":[{"start":{"line":25,"column":24},"end":{"line":25,"column":38}},{"start":{"line":25,"column":42},"end":{"line":25,"column":72}}],"line":25},"1":{"loc":{"start":{"line":33,"column":6},"end":{"line":50,"column":7}},"type":"if","locations":[{"start":{"line":33,"column":6},"end":{"line":50,"column":7}},{"start":{"line":47,"column":13},"end":{"line":50,"column":7}}],"line":33},"2":{"loc":{"start":{"line":64,"column":4},"end":{"line":67,"column":5}},"type":"if","locations":[{"start":{"line":64,"column":4},"end":{"line":67,"column":5}},{"start":{},"end":{}}],"line":64},"3":{"loc":{"start":{"line":76,"column":4},"end":{"line":85,"column":5}},"type":"if","locations":[{"start":{"line":76,"column":4},"end":{"line":85,"column":5}},{"start":{"line":83,"column":11},"end":{"line":85,"column":5}}],"line":76},"4":{"loc":{"start":{"line":150,"column":17},"end":{"line":154,"column":17}},"type":"binary-expr","locations":[{"start":{"line":150,"column":17},"end":{"line":150,"column":30}},{"start":{"line":151,"column":13},"end":{"line":153,"column":20}}],"line":150},"5":{"loc":{"start":{"line":159,"column":13},"end":{"line":163,"column":17}},"type":"binary-expr","locations":[{"start":{"line":159,"column":13},"end":{"line":159,"column":21}},{"start":{"line":160,"column":13},"end":{"line":162,"column":20}}],"line":159}},"s":{"0":1,"1":12,"2":12,"3":12,"4":12,"5":12,"6":12,"7":12,"8":12,"9":12,"10":12,"11":4,"12":4,"13":3,"14":3,"15":3,"16":3,"17":3,"18":3,"19":3,"20":0,"21":0,"22":1,"23":1,"24":12,"25":4,"26":12,"27":1,"28":1,"29":1,"30":0,"31":0,"32":0,"33":0,"34":0,"35":0,"36":0,"37":0,"38":0,"39":0,"40":12,"41":0,"42":0,"43":12,"44":2,"45":7,"46":2},"f":{"0":12,"1":4,"2":3,"3":3,"4":4,"5":1,"6":0,"7":0,"8":2,"9":7,"10":2},"b":{"0":[12,12],"1":[3,0],"2":[1,0],"3":[0,0],"4":[12,12],"5":[12,1]},"_coverageSchema":"1a1c01bbd47fc00a2c39e90264f33305004495a9","hash":"934cc09f34b4b9f14214c9df4183aa9804dfa7bc"}
,"C:\\Users\\User-Admin\\Documents\\UniWork\\WorkingDissertationV2\\Fitness-Future-Dissertation-Project\\fitness-web-app\\src\\EditWorkouts.js": {"path":"C:\\Users\\User-Admin\\Documents\\UniWork\\WorkingDissertationV2\\Fitness-Future-Dissertation-Project\\fitness-web-app\\src\\EditWorkouts.js","statementMap":{"0":{"start":{"line":16,"column":21},"end":{"line":205,"column":1}},"1":{"start":{"line":17,"column":36},"end":{"line":17,"column":48}},"2":{"start":{"line":18,"column":50},"end":{"line":18,"column":62}},"3":{"start":{"line":19,"column":46},"end":{"line":19,"column":58}},"4":{"start":{"line":20,"column":38},"end":{"line":20,"column":50}},"5":{"start":{"line":21,"column":42},"end":{"line":21,"column":54}},"6":{"start":{"line":22,"column":40},"end":{"line":22,"column":52}},"7":{"start":{"line":23,"column":19},"end":{"line":23,"column":32}},"8":{"start":{"line":24,"column":19},"end":{"line":24,"column":32}},"9":{"start":{"line":27,"column":18},"end":{"line":27,"column":58}},"10":{"start":{"line":29,"column":46},"end":{"line":29,"column":61}},"11":{"start":{"line":32,"column":20},"end":{"line":32,"column":44}},"12":{"start":{"line":34,"column":2},"end":{"line":62,"column":25}},"13":{"start":{"line":35,"column":28},"end":{"line":59,"column":5}},"14":{"start":{"line":36,"column":6},"end":{"line":58,"column":7}},"15":{"start":{"line":37,"column":25},"end":{"line":39,"column":9}},"16":{"start":{"line":40,"column":8},"end":{"line":40,"column":48}},"17":{"start":{"line":43,"column":8},"end":{"line":43,"column":43}},"18":{"start":{"line":45,"column":27},"end":{"line":47,"column":9}},"19":{"start":{"line":46,"column":32},"end":{"line":46,"column":58}},"20":{"start":{"line":49,"column":29},"end":{"line":51,"column":9}},"21":{"start":{"line":50,"column":37},"end":{"line":50,"column":70}},"22":{"start":{"line":52,"column":8},"end":{"line":52,"column":61}},"23":{"start":{"line":53,"column":8},"end":{"line":53,"column":34}},"24":{"start":{"line":54,"column":8},"end":{"line":54,"column":38}},"25":{"start":{"line":57,"column":8},"end":{"line":57,"column":39}},"26":{"start":{"line":61,"column":4},"end":{"line":61,"column":22}},"27":{"start":{"line":64,"column":23},"end":{"line":93,"column":3}},"28":{"start":{"line":65,"column":4},"end":{"line":65,"column":27}},"29":{"start":{"line":67,"column":4},"end":{"line":70,"column":5}},"30":{"start":{"line":68,"column":6},"end":{"line":68,"column":67}},"31":{"start":{"line":69,"column":6},"end":{"line":69,"column":13}},"32":{"start":{"line":72,"column":4},"end":{"line":72,"column":41}},"33":{"start":{"line":73,"column":4},"end":{"line":73,"column":51}},"34":{"start":{"line":74,"column":4},"end":{"line":74,"column":55}},"35":{"start":{"line":76,"column":4},"end":{"line":92,"column":5}},"36":{"start":{"line":77,"column":23},"end":{"line":82,"column":8}},"37":{"start":{"line":86,"column":6},"end":{"line":86,"column":46}},"38":{"start":{"line":88,"column":6},"end":{"line":88,"column":30}},"39":{"start":{"line":89,"column":6},"end":{"line":89,"column":86}},"40":{"start":{"line":91,"column":6},"end":{"line":91,"column":37}},"41":{"start":{"line":96,"column":30},"end":{"line":120,"column":3}},"42":{"start":{"line":97,"column":30},"end":{"line":97,"column":44}},"43":{"start":{"line":98,"column":4},"end":{"line":98,"column":36}},"44":{"start":{"line":100,"column":4},"end":{"line":119,"column":5}},"45":{"start":{"line":102,"column":6},"end":{"line":102,"column":30}},"46":{"start":{"line":103,"column":6},"end":{"line":103,"column":28}},"47":{"start":{"line":107,"column":30},"end":{"line":109,"column":7}},"48":{"start":{"line":108,"column":21},"end":{"line":108,"column":70}},"49":{"start":{"line":111,"column":6},"end":{"line":111,"column":56}},"50":{"start":{"line":114,"column":6},"end":{"line":114,"column":60}},"51":{"start":{"line":115,"column":6},"end":{"line":115,"column":56}},"52":{"start":{"line":117,"column":6},"end":{"line":117,"column":78}},"53":{"start":{"line":118,"column":6},"end":{"line":118,"column":74}},"54":{"start":{"line":123,"column":2},"end":{"line":123,"column":42}},"55":{"start":{"line":125,"column":2},"end":{"line":204,"column":4}},"56":{"start":{"line":153,"column":18},"end":{"line":155,"column":27}},"57":{"start":{"line":167,"column":37},"end":{"line":167,"column":72}},"58":{"start":{"line":179,"column":37},"end":{"line":179,"column":70}},"59":{"start":{"line":194,"column":29},"end":{"line":194,"column":50}}},"fnMap":{"0":{"name":"(anonymous_0)","decl":{"start":{"line":16,"column":21},"end":{"line":16,"column":22}},"loc":{"start":{"line":16,"column":27},"end":{"line":205,"column":1}},"line":16},"1":{"name":"(anonymous_1)","decl":{"start":{"line":34,"column":12},"end":{"line":34,"column":13}},"loc":{"start":{"line":34,"column":18},"end":{"line":62,"column":3}},"line":34},"2":{"name":"(anonymous_2)","decl":{"start":{"line":35,"column":28},"end":{"line":35,"column":29}},"loc":{"start":{"line":35,"column":40},"end":{"line":59,"column":5}},"line":35},"3":{"name":"(anonymous_3)","decl":{"start":{"line":46,"column":10},"end":{"line":46,"column":11}},"loc":{"start":{"line":46,"column":32},"end":{"line":46,"column":58}},"line":46},"4":{"name":"(anonymous_4)","decl":{"start":{"line":50,"column":10},"end":{"line":50,"column":11}},"loc":{"start":{"line":50,"column":37},"end":{"line":50,"column":70}},"line":50},"5":{"name":"(anonymous_5)","decl":{"start":{"line":64,"column":23},"end":{"line":64,"column":24}},"loc":{"start":{"line":64,"column":40},"end":{"line":93,"column":3}},"line":64},"6":{"name":"(anonymous_6)","decl":{"start":{"line":96,"column":30},"end":{"line":96,"column":31}},"loc":{"start":{"line":96,"column":37},"end":{"line":120,"column":3}},"line":96},"7":{"name":"(anonymous_7)","decl":{"start":{"line":108,"column":8},"end":{"line":108,"column":9}},"loc":{"start":{"line":108,"column":21},"end":{"line":108,"column":70}},"line":108},"8":{"name":"(anonymous_8)","decl":{"start":{"line":152,"column":34},"end":{"line":152,"column":35}},"loc":{"start":{"line":153,"column":18},"end":{"line":155,"column":27}},"line":153},"9":{"name":"(anonymous_9)","decl":{"start":{"line":167,"column":30},"end":{"line":167,"column":31}},"loc":{"start":{"line":167,"column":37},"end":{"line":167,"column":72}},"line":167},"10":{"name":"(anonymous_10)","decl":{"start":{"line":179,"column":30},"end":{"line":179,"column":31}},"loc":{"start":{"line":179,"column":37},"end":{"line":179,"column":70}},"line":179},"11":{"name":"(anonymous_11)","decl":{"start":{"line":194,"column":23},"end":{"line":194,"column":24}},"loc":{"start":{"line":194,"column":29},"end":{"line":194,"column":50}},"line":194}},"branchMap":{"0":{"loc":{"start":{"line":27,"column":18},"end":{"line":27,"column":58}},"type":"binary-expr","locations":[{"start":{"line":27,"column":18},"end":{"line":27,"column":32}},{"start":{"line":27,"column":36},"end":{"line":27,"column":58}}],"line":27},"1":{"loc":{"start":{"line":67,"column":4},"end":{"line":70,"column":5}},"type":"if","locations":[{"start":{"line":67,"column":4},"end":{"line":70,"column":5}},{"start":{},"end":{}}],"line":67},"2":{"loc":{"start":{"line":67,"column":8},"end":{"line":67,"column":58}},"type":"binary-expr","locations":[{"start":{"line":67,"column":8},"end":{"line":67,"column":18}},{"start":{"line":67,"column":22},"end":{"line":67,"column":37}},{"start":{"line":67,"column":41},"end":{"line":67,"column":58}}],"line":67},"3":{"loc":{"start":{"line":100,"column":4},"end":{"line":119,"column":5}},"type":"if","locations":[{"start":{"line":100,"column":4},"end":{"line":119,"column":5}},{"start":{"line":105,"column":11},"end":{"line":119,"column":5}}],"line":100},"4":{"loc":{"start":{"line":186,"column":15},"end":{"line":190,"column":17}},"type":"binary-expr","locations":[{"start":{"line":186,"column":15},"end":{"line":186,"column":22}},{"start":{"line":187,"column":13},"end":{"line":189,"column":20}}],"line":186},"5":{"loc":{"start":{"line":192,"column":15},"end":{"line":198,"column":15}},"type":"binary-expr","locations":[{"start":{"line":192,"column":15},"end":{"line":192,"column":29}},{"start":{"line":193,"column":14},"end":{"line":197,"column":21}}],"line":192}},"s":{"0":1,"1":3,"2":2,"3":2,"4":2,"5":2,"6":2,"7":2,"8":2,"9":2,"10":2,"11":2,"12":2,"13":1,"14":1,"15":1,"16":1,"17":1,"18":1,"19":1,"20":1,"21":1,"22":1,"23":1,"24":1,"25":0,"26":1,"27":2,"28":0,"29":0,"30":0,"31":0,"32":0,"33":0,"34":0,"35":0,"36":0,"37":0,"38":0,"39":0,"40":0,"41":2,"42":0,"43":0,"44":0,"45":0,"46":0,"47":0,"48":0,"49":0,"50":0,"51":0,"52":0,"53":0,"54":2,"55":2,"56":1,"57":0,"58":0,"59":0},"f":{"0":3,"1":1,"2":1,"3":1,"4":1,"5":0,"6":0,"7":0,"8":1,"9":0,"10":0,"11":0},"b":{"0":[2,0],"1":[0,0],"2":[0,0,0],"3":[0,0],"4":[2,0],"5":[2,0]},"_coverageSchema":"1a1c01bbd47fc00a2c39e90264f33305004495a9","hash":"abaa09b964a83da3c88dbf0aa834c2a9d017a8f0"}
,"C:\\Users\\User-Admin\\Documents\\UniWork\\WorkingDissertationV2\\Fitness-Future-Dissertation-Project\\fitness-web-app\\src\\ExerciseCompletion.js": {"path":"C:\\Users\\User-Admin\\Documents\\UniWork\\WorkingDissertationV2\\Fitness-Future-Dissertation-Project\\fitness-web-app\\src\\ExerciseCompletion.js","statementMap":{"0":{"start":{"line":16,"column":29},"end":{"line":278,"column":1}},"1":{"start":{"line":17,"column":24},"end":{"line":17,"column":36}},"2":{"start":{"line":18,"column":44},"end":{"line":18,"column":56}},"3":{"start":{"line":19,"column":40},"end":{"line":19,"column":52}},"4":{"start":{"line":20,"column":20},"end":{"line":20,"column":44}},"5":{"start":{"line":21,"column":48},"end":{"line":21,"column":60}},"6":{"start":{"line":23,"column":34},"end":{"line":23,"column":46}},"7":{"start":{"line":25,"column":19},"end":{"line":25,"column":32}},"8":{"start":{"line":28,"column":2},"end":{"line":31,"column":23}},"9":{"start":{"line":30,"column":2},"end":{"line":30,"column":21}},"10":{"start":{"line":34,"column":29},"end":{"line":59,"column":5}},"11":{"start":{"line":35,"column":6},"end":{"line":58,"column":7}},"12":{"start":{"line":36,"column":25},"end":{"line":38,"column":9}},"13":{"start":{"line":41,"column":8},"end":{"line":52,"column":9}},"14":{"start":{"line":42,"column":10},"end":{"line":42,"column":45}},"15":{"start":{"line":45,"column":28},"end":{"line":45,"column":90}},"16":{"start":{"line":45,"column":76},"end":{"line":45,"column":87}},"17":{"start":{"line":46,"column":10},"end":{"line":46,"column":38}},"18":{"start":{"line":50,"column":10},"end":{"line":50,"column":43}},"19":{"start":{"line":51,"column":10},"end":{"line":51,"column":36}},"20":{"start":{"line":56,"column":8},"end":{"line":56,"column":39}},"21":{"start":{"line":57,"column":8},"end":{"line":57,"column":44}},"22":{"start":{"line":63,"column":2},"end":{"line":63,"column":27}},"23":{"start":{"line":65,"column":26},"end":{"line":76,"column":3}},"24":{"start":{"line":66,"column":24},"end":{"line":66,"column":38}},"25":{"start":{"line":67,"column":4},"end":{"line":67,"column":24}},"26":{"start":{"line":68,"column":35},"end":{"line":68,"column":93}},"27":{"start":{"line":68,"column":65},"end":{"line":68,"column":92}},"28":{"start":{"line":69,"column":39},"end":{"line":73,"column":7}},"29":{"start":{"line":69,"column":73},"end":{"line":73,"column":5}},"30":{"start":{"line":75,"column":4},"end":{"line":75,"column":51}},"31":{"start":{"line":78,"column":23},"end":{"line":138,"column":5}},"32":{"start":{"line":79,"column":4},"end":{"line":79,"column":27}},"33":{"start":{"line":82,"column":22},"end":{"line":88,"column":6}},"34":{"start":{"line":83,"column":6},"end":{"line":87,"column":8}},"35":{"start":{"line":90,"column":4},"end":{"line":93,"column":5}},"36":{"start":{"line":91,"column":6},"end":{"line":91,"column":77}},"37":{"start":{"line":92,"column":6},"end":{"line":92,"column":13}},"38":{"start":{"line":98,"column":46},"end":{"line":102,"column":7}},"39":{"start":{"line":98,"column":81},"end":{"line":102,"column":5}},"40":{"start":{"line":104,"column":4},"end":{"line":123,"column":5}},"41":{"start":{"line":105,"column":46},"end":{"line":105,"column":98}},"42":{"start":{"line":105,"column":78},"end":{"line":105,"column":97}},"43":{"start":{"line":108,"column":24},"end":{"line":114,"column":10}},"44":{"start":{"line":108,"column":98},"end":{"line":114,"column":8}},"45":{"start":{"line":116,"column":6},"end":{"line":116,"column":74}},"46":{"start":{"line":116,"column":58},"end":{"line":116,"column":71}},"47":{"start":{"line":121,"column":6},"end":{"line":121,"column":35}},"48":{"start":{"line":122,"column":6},"end":{"line":122,"column":41}},"49":{"start":{"line":126,"column":4},"end":{"line":137,"column":5}},"50":{"start":{"line":127,"column":29},"end":{"line":130,"column":8}},"51":{"start":{"line":132,"column":6},"end":{"line":132,"column":53}},"52":{"start":{"line":133,"column":6},"end":{"line":133,"column":92}},"53":{"start":{"line":135,"column":6},"end":{"line":135,"column":38}},"54":{"start":{"line":136,"column":6},"end":{"line":136,"column":41}},"55":{"start":{"line":143,"column":29},"end":{"line":150,"column":4}},"56":{"start":{"line":153,"column":2},"end":{"line":277,"column":4}},"57":{"start":{"line":181,"column":18},"end":{"line":183,"column":27}},"58":{"start":{"line":203,"column":45},"end":{"line":203,"column":64}},"59":{"start":{"line":205,"column":26},"end":{"line":255,"column":31}},"60":{"start":{"line":216,"column":65},"end":{"line":216,"column":85}},"61":{"start":{"line":217,"column":34},"end":{"line":220,"column":36}},"62":{"start":{"line":221,"column":34},"end":{"line":221,"column":77}},"63":{"start":{"line":231,"column":65},"end":{"line":231,"column":85}},"64":{"start":{"line":232,"column":34},"end":{"line":235,"column":36}},"65":{"start":{"line":236,"column":34},"end":{"line":236,"column":77}},"66":{"start":{"line":246,"column":61},"end":{"line":246,"column":81}},"67":{"start":{"line":247,"column":30},"end":{"line":250,"column":34}},"68":{"start":{"line":251,"column":26},"end":{"line":251,"column":69}}},"fnMap":{"0":{"name":"(anonymous_0)","decl":{"start":{"line":16,"column":29},"end":{"line":16,"column":30}},"loc":{"start":{"line":16,"column":35},"end":{"line":278,"column":1}},"line":16},"1":{"name":"(anonymous_1)","decl":{"start":{"line":28,"column":12},"end":{"line":28,"column":13}},"loc":{"start":{"line":28,"column":18},"end":{"line":31,"column":1}},"line":28},"2":{"name":"(anonymous_2)","decl":{"start":{"line":34,"column":29},"end":{"line":34,"column":30}},"loc":{"start":{"line":34,"column":41},"end":{"line":59,"column":5}},"line":34},"3":{"name":"(anonymous_3)","decl":{"start":{"line":45,"column":63},"end":{"line":45,"column":64}},"loc":{"start":{"line":45,"column":76},"end":{"line":45,"column":87}},"line":45},"4":{"name":"(anonymous_4)","decl":{"start":{"line":65,"column":26},"end":{"line":65,"column":27}},"loc":{"start":{"line":65,"column":33},"end":{"line":76,"column":3}},"line":65},"5":{"name":"(anonymous_5)","decl":{"start":{"line":68,"column":54},"end":{"line":68,"column":55}},"loc":{"start":{"line":68,"column":65},"end":{"line":68,"column":92}},"line":68},"6":{"name":"(anonymous_6)","decl":{"start":{"line":69,"column":66},"end":{"line":69,"column":67}},"loc":{"start":{"line":69,"column":73},"end":{"line":73,"column":5}},"line":69},"7":{"name":"(anonymous_7)","decl":{"start":{"line":78,"column":23},"end":{"line":78,"column":24}},"loc":{"start":{"line":78,"column":40},"end":{"line":138,"column":5}},"line":78},"8":{"name":"(anonymous_8)","decl":{"start":{"line":82,"column":43},"end":{"line":82,"column":44}},"loc":{"start":{"line":82,"column":54},"end":{"line":88,"column":5}},"line":82},"9":{"name":"(anonymous_9)","decl":{"start":{"line":98,"column":66},"end":{"line":98,"column":67}},"loc":{"start":{"line":98,"column":81},"end":{"line":102,"column":5}},"line":98},"10":{"name":"(anonymous_10)","decl":{"start":{"line":105,"column":65},"end":{"line":105,"column":66}},"loc":{"start":{"line":105,"column":78},"end":{"line":105,"column":97}},"line":105},"11":{"name":"(anonymous_11)","decl":{"start":{"line":108,"column":78},"end":{"line":108,"column":79}},"loc":{"start":{"line":108,"column":98},"end":{"line":114,"column":8}},"line":108},"12":{"name":"(anonymous_12)","decl":{"start":{"line":116,"column":44},"end":{"line":116,"column":45}},"loc":{"start":{"line":116,"column":58},"end":{"line":116,"column":71}},"line":116},"13":{"name":"(anonymous_13)","decl":{"start":{"line":180,"column":37},"end":{"line":180,"column":38}},"loc":{"start":{"line":181,"column":18},"end":{"line":183,"column":27}},"line":181},"14":{"name":"(anonymous_14)","decl":{"start":{"line":203,"column":32},"end":{"line":203,"column":33}},"loc":{"start":{"line":203,"column":45},"end":{"line":203,"column":64}},"line":203},"15":{"name":"(anonymous_15)","decl":{"start":{"line":204,"column":29},"end":{"line":204,"column":30}},"loc":{"start":{"line":205,"column":26},"end":{"line":255,"column":31}},"line":205},"16":{"name":"(anonymous_16)","decl":{"start":{"line":215,"column":42},"end":{"line":215,"column":43}},"loc":{"start":{"line":215,"column":49},"end":{"line":222,"column":33}},"line":215},"17":{"name":"(anonymous_17)","decl":{"start":{"line":230,"column":42},"end":{"line":230,"column":43}},"loc":{"start":{"line":230,"column":49},"end":{"line":237,"column":33}},"line":230},"18":{"name":"(anonymous_18)","decl":{"start":{"line":245,"column":40},"end":{"line":245,"column":41}},"loc":{"start":{"line":245,"column":47},"end":{"line":252,"column":25}},"line":245}},"branchMap":{"0":{"loc":{"start":{"line":41,"column":8},"end":{"line":52,"column":9}},"type":"if","locations":[{"start":{"line":41,"column":8},"end":{"line":52,"column":9}},{"start":{"line":48,"column":15},"end":{"line":52,"column":9}}],"line":41},"1":{"loc":{"start":{"line":84,"column":8},"end":{"line":86,"column":30}},"type":"binary-expr","locations":[{"start":{"line":84,"column":8},"end":{"line":84,"column":34}},{"start":{"line":85,"column":8},"end":{"line":85,"column":30}},{"start":{"line":86,"column":8},"end":{"line":86,"column":30}}],"line":84},"2":{"loc":{"start":{"line":90,"column":4},"end":{"line":93,"column":5}},"type":"if","locations":[{"start":{"line":90,"column":4},"end":{"line":93,"column":5}},{"start":{},"end":{}}],"line":90},"3":{"loc":{"start":{"line":101,"column":26},"end":{"line":101,"column":57}},"type":"binary-expr","locations":[{"start":{"line":101,"column":26},"end":{"line":101,"column":52}},{"start":{"line":101,"column":56},"end":{"line":101,"column":57}}],"line":101},"4":{"loc":{"start":{"line":188,"column":17},"end":{"line":259,"column":17}},"type":"binary-expr","locations":[{"start":{"line":188,"column":17},"end":{"line":188,"column":20}},{"start":{"line":189,"column":18},"end":{"line":258,"column":26}}],"line":188},"5":{"loc":{"start":{"line":214,"column":39},"end":{"line":214,"column":86}},"type":"binary-expr","locations":[{"start":{"line":214,"column":39},"end":{"line":214,"column":80}},{"start":{"line":214,"column":84},"end":{"line":214,"column":86}}],"line":214},"6":{"loc":{"start":{"line":229,"column":39},"end":{"line":229,"column":82}},"type":"binary-expr","locations":[{"start":{"line":229,"column":39},"end":{"line":229,"column":76}},{"start":{"line":229,"column":80},"end":{"line":229,"column":82}}],"line":229},"7":{"loc":{"start":{"line":244,"column":39},"end":{"line":244,"column":82}},"type":"binary-expr","locations":[{"start":{"line":244,"column":39},"end":{"line":244,"column":76}},{"start":{"line":244,"column":80},"end":{"line":244,"column":82}}],"line":244},"8":{"loc":{"start":{"line":267,"column":15},"end":{"line":271,"column":17}},"type":"binary-expr","locations":[{"start":{"line":267,"column":15},"end":{"line":267,"column":23}},{"start":{"line":268,"column":13},"end":{"line":270,"column":20}}],"line":267}},"s":{"0":1,"1":5,"2":5,"3":5,"4":5,"5":5,"6":5,"7":5,"8":5,"9":2,"10":5,"11":2,"12":2,"13":2,"14":1,"15":1,"16":1,"17":1,"18":1,"19":1,"20":0,"21":0,"22":5,"23":5,"24":1,"25":1,"26":1,"27":1,"28":1,"29":1,"30":1,"31":5,"32":0,"33":0,"34":0,"35":0,"36":0,"37":0,"38":0,"39":0,"40":0,"41":0,"42":0,"43":0,"44":0,"45":0,"46":0,"47":0,"48":0,"49":0,"50":0,"51":0,"52":0,"53":0,"54":0,"55":5,"56":5,"57":2,"58":1,"59":1,"60":0,"61":0,"62":0,"63":0,"64":0,"65":0,"66":0,"67":0,"68":0},"f":{"0":5,"1":2,"2":2,"3":1,"4":1,"5":1,"6":1,"7":0,"8":0,"9":0,"10":0,"11":0,"12":0,"13":2,"14":1,"15":1,"16":0,"17":0,"18":0},"b":{"0":[1,1],"1":[0,0,0],"2":[0,0],"3":[0,0],"4":[5,1],"5":[1,1],"6":[1,1],"7":[1,1],"8":[5,1]},"_coverageSchema":"1a1c01bbd47fc00a2c39e90264f33305004495a9","hash":"c699c03e583dc0cdfc8cd4be8b91bbf7309de0c6"}
,"C:\\Users\\User-Admin\\Documents\\UniWork\\WorkingDissertationV2\\Fitness-Future-Dissertation-Project\\fitness-web-app\\src\\Footer.js": {"path":"C:\\Users\\User-Admin\\Documents\\UniWork\\WorkingDissertationV2\\Fitness-Future-Dissertation-Project\\fitness-web-app\\src\\Footer.js","statementMap":{"0":{"start":{"line":5,"column":15},"end":{"line":10,"column":1}},"1":{"start":{"line":6,"column":4},"end":{"line":9,"column":9}}},"fnMap":{"0":{"name":"(anonymous_0)","decl":{"start":{"line":5,"column":15},"end":{"line":5,"column":16}},"loc":{"start":{"line":6,"column":4},"end":{"line":9,"column":9}},"line":6}},"branchMap":{},"s":{"0":1,"1":1},"f":{"0":1},"b":{},"_coverageSchema":"1a1c01bbd47fc00a2c39e90264f33305004495a9","hash":"16aa7c2aeab0bce09f66ed959db8ad90d5b84409"}
,"C:\\Users\\User-Admin\\Documents\\UniWork\\WorkingDissertationV2\\Fitness-Future-Dissertation-Project\\fitness-web-app\\src\\Home.js": {"path":"C:\\Users\\User-Admin\\Documents\\UniWork\\WorkingDissertationV2\\Fitness-Future-Dissertation-Project\\fitness-web-app\\src\\Home.js","statementMap":{"0":{"start":{"line":18,"column":17},"end":{"line":47,"column":1}},"1":{"start":{"line":19,"column":2},"end":{"line":46,"column":4}}},"fnMap":{"0":{"name":"(anonymous_0)","decl":{"start":{"line":18,"column":17},"end":{"line":18,"column":18}},"loc":{"start":{"line":18,"column":23},"end":{"line":47,"column":1}},"line":18}},"branchMap":{},"s":{"0":1,"1":3},"f":{"0":3},"b":{},"_coverageSchema":"1a1c01bbd47fc00a2c39e90264f33305004495a9","hash":"a2454383544526ec4ec7c78a013343335434fe3c"}
,"C:\\Users\\User-Admin\\Documents\\UniWork\\WorkingDissertationV2\\Fitness-Future-Dissertation-Project\\fitness-web-app\\src\\LeaderboardDisplay.js": {"path":"C:\\Users\\User-Admin\\Documents\\UniWork\\WorkingDissertationV2\\Fitness-Future-Dissertation-Project\\fitness-web-app\\src\\LeaderboardDisplay.js","statementMap":{"0":{"start":{"line":19,"column":27},"end":{"line":76,"column":1}},"1":{"start":{"line":21,"column":50},"end":{"line":21,"column":62}},"2":{"start":{"line":22,"column":22},"end":{"line":22,"column":46}},"3":{"start":{"line":24,"column":0},"end":{"line":42,"column":25}},"4":{"start":{"line":25,"column":33},"end":{"line":38,"column":5}},"5":{"start":{"line":26,"column":6},"end":{"line":37,"column":7}},"6":{"start":{"line":27,"column":25},"end":{"line":29,"column":9}},"7":{"start":{"line":30,"column":8},"end":{"line":30,"column":48}},"8":{"start":{"line":33,"column":8},"end":{"line":33,"column":47}},"9":{"start":{"line":36,"column":8},"end":{"line":36,"column":39}},"10":{"start":{"line":41,"column":4},"end":{"line":41,"column":27}},"11":{"start":{"line":46,"column":2},"end":{"line":75,"column":4}},"12":{"start":{"line":63,"column":20},"end":{"line":66,"column":25}}},"fnMap":{"0":{"name":"(anonymous_0)","decl":{"start":{"line":19,"column":27},"end":{"line":19,"column":28}},"loc":{"start":{"line":19,"column":33},"end":{"line":76,"column":1}},"line":19},"1":{"name":"(anonymous_1)","decl":{"start":{"line":24,"column":10},"end":{"line":24,"column":11}},"loc":{"start":{"line":24,"column":16},"end":{"line":42,"column":3}},"line":24},"2":{"name":"(anonymous_2)","decl":{"start":{"line":25,"column":33},"end":{"line":25,"column":34}},"loc":{"start":{"line":25,"column":45},"end":{"line":38,"column":5}},"line":25},"3":{"name":"(anonymous_3)","decl":{"start":{"line":62,"column":39},"end":{"line":62,"column":40}},"loc":{"start":{"line":63,"column":20},"end":{"line":66,"column":25}},"line":63}},"branchMap":{},"s":{"0":1,"1":3,"2":3,"3":3,"4":2,"5":2,"6":2,"7":1,"8":1,"9":1,"10":2,"11":3,"12":2},"f":{"0":3,"1":2,"2":2,"3":2},"b":{},"_coverageSchema":"1a1c01bbd47fc00a2c39e90264f33305004495a9","hash":"c110ea2d07331da1a2ad2a75bd4659e16f2e6f7d"}
,"C:\\Users\\User-Admin\\Documents\\UniWork\\WorkingDissertationV2\\Fitness-Future-Dissertation-Project\\fitness-web-app\\src\\LoginForm.js": {"path":"C:\\Users\\User-Admin\\Documents\\UniWork\\WorkingDissertationV2\\Fitness-Future-Dissertation-Project\\fitness-web-app\\src\\LoginForm.js","statementMap":{"0":{"start":{"line":18,"column":18},"end":{"line":120,"column":1}},"1":{"start":{"line":19,"column":28},"end":{"line":19,"column":40}},"2":{"start":{"line":20,"column":34},"end":{"line":20,"column":46}},"3":{"start":{"line":21,"column":20},"end":{"line":21,"column":29}},"4":{"start":{"line":22,"column":38},"end":{"line":22,"column":50}},"5":{"start":{"line":23,"column":48},"end":{"line":23,"column":63}},"6":{"start":{"line":24,"column":19},"end":{"line":24,"column":32}},"7":{"start":{"line":25,"column":19},"end":{"line":25,"column":32}},"8":{"start":{"line":26,"column":21},"end":{"line":26,"column":64}},"9":{"start":{"line":30,"column":35},"end":{"line":32,"column":3}},"10":{"start":{"line":31,"column":4},"end":{"line":31,"column":40}},"11":{"start":{"line":36,"column":23},"end":{"line":59,"column":3}},"12":{"start":{"line":37,"column":4},"end":{"line":37,"column":27}},"13":{"start":{"line":40,"column":4},"end":{"line":58,"column":5}},"14":{"start":{"line":42,"column":23},"end":{"line":45,"column":8}},"15":{"start":{"line":47,"column":6},"end":{"line":52,"column":7}},"16":{"start":{"line":48,"column":8},"end":{"line":48,"column":37}},"17":{"start":{"line":49,"column":8},"end":{"line":49,"column":30}},"18":{"start":{"line":51,"column":8},"end":{"line":51,"column":80}},"19":{"start":{"line":55,"column":6},"end":{"line":55,"column":45}},"20":{"start":{"line":56,"column":6},"end":{"line":56,"column":81}},"21":{"start":{"line":67,"column":2},"end":{"line":119,"column":4}},"22":{"start":{"line":96,"column":37},"end":{"line":96,"column":61}},"23":{"start":{"line":106,"column":37},"end":{"line":106,"column":64}}},"fnMap":{"0":{"name":"(anonymous_0)","decl":{"start":{"line":18,"column":18},"end":{"line":18,"column":19}},"loc":{"start":{"line":18,"column":24},"end":{"line":120,"column":1}},"line":18},"1":{"name":"(anonymous_1)","decl":{"start":{"line":30,"column":35},"end":{"line":30,"column":36}},"loc":{"start":{"line":30,"column":41},"end":{"line":32,"column":3}},"line":30},"2":{"name":"(anonymous_2)","decl":{"start":{"line":36,"column":23},"end":{"line":36,"column":24}},"loc":{"start":{"line":36,"column":40},"end":{"line":59,"column":3}},"line":36},"3":{"name":"(anonymous_3)","decl":{"start":{"line":96,"column":30},"end":{"line":96,"column":31}},"loc":{"start":{"line":96,"column":37},"end":{"line":96,"column":61}},"line":96},"4":{"name":"(anonymous_4)","decl":{"start":{"line":106,"column":30},"end":{"line":106,"column":31}},"loc":{"start":{"line":106,"column":37},"end":{"line":106,"column":64}},"line":106}},"branchMap":{"0":{"loc":{"start":{"line":26,"column":21},"end":{"line":26,"column":64}},"type":"binary-expr","locations":[{"start":{"line":26,"column":21},"end":{"line":26,"column":35}},{"start":{"line":26,"column":39},"end":{"line":26,"column":64}}],"line":26},"1":{"loc":{"start":{"line":47,"column":6},"end":{"line":52,"column":7}},"type":"if","locations":[{"start":{"line":47,"column":6},"end":{"line":52,"column":7}},{"start":{"line":50,"column":13},"end":{"line":52,"column":7}}],"line":47},"2":{"loc":{"start":{"line":82,"column":19},"end":{"line":86,"column":17}},"type":"binary-expr","locations":[{"start":{"line":82,"column":19},"end":{"line":82,"column":29}},{"start":{"line":83,"column":13},"end":{"line":85,"column":20}}],"line":82},"3":{"loc":{"start":{"line":102,"column":26},"end":{"line":102,"column":63}},"type":"cond-expr","locations":[{"start":{"line":102,"column":44},"end":{"line":102,"column":50}},{"start":{"line":102,"column":53},"end":{"line":102,"column":63}}],"line":102},"4":{"loc":{"start":{"line":112,"column":18},"end":{"line":112,"column":85}},"type":"binary-expr","locations":[{"start":{"line":112,"column":18},"end":{"line":112,"column":28}},{"start":{"line":112,"column":32},"end":{"line":112,"column":85}}],"line":112}},"s":{"0":1,"1":9,"2":9,"3":9,"4":9,"5":9,"6":9,"7":9,"8":9,"9":9,"10":0,"11":9,"12":2,"13":2,"14":2,"15":1,"16":0,"17":0,"18":1,"19":1,"20":1,"21":9,"22":2,"23":2},"f":{"0":9,"1":0,"2":2,"3":2,"4":2},"b":{"0":[9,0],"1":[0,1],"2":[9,0],"3":[0,9],"4":[9,2]},"_coverageSchema":"1a1c01bbd47fc00a2c39e90264f33305004495a9","hash":"bbe0e71713643d55bdda7fc0fff69455e9ba5e30"}
,"C:\\Users\\User-Admin\\Documents\\UniWork\\WorkingDissertationV2\\Fitness-Future-Dissertation-Project\\fitness-web-app\\src\\NewUserWorkout.js": {"path":"C:\\Users\\User-Admin\\Documents\\UniWork\\WorkingDissertationV2\\Fitness-Future-Dissertation-Project\\fitness-web-app\\src\\NewUserWorkout.js","statementMap":{"0":{"start":{"line":19,"column":23},"end":{"line":214,"column":1}},"1":{"start":{"line":20,"column":36},"end":{"line":20,"column":48}},"2":{"start":{"line":21,"column":30},"end":{"line":21,"column":42}},"3":{"start":{"line":22,"column":50},"end":{"line":22,"column":62}},"4":{"start":{"line":23,"column":46},"end":{"line":23,"column":58}},"5":{"start":{"line":24,"column":42},"end":{"line":24,"column":54}},"6":{"start":{"line":25,"column":19},"end":{"line":25,"column":32}},"7":{"start":{"line":26,"column":19},"end":{"line":26,"column":32}},"8":{"start":{"line":27,"column":34},"end":{"line":27,"column":46}},"9":{"start":{"line":28,"column":25},"end":{"line":28,"column":72}},"10":{"start":{"line":29,"column":20},"end":{"line":29,"column":44}},"11":{"start":{"line":30,"column":34},"end":{"line":30,"column":48}},"12":{"start":{"line":31,"column":64},"end":{"line":31,"column":79}},"13":{"start":{"line":34,"column":2},"end":{"line":38,"column":25}},"14":{"start":{"line":37,"column":4},"end":{"line":37,"column":22}},"15":{"start":{"line":40,"column":2},"end":{"line":43,"column":25}},"16":{"start":{"line":42,"column":4},"end":{"line":42,"column":24}},"17":{"start":{"line":45,"column":26},"end":{"line":66,"column":3}},"18":{"start":{"line":46,"column":4},"end":{"line":65,"column":5}},"19":{"start":{"line":47,"column":23},"end":{"line":49,"column":7}},"20":{"start":{"line":51,"column":6},"end":{"line":55,"column":7}},"21":{"start":{"line":52,"column":8},"end":{"line":52,"column":40}},"22":{"start":{"line":53,"column":13},"end":{"line":55,"column":7}},"23":{"start":{"line":54,"column":8},"end":{"line":54,"column":43}},"24":{"start":{"line":59,"column":6},"end":{"line":59,"column":46}},"25":{"start":{"line":63,"column":6},"end":{"line":63,"column":37}},"26":{"start":{"line":64,"column":6},"end":{"line":64,"column":70}},"27":{"start":{"line":68,"column":28},"end":{"line":78,"column":3}},"28":{"start":{"line":69,"column":4},"end":{"line":77,"column":5}},"29":{"start":{"line":70,"column":23},"end":{"line":72,"column":7}},"30":{"start":{"line":74,"column":6},"end":{"line":74,"column":42}},"31":{"start":{"line":76,"column":6},"end":{"line":76,"column":37}},"32":{"start":{"line":81,"column":23},"end":{"line":111,"column":3}},"33":{"start":{"line":82,"column":4},"end":{"line":82,"column":27}},"34":{"start":{"line":84,"column":4},"end":{"line":87,"column":5}},"35":{"start":{"line":85,"column":6},"end":{"line":85,"column":84}},"36":{"start":{"line":86,"column":6},"end":{"line":86,"column":13}},"37":{"start":{"line":89,"column":2},"end":{"line":110,"column":3}},"38":{"start":{"line":90,"column":21},"end":{"line":97,"column":6}},"39":{"start":{"line":101,"column":4},"end":{"line":101,"column":22}},"40":{"start":{"line":102,"column":4},"end":{"line":102,"column":24}},"41":{"start":{"line":104,"column":4},"end":{"line":104,"column":37}},"42":{"start":{"line":105,"column":4},"end":{"line":105,"column":90}},"43":{"start":{"line":107,"column":4},"end":{"line":107,"column":45}},"44":{"start":{"line":109,"column":4},"end":{"line":109,"column":36}},"45":{"start":{"line":113,"column":2},"end":{"line":213,"column":4}},"46":{"start":{"line":139,"column":33},"end":{"line":139,"column":61}},"47":{"start":{"line":142,"column":36},"end":{"line":144,"column":19}},"48":{"start":{"line":143,"column":37},"end":{"line":143,"column":80}},"49":{"start":{"line":146,"column":18},"end":{"line":152,"column":19}},"50":{"start":{"line":147,"column":20},"end":{"line":151,"column":22}},"51":{"start":{"line":154,"column":18},"end":{"line":154,"column":30}},"52":{"start":{"line":167,"column":37},"end":{"line":167,"column":72}},"53":{"start":{"line":177,"column":37},"end":{"line":177,"column":70}},"54":{"start":{"line":201,"column":29},"end":{"line":201,"column":55}}},"fnMap":{"0":{"name":"(anonymous_0)","decl":{"start":{"line":19,"column":23},"end":{"line":19,"column":24}},"loc":{"start":{"line":19,"column":29},"end":{"line":214,"column":1}},"line":19},"1":{"name":"(anonymous_1)","decl":{"start":{"line":34,"column":12},"end":{"line":34,"column":13}},"loc":{"start":{"line":34,"column":18},"end":{"line":38,"column":3}},"line":34},"2":{"name":"(anonymous_2)","decl":{"start":{"line":40,"column":12},"end":{"line":40,"column":13}},"loc":{"start":{"line":40,"column":18},"end":{"line":43,"column":3}},"line":40},"3":{"name":"(anonymous_3)","decl":{"start":{"line":45,"column":26},"end":{"line":45,"column":27}},"loc":{"start":{"line":45,"column":38},"end":{"line":66,"column":3}},"line":45},"4":{"name":"(anonymous_4)","decl":{"start":{"line":68,"column":28},"end":{"line":68,"column":29}},"loc":{"start":{"line":68,"column":40},"end":{"line":78,"column":3}},"line":68},"5":{"name":"(anonymous_5)","decl":{"start":{"line":81,"column":23},"end":{"line":81,"column":24}},"loc":{"start":{"line":81,"column":40},"end":{"line":111,"column":3}},"line":81},"6":{"name":"(anonymous_6)","decl":{"start":{"line":139,"column":26},"end":{"line":139,"column":27}},"loc":{"start":{"line":139,"column":33},"end":{"line":139,"column":61}},"line":139},"7":{"name":"(anonymous_7)","decl":{"start":{"line":141,"column":30},"end":{"line":141,"column":31}},"loc":{"start":{"line":141,"column":43},"end":{"line":155,"column":17}},"line":141},"8":{"name":"(anonymous_8)","decl":{"start":{"line":143,"column":20},"end":{"line":143,"column":21}},"loc":{"start":{"line":143,"column":37},"end":{"line":143,"column":80}},"line":143},"9":{"name":"(anonymous_9)","decl":{"start":{"line":167,"column":30},"end":{"line":167,"column":31}},"loc":{"start":{"line":167,"column":37},"end":{"line":167,"column":72}},"line":167},"10":{"name":"(anonymous_10)","decl":{"start":{"line":177,"column":30},"end":{"line":177,"column":31}},"loc":{"start":{"line":177,"column":37},"end":{"line":177,"column":70}},"line":177},"11":{"name":"(anonymous_11)","decl":{"start":{"line":201,"column":23},"end":{"line":201,"column":24}},"loc":{"start":{"line":201,"column":29},"end":{"line":201,"column":55}},"line":201}},"branchMap":{"0":{"loc":{"start":{"line":28,"column":25},"end":{"line":28,"column":72}},"type":"binary-expr","locations":[{"start":{"line":28,"column":25},"end":{"line":28,"column":39}},{"start":{"line":28,"column":43},"end":{"line":28,"column":72}}],"line":28},"1":{"loc":{"start":{"line":51,"column":6},"end":{"line":55,"column":7}},"type":"if","locations":[{"start":{"line":51,"column":6},"end":{"line":55,"column":7}},{"start":{"line":53,"column":13},"end":{"line":55,"column":7}}],"line":51},"2":{"loc":{"start":{"line":53,"column":13},"end":{"line":55,"column":7}},"type":"if","locations":[{"start":{"line":53,"column":13},"end":{"line":55,"column":7}},{"start":{},"end":{}}],"line":53},"3":{"loc":{"start":{"line":84,"column":4},"end":{"line":87,"column":5}},"type":"if","locations":[{"start":{"line":84,"column":4},"end":{"line":87,"column":5}},{"start":{},"end":{}}],"line":84},"4":{"loc":{"start":{"line":84,"column":8},"end":{"line":84,"column":58}},"type":"binary-expr","locations":[{"start":{"line":84,"column":8},"end":{"line":84,"column":18}},{"start":{"line":84,"column":22},"end":{"line":84,"column":39}},{"start":{"line":84,"column":43},"end":{"line":84,"column":58}}],"line":84},"5":{"loc":{"start":{"line":131,"column":19},"end":{"line":157,"column":13}},"type":"cond-expr","locations":[{"start":{"line":132,"column":14},"end":{"line":132,"column":70}},{"start":{"line":134,"column":14},"end":{"line":156,"column":23}}],"line":131},"6":{"loc":{"start":{"line":146,"column":18},"end":{"line":152,"column":19}},"type":"if","locations":[{"start":{"line":146,"column":18},"end":{"line":152,"column":19}},{"start":{},"end":{}}],"line":146},"7":{"loc":{"start":{"line":184,"column":15},"end":{"line":189,"column":15}},"type":"binary-expr","locations":[{"start":{"line":184,"column":15},"end":{"line":184,"column":29}},{"start":{"line":185,"column":13},"end":{"line":188,"column":20}}],"line":184},"8":{"loc":{"start":{"line":192,"column":19},"end":{"line":197,"column":15}},"type":"binary-expr","locations":[{"start":{"line":192,"column":19},"end":{"line":192,"column":27}},{"start":{"line":193,"column":13},"end":{"line":196,"column":20}}],"line":192},"9":{"loc":{"start":{"line":199,"column":13},"end":{"line":205,"column":15}},"type":"binary-expr","locations":[{"start":{"line":199,"column":13},"end":{"line":199,"column":36}},{"start":{"line":200,"column":14},"end":{"line":204,"column":21}}],"line":199}},"s":{"0":1,"1":4,"2":4,"3":4,"4":4,"5":4,"6":4,"7":4,"8":4,"9":4,"10":4,"11":4,"12":4,"13":4,"14":2,"15":4,"16":2,"17":4,"18":2,"19":2,"20":2,"21":1,"22":1,"23":1,"24":2,"25":0,"26":0,"27":4,"28":2,"29":2,"30":0,"31":0,"32":4,"33":0,"34":0,"35":0,"36":0,"37":0,"38":0,"39":0,"40":0,"41":0,"42":0,"43":0,"44":0,"45":4,"46":0,"47":2,"48":0,"49":2,"50":2,"51":0,"52":0,"53":0,"54":0},"f":{"0":4,"1":2,"2":2,"3":2,"4":2,"5":0,"6":0,"7":2,"8":0,"9":0,"10":0,"11":0},"b":{"0":[4,0],"1":[1,1],"2":[1,0],"3":[0,0],"4":[0,0,0],"5":[0,4],"6":[2,0],"7":[4,0],"8":[4,1],"9":[4,0]},"_coverageSchema":"1a1c01bbd47fc00a2c39e90264f33305004495a9","hash":"51a827687ce232a6f54cd2dc992e034a3209e91c"}
,"C:\\Users\\User-Admin\\Documents\\UniWork\\WorkingDissertationV2\\Fitness-Future-Dissertation-Project\\fitness-web-app\\src\\ProgressDeletion.js": {"path":"C:\\Users\\User-Admin\\Documents\\UniWork\\WorkingDissertationV2\\Fitness-Future-Dissertation-Project\\fitness-web-app\\src\\ProgressDeletion.js","statementMap":{"0":{"start":{"line":16,"column":25},"end":{"line":180,"column":1}},"1":{"start":{"line":17,"column":60},"end":{"line":17,"column":72}},"2":{"start":{"line":18,"column":58},"end":{"line":18,"column":70}},"3":{"start":{"line":19,"column":20},"end":{"line":19,"column":44}},"4":{"start":{"line":20,"column":50},"end":{"line":20,"column":65}},"5":{"start":{"line":21,"column":19},"end":{"line":21,"column":32}},"6":{"start":{"line":22,"column":19},"end":{"line":22,"column":32}},"7":{"start":{"line":23,"column":24},"end":{"line":23,"column":72}},"8":{"start":{"line":24,"column":34},"end":{"line":24,"column":46}},"9":{"start":{"line":27,"column":2},"end":{"line":31,"column":25}},"10":{"start":{"line":30,"column":4},"end":{"line":30,"column":28}},"11":{"start":{"line":34,"column":34},"end":{"line":52,"column":5}},"12":{"start":{"line":35,"column":6},"end":{"line":51,"column":7}},"13":{"start":{"line":36,"column":25},"end":{"line":38,"column":9}},"14":{"start":{"line":39,"column":8},"end":{"line":39,"column":48}},"15":{"start":{"line":41,"column":8},"end":{"line":46,"column":9}},"16":{"start":{"line":42,"column":10},"end":{"line":42,"column":54}},"17":{"start":{"line":45,"column":10},"end":{"line":45,"column":44}},"18":{"start":{"line":49,"column":8},"end":{"line":49,"column":39}},"19":{"start":{"line":50,"column":8},"end":{"line":50,"column":40}},"20":{"start":{"line":56,"column":34},"end":{"line":64,"column":3}},"21":{"start":{"line":57,"column":26},"end":{"line":57,"column":40}},"22":{"start":{"line":59,"column":4},"end":{"line":63,"column":5}},"23":{"start":{"line":60,"column":6},"end":{"line":60,"column":35}},"24":{"start":{"line":62,"column":6},"end":{"line":62,"column":56}},"25":{"start":{"line":66,"column":23},"end":{"line":89,"column":3}},"26":{"start":{"line":67,"column":4},"end":{"line":67,"column":27}},"27":{"start":{"line":69,"column":4},"end":{"line":72,"column":5}},"28":{"start":{"line":70,"column":6},"end":{"line":70,"column":62}},"29":{"start":{"line":71,"column":6},"end":{"line":71,"column":13}},"30":{"start":{"line":74,"column":4},"end":{"line":88,"column":5}},"31":{"start":{"line":75,"column":23},"end":{"line":78,"column":8}},"32":{"start":{"line
[...]
"48":{"loc":{"start":{"line":703,"column":8},"end":{"line":708,"column":9}},"type":"if","locations":[{"start":{"line":703,"column":8},"end":{"line":708,"column":9}},{"start":{},"end":{}}],"line":703},"49":{"loc":{"start":{"line":703,"column":12},"end":{"line":703,"column":44}},"type":"binary-expr","locations":[{"start":{"line":703,"column":12},"end":{"line":703,"column":17}},{"start":{"line":703,"column":21},"end":{"line":703,"column":44}}],"line":703},"50":{"loc":{"start":{"line":727,"column":4},"end":{"line":733,"column":5}},"type":"if","locations":[{"start":{"line":727,"column":4},"end":{"line":733,"column":5}},{"start":{},"end":{}}],"line":727},"51":{"loc":{"start":{"line":735,"column":4},"end":{"line":740,"column":5}},"type":"if","locations":[{"start":{"line":735,"column":4},"end":{"line":740,"column":5}},{"start":{},"end":{}}],"line":735},"52":{"loc":{"start":{"line":735,"column":8},"end":{"line":735,"column":34}},"type":"binary-expr","locations":[{"start":{"line":735,"column":8},"end":{"line":735,"column":13}},{"start":{"line":735,"column":17},"end":{"line":735,"column":34}}],"line":735},"53":{"loc":{"start":{"line":755,"column":4},"end":{"line":761,"column":5}},"type":"if","locations":[{"start":{"line":755,"column":4},"end":{"line":761,"column":5}},{"start":{},"end":{}}],"line":755},"54":{"loc":{"start":{"line":763,"column":4},"end":{"line":768,"column":5}},"type":"if","locations":[{"start":{"line":763,"column":4},"end":{"line":768,"column":5}},{"start":{},"end":{}}],"line":763},"55":{"loc":{"start":{"line":763,"column":8},"end":{"line":763,"column":34}},"type":"binary-expr","locations":[{"start":{"line":763,"column":8},"end":{"line":763,"column":13}},{"start":{"line":763,"column":17},"end":{"line":763,"column":34}}],"line":763},"56":{"loc":{"start":{"line":781,"column":6},"end":{"line":787,"column":7}},"type":"if","locations":[{"start":{"line":781,"column":6},"end":{"line":787,"column":7}},{"start":{},"end":{}}],"line":781},"57":{"loc":{"start":{"line":789,"column":6},"end":{"line":794,"column":7}},"type":"if","locations":[{"start":{"line":789,"column":6},"end":{"line":794,"column":7}},{"start":{},"end":{}}],"line":789},"58":{"loc":{"start":{"line":789,"column":10},"end":{"line":789,"column":36}},"type":"binary-expr","locations":[{"start":{"line":789,"column":10},"end":{"line":789,"column":15}},{"start":{"line":789,"column":19},"end":{"line":789,"column":36}}],"line":789},"59":{"loc":{"start":{"line":810,"column":4},"end":{"line":816,"column":5}},"type":"if","locations":[{"start":{"line":810,"column":4},"end":{"line":816,"column":5}},{"start":{},"end":{}}],"line":810},"60":{"loc":{"start":{"line":818,"column":4},"end":{"line":823,"column":5}},"type":"if","locations":[{"start":{"line":818,"column":4},"end":{"line":823,"column":5}},{"start":{},"end":{}}],"line":818},"61":{"loc":{"start":{"line":818,"column":8},"end":{"line":818,"column":40}},"type":"binary-expr","locations":[{"start":{"line":818,"column":8},"end":{"line":818,"column":13}},{"start":{"line":818,"column":17},"end":{"line":818,"column":40}}],"line":818},"62":{"loc":{"start":{"line":839,"column":4},"end":{"line":845,"column":5}},"type":"if","locations":[{"start":{"line":839,"column":4},"end":{"line":845,"column":5}},{"start":{},"end":{}}],"line":839},"63":{"loc":{"start":{"line":847,"column":4},"end":{"line":852,"column":5}},"type":"if","locations":[{"start":{"line":847,"column":4},"end":{"line":852,"column":5}},{"start":{},"end":{}}],"line":847},"64":{"loc":{"start":{"line":847,"column":8},"end":{"line":847,"column":40}},"type":"binary-expr","locations":[{"start":{"line":847,"column":8},"end":{"line":847,"column":13}},{"start":{"line":847,"column":17},"end":{"line":847,"column":40}}],"line":847},"65":{"loc":{"start":{"line":869,"column":4},"end":{"line":875,"column":5}},"type":"if","locations":[{"start":{"line":869,"column":4},"end":{"line":875,"column":5}},{"start":{},"end":{}}],"line":869},"66":{"loc":{"start":{"line":877,"column":4},"end":{"line":882,"column":5}},"type":"if","locations":[{"start":{"line":877,"column":4},"end":{"line":882,"column":5}},{"start":{},"end":{}}],"line":877},"67":{"loc":{"start":{"line":877,"column":8},"end":{"line":877,"column":34}},"type":"binary-expr","locations":[{"start":{"line":877,"column":8},"end":{"line":877,"column":13}},{"start":{"line":877,"column":17},"end":{"line":877,"column":34}}],"line":877},"68":{"loc":{"start":{"line":898,"column":4},"end":{"line":904,"column":5}},"type":"if","locations":[{"start":{"line":898,"column":4},"end":{"line":904,"column":5}},{"start":{},"end":{}}],"line":898},"69":{"loc":{"start":{"line":906,"column":4},"end":{"line":911,"column":5}},"type":"if","locations":[{"start":{"line":906,"column":4},"end":{"line":911,"column":5}},{"start":{},"end":{}}],"line":906},"70":{"loc":{"start":{"line":906,"column":8},"end":{"line":906,"column":34}},"type":"binary-expr","locations":[{"start":{"line":906,"column":8},"end":{"line":906,"column":13}},{"start":{"line":906,"column":17},"end":{"line":906,"column":34}}],"line":906},"71":{"loc":{"start":{"line":927,"column":4},"end":{"line":933,"column":5}},"type":"if","locations":[{"start":{"line":927,"column":4},"end":{"line":933,"column":5}},{"start":{},"end":{}}],"line":927},"72":{"loc":{"start":{"line":935,"column":4},"end":{"line":940,"column":5}},"type":"if","locations":[{"start":{"line":935,"column":4},"end":{"line":940,"column":5}},{"start":{},"end":{}}],"line":935},"73":{"loc":{"start":{"line":935,"column":8},"end":{"line":935,"column":34}},"type":"binary-expr","locations":[{"start":{"line":935,"column":8},"end":{"line":935,"column":13}},{"start":{"line":935,"column":17},"end":{"line":935,"column":34}}],"line":935}},"s":{"0":1,"1":1,"2":1,"3":1,"4":1,"5":1,"6":1,"7":1,"8":1,"9":1,"10":1,"11":1,"12":1,"13":0,"14":0,"15":0,"16":0,"17":0,"18":0,"19":0,"20":1,"21":0,"22":1,"23":1,"24":1,"25":1,"26":1,"27":0,"28":1,"29":1,"30":2,"31":1,"32":1,"33":1,"34":2,"35":2,"36":0,"37":0,"38":0,"39":1,"40":2,"41":2,"42":5,"43":5,"44":5,"45":5,"46":5,"47":5,"48":5,"49":2,"50":2,"51":0,"52":2,"53":3,"54":2,"55":1,"56":3,"57":3,"58":8,"59":5,"60":5,"61":5,"62":3,"63":3,"64":1,"65":0,"66":0,"67":1,"68":3,"69":3,"70":3,"71":3,"72":0,"73":0,"74":3,"75":3,"76":2,"77":2,"78":2,"79":1,"80":1,"81":1,"82":1,"83":1,"84":1,"85":1,"86":1,"87":3,"88":3,"89":3,"90":3,"91":1,"92":2,"93":2,"94":2,"95":2,"96":2,"97":1,"98":1,"99":1,"100":1,"101":3,"102":3,"103":3,"104":1,"105":1,"106":2,"107":1,"108":1,"109":1,"110":3,"111":3,"112":3,"113":3,"114":1,"115":1,"116":2,"117":1,"118":1,"119":1,"120":3,"121":3,"122":3,"123":3,"124":1,"125":1,"126":2,"127":1,"128":1,"129":1,"130":3,"131":3,"132":3,"133":3,"134":1,"135":1,"136":2,"137":1,"138":1,"139":1,"140":3,"141":3,"142":3,"143":3,"144":1,"145":1,"146":2,"147":1,"148":1,"149":1,"150":3,"151":3,"152":3,"153":3,"154":1,"155":1,"156":2,"157":1,"158":1,"159":1,"160":3,"161":3,"162":3,"163":3,"164":3,"165":1,"166":1,"167":2,"168":1,"169":1,"170":1,"171":3,"172":3,"173":3,"174":3,"175":3,"176":1,"177":1,"178":2,"179":1,"180":1,"181":1,"182":3,"183":3,"184":3,"185":3,"186":1,"187":1,"188":2,"189":1,"190":1,"191":1,"192":3,"193":3,"194":3,"195":3,"196":1,"197":1,"198":2,"199":1,"200":1,"201":1,"202":3,"203":3,"204":3,"205":3,"206":1,"207":1,"208":2,"209":1,"210":1,"211":1,"212":3,"213":3,"214":3,"215":3,"216":1,"217":1,"218":2,"219":1,"220":1,"221":1,"222":3,"223":3,"224":3,"225":3,"226":1,"227":1,"228":2,"229":1,"230":1,"231":1,"232":3,"233":3,"234":3,"235":3,"236":1,"237":1,"238":2,"239":1,"240":1,"241":1,"242":3,"243":3,"244":3,"245":1,"246":1,"247":2,"248":1,"249":1,"250":1,"251":3,"252":3,"253":3,"254":3,"255":1,"256":1,"257":2,"258":1,"259":1,"260":1,"261":3,"262":3,"263":3,"264":3,"265":1,"266":1,"267":2,"268":1,"269":1,"270":1,"271":0,"272":0,"273":0,"274":0,"275":0,"276":0,"277":0,"278":0,"279":0,"280":1,"281":0,"282":0,"283":0,"284":0,"285":0,"286":0,"287":0,"288":0,"289":0,"290":1,"291":3,"292":3,"293":3,"294":3,"295":1,"296":1,"297":2,"298":1,"299":1,"300":1},"f":{"0":0,"1":0,"2":1,"3":0,"4":2,"5":0,"6":2,"7":5,"8":3,"9":5,"10":0,"11":3,"12":3,"13":3,"14":3,"15":2,"16":3,"17":3,"18":3,"19":3,"20":3,"21":3,"22":3,"23":3,"24":3,"25":3,"26":3,"27":3,"28":3,"29":3,"30":3,"31":3,"32":3,"33":3,"34":3,"35":3,"36":3,"37":3,"38":3,"39":3,"40":3,"41":3,"42":3,"43":3,"44":3,"45":3,"46":3,"47":3,"48":3,"49":3,"50":0,"51":0,"52":0,"53":0,"54":3,"55":3},"b":{"0":[0,0],"1":[0,0],"2":[0,1],"3":[1,1],"4":[0,0],"5":[2,3],"6":[0,2],"7":[5,3],"8":[8,5],"9":[0,3],"10":[2,1],"11":[1,1],"12":[1,2],"13":[1,1],"14":[1,2],"15":[1,1],"16":[2,2],"17":[1,2],"18":[1,1],"19":[2,2],"20":[1,2],"21":[1,1],"22":[2,2],"23":[1,2],"24":[1,1],"25":[2,2],"26":[1,2],"27":[1,1],"28":[2,2],"29":[1,2],"30":[1,1],"31":[2,2],"32":[1,2],"33":[1,1],"34":[2,2],"35":[1,2],"36":[1,1],"37":[2,2],"38":[1,2],"39":[1,1],"40":[2,2],"41":[1,2],"42":[1,1],"43":[2,2],"44":[1,2],"45":[1,1],"46":[2,2],"47":[1,2],"48":[1,1],"49":[2,2],"50":[1,2],"51":[1,1],"52":[2,2],"53":[1,2],"54":[1,1],"55":[2,2],"56":[1,2],"57":[1,1],"58":[2,2],"59":[1,2],"60":[1,1],"61":[2,2],"62":[1,2],"63":[1,1],"64":[2,2],"65":[0,0],"66":[0,0],"67":[0,0],"68":[0,0],"69":[0,0],"70":[0,0],"71":[1,2],"72":[1,1],"73":[2,2]},"_coverageSchema":"1a1c01bbd47fc00a2c39e90264f33305004495a9","hash":"b1cafa33cd12c9aebc19d306e8a762a619a6aef9"}
,"C:\\Users\\User-Admin\\Documents\\UniWork\\WorkingDissertationV2\\Fitness-Future-Dissertation-Project\\fitness-web-app\\src\\UnregisteredNavbar.js": {"path":"C:\\Users\\User-Admin\\Documents\\UniWork\\WorkingDissertationV2\\Fitness-Future-Dissertation-Project\\fitness-web-app\\src\\UnregisteredNavbar.js","statementMap":{"0":{"start":{"line":10,"column":27},"end":{"line":25,"column":1}},"1":{"start":{"line":13,"column":0},"end":{"line":24,"column":11}}},"fnMap":{"0":{"name":"(anonymous_0)","decl":{"start":{"line":10,"column":27},"end":{"line":10,"column":28}},"loc":{"start":{"line":13,"column":0},"end":{"line":24,"column":11}},"line":13}},"branchMap":{},"s":{"0":2,"1":4},"f":{"0":4},"b":{},"_coverageSchema":"1a1c01bbd47fc00a2c39e90264f33305004495a9","hash":"4073295f24094ed90e907a0e50b2f0b75ea8dd38"}
,"C:\\Users\\User-Admin\\Documents\\UniWork\\WorkingDissertationV2\\Fitness-Future-Dissertation-Project\\fitness-web-app\\src\\User.js": {"path":"C:\\Users\\User-Admin\\Documents\\UniWork\\WorkingDissertationV2\\Fitness-Future-Dissertation-Project\\fitness-web-app\\src\\User.js","statementMap":{"0":{"start":{"line":23,"column":17},"end":{"line":249,"column":1}},"1":{"start":{"line":24,"column":22},"end":{"line":24,"column":46}},"2":{"start":{"line":25,"column":21},"end":{"line":25,"column":45}},"3":{"start":{"line":26,"column":45},"end":{"line":26,"column":57}},"4":{"start":{"line":27,"column":48},"end":{"line":27,"column":60}},"5":{"start":{"line":28,"column":52},"end":{"line":28,"column":64}},"6":{"start":{"line":30,"column":40},"end":{"line":30,"column":52}},"7":{"start":{"line":31,"column":38},"end":{"line":31,"column":50}},"8":{"start":{"line":32,"column":18},"end":{"line":32,"column":42}},"9":{"start":{"line":33,"column":17},"end":{"line":33,"column":30}},"10":{"start":{"line":34,"column":17},"end":{"line":34,"column":30}},"11":{"start":{"line":35,"column":23},"end":{"line":35,"column":70}},"12":{"start":{"line":39,"column":0},"end":{"line":39,"column":33}},"13":{"start":{"line":42,"column":0},"end":{"line":74,"column":26}},"14":{"start":{"line":43,"column":20},"end":{"line":71,"column":3}},"15":{"start":{"line":44,"column":4},"end":{"line":70,"column":5}},"16":{"start":{"line":45,"column":23},"end":{"line":47,"column":7}},"17":{"start":{"line":48,"column":23},"end":{"line":48,"column":41}},"18":{"start":{"line":52,"column":32},"end":{"line":55,"column":9}},"19":{"start":{"line":52,"column":56},"end":{"line":55,"column":7}},"20":{"start":{"line":58,"column":6},"end":{"line":58,"column":66}},"21":{"start":{"line":58,"column":39},"end":{"line":58,"column":64}},"22":{"start":{"line":60,"column":6},"end":{"line":60,"column":45}},"23":{"start":{"line":62,"column":30},"end":{"line":62,"column":84}},"24":{"start":{"line":62,"column":65},"end":{"line":62,"column":81}},"25":{"start":{"line":65,"column":6},"end":{"line":65,"column":45}},"26":{"start":{"line":68,"column":6},"end":{"line":68,"column":37}},"27":{"start":{"line":73,"column":2},"end":{"line":73,"column":14}},"28":{"start":{"line":77,"column":29},"end":{"line":80,"column":1}},"29":{"start":{"line":78,"column":19},"end":{"line":78,"column":33}},"30":{"start":{"line":79,"column":2},"end":{"line":79,"column":32}},"31":{"start":{"line":87,"column":26},"end":{"line":138,"column":1}},"32":{"start":{"line":88,"column":25},"end":{"line":88,"column":27}},"33":{"start":{"line":90,"column":20},"end":{"line":90,"column":24}},"34":{"start":{"line":91,"column":19},"end":{"line":91,"column":20}},"35":{"start":{"line":92,"column":21},"end":{"line":92,"column":22}},"36":{"start":{"line":94,"column":2},"end":{"line":128,"column":1}},"37":{"start":{"line":96,"column":17},"end":{"line":100,"column":6}},"38":{"start":{"line":104,"column":4},"end":{"line":127,"column":3}},"39":{"start":{"line":106,"column":4},"end":{"line":120,"column":5}},"40":{"start":{"line":109,"column":6},"end":{"line":114,"column":7}},"41":{"start":{"line":110,"column":8},"end":{"line":113,"column":11}},"42":{"start":{"line":117,"column":6},"end":{"line":117,"column":25}},"43":{"start":{"line":118,"column":6},"end":{"line":118,"column":21}},"44":{"start":{"line":119,"column":6},"end":{"line":119,"column":23}},"45":{"start":{"line":123,"column":4},"end":{"line":123,"column":40}},"46":{"start":{"line":124,"column":4},"end":{"line":124,"column":19}},"47":{"start":{"line":131,"column":2},"end":{"line":136,"column":3}},"48":{"start":{"line":132,"column":4},"end":{"line":135,"column":7}},"49":{"start":{"line":137,"column":2},"end":{"line":137,"column":24}},"50":{"start":{"line":141,"column":23},"end":{"line":141,"column":42}},"51":{"start":{"line":144,"column":15},"end":{"line":144,"column":54}},"52":{"start":{"line":144,"column":44},"end":{"line":144,"column":53}},"53":{"start":{"line":145,"column":15},"end":{"line":145,"column":63}},"54":{"start":{"line":145,"column":44},"end":{"line":145,"column":62}},"55":{"start":{"line":147,"column":18},"end":{"line":158,"column":1}},"56":{"start":{"line":160,"column":0},"end":{"line":179,"column":28}},"57":{"start":{"line":161,"column":25},"end":{"line":175,"column":5}},"58":{"start":{"line":162,"column":6},"end":{"line":174,"column":7}},"59":{"start":{"line":163,"column":25},"end":{"line":165,"column":9}},"60":{"start":{"line":166,"column":8},"end":{"line":166,"column":48}},"61":{"start":{"line":169,"column":6},"end":{"line":169,"column":51}},"62":{"start":{"line":170,"column":6},"end":{"line":170,"column":56}},"63":{"start":{"line":173,"column":8},"end":{"line":173,"column":39}},"64":{"start":{"line":178,"column":4},"end":{"line":178,"column":19}},"65":{"start":{"line":181,"column":2},"end":{"line":248,"column":4}},"66":{"start":{"line":226,"column":22},"end":{"line":228,"column":31}}},"fnMap":{"0":{"name":"(anonymous_0)","decl":{"start":{"line":23,"column":17},"end":{"line":23,"column":18}},"loc":{"start":{"line":23,"column":23},"end":{"line":249,"column":1}},"line":23},"1":{"name":"(anonymous_1)","decl":{"start":{"line":42,"column":10},"end":{"line":42,"column":11}},"loc":{"start":{"line":42,"column":16},"end":{"line":74,"column":1}},"line":42},"2":{"name":"(anonymous_2)","decl":{"start":{"line":43,"column":20},"end":{"line":43,"column":21}},"loc":{"start":{"line":43,"column":32},"end":{"line":71,"column":3}},"line":43},"3":{"name":"(anonymous_3)","decl":{"start":{"line":52,"column":45},"end":{"line":52,"column":46}},"loc":{"start":{"line":52,"column":56},"end":{"line":55,"column":7}},"line":52},"4":{"name":"(anonymous_4)","decl":{"start":{"line":58,"column":29},"end":{"line":58,"column":30}},"loc":{"start":{"line":58,"column":39},"end":{"line":58,"column":64}},"line":58},"5":{"name":"(anonymous_5)","decl":{"start":{"line":62,"column":55},"end":{"line":62,"column":56}},"loc":{"start":{"line":62,"column":65},"end":{"line":62,"column":81}},"line":62},"6":{"name":"(anonymous_6)","decl":{"start":{"line":77,"column":29},"end":{"line":77,"column":30}},"loc":{"start":{"line":77,"column":36},"end":{"line":80,"column":1}},"line":77},"7":{"name":"(anonymous_7)","decl":{"start":{"line":87,"column":26},"end":{"line":87,"column":27}},"loc":{"start":{"line":87,"column":32},"end":{"line":138,"column":1}},"line":87},"8":{"name":"(anonymous_8)","decl":{"start":{"line":144,"column":34},"end":{"line":144,"column":35}},"loc":{"start":{"line":144,"column":44},"end":{"line":144,"column":53}},"line":144},"9":{"name":"(anonymous_9)","decl":{"start":{"line":145,"column":34},"end":{"line":145,"column":35}},"loc":{"start":{"line":145,"column":44},"end":{"line":145,"column":62}},"line":145},"10":{"name":"(anonymous_10)","decl":{"start":{"line":160,"column":10},"end":{"line":160,"column":11}},"loc":{"start":{"line":160,"column":16},"end":{"line":179,"column":3}},"line":160},"11":{"name":"(anonymous_11)","decl":{"start":{"line":161,"column":25},"end":{"line":161,"column":26}},"loc":{"start":{"line":161,"column":37},"end":{"line":175,"column":5}},"line":161},"12":{"name":"(anonymous_12)","decl":{"start":{"line":225,"column":44},"end":{"line":225,"column":45}},"loc":{"start":{"line":226,"column":22},"end":{"line":228,"column":31}},"line":226}},"branchMap":{"0":{"loc":{"start":{"line":35,"column":23},"end":{"line":35,"column":70}},"type":"binary-expr","locations":[{"start":{"line":35,"column":23},"end":{"line":35,"column":37}},{"start":{"line":35,"column":41},"end":{"line":35,"column":70}}],"line":35},"1":{"loc":{"start":{"line":104,"column":4},"end":{"line":127,"column":3}},"type":"if","locations":[{"start":{"line":104,"column":4},"end":{"line":127,"column":3}},{"start":{},"end":{}}],"line":104},"2":{"loc":{"start":{"line":106,"column":4},"end":{"line":120,"column":5}},"type":"if","locations":[{"start":{"line":106,"column":4},"end":{"line":120,"column":5}},{"start":{},"end":{}}],"line":106},"3":{"loc":{"start":{"line":109,"column":6},"end":{"line":114,"column":7}},"type":"if","locations":[{"start":{"line":109,"column":6},"end":{"line":114,"column":7}},{"start":{},"end":{}}],"line":109},"4":{"loc":{"start":{"line":131,"column":2},"end":{"line":136,"column":3}},"type":"if","locations":[{"start":{"line":131,"column":2},"end":{"line":136,"column":3}},{"start":{},"end":{}}],"line":131},"5":{"loc":{"start":{"line":191,"column":9},"end":{"line":195,"column":17}},"type":"binary-expr","locations":[{"start":{"line":191,"column":9},"end":{"line":191,"column":23}},{"start":{"line":192,"column":13},"end":{"line":194,"column":20}}],"line":191}},"s":{"0":1,"1":2,"2":2,"3":2,"4":2,"5":2,"6":2,"7":2,"8":2,"9":2,"10":2,"11":2,"12":2,"13":2,"14":1,"15":1,"16":1,"17":1,"18":1,"19":1,"20":1,"21":0,"22":1,"23":1,"24":1,"25":1,"26":0,"27":1,"28":2,"29":0,"30":0,"31":2,"32":2,"33":2,"34":2,"35":2,"36":2,"37":1,"38":1,"39":0,"40":0,"41":0,"42":0,"43":0,"44":0,"45":0,"46":0,"47":2,"48":0,"49":2,"50":2,"51":2,"52":0,"53":2,"54":0,"55":2,"56":2,"57":1,"58":1,"59":1,"60":1,"61":1,"62":1,"63":0,"64":1,"65":2,"66":1},"f":{"0":2,"1":1,"2":1,"3":1,"4":0,"5":1,"6":0,"7":2,"8":0,"9":0,"10":1,"11":1,"12":1},"b":{"0":[2,0],"1":[0,1],"2":[0,0],"3":[0,0],"4":[0,2],"5":[2,0]},"_coverageSchema":"1a1c01bbd47fc00a2c39e90264f33305004495a9","hash":"ee06cfde24c810a849f9d7ccdfac1740d946e307"}
,"C:\\Users\\User-Admin\\Documents\\UniWork\\WorkingDissertationV2\\Fitness-Future-Dissertation-Project\\fitness-web-app\\src\\queries.js": {"path":"C:\\Users\\User-Admin\\Documents\\UniWork\\WorkingDissertationV2\\Fitness-Future-Dissertation-Project\\fitness-web-app\\src\\queries.js","statementMap":{"0":{"start":{"line":3,"column":2},"end":{"line":89,"column":4}}},"fnMap":{},"branchMap":{},"s":{"0":1},"f":{},"b":{},"_coverageSchema":"1a1c01bbd47fc00a2c39e90264f33305004495a9","hash":"7b02b7bd997344c2d1c40f5955e9646a5b3b2a7e"}
}
