{"C:\\Users\\User-Admin\\Documents\\UniWork\\WorkingDissertationV2\\Fitness-Future-Dissertation-Project\\fitness-web-app\\src\\AddWorkoutsToRoutine.js": {"path":"C:\\Users\\User-Admin\\Documents\\UniWork\\WorkingDissertationV2\\Fitness-Future-Dissertation-Project\\fitness-web-app\\src\\AddWorkoutsToRoutine.js","statementMap":{"0":{"start":{"line":16,"column":28},"end":{"line":269,"column":1}},"1":{"start":{"line":17,"column":50},"end":{"line":17,"column":62}},"2":{"start":{"line":18,"column":66},"end":{"line":18,"column":78}},"3":{"start":{"line":19,"column":24},"end":{"line":19,"column":36}},"4":{"start":{"line":20,"column":41},"end":{"line":20,"column":53}},"5":{"start":{"line":21,"column":44},"end":{"line":21,"column":56}},"6":{"start":{"line":22,"column":60},"end":{"line":22,"column":72}},"7":{"start":{"line":23,"column":46},"end":{"line":23,"column":58}},"8":{"start":{"line":24,"column":34},"end":{"line":24,"column":48}},"9":{"start":{"line":25,"column":64},"end":{"line":25,"column":76}},"10":{"start":{"line":26,"column":74},"end":{"line":26,"column":89}},"11":{"start":{"line":27,"column":50},"end":{"line":27,"column":62}},"12":{"start":{"line":29,"column":20},"end":{"line":29,"column":44}},"13":{"start":{"line":31,"column":19},"end":{"line":31,"column":32}},"14":{"start":{"line":33,"column":19},"end":{"line":33,"column":32}},"15":{"start":{"line":35,"column":25},"end":{"line":35,"column":72}},"16":{"start":{"line":37,"column":2},"end":{"line":47,"column":51}},"17":{"start":{"line":39,"column":4},"end":{"line":39,"column":39}},"18":{"start":{"line":40,"column":4},"end":{"line":40,"column":79}},"19":{"start":{"line":41,"column":4},"end":{"line":41,"column":73}},"20":{"start":{"line":43,"column":4},"end":{"line":43,"column":22}},"21":{"start":{"line":45,"column":4},"end":{"line":45,"column":35}},"22":{"start":{"line":51,"column":28},"end":{"line":96,"column":5}},"23":{"start":{"line":54,"column":6},"end":{"line":95,"column":7}},"24":{"start":{"line":55,"column":25},"end":{"line":57,"column":9}},"25":{"start":{"line":59,"column":31},"end":{"line":61,"column":9}},"26":{"start":{"line":65,"column":8},"end":{"line":91,"column":9}},"27":{"start":{"line":67,"column":31},"end":{"line":69,"column":9}},"28":{"start":{"line":68,"column":27},"end":{"line":68,"column":52}},"29":{"start":{"line":71,"column":29},"end":{"line":73,"column":9}},"30":{"start":{"line":72,"column":23},"end":{"line":72,"column":42}},"31":{"start":{"line":75,"column":34},"end":{"line":77,"column":9}},"32":{"start":{"line":76,"column":30},"end":{"line":76,"column":61}},"33":{"start":{"line":79,"column":21},"end":{"line":81,"column":9}},"34":{"start":{"line":80,"column":30},"end":{"line":80,"column":48}},"35":{"start":{"line":85,"column":8},"end":{"line":85,"column":38}},"36":{"start":{"line":86,"column":8},"end":{"line":86,"column":21}},"37":{"start":{"line":87,"column":8},"end":{"line":87,"column":41}},"38":{"start":{"line":88,"column":8},"end":{"line":88,"column":47}},"39":{"start":{"line":89,"column":15},"end":{"line":91,"column":9}},"40":{"start":{"line":90,"column":10},"end":{"line":90,"column":45}},"41":{"start":{"line":93,"column":8},"end":{"line":93,"column":39}},"42":{"start":{"line":94,"column":8},"end":{"line":94,"column":44}},"43":{"start":{"line":98,"column":41},"end":{"line":124,"column":5}},"44":{"start":{"line":99,"column":6},"end":{"line":99,"column":57}},"45":{"start":{"line":100,"column":6},"end":{"line":123,"column":7}},"46":{"start":{"line":101,"column":8},"end":{"line":122,"column":9}},"47":{"start":{"line":102,"column":27},"end":{"line":102,"column":112}},"48":{"start":{"line":104,"column":10},"end":{"line":104,"column":84}},"49":{"start":{"line":106,"column":10},"end":{"line":112,"column":11}},"50":{"start":{"line":107,"column":37},"end":{"line":107,"column":89}},"51":{"start":{"line":107,"column":70},"end":{"line":107,"column":88}},"52":{"start":{"line":108,"column":12},"end":{"line":108,"column":57}},"53":{"start":{"line":109,"column":17},"end":{"line":112,"column":11}},"54":{"start":{"line":110,"column":12},"end":{"line":110,"column":43}},"55":{"start":{"line":111,"column":12},"end":{"line":111,"column":77}},"56":{"start":{"line":115,"column":10},"end":{"line":121,"column":11}},"57":{"start":{"line":116,"column":12},"end":{"line":116,"column":43}},"58":{"start":{"line":117,"column":12},"end":{"line":117,"column":92}},"59":{"start":{"line":120,"column":12},"end":{"line":120,"column":43}},"60":{"start":{"line":127,"column":23},"end":{"line":167,"column":3}},"61":{"start":{"line":128,"column":4},"end":{"line":128,"column":27}},"62":{"start":{"line":130,"column":4},"end":{"line":133,"column":5}},"63":{"start":{"line":131,"column":6},"end":{"line":131,"column":87}},"64":{"start":{"line":132,"column":6},"end":{"line":132,"column":13}},"65":{"start":{"line":135,"column":4},"end":{"line":135,"column":51}},"66":{"start":{"line":136,"column":4},"end":{"line":136,"column":55}},"67":{"start":{"line":137,"column":4},"end":{"line":137,"column":65}},"68":{"start":{"line":139,"column":4},"end":{"line":166,"column":5}},"69":{"start":{"line":140,"column":23},"end":{"line":149,"column":7}},"70":{"start":{"line":152,"column":6},"end":{"line":152,"column":24}},"71":{"start":{"line":153,"column":6},"end":{"line":153,"column":37}},"72":{"start":{"line":155,"column":6},"end":{"line":155,"column":28}},"73":{"start":{"line":156,"column":6},"end":{"line":156,"column":38}},"74":{"start":{"line":157,"column":6},"end":{"line":157,"column":35}},"75":{"start":{"line":159,"column":6},"end":{"line":159,"column":44}},"76":{"start":{"line":161,"column":6},"end":{"line":161,"column":102}},"77":{"start":{"line":162,"column":6},"end":{"line":162,"column":46}},"78":{"start":{"line":164,"column":6},"end":{"line":164,"column":37}},"79":{"start":{"line":165,"column":6},"end":{"line":165,"column":24}},"80":{"start":{"line":168,"column":2},"end":{"line":268,"column":4}},"81":{"start":{"line":191,"column":37},"end":{"line":191,"column":80}},"82":{"start":{"line":195,"column":20},"end":{"line":197,"column":29}},"83":{"start":{"line":211,"column":37},"end":{"line":211,"column":77}},"84":{"start":{"line":218,"column":22},"end":{"line":222,"column":23}},"85":{"start":{"line":233,"column":37},"end":{"line":233,"column":70}},"86":{"start":{"line":248,"column":29},"end":{"line":248,"column":60}}},"fnMap":{"0":{"name":"(anonymous_0)","decl":{"start":{"line":16,"column":28},"end":{"line":16,"column":29}},"loc":{"start":{"line":16,"column":34},"end":{"line":269,"column":1}},"line":16},"1":{"name":"(anonymous_1)","decl":{"start":{"line":37,"column":12},"end":{"line":37,"column":13}},"loc":{"start":{"line":37,"column":18},"end":{"line":47,"column":3}},"line":37},"2":{"name":"(anonymous_2)","decl":{"start":{"line":51,"column":28},"end":{"line":51,"column":29}},"loc":{"start":{"line":51,"column":40},"end":{"line":96,"column":5}},"line":51},"3":{"name":"(anonymous_3)","decl":{"start":{"line":68,"column":10},"end":{"line":68,"column":11}},"loc":{"start":{"line":68,"column":27},"end":{"line":68,"column":52}},"line":68},"4":{"name":"(anonymous_4)","decl":{"start":{"line":72,"column":10},"end":{"line":72,"column":11}},"loc":{"start":{"line":72,"column":23},"end":{"line":72,"column":42}},"line":72},"5":{"name":"(anonymous_5)","decl":{"start":{"line":76,"column":10},"end":{"line":76,"column":11}},"loc":{"start":{"line":76,"column":30},"end":{"line":76,"column":61}},"line":76},"6":{"name":"(anonymous_6)","decl":{"start":{"line":80,"column":10},"end":{"line":80,"column":11}},"loc":{"start":{"line":80,"column":30},"end":{"line":80,"column":48}},"line":80},"7":{"name":"(anonymous_7)","decl":{"start":{"line":98,"column":41},"end":{"line":98,"column":42}},"loc":{"start":{"line":98,"column":53},"end":{"line":124,"column":5}},"line":98},"8":{"name":"(anonymous_8)","decl":{"start":{"line":107,"column":60},"end":{"line":107,"column":61}},"loc":{"start":{"line":107,"column":70},"end":{"line":107,"column":88}},"line":107},"9":{"name":"(anonymous_9)","decl":{"start":{"line":127,"column":23},"end":{"line":127,"column":24}},"loc":{"start":{"line":127,"column":40},"end":{"line":167,"column":3}},"line":127},"10":{"name":"(anonymous_10)","decl":{"start":{"line":191,"column":30},"end":{"line":191,"column":31}},"loc":{"start":{"line":191,"column":37},"end":{"line":191,"column":80}},"line":191},"11":{"name":"(anonymous_11)","decl":{"start":{"line":194,"column":42},"end":{"line":194,"column":43}},"loc":{"start":{"line":195,"column":20},"end":{"line":197,"column":29}},"line":195},"12":{"name":"(anonymous_12)","decl":{"start":{"line":211,"column":30},"end":{"line":211,"column":31}},"loc":{"start":{"line":211,"column":37},"end":{"line":211,"column":77}},"line":211},"13":{"name":"(anonymous_13)","decl":{"start":{"line":216,"column":39},"end":{"line":216,"column":40}},"loc":{"start":{"line":218,"column":22},"end":{"line":222,"column":23}},"line":218},"14":{"name":"(anonymous_14)","decl":{"start":{"line":233,"column":30},"end":{"line":233,"column":31}},"loc":{"start":{"line":233,"column":37},"end":{"line":233,"column":70}},"line":233},"15":{"name":"(anonymous_15)","decl":{"start":{"line":248,"column":23},"end":{"line":248,"column":24}},"loc":{"start":{"line":248,"column":29},"end":{"line":248,"column":60}},"line":248}},"branchMap":{"0":{"loc":{"start":{"line":35,"column":25},"end":{"line":35,"column":72}},"type":"binary-expr","locations":[{"start":{"line":35,"column":25},"end":{"line":35,"column":39}},{"start":{"line":35,"column":43},"end":{"line":35,"column":72}}],"line":35},"1":{"loc":{"start":{"line":65,"column":8},"end":{"line":91,"column":9}},"type":"if","locations":[{"start":{"line":65,"column":8},"end":{"line":91,"column":9}},{"start":{"line":89,"column":15},"end":{"line":91,"column":9}}],"line":65},"2":{"loc":{"start":{"line":65,"column":12},"end":{"line":65,"column":90}},"type":"binary-expr","locations":[{"start":{"line":65,"column":12},"end":{"line":65,"column":46}},{"start":{"line":65,"column":50},"end":{"line":65,"column":90}}],"line":65},"3":{"loc":{"start":{"line":89,"column":15},"end":{"line":91,"column":9}},"type":"if","locations":[{"start":{"line":89,"column":15},"end":{"line":91,"column":9}},{"start":{},"end":{}}],"line":89},"4":{"loc":{"start":{"line":89,"column":20},"end":{"line":89,"column":94}},"type":"binary-expr","locations":[{"start":{"line":89,"column":20},"end":{"line":89,"column":52}},{"start":{"line":89,"column":56},"end":{"line":89,"column":94}}],"line":89},"5":{"loc":{"start":{"line":100,"column":6},"end":{"line":123,"column":7}},"type":"if","locations":[{"start":{"line":100,"column":6},"end":{"line":123,"column":7}},{"start":{},"end":{}}],"line":100},"6":{"loc":{"start":{"line":106,"column":10},"end":{"line":112,"column":11}},"type":"if","locations":[{"start":{"line":106,"column":10},"end":{"line":112,"column":11}},{"start":{"line":109,"column":17},"end":{"line":112,"column":11}}],"line":106},"7":{"loc":{"start":{"line":109,"column":17},"end":{"line":112,"column":11}},"type":"if","locations":[{"start":{"line":109,"column":17},"end":{"line":112,"column":11}},{"start":{},"end":{}}],"line":109},"8":{"loc":{"start":{"line":115,"column":10},"end":{"line":121,"column":11}},"type":"if","locations":[{"start":{"line":115,"column":10},"end":{"line":121,"column":11}},{"start":{"line":119,"column":15},"end":{"line":121,"column":11}}],"line":115},"9":{"loc":{"start":{"line":115,"column":14},"end":{"line":115,"column":61}},"type":"binary-expr","locations":[{"start":{"line":115,"column":14},"end":{"line":115,"column":28}},{"start":{"line":115,"column":32},"end":{"line":115,"column":61}}],"line":115},"10":{"loc":{"start":{"line":130,"column":4},"end":{"line":133,"column":5}},"type":"if","locations":[{"start":{"line":130,"column":4},"end":{"line":133,"column":5}},{"start":{},"end":{}}],"line":130},"11":{"loc":{"start":{"line":130,"column":8},"end":{"line":130,"column":70}},"type":"binary-expr","locations":[{"start":{"line":130,"column":8},"end":{"line":130,"column":23}},{"start":{"line":130,"column":27},"end":{"line":130,"column":44}},{"start":{"line":130,"column":48},"end":{"line":130,"column":70}}],"line":130},"12":{"loc":{"start":{"line":218,"column":22},"end":{"line":222,"column":23}},"type":"binary-expr","locations":[{"start":{"line":218,"column":22},"end":{"line":218,"column":59}},{"start":{"line":219,"column":24},"end":{"line":221,"column":33}}],"line":218},"13":{"loc":{"start":{"line":240,"column":15},"end":{"line":244,"column":15}},"type":"binary-expr","locations":[{"start":{"line":240,"column":15},"end":{"line":240,"column":29}},{"start":{"line":241,"column":14},"end":{"line":243,"column":20}}],"line":240},"14":{"loc":{"start":{"line":246,"column":15},"end":{"line":252,"column":15}},"type":"binary-expr","locations":[{"start":{"line":246,"column":15},"end":{"line":246,"column":43}},{"start":{"line":247,"column":14},"end":{"line":251,"column":23}}],"line":246},"15":{"loc":{"start":{"line":257,"column":13},"end":{"line":261,"column":17}},"type":"binary-expr","locations":[{"start":{"line":257,"column":13},"end":{"line":257,"column":21}},{"start":{"line":258,"column":13},"end":{"line":260,"column":20}}],"line":257}},"s":{"0":1,"1":4,"2":4,"3":4,"4":4,"5":4,"6":4,"7":4,"8":4,"9":4,"10":4,"11":4,"12":4,"13":4,"14":4,"15":4,"16":4,"17":2,"18":2,"19":2,"20":2,"21":2,"22":4,"23":2,"24":2,"25":2,"26":2,"27":1,"28":2,"29":1,"30":2,"31":1,"32":2,"33":1,"34":2,"35":1,"36":1,"37":1,"38":1,"39":1,"40":1,"41":0,"42":0,"43":4,"44":2,"45":2,"46":0,"47":0,"48":0,"49":0,"50":0,"51":0,"52":0,"53":0,"54":0,"55":0,"56":0,"57":0,"58":0,"59":0,"60":4,"61":0,"62":0,"63":0,"64":0,"65":0,"66":0,"67":0,"68":0,"69":0,"70":0,"71":0,"72":0,"73":0,"74":0,"75":0,"76":0,"77":0,"78":0,"79":0,"80":4,"81":0,"82":2,"83":0,"84":2,"85":0,"86":0},"f":{"0":4,"1":2,"2":2,"3":2,"4":2,"5":2,"6":2,"7":2,"8":0,"9":0,"10":0,"11":2,"12":0,"13":2,"14":0,"15":0},"b":{"0":[4,0],"1":[1,1],"2":[2,1],"3":[1,0],"4":[1,0],"5":[0,2],"6":[0,0],"7":[0,0],"8":[0,0],"9":[0,0],"10":[0,0],"11":[0,0,0],"12":[2,2],"13":[4,0],"14":[4,0],"15":[4,1]},"_coverageSchema":"1a1c01bbd47fc00a2c39e90264f33305004495a9","hash":"519c9ecb285be5eb4c6f9a19ce4b94eeff3831c8"}
,"C:\\Users\\User-Admin\\Documents\\UniWork\\WorkingDissertationV2\\Fitness-Future-Dissertation-Project\\fitness-web-app\\src\\ApiStatus.js": {"path":"C:\\Users\\User-Admin\\Documents\\UniWork\\WorkingDissertationV2\\Fitness-Future-Dissertation-Project\\fitness-web-app\\src\\ApiStatus.js","statementMap":{"0":{"start":{"line":4,"column":18},"end":{"line":24,"column":3}},"1":{"start":{"line":5,"column":52},"end":{"line":5,"column":64}},"2":{"start":{"line":7,"column":4},"end":{"line":19,"column":11}},"3":{"start":{"line":8,"column":36},"end":{"line":16,"column":7}},"4":{"start":{"line":9,"column":8},"end":{"line":15,"column":9}},"5":{"start":{"line":10,"column":27},"end":{"line":10,"column":68}},"6":{"start":{"line":11,"column":10},"end":{"line":11,"column":53}},"7":{"start":{"line":13,"column":10},"end":{"line":13,"column":68}},"8":{"start":{"line":14,"column":10},"end":{"line":14,"column":64}},"9":{"start":{"line":18,"column":6},"end":{"line":18,"column":30}},"10":{"start":{"line":21,"column":4},"end":{"line":21,"column":84}}},"fnMap":{"0":{"name":"(anonymous_0)","decl":{"start":{"line":4,"column":18},"end":{"line":4,"column":19}},"loc":{"start":{"line":4,"column":24},"end":{"line":24,"column":3}},"line":4},"1":{"name":"(anonymous_1)","decl":{"start":{"line":7,"column":14},"end":{"line":7,"column":15}},"loc":{"start":{"line":7,"column":20},"end":{"line":19,"column":5}},"line":7},"2":{"name":"(anonymous_2)","decl":{"start":{"line":8,"column":36},"end":{"line":8,"column":37}},"loc":{"start":{"line":8,"column":48},"end":{"line":16,"column":7}},"line":8}},"branchMap":{},"s":{"0":1,"1":4,"2":4,"3":2,"4":2,"5":2,"6":1,"7":1,"8":1,"9":2,"10":4},"f":{"0":4,"1":2,"2":2},"b":{},"_coverageSchema":"1a1c01bbd47fc00a2c39e90264f33305004495a9","hash":"1e29865e2019543bcf9cd749c7a4ef2b4bee0641"}
,"C:\\Users\\User-Admin\\Documents\\UniWork\\WorkingDissertationV2\\Fitness-Future-Dissertation-Project\\fitness-web-app\\src\\AuthContext.js": {"path":"C:\\Users\\User-Admin\\Documents\\UniWork\\WorkingDissertationV2\\Fitness-Future-Dissertation-Project\\fitness-web-app\\src\\AuthContext.js","statementMap":{"0":{"start":{"line":5,"column":20},"end":{"line":5,"column":41}},"1":{"start":{"line":12,"column":45},"end":{"line":12,"column":95}},"2":{"start":{"line":16,"column":34},"end":{"line":16,"column":68}},"3":{"start":{"line":17,"column":38},"end":{"line":17,"column":75}},"4":{"start":{"line":18,"column":34},"end":{"line":18,"column":68}},"5":{"start":{"line":20,"column":16},"end":{"line":52,"column":3}},"6":{"start":{"line":21,"column":4},"end":{"line":49,"column":5}},"7":{"start":{"line":22,"column":23},"end":{"line":25,"column":8}},"8":{"start":{"line":29,"column":6},"end":{"line":46,"column":7}},"9":{"start":{"line":30,"column":8},"end":{"line":30,"column":34}},"10":{"start":{"line":31,"column":23},"end":{"line":31,"column":43}},"11":{"start":{"line":32,"column":26},"end":{"line":32,"column":49}},"12":{"start":{"line":33,"column":8},"end":{"line":33,"column":28}},"13":{"start":{"line":34,"column":8},"end":{"line":34,"column":28}},"14":{"start":{"line":35,"column":8},"end":{"line":35,"column":28}},"15":{"start":{"line":36,"column":8},"end":{"line":36,"column":31}},"16":{"start":{"line":39,"column":8},"end":{"line":39,"column":38}},"17":{"start":{"line":40,"column":8},"end":{"line":40,"column":38}},"18":{"start":{"line":41,"column":8},"end":{"line":41,"column":41}},"19":{"start":{"line":42,"column":8},"end":{"line":42,"column":55}},"20":{"start":{"line":43,"column":8},"end":{"line":43,"column":77}},"21":{"start":{"line":45,"column":8},"end":{"line":45,"column":47}},"22":{"start":{"line":48,"column":6},"end":{"line":48,"column":95}},"23":{"start":{"line":54,"column":17},"end":{"line":63,"column":3}},"24":{"start":{"line":55,"column":2},"end":{"line":55,"column":20}},"25":{"start":{"line":56,"column":4},"end":{"line":56,"column":25}},"26":{"start":{"line":57,"column":4},"end":{"line":57,"column":22}},"27":{"start":{"line":60,"column":4},"end":{"line":60,"column":29}},"28":{"start":{"line":61,"column":4},"end":{"line":61,"column":32}},"29":{"start":{"line":62,"column":4},"end":{"line":62,"column":29}},"30":{"start":{"line":65,"column":2},"end":{"line":65,"column":43}},"31":{"start":{"line":68,"column":16},"end":{"line":73,"column":5}},"32":{"start":{"line":75,"column":2},"end":{"line":79,"column":4}},"33":{"start":{"line":87,"column":4},"end":{"line":87,"column":35}}},"fnMap":{"0":{"name":"AuthProvider","decl":{"start":{"line":8,"column":16},"end":{"line":8,"column":28}},"loc":{"start":{"line":8,"column":36},"end":{"line":82,"column":1}},"line":8},"1":{"name":"(anonymous_1)","decl":{"start":{"line":20,"column":16},"end":{"line":20,"column":17}},"loc":{"start":{"line":20,"column":43},"end":{"line":52,"column":3}},"line":20},"2":{"name":"(anonymous_2)","decl":{"start":{"line":54,"column":17},"end":{"line":54,"column":18}},"loc":{"start":{"line":54,"column":23},"end":{"line":63,"column":3}},"line":54},"3":{"name":"useAuth","decl":{"start":{"line":86,"column":16},"end":{"line":86,"column":23}},"loc":{"start":{"line":86,"column":26},"end":{"line":88,"column":3}},"line":86}},"branchMap":{"0":{"loc":{"start":{"line":16,"column":43},"end":{"line":16,"column":67}},"type":"binary-expr","locations":[{"start":{"line":16,"column":43},"end":{"line":16,"column":59}},{"start":{"line":16,"column":63},"end":{"line":16,"column":67}}],"line":16},"1":{"loc":{"start":{"line":17,"column":47},"end":{"line":17,"column":74}},"type":"binary-expr","locations":[{"start":{"line":17,"column":47},"end":{"line":17,"column":65}},{"start":{"line":17,"column":69},"end":{"line":17,"column":74}}],"line":17},"2":{"loc":{"start":{"line":18,"column":43},"end":{"line":18,"column":67}},"type":"binary-expr","locations":[{"start":{"line":18,"column":43},"end":{"line":18,"column":59}},{"start":{"line":18,"column":63},"end":{"line":18,"column":67}}],"line":18},"3":{"loc":{"start":{"line":29,"column":6},"end":{"line":46,"column":7}},"type":"if","locations":[{"start":{"line":29,"column":6},"end":{"line":46,"column":7}},{"start":{"line":44,"column":13},"end":{"line":46,"column":7}}],"line":29}},"s":{"0":2,"1":2,"2":2,"3":2,"4":2,"5":2,"6":1,"7":1,"8":1,"9":1,"10":1,"11":1,"12":1,"13":1,"14":1,"15":1,"16":1,"17":1,"18":1,"19":1,"20":1,"21":0,"22":0,"23":2,"24":0,"25":0,"26":0,"27":0,"28":0,"29":0,"30":2,"31":2,"32":2,"33":2},"f":{"0":2,"1":1,"2":0,"3":2},"b":{"0":[2,2],"1":[2,2],"2":[2,2],"3":[1,0]},"_coverageSchema":"1a1c01bbd47fc00a2c39e90264f33305004495a9","hash":"733a7c94ff9a1a63fb73a44fdd25489ed1029443"}
,"C:\\Users\\User-Admin\\Documents\\UniWork\\WorkingDissertationV2\\Fitness-Future-Dissertation-Project\\fitness-web-app\\src\\CreateWorkoutRoutine.js": {"path":"C:\\Users\\User-Admin\\Documents\\UniWork\\WorkingDissertationV2\\Fitness-Future-Dissertation-Project\\fitness-web-app\\src\\CreateWorkoutRoutine.js","statementMap":{"0":{"start":{"line":16,"column":30},"end":{"line":163,"column":1}},"1":{"start":{"line":17,"column":24},"end":{"line":17,"column":36}},"2":{"start":{"line":18,"column":20},"end":{"line":18,"column":44}},"3":{"start":{"line":19,"column":19},"end":{"line":19,"column":32}},"4":{"start":{"line":20,"column":19},"end":{"line":20,"column":32}},"5":{"start":{"line":21,"column":18},"end":{"line":21,"column":58}},"6":{"start":{"line":22,"column":48},"end":{"line":22,"column":60}},"7":{"start":{"line":23,"column":66},"end":{"line":23,"column":81}},"8":{"start":{"line":24,"column":34},"end":{"line":24,"column":48}},"9":{"start":{"line":25,"column":44},"end":{"line":25,"column":132}},"10":{"start":{"line":28,"column":2},"end":{"line":32,"column":25}},"11":{"start":{"line":30,"column":4},"end":{"line":30,"column":24}},"12":{"start":{"line":35,"column":28},"end":{"line":62,"column":1}},"13":{"start":{"line":36,"column":4},"end":{"line":61,"column":3}},"14":{"start":{"line":37,"column":23},"end":{"line":39,"column":7}},"15":{"start":{"line":44,"column":4},"end":{"line":58,"column":5}},"16":{"start":{"line":45,"column":33},"end":{"line":45,"column":51}},"17":{"start":{"line":46,"column":6},"end":{"line":46,"column":45}},"18":{"start":{"line":48,"column":24},"end":{"line":48,"column":76}},"19":{"start":{"line":48,"column":61},"end":{"line":48,"column":75}},"20":{"start":{"line":49,"column":27},"end":{"line":49,"column":80}},"21":{"start":{"line":49,"column":55},"end":{"line":49,"column":79}},"22":{"start":{"line":51,"column":6},"end":{"line":51,"column":29}},"23":{"start":{"line":52,"column":6},"end":{"line":52,"column":32}},"24":{"start":{"line":54,"column":6},"end":{"line":54,"column":37}},"25":{"start":{"line":56,"column":11},"end":{"line":58,"column":5}},"26":{"start":{"line":57,"column":6},"end":{"line":57,"column":41}},"27":{"start":{"line":60,"column":4},"end":{"line":60,"column":35}},"28":{"start":{"line":65,"column":23},"end":{"line":96,"column":3}},"29":{"start":{"line":66,"column":4},"end":{"line":66,"column":27}},"30":{"start":{"line":69,"column":4},"end":{"line":72,"column":5}},"31":{"start":{"line":70,"column":6},"end":{"line":70,"column":61}},"32":{"start":{"line":71,"column":6},"end":{"line":71,"column":13}},"33":{"start":{"line":74,"column":4},"end":{"line":94,"column":5}},"34":{"start":{"line":75,"column":23},"end":{"line":78,"column":8}},"35":{"start":{"line":80,"column":6},"end":{"line":80,"column":46}},"36":{"start":{"line":83,"column":6},"end":{"line":83,"column":40}},"37":{"start":{"line":86,"column":6},"end":{"line":86,"column":26}},"38":{"start":{"line":88,"column":6},"end":{"line":88,"column":17}},"39":{"start":{"line":91,"column":6},"end":{"line":91,"column":87}},"40":{"start":{"line":93,"column":6},"end":{"line":93,"column":37}},"41":{"start":{"line":99,"column":2},"end":{"line":162,"column":4}},"42":{"start":{"line":121,"column":37},"end":{"line":121,"column":59}},"43":{"start":{"line":128,"column":16},"end":{"line":130,"column":25}},"44":{"start":{"line":144,"column":29},"end":{"line":144,"column":63}}},"fnMap":{"0":{"name":"(anonymous_0)","decl":{"start":{"line":16,"column":30},"end":{"line":16,"column":31}},"loc":{"start":{"line":16,"column":36},"end":{"line":163,"column":1}},"line":16},"1":{"name":"(anonymous_1)","decl":{"start":{"line":28,"column":12},"end":{"line":28,"column":13}},"loc":{"start":{"line":28,"column":18},"end":{"line":32,"column":3}},"line":28},"2":{"name":"(anonymous_2)","decl":{"start":{"line":35,"column":28},"end":{"line":35,"column":29}},"loc":{"start":{"line":35,"column":40},"end":{"line":62,"column":1}},"line":35},"3":{"name":"(anonymous_3)","decl":{"start":{"line":48,"column":47},"end":{"line":48,"column":48}},"loc":{"start":{"line":48,"column":61},"end":{"line":48,"column":75}},"line":48},"4":{"name":"(anonymous_4)","decl":{"start":{"line":49,"column":48},"end":{"line":49,"column":49}},"loc":{"start":{"line":49,"column":55},"end":{"line":49,"column":79}},"line":49},"5":{"name":"(anonymous_5)","decl":{"start":{"line":65,"column":23},"end":{"line":65,"column":24}},"loc":{"start":{"line":65,"column":40},"end":{"line":96,"column":3}},"line":65},"6":{"name":"(anonymous_6)","decl":{"start":{"line":121,"column":30},"end":{"line":121,"column":31}},"loc":{"start":{"line":121,"column":37},"end":{"line":121,"column":59}},"line":121},"7":{"name":"(anonymous_7)","decl":{"start":{"line":127,"column":34},"end":{"line":127,"column":35}},"loc":{"start":{"line":128,"column":16},"end":{"line":130,"column":25}},"line":128},"8":{"name":"(anonymous_8)","decl":{"start":{"line":144,"column":23},"end":{"line":144,"column":24}},"loc":{"start":{"line":144,"column":29},"end":{"line":144,"column":63}},"line":144}},"branchMap":{"0":{"loc":{"start":{"line":21,"column":18},"end":{"line":21,"column":58}},"type":"binary-expr","locations":[{"start":{"line":21,"column":18},"end":{"line":21,"column":32}},{"start":{"line":21,"column":36},"end":{"line":21,"column":58}}],"line":21},"1":{"loc":{"start":{"line":44,"column":4},"end":{"line":58,"column":5}},"type":"if","locations":[{"start":{"line":44,"column":4},"end":{"line":58,"column":5}},{"start":{"line":56,"column":11},"end":{"line":58,"column":5}}],"line":44},"2":{"loc":{"start":{"line":56,"column":11},"end":{"line":58,"column":5}},"type":"if","locations":[{"start":{"line":56,"column":11},"end":{"line":58,"column":5}},{"start":{},"end":{}}],"line":56},"3":{"loc":{"start":{"line":69,"column":4},"end":{"line":72,"column":5}},"type":"if","locations":[{"start":{"line":69,"column":4},"end":{"line":72,"column":5}},{"start":{},"end":{}}],"line":69},"4":{"loc":{"start":{"line":136,"column":17},"end":{"line":140,"column":17}},"type":"binary-expr","locations":[{"start":{"line":136,"column":17},"end":{"line":136,"column":24}},{"start":{"line":137,"column":13},"end":{"line":139,"column":20}}],"line":136},"5":{"loc":{"start":{"line":142,"column":15},"end":{"line":148,"column":15}},"type":"binary-expr","locations":[{"start":{"line":142,"column":15},"end":{"line":142,"column":39}},{"start":{"line":143,"column":14},"end":{"line":147,"column":21}}],"line":142},"6":{"loc":{"start":{"line":153,"column":13},"end":{"line":157,"column":17}},"type":"binary-expr","locations":[{"start":{"line":153,"column":13},"end":{"line":153,"column":21}},{"start":{"line":154,"column":13},"end":{"line":156,"column":20}}],"line":153}},"s":{"0":1,"1":7,"2":7,"3":7,"4":7,"5":7,"6":7,"7":7,"8":7,"9":7,"10":7,"11":3,"12":7,"13":4,"14":4,"15":2,"16":1,"17":1,"18":1,"19":2,"20":1,"21":7,"22":1,"23":1,"24":1,"25":1,"26":1,"27":0,"28":7,"29":1,"30":1,"31":0,"32":0,"33":1,"34":1,"35":1,"36":1,"37":1,"38":1,"39":1,"40":0,"41":7,"42":1,"43":47,"44":0},"f":{"0":7,"1":3,"2":4,"3":2,"4":7,"5":1,"6":1,"7":47,"8":0},"b":{"0":[7,1],"1":[1,1],"2":[1,0],"3":[0,1],"4":[7,1],"5":[7,1],"6":[7,1]},"_coverageSchema":"1a1c01bbd47fc00a2c39e90264f33305004495a9","hash":"c921e5653c224a44e891005b9293b1007d197e46"}
,"C:\\Users\\User-Admin\\Documents\\UniWork\\WorkingDissertationV2\\Fitness-Future-Dissertation-Project\\fitness-web-app\\src\\DeleteUserWorkout.js": {"path":"C:\\Users\\User-Admin\\Documents\\UniWork\\WorkingDissertationV2\\Fitness-Future-Dissertation-Project\\fitness-web-app\\src\\DeleteUserWorkout.js","statementMap":{"0":{"start":{"line":17,"column":27},"end":{"line":195,"column":1}},"1":{"start":{"line":18,"column":36},"end":{"line":18,"column":48}},"2":{"start":{"line":19,"column":50},"end":{"line":19,"column":62}},"3":{"start":{"line":20,"column":46},"end":{"line":20,"column":58}},"4":{"start":{"line":21,"column":38},"end":{"line":21,"column":50}},"5":{"start":{"line":22,"column":42},"end":{"line":22,"column":54}},"6":{"start":{"line":23,"column":50},"end":{"line":23,"column":65}},"7":{"start":{"line":24,"column":19},"end":{"line":24,"column":32}},"8":{"start":{"line":25,"column":19},"end":{"line":25,"column":32}},"9":{"start":{"line":26,"column":24},"end":{"line":26,"column":72}},"10":{"start":{"line":28,"column":34},"end":{"line":28,"column":46}},"11":{"start":{"line":30,"column":20},"end":{"line":30,"column":44}},"12":{"start":{"line":31,"column":2},"end":{"line":34,"column":25}},"13":{"start":{"line":33,"column":4},"end":{"line":33,"column":22}},"14":{"start":{"line":37,"column":26},"end":{"line":79,"column":3}},"15":{"start":{"line":38,"column":4},"end":{"line":78,"column":5}},"16":{"start":{"line":39,"column":23},"end":{"line":41,"column":7}},"17":{"start":{"line":42,"column":29},"end":{"line":44,"column":7}},"18":{"start":{"line":46,"column":6},"end":{"line":73,"column":7}},"19":{"start":{"line":49,"column":8},"end":{"line":49,"column":26}},"20":{"start":{"line":50,"column":8},"end":{"line":50,"column":28}},"21":{"start":{"line":51,"column":8},"end":{"line":51,"column":54}},"22":{"start":{"line":52,"column":8},"end":{"line":52,"column":15}},"23":{"start":{"line":53,"column":13},"end":{"line":73,"column":7}},"24":{"start":{"line":54,"column":27},"end":{"line":54,"column":81}},"25":{"start":{"line":54,"column":63},"end":{"line":54,"column":80}},"26":{"start":{"line":55,"column":29},"end":{"line":55,"column":85}},"27":{"start":{"line":55,"column":65},"end":{"line":55,"column":84}},"28":{"start":{"line":57,"column":8},"end":{"line":57,"column":34}},"29":{"start":{"line":58,"column":8},"end":{"line":58,"column":38}},"30":{"start":{"line":60,"column":34},"end":{"line":62,"column":9}},"31":{"start":{"line":61,"column":56},"end":{"line":61,"column":77}},"32":{"start":{"line":64,"column":37},"end":{"line":66,"column":9}},"33":{"start":{"line":65,"column":23},"end":{"line":65,"column":64}},"34":{"start":{"line":68,"column":27},"end":{"line":68,"column":83}},"35":{"start":{"line":68,"column":65},"end":{"line":68,"column":82}},"36":{"start":{"line":69,"column":29},"end":{"line":69,"column":87}},"37":{"start":{"line":69,"column":67},"end":{"line":69,"column":86}},"38":{"start":{"line":71,"column":8},"end":{"line":71,"column":34}},"39":{"start":{"line":72,"column":8},"end":{"line":72,"column":38}},"40":{"start":{"line":76,"column":6},"end":{"line":76,"column":37}},"41":{"start":{"line":77,"column":6},"end":{"line":77,"column":39}},"42":{"start":{"line":83,"column":23},"end":{"line":117,"column":3}},"43":{"start":{"line":84,"column":4},"end":{"line":84,"column":27}},"44":{"start":{"line":87,"column":4},"end":{"line":90,"column":5}},"45":{"start":{"line":88,"column":6},"end":{"line":88,"column":54}},"46":{"start":{"line":89,"column":6},"end":{"line":89,"column":13}},"47":{"start":{"line":93,"column":2},"end":{"line":116,"column":3}},"48":{"start":{"line":94,"column":21},"end":{"line":97,"column":6}},"49":{"start":{"line":100,"column":4},"end":{"line":109,"column":5}},"50":{"start":{"line":101,"column":6},"end":{"line":101,"column":33}},"51":{"start":{"line":102,"column":6},"end":{"line":102,"column":23}},"52":{"start":{"line":103,"column":6},"end":{"line":103,"column":24}},"53":{"start":{"line":104,"column":6},"end":{"line":104,"column":97}},"54":{"start":{"line":105,"column":6},"end":{"line":105,"column":47}},"55":{"start":{"line":107,"column":6},"end":{"line":107,"column":33}},"56":{"start":{"line":108,"column":6},"end":{"line":108,"column":40}},"57":{"start":{"line":114,"column":4},"end":{"line":114,"column":36}},"58":{"start":{"line":115,"column":4},"end":{"line":115,"column":86}},"59":{"start":{"line":121,"column":4},"end":{"line":136,"column":12}},"60":{"start":{"line":121,"column":49},"end":{"line":121,"column":75}},"61":{"start":{"line":129,"column":51},"end":{"line":129,"column":77}},"62":{"start":{"line":141,"column":2},"end":{"line":194,"column":4}},"63":{"start":{"line":164,"column":37},"end":{"line":164,"column":65}},"64":{"start":{"line":168,"column":20},"end":{"line":170,"column":29}},"65":{"start":{"line":174,"column":56},"end":{"line":174,"column":81}}},"fnMap":{"0":{"name":"(anonymous_0)","decl":{"start":{"line":17,"column":27},"end":{"line":17,"column":28}},"loc":{"start":{"line":17,"column":33},"end":{"line":195,"column":1}},"line":17},"1":{"name":"(anonymous_1)","decl":{"start":{"line":31,"column":12},"end":{"line":31,"column":13}},"loc":{"start":{"line":31,"column":18},"end":{"line":34,"column":3}},"line":31},"2":{"name":"(anonymous_2)","decl":{"start":{"line":37,"column":26},"end":{"line":37,"column":27}},"loc":{"start":{"line":37,"column":38},"end":{"line":79,"column":3}},"line":37},"3":{"name":"(anonymous_3)","decl":{"start":{"line":54,"column":50},"end":{"line":54,"column":51}},"loc":{"start":{"line":54,"column":63},"end":{"line":54,"column":80}},"line":54},"4":{"name":"(anonymous_4)","decl":{"start":{"line":55,"column":52},"end":{"line":55,"column":53}},"loc":{"start":{"line":55,"column":65},"end":{"line":55,"column":84}},"line":55},"5":{"name":"(anonymous_5)","decl":{"start":{"line":61,"column":39},"end":{"line":61,"column":40}},"loc":{"start":{"line":61,"column":56},"end":{"line":61,"column":77}},"line":61},"6":{"name":"(anonymous_6)","decl":{"start":{"line":65,"column":10},"end":{"line":65,"column":11}},"loc":{"start":{"line":65,"column":23},"end":{"line":65,"column":64}},"line":65},"7":{"name":"(anonymous_7)","decl":{"start":{"line":68,"column":52},"end":{"line":68,"column":53}},"loc":{"start":{"line":68,"column":65},"end":{"line":68,"column":82}},"line":68},"8":{"name":"(anonymous_8)","decl":{"start":{"line":69,"column":54},"end":{"line":69,"column":55}},"loc":{"start":{"line":69,"column":67},"end":{"line":69,"column":86}},"line":69},"9":{"name":"(anonymous_9)","decl":{"start":{"line":83,"column":23},"end":{"line":83,"column":24}},"loc":{"start":{"line":83,"column":40},"end":{"line":117,"column":3}},"line":83},"10":{"name":"(anonymous_10)","decl":{"start":{"line":121,"column":43},"end":{"line":121,"column":44}},"loc":{"start":{"line":121,"column":49},"end":{"line":121,"column":75}},"line":121},"11":{"name":"(anonymous_11)","decl":{"start":{"line":129,"column":45},"end":{"line":129,"column":46}},"loc":{"start":{"line":129,"column":51},"end":{"line":129,"column":77}},"line":129},"12":{"name":"(anonymous_12)","decl":{"start":{"line":164,"column":30},"end":{"line":164,"column":31}},"loc":{"start":{"line":164,"column":37},"end":{"line":164,"column":65}},"line":164},"13":{"name":"(anonymous_13)","decl":{"start":{"line":167,"column":36},"end":{"line":167,"column":37}},"loc":{"start":{"line":168,"column":20},"end":{"line":170,"column":29}},"line":168},"14":{"name":"(anonymous_14)","decl":{"start":{"line":174,"column":50},"end":{"line":174,"column":51}},"loc":{"start":{"line":174,"column":56},"end":{"line":174,"column":81}},"line":174}},"branchMap":{"0":{"loc":{"start":{"line":26,"column":24},"end":{"line":26,"column":72}},"type":"binary-expr","locations":[{"start":{"line":26,"column":24},"end":{"line":26,"column":38}},{"start":{"line":26,"column":42},"end":{"line":26,"column":72}}],"line":26},"1":{"loc":{"start":{"line":46,"column":6},"end":{"line":73,"column":7}},"type":"if","locations":[{"start":{"line":46,"column":6},"end":{"line":73,"column":7}},{"start":{"line":53,"column":13},"end":{"line":73,"column":7}}],"line":46},"2":{"loc":{"start":{"line":46,"column":10},"end":{"line":46,"column":100}},"type":"binary-expr","locations":[{"start":{"line":46,"column":10},"end":{"line":46,"column":50}},{"start":{"line":46,"column":54},"end":{"line":46,"column":100}}],"line":46},"3":{"loc":{"start":{"line":53,"column":13},"end":{"line":73,"column":7}},"type":"if","locations":[{"start":{"line":53,"column":13},"end":{"line":73,"column":7}},{"start":{"line":59,"column":13},"end":{"line":73,"column":7}}],"line":53},"4":{"loc":{"start":{"line":87,"column":4},"end":{"line":90,"column":5}},"type":"if","locations":[{"start":{"line":87,"column":4},"end":{"line":90,"column":5}},{"start":{},"end":{}}],"line":87},"5":{"loc":{"start":{"line":100,"column":4},"end":{"line":109,"column":5}},"type":"if","locations":[{"start":{"line":100,"column":4},"end":{"line":109,"column":5}},{"start":{"line":106,"column":11},"end":{"line":109,"column":5}}],"line":100},"6":{"loc":{"start":{"line":177,"column":15},"end":{"line":181,"column":17}},"type":"binary-expr","locations":[{"start":{"line":177,"column":15},"end":{"line":177,"column":28}},{"start":{"line":178,"column":13},"end":{"line":180,"column":20}}],"line":177},"7":{"loc":{"start":{"line":185,"column":11},"end":{"line":189,"column":17}},"type":"binary-expr","locations":[{"start":{"line":185,"column":11},"end":{"line":185,"column":19}},{"start":{"line":186,"column":13},"end":{"line":188,"column":20}}],"line":185}},"s":{"0":1,"1":7,"2":7,"3":7,"4":7,"5":7,"6":7,"7":7,"8":7,"9":7,"10":7,"11":7,"12":7,"13":3,"14":7,"15":3,"16":3,"17":2,"18":2,"19":0,"20":0,"21":0,"22":0,"23":2,"24":2,"25":2,"26":2,"27":2,"28":2,"29":2,"30":0,"31":0,"32":0,"33":0,"34":0,"35":0,"36":0,"37":0,"38":0,"39":0,"40":1,"41":1,"42":7,"43":0,"44":0,"45":0,"46":0,"47":0,"48":0,"49":0,"50":0,"51":0,"52":0,"53":0,"54":0,"55":0,"56":0,"57":0,"58":0,"59":7,"60":0,"61":0,"62":7,"63":0,"64":3,"65":1},"f":{"0":7,"1":3,"2":3,"3":2,"4":2,"5":0,"6":0,"7":0,"8":0,"9":0,"10":0,"11":0,"12":0,"13":3,"14":1},"b":{"0":[7,0],"1":[0,2],"2":[2,0],"3":[2,0],"4":[0,0],"5":[0,0],"6":[7,0],"7":[7,1]},"_coverageSchema":"1a1c01bbd47fc00a2c39e90264f33305004495a9","hash":"7f7c5942987e4f0c17d9392247a0ca2968836f2c"}
,"C:\\Users\\User-Admin\\Documents\\UniWork\\WorkingDissertationV2\\Fitness-Future-Dissertation-Project\\fitness-web-app\\src\\DeleteWorkoutRoutine.js": {"path":"C:\\Users\\User-Admin\\Documents\\UniWork\\WorkingDissertationV2\\Fitness-Future-Dissertation-Project\\fitness-web-app\\src\\DeleteWorkoutRoutine.js","statementMap":{"0":{"start":{"line":16,"column":29},"end":{"line":170,"column":1}},"1":{"start":{"line":17,"column":50},"end":{"line":17,"column":62}},"2":{"start":{"line":18,"column":52},"end":{"line":18,"column":64}},"3":{"start":{"line":19,"column":26},"end":{"line":19,"column":38}},"4":{"start":{"line":20,"column":20},"end":{"line":20,"column":44}},"5":{"start":{"line":21,"column":50},"end":{"line":21,"column":65}},"6":{"start":{"line":22,"column":19},"end":{"line":22,"column":32}},"7":{"start":{"line":23,"column":19},"end":{"line":23,"column":32}},"8":{"start":{"line":24,"column":34},"end":{"line":24,"column":46}},"9":{"start":{"line":25,"column":24},"end":{"line":25,"column":72}},"10":{"start":{"line":27,"column":31},"end":{"line":56,"column":3}},"11":{"start":{"line":28,"column":4},"end":{"line":55,"column":5}},"12":{"start":{"line":29,"column":23},"end":{"line":31,"column":7}},"13":{"start":{"line":33,"column":6},"end":{"line":50,"column":7}},"14":{"start":{"line":35,"column":37},"end":{"line":37,"column":7}},"15":{"start":{"line":36,"column":38},"end":{"line":36,"column":79}},"16":{"start":{"line":39,"column":19},"end":{"line":41,"column":7}},"17":{"start":{"line":40,"column":41},"end":{"line":40,"column":72}},"18":{"start":{"line":43,"column":6},"end":{"line":43,"column":46}},"19":{"start":{"line":44,"column":6},"end":{"line":44,"column":20}},"20":{"start":{"line":47,"column":13},"end":{"line":50,"column":7}},"21":{"start":{"line":48,"column":8},"end":{"line":48,"column":60}},"22":{"start":{"line":49,"column":8},"end":{"line":49,"column":39}},"23":{"start":{"line":53,"column":6},"end":{"line":53,"column":37}},"24":{"start":{"line":54,"column":6},"end":{"line":54,"column":43}},"25":{"start":{"line":58,"column":2},"end":{"line":60,"column":25}},"26":{"start":{"line":59,"column":4},"end":{"line":59,"column":27}},"27":{"start":{"line":62,"column":23},"end":{"line":92,"column":3}},"28":{"start":{"line":64,"column":4},"end":{"line":67,"column":5}},"29":{"start":{"line":65,"column":6},"end":{"line":65,"column":54}},"30":{"start":{"line":66,"column":6},"end":{"line":66,"column":13}},"31":{"start":{"line":69,"column":4},"end":{"line":91,"column":5}},"32":{"start":{"line":70,"column":23},"end":{"line":73,"column":8}},"33":{"start":{"line":74,"column":6},"end":{"line":74,"column":46}},"34":{"start":{"line":76,"column":4},"end":{"line":85,"column":5}},"35":{"start":{"line":78,"column":4},"end":{"line":78,"column":27}},"36":{"start":{"line":79,"column":4},"end":{"line":79,"column":31}},"37":{"start":{"line":82,"column":4},"end":{"line":82,"column":101}},"38":{"start":{"line":84,"column":6},"end":{"line":84,"column":40}},"39":{"start":{"line":89,"column":6},"end":{"line":89,"column":37}},"40":{"start":{"line":90,"column":6},"end":{"line":90,"column":42}},"41":{"start":{"line":96,"column":4},"end":{"line":111,"column":12}},"42":{"start":{"line":96,"column":49},"end":{"line":96,"column":75}},"43":{"start":{"line":104,"column":51},"end":{"line":104,"column":77}},"44":{"start":{"line":117,"column":2},"end":{"line":169,"column":4}},"45":{"start":{"line":138,"column":37},"end":{"line":138,"column":72}},"46":{"start":{"line":142,"column":20},"end":{"line":144,"column":30}},"47":{"start":{"line":148,"column":60},"end":{"line":148,"column":85}}},"fnMap":{"0":{"name":"(anonymous_0)","decl":{"start":{"line":16,"column":29},"end":{"line":16,"column":30}},"loc":{"start":{"line":16,"column":35},"end":{"line":170,"column":1}},"line":16},"1":{"name":"(anonymous_1)","decl":{"start":{"line":27,"column":31},"end":{"line":27,"column":32}},"loc":{"start":{"line":27,"column":43},"end":{"line":56,"column":3}},"line":27},"2":{"name":"(anonymous_2)","decl":{"start":{"line":36,"column":8},"end":{"line":36,"column":9}},"loc":{"start":{"line":36,"column":38},"end":{"line":36,"column":79}},"line":36},"3":{"name":"(anonymous_3)","decl":{"start":{"line":40,"column":8},"end":{"line":40,"column":9}},"loc":{"start":{"line":40,"column":41},"end":{"line":40,"column":72}},"line":40},"4":{"name":"(anonymous_4)","decl":{"start":{"line":58,"column":12},"end":{"line":58,"column":13}},"loc":{"start":{"line":58,"column":18},"end":{"line":60,"column":3}},"line":58},"5":{"name":"(anonymous_5)","decl":{"start":{"line":62,"column":23},"end":{"line":62,"column":24}},"loc":{"start":{"line":62,"column":40},"end":{"line":92,"column":3}},"line":62},"6":{"name":"(anonymous_6)","decl":{"start":{"line":96,"column":43},"end":{"line":96,"column":44}},"loc":{"start":{"line":96,"column":49},"end":{"line":96,"column":75}},"line":96},"7":{"name":"(anonymous_7)","decl":{"start":{"line":104,"column":45},"end":{"line":104,"column":46}},"loc":{"start":{"line":104,"column":51},"end":{"line":104,"column":77}},"line":104},"8":{"name":"(anonymous_8)","decl":{"start":{"line":138,"column":30},"end":{"line":138,"column":31}},"loc":{"start":{"line":138,"column":37},"end":{"line":138,"column":72}},"line":138},"9":{"name":"(anonymous_9)","decl":{"start":{"line":141,"column":43},"end":{"line":141,"column":44}},"loc":{"start":{"line":142,"column":20},"end":{"line":144,"column":30}},"line":142},"10":{"name":"(anonymous_10)","decl":{"start":{"line":148,"column":54},"end":{"line":148,"column":55}},"loc":{"start":{"line":148,"column":60},"end":{"line":148,"column":85}},"line":148}},"branchMap":{"0":{"loc":{"start":{"line":25,"column":24},"end":{"line":25,"column":72}},"type":"binary-expr","locations":[{"start":{"line":25,"column":24},"end":{"line":25,"column":38}},{"start":{"line":25,"column":42},"end":{"line":25,"column":72}}],"line":25},"1":{"loc":{"start":{"line":33,"column":6},"end":{"line":50,"column":7}},"type":"if","locations":[{"start":{"line":33,"column":6},"end":{"line":50,"column":7}},{"start":{"line":47,"column":13},"end":{"line":50,"column":7}}],"line":33},"2":{"loc":{"start":{"line":47,"column":13},"end":{"line":50,"column":7}},"type":"if","locations":[{"start":{"line":47,"column":13},"end":{"line":50,"column":7}},{"start":{},"end":{}}],"line":47},"3":{"loc":{"start":{"line":64,"column":4},"end":{"line":67,"column":5}},"type":"if","locations":[{"start":{"line":64,"column":4},"end":{"line":67,"column":5}},{"start":{},"end":{}}],"line":64},"4":{"loc":{"start":{"line":76,"column":4},"end":{"line":85,"column":5}},"type":"if","locations":[{"start":{"line":76,"column":4},"end":{"line":85,"column":5}},{"start":{"line":83,"column":11},"end":{"line":85,"column":5}}],"line":76},"5":{"loc":{"start":{"line":150,"column":17},"end":{"line":154,"column":17}},"type":"binary-expr","locations":[{"start":{"line":150,"column":17},"end":{"line":150,"column":30}},{"start":{"line":151,"column":13},"end":{"line":153,"column":20}}],"line":150},"6":{"loc":{"start":{"line":159,"column":13},"end":{"line":163,"column":17}},"type":"binary-expr","locations":[{"start":{"line":159,"column":13},"end":{"line":159,"column":21}},{"start":{"line":160,"column":13},"end":{"line":162,"column":20}}],"line":159}},"s":{"0":1,"1":12,"2":12,"3":12,"4":12,"5":12,"6":12,"7":12,"8":12,"9":12,"10":12,"11":4,"12":4,"13":3,"14":3,"15":3,"16":3,"17":3,"18":3,"19":3,"20":0,"21":0,"22":0,"23":1,"24":1,"25":12,"26":4,"27":12,"28":1,"29":1,"30":1,"31":0,"32":0,"33":0,"34":0,"35":0,"36":0,"37":0,"38":0,"39":0,"40":0,"41":12,"42":0,"43":0,"44":12,"45":2,"46":7,"47":2},"f":{"0":12,"1":4,"2":3,"3":3,"4":4,"5":1,"6":0,"7":0,"8":2,"9":7,"10":2},"b":{"0":[12,12],"1":[3,0],"2":[0,0],"3":[1,0],"4":[0,0],"5":[12,12],"6":[12,1]},"_coverageSchema":"1a1c01bbd47fc00a2c39e90264f33305004495a9","hash":"1a2684946651ce94218eac30e6ca9dd7975371f3"}
,"C:\\Users\\User-Admin\\Documents\\UniWork\\WorkingDissertationV2\\Fitness-Future-Dissertation-Project\\fitness-web-app\\src\\EditWorkouts.js": {"path":"C:\\Users\\User-Admin\\Documents\\UniWork\\WorkingDissertationV2\\Fitness-Future-Dissertation-Project\\fitness-web-app\\src\\EditWorkouts.js","statementMap":{"0":{"start":{"line":16,"column":21},"end":{"line":213,"column":1}},"1":{"start":{"line":17,"column":36},"end":{"line":17,"column":48}},"2":{"start":{"line":18,"column":50},"end":{"line":18,"column":62}},"3":{"start":{"line":19,"column":46},"end":{"line":19,"column":58}},"4":{"start":{"line":20,"column":38},"end":{"line":20,"column":50}},"5":{"start":{"line":21,"column":42},"end":{"line":21,"column":54}},"6":{"start":{"line":22,"column":40},"end":{"line":22,"column":52}},"7":{"start":{"line":23,"column":19},"end":{"line":23,"column":32}},"8":{"start":{"line":24,"column":19},"end":{"line":24,"column":32}},"9":{"start":{"line":27,"column":18},"end":{"line":27,"column":58}},"10":{"start":{"line":29,"column":46},"end":{"line":29,"column":61}},"11":{"start":{"line":32,"column":20},"end":{"line":32,"column":44}},"12":{"start":{"line":34,"column":2},"end":{"line":38,"column":25}},"13":{"start":{"line":37,"column":4},"end":{"line":37,"column":22}},"14":{"start":{"line":41,"column":26},"end":{"line":65,"column":3}},"15":{"start":{"line":42,"column":4},"end":{"line":64,"column":5}},"16":{"start":{"line":43,"column":23},"end":{"line":45,"column":7}},"17":{"start":{"line":46,"column":6},"end":{"line":46,"column":46}},"18":{"start":{"line":49,"column":6},"end":{"line":49,"column":41}},"19":{"start":{"line":51,"column":25},"end":{"line":53,"column":7}},"20":{"start":{"line":52,"column":30},"end":{"line":52,"column":56}},"21":{"start":{"line":55,"column":27},"end":{"line":57,"column":7}},"22":{"start":{"line":56,"column":35},"end":{"line":56,"column":68}},"23":{"start":{"line":58,"column":6},"end":{"line":58,"column":59}},"24":{"start":{"line":59,"column":6},"end":{"line":59,"column":32}},"25":{"start":{"line":60,"column":6},"end":{"line":60,"column":36}},"26":{"start":{"line":63,"column":6},"end":{"line":63,"column":37}},"27":{"start":{"line":67,"column":23},"end":{"line":101,"column":3}},"28":{"start":{"line":68,"column":4},"end":{"line":68,"column":27}},"29":{"start":{"line":70,"column":4},"end":{"line":73,"column":5}},"30":{"start":{"line":71,"column":6},"end":{"line":71,"column":67}},"31":{"start":{"line":72,"column":6},"end":{"line":72,"column":13}},"32":{"start":{"line":75,"column":4},"end":{"line":75,"column":41}},"33":{"start":{"line":76,"column":4},"end":{"line":76,"column":51}},"34":{"start":{"line":77,"column":4},"end":{"line":77,"column":55}},"35":{"start":{"line":79,"column":4},"end":{"line":100,"column":5}},"36":{"start":{"line":80,"column":23},"end":{"line":85,"column":8}},"37":{"start":{"line":89,"column":6},"end":{"line":89,"column":46}},"38":{"start":{"line":92,"column":6},"end":{"line":92,"column":23}},"39":{"start":{"line":93,"column":6},"end":{"line":93,"column":28}},"40":{"start":{"line":94,"column":6},"end":{"line":94,"column":30}},"41":{"start":{"line":95,"column":6},"end":{"line":95,"column":24}},"42":{"start":{"line":96,"column":6},"end":{"line":96,"column":30}},"43":{"start":{"line":97,"column":6},"end":{"line":97,"column":86}},"44":{"start":{"line":99,"column":6},"end":{"line":99,"column":37}},"45":{"start":{"line":104,"column":30},"end":{"line":128,"column":3}},"46":{"start":{"line":105,"column":30},"end":{"line":105,"column":44}},"47":{"start":{"line":106,"column":4},"end":{"line":106,"column":36}},"48":{"start":{"line":108,"column":4},"end":{"line":127,"column":5}},"49":{"start":{"line":110,"column":6},"end":{"line":110,"column":30}},"50":{"start":{"line":111,"column":6},"end":{"line":111,"column":28}},"51":{"start":{"line":115,"column":30},"end":{"line":117,"column":7}},"52":{"start":{"line":116,"column":21},"end":{"line":116,"column":70}},"53":{"start":{"line":119,"column":6},"end":{"line":119,"column":56}},"54":{"start":{"line":122,"column":6},"end":{"line":122,"column":60}},"55":{"start":{"line":123,"column":6},"end":{"line":123,"column":56}},"56":{"start":{"line":125,"column":6},"end":{"line":125,"column":78}},"57":{"start":{"line":126,"column":6},"end":{"line":126,"column":74}},"58":{"start":{"line":131,"column":2},"end":{"line":131,"column":42}},"59":{"start":{"line":133,"column":2},"end":{"line":212,"column":4}},"60":{"start":{"line":161,"column":18},"end":{"line":163,"column":27}},"61":{"start":{"line":175,"column":37},"end":{"line":175,"column":72}},"62":{"start":{"line":187,"column":37},"end":{"line":187,"column":70}},"63":{"start":{"line":202,"column":29},"end":{"line":202,"column":50}}},"fnMap":{"0":{"name":"(anonymous_0)","decl":{"start":{"line":16,"column":21},"end":{"line":16,"column":22}},"loc":{"start":{"line":16,"column":27},"end":{"line":213,"column":1}},"line":16},"1":{"name":"(anonymous_1)","decl":{"start":{"line":34,"column":12},"end":{"line":34,"column":13}},"loc":{"start":{"line":34,"column":18},"end":{"line":38,"column":3}},"line":34},"2":{"name":"(anonymous_2)","decl":{"start":{"line":41,"column":26},"end":{"line":41,"column":27}},"loc":{"start":{"line":41,"column":38},"end":{"line":65,"column":3}},"line":41},"3":{"name":"(anonymous_3)","decl":{"start":{"line":52,"column":8},"end":{"line":52,"column":9}},"loc":{"start":{"line":52,"column":30},"end":{"line":52,"column":56}},"line":52},"4":{"name":"(anonymous_4)","decl":{"start":{"line":56,"column":8},"end":{"line":56,"column":9}},"loc":{"start":{"line":56,"column":35},"end":{"line":56,"column":68}},"line":56},"5":{"name":"(anonymous_5)","decl":{"start":{"line":67,"column":23},"end":{"line":67,"column":24}},"loc":{"start":{"line":67,"column":40},"end":{"line":101,"column":3}},"line":67},"6":{"name":"(anonymous_6)","decl":{"start":{"line":104,"column":30},"end":{"line":104,"column":31}},"loc":{"start":{"line":104,"column":37},"end":{"line":128,"column":3}},"line":104},"7":{"name":"(anonymous_7)","decl":{"start":{"line":116,"column":8},"end":{"line":116,"column":9}},"loc":{"start":{"line":116,"column":21},"end":{"line":116,"column":70}},"line":116},"8":{"name":"(anonymous_8)","decl":{"start":{"line":160,"column":34},"end":{"line":160,"column":35}},"loc":{"start":{"line":161,"column":18},"end":{"line":163,"column":27}},"line":161},"9":{"name":"(anonymous_9)","decl":{"start":{"line":175,"column":30},"end":{"line":175,"column":31}},"loc":{"start":{"line":175,"column":37},"end":{"line":175,"column":72}},"line":175},"10":{"name":"(anonymous_10)","decl":{"start":{"line":187,"column":30},"end":{"line":187,"column":31}},"loc":{"start":{"line":187,"column":37},"end":{"line":187,"column":70}},"line":187},"11":{"name":"(anonymous_11)","decl":{"start":{"line":202,"column":23},"end":{"line":202,"column":24}},"loc":{"start":{"line":202,"column":29},"end":{"line":202,"column":50}},"line":202}},"branchMap":{"0":{"loc":{"start":{"line":27,"column":18},"end":{"line":27,"column":58}},"type":"binary-expr","locations":[{"start":{"line":27,"column":18},"end":{"line":27,"column":32}},{"start":{"line":27,"column":36},"end":{"line":27,"column":58}}],"line":27},"1":{"loc":{"start":{"line":70,"column":4},"end":{"line":73,"column":5}},"type":"if","locations":[{"start":{"line":70,"column":4},"end":{"line":73,"column":5}},{"start":{},"end":{}}],"line":70},"2":{"loc":{"start":{"line":70,"column":8},"end":{"line":70,"column":58}},"type":"binary-expr","locations":[{"start":{"line":70,"column":8},"end":{"line":70,"column":18}},{"start":{"line":70,"column":22},"end":{"line":70,"column":37}},{"start":{"line":70,"column":41},"end":{"line":70,"column":58}}],"line":70},"3":{"loc":{"start":{"line":108,"column":4},"end":{"line":127,"column":5}},"type":"if","locations":[{"start":{"line":108,"column":4},"end":{"line":127,"column":5}},{"start":{"line":113,"column":11},"end":{"line":127,"column":5}}],"line":108},"4":{"loc":{"start":{"line":194,"column":15},"end":{"line":198,"column":17}},"type":"binary-expr","locations":[{"start":{"line":194,"column":15},"end":{"line":194,"column":22}},{"start":{"line":195,"column":13},"end":{"line":197,"column":20}}],"line":194},"5":{"loc":{"start":{"line":200,"column":15},"end":{"line":206,"column":15}},"type":"binary-expr","locations":[{"start":{"line":200,"column":15},"end":{"line":200,"column":29}},{"start":{"line":201,"column":14},"end":{"line":205,"column":21}}],"line":200}},"s":{"0":1,"1":3,"2":2,"3":2,"4":2,"5":2,"6":2,"7":2,"8":2,"9":2,"10":2,"11":2,"12":2,"13":1,"14":2,"15":1,"16":1,"17":1,"18":1,"19":1,"20":1,"21":1,"22":1,"23":1,"24":1,"25":1,"26":0,"27":2,"28":0,"29":0,"30":0,"31":0,"32":0,"33":0,"34":0,"35":0,"36":0,"37":0,"38":0,"39":0,"40":0,"41":0,"42":0,"43":0,"44":0,"45":2,"46":0,"47":0,"48":0,"49":0,"50":0,"51":0,"52":0,"53":0,"54":0,"55":0,"56":0,"57":0,"58":2,"59":2,"60":1,"61":0,"62":0,"63":0},"f":{"0":3,"1":1,"2":1,"3":1,"4":1,"5":0,"6":0,"7":0,"8":1,"9":0,"10":0,"11":0},"b":{"0":[2,0],"1":[0,0],"2":[0,0,0],"3":[0,0],"4":[2,0],"5":[2,0]},"_coverageSchema":"1a1c01bbd47fc00a2c39e90264f33305004495a9","hash":"797dac23e54170379e598e66190c58fcceb9898b"}
,"C:\\Users\\User-Admin\\Documents\\UniWork\\WorkingDissertationV2\\Fitness-Future-Dissertation-Project\\fitness-web-app\\src\\ExerciseCompletion.js": {"path":"C:\\Users\\User-Admin\\Documents\\UniWork\\WorkingDissertationV2\\Fitness-Future-Dissertation-Project\\fitness-web-app\\src\\ExerciseCompletion.js","statementMap":{"0":{"start":{"line":16,"column":29},"end":{"line":283,"column":1}},"1":{"start":{"line":17,"column":24},"end":{"line":17,"column":36}},"2":{"start":{"line":18,"column":44},"end":{"line":18,"column":56}},"3":{"start":{"line":19,"column":40},"end":{"line":19,"column":52}},"4":{"start":{"line":20,"column":20},"end":{"line":20,"column":44}},"5":{"start":{"line":21,"column":23},"end":{"line":21,"column":47}},"6":{"start":{"line":23,"column":48},"end":{"line":23,"column":60}},"7":{"start":{"line":25,"column":34},"end":{"line":25,"column":46}},"8":{"start":{"line":27,"column":19},"end":{"line":27,"column":32}},"9":{"start":{"line":30,"column":2},"end":{"line":33,"column":23}},"10":{"start":{"line":32,"column":2},"end":{"line":32,"column":21}},"11":{"start":{"line":36,"column":29},"end":{"line":61,"column":5}},"12":{"start":{"line":37,"column":6},"end":{"line":60,"column":7}},"13":{"start":{"line":38,"column":25},"end":{"line":40,"column":9}},"14":{"start":{"line":43,"column":8},"end":{"line":54,"column":9}},"15":{"start":{"line":44,"column":10},"end":{"line":44,"column":45}},"16":{"start":{"line":47,"column":28},"end":{"line":47,"column":90}},"17":{"start":{"line":47,"column":76},"end":{"line":47,"column":87}},"18":{"start":{"line":48,"column":10},"end":{"line":48,"column":38}},"19":{"start":{"line":52,"column":10},"end":{"line":52,"column":43}},"20":{"start":{"line":53,"column":10},"end":{"line":53,"column":36}},"21":{"start":{"line":58,"column":8},"end":{"line":58,"column":39}},"22":{"start":{"line":59,"column":8},"end":{"line":59,"column":44}},"23":{"start":{"line":65,"column":2},"end":{"line":65,"column":27}},"24":{"start":{"line":67,"column":26},"end":{"line":78,"column":3}},"25":{"start":{"line":68,"column":24},"end":{"line":68,"column":38}},"26":{"start":{"line":69,"column":4},"end":{"line":69,"column":24}},"27":{"start":{"line":70,"column":35},"end":{"line":70,"column":93}},"28":{"start":{"line":70,"column":65},"end":{"line":70,"column":92}},"29":{"start":{"line":71,"column":39},"end":{"line":75,"column":7}},"30":{"start":{"line":71,"column":73},"end":{"line":75,"column":5}},"31":{"start":{"line":77,"column":4},"end":{"line":77,"column":51}},"32":{"start":{"line":80,"column":23},"end":{"line":139,"column":5}},"33":{"start":{"line":81,"column":4},"end":{"line":81,"column":27}},"34":{"start":{"line":84,"column":22},"end":{"line":90,"column":6}},"35":{"start":{"line":85,"column":6},"end":{"line":89,"column":8}},"36":{"start":{"line":92,"column":4},"end":{"line":95,"column":5}},"37":{"start":{"line":93,"column":6},"end":{"line":93,"column":77}},"38":{"start":{"line":94,"column":6},"end":{"line":94,"column":13}},"39":{"start":{"line":100,"column":46},"end":{"line":104,"column":7}},"40":{"start":{"line":100,"column":81},"end":{"line":104,"column":5}},"41":{"start":{"line":106,"column":4},"end":{"line":125,"column":5}},"42":{"start":{"line":107,"column":46},"end":{"line":107,"column":98}},"43":{"start":{"line":107,"column":78},"end":{"line":107,"column":97}},"44":{"start":{"line":110,"column":24},"end":{"line":116,"column":10}},"45":{"start":{"line":110,"column":98},"end":{"line":116,"column":8}},"46":{"start":{"line":118,"column":6},"end":{"line":118,"column":74}},"47":{"start":{"line":118,"column":58},"end":{"line":118,"column":71}},"48":{"start":{"line":123,"column":6},"end":{"line":123,"column":35}},"49":{"start":{"line":124,"column":6},"end":{"line":124,"column":41}},"50":{"start":{"line":128,"column":4},"end":{"line":138,"column":5}},"51":{"start":{"line":129,"column":29},"end":{"line":132,"column":8}},"52":{"start":{"line":134,"column":6},"end":{"line":134,"column":53}},"53":{"start":{"line":135,"column":6},"end":{"line":135,"column":114}},"54":{"start":{"line":136,"column":6},"end":{"line":136,"column":38}},"55":{"start":{"line":137,"column":6},"end":{"line":137,"column":41}},"56":{"start":{"line":144,"column":29},"end":{"line":151,"column":4}},"57":{"start":{"line":154,"column":2},"end":{"line":282,"column":4}},"58":{"start":{"line":182,"column":18},"end":{"line":184,"column":27}},"59":{"start":{"line":204,"column":45},"end":{"line":204,"column":64}},"60":{"start":{"line":206,"column":26},"end":{"line":258,"column":31}},"61":{"start":{"line":219,"column":65},"end":{"line":219,"column":85}},"62":{"start":{"line":220,"column":34},"end":{"line":223,"column":36}},"63":{"start":{"line":224,"column":34},"end":{"line":224,"column":77}},"64":{"start":{"line":234,"column":65},"end":{"line":234,"column":85}},"65":{"start":{"line":235,"column":34},"end":{"line":238,"column":36}},"66":{"start":{"line":239,"column":34},"end":{"line":239,"column":77}},"67":{"start":{"line":249,"column":61},"end":{"line":249,"column":81}},"68":{"start":{"line":250,"column":30},"end":{"line":253,"column":34}},"69":{"start":{"line":254,"column":26},"end":{"line":254,"column":69}}},"fnMap":{"0":{"name":"(anonymous_0)","decl":{"start":{"line":16,"column":29},"end":{"line":16,"column":30}},"loc":{"start":{"line":16,"column":35},"end":{"line":283,"column":1}},"line":16},"1":{"name":"(anonymous_1)","decl":{"start":{"line":30,"column":12},"end":{"line":30,"column":13}},"loc":{"start":{"line":30,"column":18},"end":{"line":33,"column":1}},"line":30},"2":{"name":"(anonymous_2)","decl":{"start":{"line":36,"column":29},"end":{"line":36,"column":30}},"loc":{"start":{"line":36,"column":41},"end":{"line":61,"column":5}},"line":36},"3":{"name":"(anonymous_3)","decl":{"start":{"line":47,"column":63},"end":{"line":47,"column":64}},"loc":{"start":{"line":47,"column":76},"end":{"line":47,"column":87}},"line":47},"4":{"name":"(anonymous_4)","decl":{"start":{"line":67,"column":26},"end":{"line":67,"column":27}},"loc":{"start":{"line":67,"column":33},"end":{"line":78,"column":3}},"line":67},"5":{"name":"(anonymous_5)","decl":{"start":{"line":70,"column":54},"end":{"line":70,"column":55}},"loc":{"start":{"line":70,"column":65},"end":{"line":70,"column":92}},"line":70},"6":{"name":"(anonymous_6)","decl":{"start":{"line":71,"column":66},"end":{"line":71,"column":67}},"loc":{"start":{"line":71,"column":73},"end":{"line":75,"column":5}},"line":71},"7":{"name":"(anonymous_7)","decl":{"start":{"line":80,"column":23},"end":{"line":80,"column":24}},"loc":{"start":{"line":80,"column":40},"end":{"line":139,"column":5}},"line":80},"8":{"name":"(anonymous_8)","decl":{"start":{"line":84,"column":43},"end":{"line":84,"column":44}},"loc":{"start":{"line":84,"column":54},"end":{"line":90,"column":5}},"line":84},"9":{"name":"(anonymous_9)","decl":{"start":{"line":100,"column":66},"end":{"line":100,"column":67}},"loc":{"start":{"line":100,"column":81},"end":{"line":104,"column":5}},"line":100},"10":{"name":"(anonymous_10)","decl":{"start":{"line":107,"column":65},"end":{"line":107,"column":66}},"loc":{"start":{"line":107,"column":78},"end":{"line":107,"column":97}},"line":107},"11":{"name":"(anonymous_11)","decl":{"start":{"line":110,"column":78},"end":{"line":110,"column":79}},"loc":{"start":{"line":110,"column":98},"end":{"line":116,"column":8}},"line":110},"12":{"name":"(anonymous_12)","decl":{"start":{"line":118,"column":44},"end":{"line":118,"column":45}},"loc":{"start":{"line":118,"column":58},"end":{"line":118,"column":71}},"line":118},"13":{"name":"(anonymous_13)","decl":{"start":{"line":181,"column":37},"end":{"line":181,"column":38}},"loc":{"start":{"line":182,"column":18},"end":{"line":184,"column":27}},"line":182},"14":{"name":"(anonymous_14)","decl":{"start":{"line":204,"column":32},"end":{"line":204,"column":33}},"loc":{"start":{"line":204,"column":45},"end":{"line":204,"column":64}},"line":204},"15":{"name":"(anonymous_15)","decl":{"start":{"line":205,"column":29},"end":{"line":205,"column":30}},"loc":{"start":{"line":206,"column":26},"end":{"line":258,"column":31}},"line":206},"16":{"name":"(anonymous_16)","decl":{"start":{"line":218,"column":42},"end":{"line":218,"column":43}},"loc":{"start":{"line":218,"column":49},"end":{"line":225,"column":33}},"line":218},"17":{"name":"(anonymous_17)","decl":{"start":{"line":233,"column":42},"end":{"line":233,"column":43}},"loc":{"start":{"line":233,"column":49},"end":{"line":240,"column":33}},"line":233},"18":{"name":"(anonymous_18)","decl":{"start":{"line":248,"column":40},"end":{"line":248,"column":41}},"loc":{"start":{"line":248,"column":47},"end":{"line":255,"column":25}},"line":248}},"branchMap":{"0":{"loc":{"start":{"line":43,"column":8},"end":{"line":54,"column":9}},"type":"if","locations":[{"start":{"line":43,"column":8},"end":{"line":54,"column":9}},{"start":{"line":50,"column":15},"end":{"line":54,"column":9}}],"line":43},"1":{"loc":{"start":{"line":86,"column":8},"end":{"line":88,"column":30}},"type":"binary-expr","locations":[{"start":{"line":86,"column":8},"end":{"line":86,"column":34}},{"start":{"line":87,"column":8},"end":{"line":87,"column":30}},{"start":{"line":88,"column":8},"end":{"line":88,"column":30}}],"line":86},"2":{"loc":{"start":{"line":92,"column":4},"end":{"line":95,"column":5}},"type":"if","locations":[{"start":{"line":92,"column":4},"end":{"line":95,"column":5}},{"start":{},"end":{}}],"line":92},"3":{"loc":{"start":{"line":103,"column":26},"end":{"line":103,"column":57}},"type":"binary-expr","locations":[{"start":{"line":103,"column":26},"end":{"line":103,"column":52}},{"start":{"line":103,"column":56},"end":{"line":103,"column":57}}],"line":103},"4":{"loc":{"start":{"line":189,"column":17},"end":{"line":262,"column":17}},"type":"binary-expr","locations":[{"start":{"line":189,"column":17},"end":{"line":189,"column":20}},{"start":{"line":190,"column":18},"end":{"line":261,"column":26}}],"line":189},"5":{"loc":{"start":{"line":217,"column":39},"end":{"line":217,"column":86}},"type":"binary-expr","locations":[{"start":{"line":217,"column":39},"end":{"line":217,"column":80}},{"start":{"line":217,"column":84},"end":{"line":217,"column":86}}],"line":217},"6":{"loc":{"start":{"line":232,"column":39},"end":{"line":232,"column":82}},"type":"binary-expr","locations":[{"start":{"line":232,"column":39},"end":{"line":232,"column":76}},{"start":{"line":232,"column":80},"end":{"line":232,"column":82}}],"line":232},"7":{"loc":{"start":{"line":247,"column":39},"end":{"line":247,"column":82}},"type":"binary-expr","locations":[{"start":{"line":247,"column":39},"end":{"line":247,"column":76}},{"start":{"line":247,"column":80},"end":{"line":247,"column":82}}],"line":247},"8":{"loc":{"start":{"line":270,"column":15},"end":{"line":274,"column":17}},"type":"binary-expr","locations":[{"start":{"line":270,"column":15},"end":{"line":270,"column":23}},{"start":{"line":271,"column":13},"end":{"line":273,"column":20}}],"line":270}},"s":{"0":1,"1":5,"2":5,"3":5,"4":5,"5":5,"6":5,"7":5,"8":5,"9":5,"10":2,"11":5,"12":2,"13":2,"14":2,"15":1,"16":1,"17":1,"18":1,"19":1,"20":1,"21":0,"22":0,"23":5,"24":5,"25":1,"26":1,"27":1,"28":1,"29":1,"30":1,"31":1,"32":5,"33":0,"34":0,"35":0,"36":0,"37":0,"38":0,"39":0,"40":0,"41":0,"42":0,"43":0,"44":0,"45":0,"46":0,"47":0,"48":0,"49":0,"50":0,"51":0,"52":0,"53":0,"54":0,"55":0,"56":5,"57":5,"58":2,"59":1,"60":1,"61":0,"62":0,"63":0,"64":0,"65":0,"66":0,"67":0,"68":0,"69":0},"f":{"0":5,"1":2,"2":2,"3":1,"4":1,"5":1,"6":1,"7":0,"8":0,"9":0,"10":0,"11":0,"12":0,"13":2,"14":1,"15":1,"16":0,"17":0,"18":0},"b":{"0":[1,1],"1":[0,0,0],"2":[0,0],"3":[0,0],"4":[5,1],"5":[1,1],"6":[1,1],"7":[1,1],"8":[5,1]},"_coverageSchema":"1a1c01bbd47fc00a2c39e90264f33305004495a9","hash":"b09107debbff97000d45dba24c6cc2c4c1b2f878"}
,"C:\\Users\\User-Admin\\Documents\\UniWork\\WorkingDissertationV2\\Fitness-Future-Dissertation-Project\\fitness-web-app\\src\\Footer.js": {"path":"C:\\Users\\User-Admin\\Documents\\UniWork\\WorkingDissertationV2\\Fitness-Future-Dissertation-Project\\fitness-web-app\\src\\Footer.js","statementMap":{"0":{"start":{"line":5,"column":15},"end":{"line":10,"column":1}},"1":{"start":{"line":6,"column":4},"end":{"line":9,"column":9}}},"fnMap":{"0":{"name":"(anonymous_0)","decl":{"start":{"line":5,"column":15},"end":{"line":5,"column":16}},"loc":{"start":{"line":6,"column":4},"end":{"line":9,"column":9}},"line":6}},"branchMap":{},"s":{"0":1,"1":1},"f":{"0":1},"b":{},"_coverageSchema":"1a1c01bbd47fc00a2c39e90264f33305004495a9","hash":"16aa7c2aeab0bce09f66ed959db8ad90d5b84409"}
,"C:\\Users\\User-Admin\\Documents\\UniWork\\WorkingDissertationV2\\Fitness-Future-Dissertation-Project\\fitness-web-app\\src\\Home.js": {"path":"C:\\Users\\User-Admin\\Documents\\UniWork\\WorkingDissertationV2\\Fitness-Future-Dissertation-Project\\fitness-web-app\\src\\Home.js","statementMap":{"0":{"start":{"line":18,"column":17},"end":{"line":47,"column":1}},"1":{"start":{"line":19,"column":2},"end":{"line":46,"column":4}}},"fnMap":{"0":{"name":"(anonymous_0)","decl":{"start":{"line":18,"column":17},"end":{"line":18,"column":18}},"loc":{"start":{"line":18,"column":23},"end":{"line":47,"column":1}},"line":18}},"branchMap":{},"s":{"0":1,"1":3},"f":{"0":3},"b":{},"_coverageSchema":"1a1c01bbd47fc00a2c39e90264f33305004495a9","hash":"a2454383544526ec4ec7c78a013343335434fe3c"}
,"C:\\Users\\User-Admin\\Documents\\UniWork\\WorkingDissertationV2\\Fitness-Future-Dissertation-Project\\fitness-web-app\\src\\LeaderboardDisplay.js": {"path":"C:\\Users\\User-Admin\\Documents\\UniWork\\WorkingDissertationV2\\Fitness-Future-Dissertation-Project\\fitness-web-app\\src\\LeaderboardDisplay.js","statementMap":{"0":{"start":{"line":19,"column":27},"end":{"line":76,"column":1}},"1":{"start":{"line":21,"column":50},"end":{"line":21,"column":62}},"2":{"start":{"line":22,"column":22},"end":{"line":22,"column":46}},"3":{"start":{"line":24,"column":0},"end":{"line":42,"column":25}},"4":{"start":{"line":25,"column":33},"end":{"line":38,"column":5}},"5":{"start":{"line":26,"column":6},"end":{"line":37,"column":7}},"6":{"start":{"line":27,"column":25},"end":{"line":29,"column":9}},"7":{"start":{"line":30,"column":8},"end":{"line":30,"column":48}},"8":{"start":{"line":33,"column":8},"end":{"line":33,"column":47}},"9":{"start":{"line":36,"column":8},"end":{"line":36,"column":39}},"10":{"start":{"line":41,"column":4},"end":{"line":41,"column":27}},"11":{"start":{"line":46,"column":2},"end":{"line":75,"column":4}},"12":{"start":{"line":63,"column":20},"end":{"line":66,"column":25}}},"fnMap":{"0":{"name":"(anonymous_0)","decl":{"start":{"line":19,"column":27},"end":{"line":19,"column":28}},"loc":{"start":{"line":19,"column":33},"end":{"line":76,"column":1}},"line":19},"1":{"name":"(anonymous_1)","decl":{"start":{"line":24,"column":10},"end":{"line":24,"column":11}},"loc":{"start":{"line":24,"column":16},"end":{"line":42,"column":3}},"line":24},"2":{"name":"(anonymous_2)","decl":{"start":{"line":25,"column":33},"end":{"line":25,"column":34}},"loc":{"start":{"line":25,"column":45},"end":{"line":38,"column":5}},"line":25},"3":{"name":"(anonymous_3)","decl":{"start":{"line":62,"column":39},"end":{"line":62,"column":40}},"loc":{"start":{"line":63,"column":20},"end":{"line":66,"column":25}},"line":63}},"branchMap":{},"s":{"0":1,"1":3,"2":3,"3":3,"4":2,"5":2,"6":2,"7":1,"8":1,"9":1,"10":2,"11":3,"12":2},"f":{"0":3,"1":2,"2":2,"3":2},"b":{},"_coverageSchema":"1a1c01bbd47fc00a2c39e90264f33305004495a9","hash":"c110ea2d07331da1a2ad2a75bd4659e16f2e6f7d"}
,"C:\\Users\\User-Admin\\Documents\\UniWork\\WorkingDissertationV2\\Fitness-Future-Dissertation-Project\\fitness-web-app\\src\\LoginForm.js": {"path":"C:\\Users\\User-Admin\\Documents\\UniWork\\WorkingDissertationV2\\Fitness-Future-Dissertation-Project\\fitness-web-app\\src\\LoginForm.js","statementMap":{"0":{"start":{"line":18,"column":18},"end":{"line":120,"column":1}},"1":{"start":{"line":19,"column":28},"end":{"line":19,"column":40}},"2":{"start":{"line":20,"column":34},"end":{"line":20,"column":46}},"3":{"start":{"line":21,"column":20},"end":{"line":21,"column":29}},"4":{"start":{"line":22,"column":38},"end":{"line":22,"column":50}},"5":{"start":{"line":23,"column":48},"end":{"line":23,"column":63}},"6":{"start":{"line":24,"column":19},"end":{"line":24,"column":32}},"7":{"start":{"line":25,"column":19},"end":{"line":25,"column":32}},"8":{"start":{"line":26,"column":21},"end":{"line":26,"column":64}},"9":{"start":{"line":30,"column":35},"end":{"line":32,"column":3}},"10":{"start":{"line":31,"column":4},"end":{"line":31,"column":40}},"11":{"start":{"line":36,"column":23},"end":{"line":59,"column":3}},"12":{"start":{"line":37,"column":4},"end":{"line":37,"column":27}},"13":{"start":{"line":40,"column":4},"end":{"line":58,"column":5}},"14":{"start":{"line":42,"column":23},"end":{"line":45,"column":8}},"15":{"start":{"line":47,"column":6},"end":{"line":52,"column":7}},"16":{"start":{"line":48,"column":8},"end":{"line":48,"column":37}},"17":{"start":{"line":49,"column":8},"end":{"line":49,"column":30}},"18":{"start":{"line":51,"column":8},"end":{"line":51,"column":80}},"19":{"start":{"line":55,"column":6},"end":{"line":55,"column":45}},"20":{"start":{"line":56,"column":6},"end":{"line":56,"column":81}},"21":{"start":{"line":67,"column":2},"end":{"line":119,"column":4}},"22":{"start":{"line":96,"column":37},"end":{"line":96,"column":61}},"23":{"start":{"line":106,"column":37},"end":{"line":106,"column":64}}},"fnMap":{"0":{"name":"(anonymous_0)","decl":{"start":{"line":18,"column":18},"end":{"line":18,"column":19}},"loc":{"start":{"line":18,"column":24},"end":{"line":120,"column":1}},"line":18},"1":{"name":"(anonymous_1)","decl":{"start":{"line":30,"column":35},"end":{"line":30,"column":36}},"loc":{"start":{"line":30,"column":41},"end":{"line":32,"column":3}},"line":30},"2":{"name":"(anonymous_2)","decl":{"start":{"line":36,"column":23},"end":{"line":36,"column":24}},"loc":{"start":{"line":36,"column":40},"end":{"line":59,"column":3}},"line":36},"3":{"name":"(anonymous_3)","decl":{"start":{"line":96,"column":30},"end":{"line":96,"column":31}},"loc":{"start":{"line":96,"column":37},"end":{"line":96,"column":61}},"line":96},"4":{"name":"(anonymous_4)","decl":{"start":{"line":106,"column":30},"end":{"line":106,"column":31}},"loc":{"start":{"line":106,"column":37},"end":{"line":106,"column":64}},"line":106}},"branchMap":{"0":{"loc":{"start":{"line":26,"column":21},"end":{"line":26,"column":64}},"type":"binary-expr","locations":[{"start":{"line":26,"column":21},"end":{"line":26,"column":35}},{"start":{"line":26,"column":39},"end":{"line":26,"column":64}}],"line":26},"1":{"loc":{"start":{"line":47,"column":6},"end":{"line":52,"column":7}},"type":"if","locations":[{"start":{"line":47,"column":6},"end":{"line":52,"column":7}},{"start":{"line":50,"column":13},"end":{"line":52,"column":7}}],"line":47},"2":{"loc":{"start":{"line":82,"column":19},"end":{"line":86,"column":17}},"type":"binary-expr","locations":[{"start":{"line":82,"column":19},"end":{"line":82,"column":29}},{"start":{"line":83,"column":13},"end":{"line":85,"column":20}}],"line":82},"3":{"loc":{"start":{"line":102,"column":26},"end":{"line":102,"column":63}},"type":"cond-expr","locations":[{"start":{"line":102,"column":44},"end":{"line":102,"column":50}},{"start":{"line":102,"column":53},"end":{"line":102,"column":63}}],"line":102},"4":{"loc":{"start":{"line":112,"column":18},"end":{"line":112,"column":85}},"type":"binary-expr","locations":[{"start":{"line":112,"column":18},"end":{"line":112,"column":28}},{"start":{"line":112,"column":32},"end":{"line":112,"column":85}}],"line":112}},"s":{"0":1,"1":9,"2":9,"3":9,"4":9,"5":9,"6":9,"7":9,"8":9,"9":9,"10":0,"11":9,"12":2,"13":2,"14":2,"15":1,"16":0,"17":0,"18":1,"19":1,"20":1,"21":9,"22":2,"23":2},"f":{"0":9,"1":0,"2":2,"3":2,"4":2},"b":{"0":[9,0],"1":[0,1],"2":[9,0],"3":[0,9],"4":[9,2]},"_coverageSchema":"1a1c01bbd47fc00a2c39e90264f33305004495a9","hash":"bbe0e71713643d55bdda7fc0fff69455e9ba5e30"}
,"C:\\Users\\User-Admin\\Documents\\UniWork\\WorkingDissertationV2\\Fitness-Future-Dissertation-Project\\fitness-web-app\\src\\NewUserWorkout.js": {"path":"C:\\Users\\User-Admin\\Documents\\UniWork\\WorkingDissertationV2\\Fitness-Future-Dissertation-Project\\fitness-web-app\\src\\NewUserWorkout.js","statementMap":{"0":{"start":{"line":19,"column":23},"end":{"line":221,"column":1}},"1":{"start":{"line":20,"column":36},"end":{"line":20,"column":48}},"2":{"start":{"line":21,"column":30},"end":{"line":21,"column":42}},"3":{"start":{"line":22,"column":50},"end":{"line":22,"column":62}},"4":{"start":{"line":23,"column":46},"end":{"line":23,"column":58}},"5":{"start":{"line":24,"column":42},"end":{"line":24,"column":54}},"6":{"start":{"line":25,"column":19},"end":{"line":25,"column":32}},"7":{"start":{"line":26,"column":19},"end":{"line":26,"column":32}},"8":{"start":{"line":27,"column":34},"end":{"line":27,"column":46}},"9":{"start":{"line":28,"column":25},"end":{"line":28,"column":72}},"10":{"start":{"line":29,"column":20},"end":{"line":29,"column":44}},"11":{"start":{"line":30,"column":34},"end":{"line":30,"column":48}},"12":{"start":{"line":31,"column":64},"end":{"line":31,"column":79}},"13":{"start":{"line":34,"column":2},"end":{"line":38,"column":25}},"14":{"start":{"line":37,"column":4},"end":{"line":37,"column":22}},"15":{"start":{"line":40,"column":2},"end":{"line":43,"column":25}},"16":{"start":{"line":42,"column":4},"end":{"line":42,"column":24}},"17":{"start":{"line":45,"column":26},"end":{"line":66,"column":3}},"18":{"start":{"line":46,"column":4},"end":{"line":65,"column":5}},"19":{"start":{"line":47,"column":23},"end":{"line":49,"column":7}},"20":{"start":{"line":51,"column":6},"end":{"line":55,"column":7}},"21":{"start":{"line":52,"column":8},"end":{"line":52,"column":40}},"22":{"start":{"line":53,"column":13},"end":{"line":55,"column":7}},"23":{"start":{"line":54,"column":8},"end":{"line":54,"column":43}},"24":{"start":{"line":59,"column":6},"end":{"line":59,"column":46}},"25":{"start":{"line":63,"column":6},"end":{"line":63,"column":37}},"26":{"start":{"line":64,"column":6},"end":{"line":64,"column":70}},"27":{"start":{"line":68,"column":28},"end":{"line":78,"column":3}},"28":{"start":{"line":69,"column":4},"end":{"line":77,"column":5}},"29":{"start":{"line":70,"column":23},"end":{"line":72,"column":7}},"30":{"start":{"line":74,"column":6},"end":{"line":74,"column":42}},"31":{"start":{"line":76,"column":6},"end":{"line":76,"column":37}},"32":{"start":{"line":81,"column":23},"end":{"line":114,"column":3}},"33":{"start":{"line":82,"column":4},"end":{"line":82,"column":27}},"34":{"start":{"line":84,"column":4},"end":{"line":87,"column":5}},"35":{"start":{"line":85,"column":6},"end":{"line":85,"column":84}},"36":{"start":{"line":86,"column":6},"end":{"line":86,"column":13}},"37":{"start":{"line":89,"column":2},"end":{"line":113,"column":3}},"38":{"start":{"line":90,"column":21},"end":{"line":97,"column":6}},"39":{"start":{"line":101,"column":4},"end":{"line":101,"column":22}},"40":{"start":{"line":102,"column":4},"end":{"line":102,"column":24}},"41":{"start":{"line":104,"column":4},"end":{"line":104,"column":25}},"42":{"start":{"line":106,"column":4},"end":{"line":106,"column":28}},"43":{"start":{"line":107,"column":4},"end":{"line":107,"column":37}},"44":{"start":{"line":108,"column":4},"end":{"line":108,"column":90}},"45":{"start":{"line":110,"column":4},"end":{"line":110,"column":45}},"46":{"start":{"line":112,"column":4},"end":{"line":112,"column":36}},"47":{"start":{"line":116,"column":2},"end":{"line":220,"column":4}},"48":{"start":{"line":142,"column":37},"end":{"line":142,"column":65}},"49":{"start":{"line":146,"column":40},"end":{"line":148,"column":23}},"50":{"start":{"line":147,"column":41},"end":{"line":147,"column":84}},"51":{"start":{"line":150,"column":22},"end":{"line":156,"column":23}},"52":{"start":{"line":151,"column":24},"end":{"line":155,"column":26}},"53":{"start":{"line":157,"column":22},"end":{"line":157,"column":34}},"54":{"start":{"line":173,"column":37},"end":{"line":173,"column":72}},"55":{"start":{"line":184,"column":37},"end":{"line":184,"column":70}},"56":{"start":{"line":208,"column":29},"end":{"line":208,"column":55}}},"fnMap":{"0":{"name":"(anonymous_0)","decl":{"start":{"line":19,"column":23},"end":{"line":19,"column":24}},"loc":{"start":{"line":19,"column":29},"end":{"line":221,"column":1}},"line":19},"1":{"name":"(anonymous_1)","decl":{"start":{"line":34,"column":12},"end":{"line":34,"column":13}},"loc":{"start":{"line":34,"column":18},"end":{"line":38,"column":3}},"line":34},"2":{"name":"(anonymous_2)","decl":{"start":{"line":40,"column":12},"end":{"line":40,"column":13}},"loc":{"start":{"line":40
[...]
{}}],"line":634},"53":{"loc":{"start":{"line":634,"column":12},"end":{"line":634,"column":44}},"type":"binary-expr","locations":[{"start":{"line":634,"column":12},"end":{"line":634,"column":17}},{"start":{"line":634,"column":21},"end":{"line":634,"column":44}}],"line":634},"54":{"loc":{"start":{"line":658,"column":4},"end":{"line":664,"column":5}},"type":"if","locations":[{"start":{"line":658,"column":4},"end":{"line":664,"column":5}},{"start":{},"end":{}}],"line":658},"55":{"loc":{"start":{"line":666,"column":4},"end":{"line":671,"column":5}},"type":"if","locations":[{"start":{"line":666,"column":4},"end":{"line":671,"column":5}},{"start":{},"end":{}}],"line":666},"56":{"loc":{"start":{"line":666,"column":8},"end":{"line":666,"column":34}},"type":"binary-expr","locations":[{"start":{"line":666,"column":8},"end":{"line":666,"column":13}},{"start":{"line":666,"column":17},"end":{"line":666,"column":34}}],"line":666},"57":{"loc":{"start":{"line":686,"column":4},"end":{"line":692,"column":5}},"type":"if","locations":[{"start":{"line":686,"column":4},"end":{"line":692,"column":5}},{"start":{},"end":{}}],"line":686},"58":{"loc":{"start":{"line":694,"column":4},"end":{"line":699,"column":5}},"type":"if","locations":[{"start":{"line":694,"column":4},"end":{"line":699,"column":5}},{"start":{},"end":{}}],"line":694},"59":{"loc":{"start":{"line":694,"column":8},"end":{"line":694,"column":34}},"type":"binary-expr","locations":[{"start":{"line":694,"column":8},"end":{"line":694,"column":13}},{"start":{"line":694,"column":17},"end":{"line":694,"column":34}}],"line":694},"60":{"loc":{"start":{"line":712,"column":6},"end":{"line":718,"column":7}},"type":"if","locations":[{"start":{"line":712,"column":6},"end":{"line":718,"column":7}},{"start":{},"end":{}}],"line":712},"61":{"loc":{"start":{"line":720,"column":6},"end":{"line":725,"column":7}},"type":"if","locations":[{"start":{"line":720,"column":6},"end":{"line":725,"column":7}},{"start":{},"end":{}}],"line":720},"62":{"loc":{"start":{"line":720,"column":10},"end":{"line":720,"column":36}},"type":"binary-expr","locations":[{"start":{"line":720,"column":10},"end":{"line":720,"column":15}},{"start":{"line":720,"column":19},"end":{"line":720,"column":36}}],"line":720},"63":{"loc":{"start":{"line":741,"column":4},"end":{"line":747,"column":5}},"type":"if","locations":[{"start":{"line":741,"column":4},"end":{"line":747,"column":5}},{"start":{},"end":{}}],"line":741},"64":{"loc":{"start":{"line":749,"column":4},"end":{"line":754,"column":5}},"type":"if","locations":[{"start":{"line":749,"column":4},"end":{"line":754,"column":5}},{"start":{},"end":{}}],"line":749},"65":{"loc":{"start":{"line":749,"column":8},"end":{"line":749,"column":40}},"type":"binary-expr","locations":[{"start":{"line":749,"column":8},"end":{"line":749,"column":13}},{"start":{"line":749,"column":17},"end":{"line":749,"column":40}}],"line":749},"66":{"loc":{"start":{"line":770,"column":4},"end":{"line":776,"column":5}},"type":"if","locations":[{"start":{"line":770,"column":4},"end":{"line":776,"column":5}},{"start":{},"end":{}}],"line":770},"67":{"loc":{"start":{"line":778,"column":4},"end":{"line":783,"column":5}},"type":"if","locations":[{"start":{"line":778,"column":4},"end":{"line":783,"column":5}},{"start":{},"end":{}}],"line":778},"68":{"loc":{"start":{"line":778,"column":8},"end":{"line":778,"column":40}},"type":"binary-expr","locations":[{"start":{"line":778,"column":8},"end":{"line":778,"column":13}},{"start":{"line":778,"column":17},"end":{"line":778,"column":40}}],"line":778},"69":{"loc":{"start":{"line":800,"column":4},"end":{"line":806,"column":5}},"type":"if","locations":[{"start":{"line":800,"column":4},"end":{"line":806,"column":5}},{"start":{},"end":{}}],"line":800},"70":{"loc":{"start":{"line":808,"column":4},"end":{"line":813,"column":5}},"type":"if","locations":[{"start":{"line":808,"column":4},"end":{"line":813,"column":5}},{"start":{},"end":{}}],"line":808},"71":{"loc":{"start":{"line":808,"column":8},"end":{"line":808,"column":34}},"type":"binary-expr","locations":[{"start":{"line":808,"column":8},"end":{"line":808,"column":13}},{"start":{"line":808,"column":17},"end":{"line":808,"column":34}}],"line":808},"72":{"loc":{"start":{"line":829,"column":4},"end":{"line":835,"column":5}},"type":"if","locations":[{"start":{"line":829,"column":4},"end":{"line":835,"column":5}},{"start":{},"end":{}}],"line":829},"73":{"loc":{"start":{"line":837,"column":4},"end":{"line":842,"column":5}},"type":"if","locations":[{"start":{"line":837,"column":4},"end":{"line":842,"column":5}},{"start":{},"end":{}}],"line":837},"74":{"loc":{"start":{"line":837,"column":8},"end":{"line":837,"column":34}},"type":"binary-expr","locations":[{"start":{"line":837,"column":8},"end":{"line":837,"column":13}},{"start":{"line":837,"column":17},"end":{"line":837,"column":34}}],"line":837},"75":{"loc":{"start":{"line":858,"column":4},"end":{"line":864,"column":5}},"type":"if","locations":[{"start":{"line":858,"column":4},"end":{"line":864,"column":5}},{"start":{},"end":{}}],"line":858},"76":{"loc":{"start":{"line":866,"column":4},"end":{"line":871,"column":5}},"type":"if","locations":[{"start":{"line":866,"column":4},"end":{"line":871,"column":5}},{"start":{},"end":{}}],"line":866},"77":{"loc":{"start":{"line":866,"column":8},"end":{"line":866,"column":34}},"type":"binary-expr","locations":[{"start":{"line":866,"column":8},"end":{"line":866,"column":13}},{"start":{"line":866,"column":17},"end":{"line":866,"column":34}}],"line":866}},"s":{"0":1,"1":1,"2":1,"3":1,"4":1,"5":1,"6":1,"7":1,"8":1,"9":1,"10":1,"11":1,"12":1,"13":0,"14":0,"15":0,"16":0,"17":0,"18":0,"19":0,"20":1,"21":0,"22":1,"23":1,"24":1,"25":1,"26":1,"27":0,"28":1,"29":1,"30":2,"31":1,"32":1,"33":1,"34":2,"35":2,"36":0,"37":0,"38":0,"39":1,"40":2,"41":2,"42":5,"43":5,"44":5,"45":5,"46":5,"47":5,"48":5,"49":2,"50":2,"51":0,"52":2,"53":3,"54":2,"55":1,"56":3,"57":3,"58":8,"59":5,"60":5,"61":5,"62":3,"63":3,"64":1,"65":0,"66":0,"67":1,"68":3,"69":3,"70":3,"71":3,"72":0,"73":0,"74":3,"75":3,"76":2,"77":2,"78":2,"79":1,"80":1,"81":1,"82":1,"83":1,"84":1,"85":1,"86":1,"87":3,"88":3,"89":3,"90":3,"91":1,"92":2,"93":2,"94":2,"95":2,"96":2,"97":1,"98":1,"99":1,"100":1,"101":3,"102":3,"103":3,"104":1,"105":1,"106":2,"107":1,"108":1,"109":1,"110":3,"111":3,"112":3,"113":3,"114":1,"115":1,"116":2,"117":1,"118":1,"119":1,"120":3,"121":3,"122":3,"123":3,"124":1,"125":1,"126":2,"127":1,"128":1,"129":1,"130":3,"131":3,"132":3,"133":3,"134":1,"135":1,"136":2,"137":1,"138":1,"139":1,"140":3,"141":3,"142":3,"143":3,"144":1,"145":1,"146":2,"147":1,"148":1,"149":1,"150":3,"151":3,"152":3,"153":3,"154":1,"155":1,"156":2,"157":1,"158":1,"159":1,"160":3,"161":3,"162":3,"163":3,"164":1,"165":1,"166":2,"167":1,"168":1,"169":1,"170":3,"171":3,"172":3,"173":3,"174":3,"175":1,"176":1,"177":2,"178":1,"179":1,"180":1,"181":3,"182":3,"183":3,"184":3,"185":3,"186":3,"187":1,"188":1,"189":2,"190":1,"191":1,"192":1,"193":0,"194":0,"195":1,"196":1,"197":3,"198":3,"199":3,"200":3,"201":1,"202":1,"203":2,"204":1,"205":1,"206":1,"207":3,"208":3,"209":3,"210":3,"211":1,"212":1,"213":2,"214":1,"215":1,"216":1,"217":3,"218":3,"219":3,"220":3,"221":1,"222":1,"223":2,"224":1,"225":1,"226":1,"227":3,"228":3,"229":3,"230":3,"231":1,"232":1,"233":2,"234":1,"235":1,"236":1,"237":3,"238":3,"239":3,"240":3,"241":1,"242":1,"243":2,"244":1,"245":1,"246":1,"247":3,"248":3,"249":3,"250":3,"251":1,"252":1,"253":2,"254":1,"255":1,"256":1,"257":3,"258":3,"259":3,"260":1,"261":1,"262":2,"263":1,"264":1,"265":1,"266":3,"267":3,"268":3,"269":3,"270":1,"271":1,"272":2,"273":1,"274":1,"275":1,"276":3,"277":3,"278":3,"279":3,"280":1,"281":1,"282":2,"283":1,"284":1,"285":1,"286":0,"287":0,"288":0,"289":0,"290":0,"291":0,"292":0,"293":0,"294":0,"295":1,"296":0,"297":0,"298":0,"299":0,"300":0,"301":0,"302":0,"303":0,"304":0,"305":1,"306":3,"307":3,"308":3,"309":3,"310":1,"311":1,"312":2,"313":1,"314":1,"315":1},"f":{"0":0,"1":0,"2":1,"3":0,"4":2,"5":0,"6":2,"7":5,"8":3,"9":5,"10":0,"11":3,"12":3,"13":3,"14":3,"15":2,"16":3,"17":3,"18":3,"19":3,"20":3,"21":3,"22":3,"23":3,"24":3,"25":3,"26":3,"27":3,"28":3,"29":3,"30":3,"31":3,"32":3,"33":3,"34":1,"35":3,"36":3,"37":3,"38":3,"39":3,"40":3,"41":3,"42":3,"43":3,"44":3,"45":3,"46":3,"47":3,"48":3,"49":3,"50":3,"51":3,"52":3,"53":0,"54":0,"55":0,"56":0,"57":3,"58":3},"b":{"0":[0,0],"1":[0,0],"2":[0,1],"3":[1,1],"4":[0,0],"5":[2,3],"6":[0,2],"7":[5,3],"8":[8,5],"9":[0,3],"10":[2,1],"11":[1,1],"12":[1,2],"13":[1,1],"14":[1,2],"15":[1,1],"16":[2,2],"17":[1,2],"18":[1,1],"19":[2,2],"20":[1,2],"21":[1,1],"22":[2,2],"23":[1,2],"24":[1,1],"25":[2,2],"26":[1,2],"27":[1,1],"28":[2,2],"29":[1,2],"30":[1,1],"31":[2,2],"32":[1,2],"33":[1,1],"34":[2,2],"35":[1,2],"36":[1,1],"37":[2,2],"38":[1,2],"39":[1,1],"40":[2,2],"41":[0,1],"42":[1,2],"43":[1,1],"44":[2,2],"45":[1,2],"46":[1,1],"47":[2,2],"48":[1,2],"49":[1,1],"50":[2,2],"51":[1,2],"52":[1,1],"53":[2,2],"54":[1,2],"55":[1,1],"56":[2,2],"57":[1,2],"58":[1,1],"59":[2,2],"60":[1,2],"61":[1,1],"62":[2,2],"63":[1,2],"64":[1,1],"65":[2,2],"66":[1,2],"67":[1,1],"68":[2,2],"69":[0,0],"70":[0,0],"71":[0,0],"72":[0,0],"73":[0,0],"74":[0,0],"75":[1,2],"76":[1,1],"77":[2,2]},"_coverageSchema":"1a1c01bbd47fc00a2c39e90264f33305004495a9","hash":"9d7785a14f3a2bfcf1083c50b07d9940ee43b693"}
,"C:\\Users\\User-Admin\\Documents\\UniWork\\WorkingDissertationV2\\Fitness-Future-Dissertation-Project\\fitness-web-app\\src\\UnregisteredNavbar.js": {"path":"C:\\Users\\User-Admin\\Documents\\UniWork\\WorkingDissertationV2\\Fitness-Future-Dissertation-Project\\fitness-web-app\\src\\UnregisteredNavbar.js","statementMap":{"0":{"start":{"line":10,"column":27},"end":{"line":25,"column":1}},"1":{"start":{"line":13,"column":0},"end":{"line":24,"column":11}}},"fnMap":{"0":{"name":"(anonymous_0)","decl":{"start":{"line":10,"column":27},"end":{"line":10,"column":28}},"loc":{"start":{"line":13,"column":0},"end":{"line":24,"column":11}},"line":13}},"branchMap":{},"s":{"0":2,"1":4},"f":{"0":4},"b":{},"_coverageSchema":"1a1c01bbd47fc00a2c39e90264f33305004495a9","hash":"4073295f24094ed90e907a0e50b2f0b75ea8dd38"}
,"C:\\Users\\User-Admin\\Documents\\UniWork\\WorkingDissertationV2\\Fitness-Future-Dissertation-Project\\fitness-web-app\\src\\User.js": {"path":"C:\\Users\\User-Admin\\Documents\\UniWork\\WorkingDissertationV2\\Fitness-Future-Dissertation-Project\\fitness-web-app\\src\\User.js","statementMap":{"0":{"start":{"line":23,"column":17},"end":{"line":255,"column":1}},"1":{"start":{"line":24,"column":22},"end":{"line":24,"column":46}},"2":{"start":{"line":25,"column":21},"end":{"line":25,"column":45}},"3":{"start":{"line":26,"column":45},"end":{"line":26,"column":57}},"4":{"start":{"line":27,"column":48},"end":{"line":27,"column":60}},"5":{"start":{"line":28,"column":52},"end":{"line":28,"column":64}},"6":{"start":{"line":30,"column":40},"end":{"line":30,"column":52}},"7":{"start":{"line":31,"column":38},"end":{"line":31,"column":50}},"8":{"start":{"line":32,"column":18},"end":{"line":32,"column":42}},"9":{"start":{"line":33,"column":17},"end":{"line":33,"column":30}},"10":{"start":{"line":34,"column":17},"end":{"line":34,"column":30}},"11":{"start":{"line":35,"column":23},"end":{"line":35,"column":70}},"12":{"start":{"line":39,"column":0},"end":{"line":39,"column":33}},"13":{"start":{"line":42,"column":0},"end":{"line":74,"column":26}},"14":{"start":{"line":43,"column":20},"end":{"line":71,"column":3}},"15":{"start":{"line":44,"column":4},"end":{"line":70,"column":5}},"16":{"start":{"line":45,"column":23},"end":{"line":47,"column":7}},"17":{"start":{"line":48,"column":23},"end":{"line":48,"column":41}},"18":{"start":{"line":52,"column":32},"end":{"line":55,"column":9}},"19":{"start":{"line":52,"column":56},"end":{"line":55,"column":7}},"20":{"start":{"line":58,"column":6},"end":{"line":58,"column":66}},"21":{"start":{"line":58,"column":39},"end":{"line":58,"column":64}},"22":{"start":{"line":60,"column":6},"end":{"line":60,"column":45}},"23":{"start":{"line":62,"column":30},"end":{"line":62,"column":84}},"24":{"start":{"line":62,"column":65},"end":{"line":62,"column":81}},"25":{"start":{"line":65,"column":6},"end":{"line":65,"column":45}},"26":{"start":{"line":68,"column":6},"end":{"line":68,"column":37}},"27":{"start":{"line":73,"column":2},"end":{"line":73,"column":14}},"28":{"start":{"line":77,"column":29},"end":{"line":80,"column":1}},"29":{"start":{"line":78,"column":19},"end":{"line":78,"column":33}},"30":{"start":{"line":79,"column":2},"end":{"line":79,"column":32}},"31":{"start":{"line":87,"column":26},"end":{"line":138,"column":1}},"32":{"start":{"line":88,"column":25},"end":{"line":88,"column":27}},"33":{"start":{"line":90,"column":20},"end":{"line":90,"column":24}},"34":{"start":{"line":91,"column":19},"end":{"line":91,"column":20}},"35":{"start":{"line":92,"column":21},"end":{"line":92,"column":22}},"36":{"start":{"line":94,"column":2},"end":{"line":128,"column":1}},"37":{"start":{"line":96,"column":17},"end":{"line":100,"column":6}},"38":{"start":{"line":104,"column":4},"end":{"line":127,"column":3}},"39":{"start":{"line":106,"column":4},"end":{"line":120,"column":5}},"40":{"start":{"line":109,"column":6},"end":{"line":114,"column":7}},"41":{"start":{"line":110,"column":8},"end":{"line":113,"column":11}},"42":{"start":{"line":117,"column":6},"end":{"line":117,"column":25}},"43":{"start":{"line":118,"column":6},"end":{"line":118,"column":21}},"44":{"start":{"line":119,"column":6},"end":{"line":119,"column":23}},"45":{"start":{"line":123,"column":4},"end":{"line":123,"column":40}},"46":{"start":{"line":124,"column":4},"end":{"line":124,"column":19}},"47":{"start":{"line":131,"column":2},"end":{"line":136,"column":3}},"48":{"start":{"line":132,"column":4},"end":{"line":135,"column":7}},"49":{"start":{"line":137,"column":2},"end":{"line":137,"column":24}},"50":{"start":{"line":141,"column":23},"end":{"line":141,"column":42}},"51":{"start":{"line":144,"column":15},"end":{"line":144,"column":54}},"52":{"start":{"line":144,"column":44},"end":{"line":144,"column":53}},"53":{"start":{"line":145,"column":15},"end":{"line":145,"column":63}},"54":{"start":{"line":145,"column":44},"end":{"line":145,"column":62}},"55":{"start":{"line":147,"column":18},"end":{"line":158,"column":1}},"56":{"start":{"line":160,"column":0},"end":{"line":179,"column":28}},"57":{"start":{"line":161,"column":25},"end":{"line":175,"column":5}},"58":{"start":{"line":162,"column":6},"end":{"line":174,"column":7}},"59":{"start":{"line":163,"column":25},"end":{"line":165,"column":9}},"60":{"start":{"line":166,"column":8},"end":{"line":166,"column":48}},"61":{"start":{"line":169,"column":6},"end":{"line":169,"column":51}},"62":{"start":{"line":170,"column":6},"end":{"line":170,"column":56}},"63":{"start":{"line":173,"column":8},"end":{"line":173,"column":39}},"64":{"start":{"line":178,"column":4},"end":{"line":178,"column":19}},"65":{"start":{"line":181,"column":2},"end":{"line":254,"column":4}},"66":{"start":{"line":232,"column":22},"end":{"line":234,"column":31}}},"fnMap":{"0":{"name":"(anonymous_0)","decl":{"start":{"line":23,"column":17},"end":{"line":23,"column":18}},"loc":{"start":{"line":23,"column":23},"end":{"line":255,"column":1}},"line":23},"1":{"name":"(anonymous_1)","decl":{"start":{"line":42,"column":10},"end":{"line":42,"column":11}},"loc":{"start":{"line":42,"column":16},"end":{"line":74,"column":1}},"line":42},"2":{"name":"(anonymous_2)","decl":{"start":{"line":43,"column":20},"end":{"line":43,"column":21}},"loc":{"start":{"line":43,"column":32},"end":{"line":71,"column":3}},"line":43},"3":{"name":"(anonymous_3)","decl":{"start":{"line":52,"column":45},"end":{"line":52,"column":46}},"loc":{"start":{"line":52,"column":56},"end":{"line":55,"column":7}},"line":52},"4":{"name":"(anonymous_4)","decl":{"start":{"line":58,"column":29},"end":{"line":58,"column":30}},"loc":{"start":{"line":58,"column":39},"end":{"line":58,"column":64}},"line":58},"5":{"name":"(anonymous_5)","decl":{"start":{"line":62,"column":55},"end":{"line":62,"column":56}},"loc":{"start":{"line":62,"column":65},"end":{"line":62,"column":81}},"line":62},"6":{"name":"(anonymous_6)","decl":{"start":{"line":77,"column":29},"end":{"line":77,"column":30}},"loc":{"start":{"line":77,"column":36},"end":{"line":80,"column":1}},"line":77},"7":{"name":"(anonymous_7)","decl":{"start":{"line":87,"column":26},"end":{"line":87,"column":27}},"loc":{"start":{"line":87,"column":32},"end":{"line":138,"column":1}},"line":87},"8":{"name":"(anonymous_8)","decl":{"start":{"line":144,"column":34},"end":{"line":144,"column":35}},"loc":{"start":{"line":144,"column":44},"end":{"line":144,"column":53}},"line":144},"9":{"name":"(anonymous_9)","decl":{"start":{"line":145,"column":34},"end":{"line":145,"column":35}},"loc":{"start":{"line":145,"column":44},"end":{"line":145,"column":62}},"line":145},"10":{"name":"(anonymous_10)","decl":{"start":{"line":160,"column":10},"end":{"line":160,"column":11}},"loc":{"start":{"line":160,"column":16},"end":{"line":179,"column":3}},"line":160},"11":{"name":"(anonymous_11)","decl":{"start":{"line":161,"column":25},"end":{"line":161,"column":26}},"loc":{"start":{"line":161,"column":37},"end":{"line":175,"column":5}},"line":161},"12":{"name":"(anonymous_12)","decl":{"start":{"line":231,"column":44},"end":{"line":231,"column":45}},"loc":{"start":{"line":232,"column":22},"end":{"line":234,"column":31}},"line":232}},"branchMap":{"0":{"loc":{"start":{"line":35,"column":23},"end":{"line":35,"column":70}},"type":"binary-expr","locations":[{"start":{"line":35,"column":23},"end":{"line":35,"column":37}},{"start":{"line":35,"column":41},"end":{"line":35,"column":70}}],"line":35},"1":{"loc":{"start":{"line":104,"column":4},"end":{"line":127,"column":3}},"type":"if","locations":[{"start":{"line":104,"column":4},"end":{"line":127,"column":3}},{"start":{},"end":{}}],"line":104},"2":{"loc":{"start":{"line":106,"column":4},"end":{"line":120,"column":5}},"type":"if","locations":[{"start":{"line":106,"column":4},"end":{"line":120,"column":5}},{"start":{},"end":{}}],"line":106},"3":{"loc":{"start":{"line":109,"column":6},"end":{"line":114,"column":7}},"type":"if","locations":[{"start":{"line":109,"column":6},"end":{"line":114,"column":7}},{"start":{},"end":{}}],"line":109},"4":{"loc":{"start":{"line":131,"column":2},"end":{"line":136,"column":3}},"type":"if","locations":[{"start":{"line":131,"column":2},"end":{"line":136,"column":3}},{"start":{},"end":{}}],"line":131},"5":{"loc":{"start":{"line":186,"column":9},"end":{"line":194,"column":5}},"type":"binary-expr","locations":[{"start":{"line":186,"column":9},"end":{"line":186,"column":23}},{"start":{"line":187,"column":8},"end":{"line":193,"column":14}}],"line":186}},"s":{"0":1,"1":2,"2":2,"3":2,"4":2,"5":2,"6":2,"7":2,"8":2,"9":2,"10":2,"11":2,"12":2,"13":2,"14":1,"15":1,"16":1,"17":1,"18":1,"19":1,"20":1,"21":0,"22":1,"23":1,"24":1,"25":1,"26":0,"27":1,"28":2,"29":0,"30":0,"31":2,"32":2,"33":2,"34":2,"35":2,"36":2,"37":1,"38":1,"39":0,"40":0,"41":0,"42":0,"43":0,"44":0,"45":0,"46":0,"47":2,"48":0,"49":2,"50":2,"51":2,"52":0,"53":2,"54":0,"55":2,"56":2,"57":1,"58":1,"59":1,"60":1,"61":1,"62":1,"63":0,"64":1,"65":2,"66":1},"f":{"0":2,"1":1,"2":1,"3":1,"4":0,"5":1,"6":0,"7":2,"8":0,"9":0,"10":1,"11":1,"12":1},"b":{"0":[2,0],"1":[0,1],"2":[0,0],"3":[0,0],"4":[0,2],"5":[2,0]},"_coverageSchema":"1a1c01bbd47fc00a2c39e90264f33305004495a9","hash":"8fea0f76edc594f422d94a1c04aef9943a40b1e1"}
,"C:\\Users\\User-Admin\\Documents\\UniWork\\WorkingDissertationV2\\Fitness-Future-Dissertation-Project\\fitness-web-app\\src\\queries.js": {"path":"C:\\Users\\User-Admin\\Documents\\UniWork\\WorkingDissertationV2\\Fitness-Future-Dissertation-Project\\fitness-web-app\\src\\queries.js","statementMap":{"0":{"start":{"line":3,"column":2},"end":{"line":95,"column":4}}},"fnMap":{},"branchMap":{},"s":{"0":1},"f":{},"b":{},"_coverageSchema":"1a1c01bbd47fc00a2c39e90264f33305004495a9","hash":"801a491ec28ad8fd5a1ad4c58579eee0b503967e"}
}
