TN:
SF:src\Server.js
FN:28,(anonymous_0)
FN:36,(anonymous_1)
FN:38,(anonymous_2)
FN:61,(anonymous_3)
FN:69,(anonymous_4)
FN:79,(anonymous_5)
FN:82,(anonymous_6)
FN:120,(anonymous_7)
FN:126,(anonymous_8)
FN:143,(anonymous_9)
FN:271,(anonymous_10)
FN:276,(anonymous_11)
FN:311,(anonymous_12)
FN:321,(anonymous_13)
FN:332,(anonymous_14)
FN:346,(anonymous_15)
FN:349,(anonymous_16)
FN:372,(anonymous_17)
FN:378,(anonymous_18)
FN:401,(anonymous_19)
FN:406,(anonymous_20)
FN:430,(anonymous_21)
FN:435,(anonymous_22)
FN:458,(anonymous_23)
FN:463,(anonymous_24)
FN:486,(anonymous_25)
FN:491,(anonymous_26)
FN:515,(anonymous_27)
FN:529,(anonymous_28)
FN:553,(anonymous_29)
FN:560,(anonymous_30)
FN:585,(anonymous_31)
FN:590,(anonymous_32)
FN:614,(anonymous_33)
FN:619,(anonymous_34)
FN:644,(anonymous_35)
FN:648,(anonymous_36)
FN:672,(anonymous_37)
FN:676,(anonymous_38)
FN:700,(anonymous_39)
FN:708,(anonymous_40)
FN:731,(anonymous_41)
FN:736,(anonymous_42)
FN:759,(anonymous_43)
FN:762,(anonymous_44)
FN:786,(anonymous_45)
FN:791,(anonymous_46)
FN:815,(anonymous_47)
FN:820,(anonymous_48)
FN:845,(anonymous_49)
FN:850,(anonymous_50)
FN:873,(anonymous_51)
FN:879,(anonymous_52)
FN:903,(anonymous_53)
FN:908,(anonymous_54)
FNF:55
FNH:48
FNDA:1,(anonymous_0)
FNDA:1,(anonymous_1)
FNDA:0,(anonymous_2)
FNDA:2,(anonymous_3)
FNDA:0,(anonymous_4)
FNDA:2,(anonymous_5)
FNDA:5,(anonymous_6)
FNDA:3,(anonymous_7)
FNDA:5,(anonymous_8)
FNDA:0,(anonymous_9)
FNDA:3,(anonymous_10)
FNDA:3,(anonymous_11)
FNDA:3,(anonymous_12)
FNDA:3,(anonymous_13)
FNDA:2,(anonymous_14)
FNDA:3,(anonymous_15)
FNDA:3,(anonymous_16)
FNDA:3,(anonymous_17)
FNDA:3,(anonymous_18)
FNDA:3,(anonymous_19)
FNDA:3,(anonymous_20)
FNDA:3,(anonymous_21)
FNDA:3,(anonymous_22)
FNDA:3,(anonymous_23)
FNDA:3,(anonymous_24)
FNDA:3,(anonymous_25)
FNDA:3,(anonymous_26)
FNDA:3,(anonymous_27)
FNDA:3,(anonymous_28)
FNDA:3,(anonymous_29)
FNDA:3,(anonymous_30)
FNDA:3,(anonymous_31)
FNDA:3,(anonymous_32)
FNDA:3,(anonymous_33)
FNDA:3,(anonymous_34)
FNDA:3,(anonymous_35)
FNDA:3,(anonymous_36)
FNDA:3,(anonymous_37)
FNDA:3,(anonymous_38)
FNDA:3,(anonymous_39)
FNDA:3,(anonymous_40)
FNDA:3,(anonymous_41)
FNDA:3,(anonymous_42)
FNDA:3,(anonymous_43)
FNDA:3,(anonymous_44)
FNDA:3,(anonymous_45)
FNDA:3,(anonymous_46)
FNDA:3,(anonymous_47)
FNDA:3,(anonymous_48)
FNDA:0,(anonymous_49)
FNDA:0,(anonymous_50)
FNDA:0,(anonymous_51)
FNDA:0,(anonymous_52)
FNDA:3,(anonymous_53)
FNDA:3,(anonymous_54)
DA:3,1
DA:4,1
DA:5,1
DA:6,1
DA:7,1
DA:9,1
DA:10,1
DA:11,1
DA:12,1
DA:13,1
DA:17,1
DA:20,1
DA:28,1
DA:29,1
DA:30,1
DA:34,1
DA:35,1
DA:36,1
DA:38,1
DA:39,0
DA:52,1
DA:61,1
DA:62,2
DA:64,1
DA:66,1
DA:67,2
DA:69,2
DA:70,0
DA:71,0
DA:73,0
DA:79,1
DA:80,2
DA:82,2
DA:83,5
DA:84,5
DA:85,5
DA:86,5
DA:87,5
DA:88,5
DA:90,5
DA:91,2
DA:92,2
DA:93,0
DA:99,2
DA:106,3
DA:117,2
DA:120,1
DA:121,3
DA:123,3
DA:124,8
DA:125,5
DA:126,5
DA:127,5
DA:132,3
DA:134,3
DA:143,1
DA:144,0
DA:152,0
DA:271,1
DA:272,3
DA:274,3
DA:276,3
DA:277,3
DA:278,0
DA:279,0
DA:284,3
DA:286,3
DA:287,2
DA:288,2
DA:290,2
DA:291,1
DA:292,1
DA:293,1
DA:294,1
DA:296,1
DA:297,1
DA:303,1
DA:311,1
DA:313,3
DA:316,3
DA:318,3
DA:322,3
DA:323,1
DA:325,2
DA:327,2
DA:330,2
DA:332,2
DA:333,2
DA:334,1
DA:338,1
DA:339,1
DA:346,1
DA:347,3
DA:349,3
DA:350,3
DA:351,1
DA:352,1
DA:358,2
DA:359,1
DA:365,1
DA:372,1
DA:373,3
DA:375,3
DA:378,3
DA:379,3
DA:380,1
DA:381,1
DA:387,2
DA:388,1
DA:394,1
DA:401,1
DA:402,3
DA:404,3
DA:406,3
DA:407,3
DA:408,1
DA:409,1
DA:415,2
DA:416,1
DA:422,1
DA:430,1
DA:431,3
DA:433,3
DA:435,3
DA:436,3
DA:437,1
DA:438,1
DA:444,2
DA:445,1
DA:451,1
DA:458,1
DA:459,3
DA:461,3
DA:463,3
DA:464,3
DA:465,1
DA:466,1
DA:472,2
DA:473,1
DA:479,1
DA:486,1
DA:487,3
DA:489,3
DA:491,3
DA:492,3
DA:493,1
DA:494,1
DA:500,2
DA:501,1
DA:507,1
DA:515,1
DA:521,3
DA:523,3
DA:525,3
DA:529,3
DA:530,3
DA:531,1
DA:532,1
DA:538,2
DA:539,1
DA:545,1
DA:553,1
DA:554,3
DA:556,3
DA:558,3
DA:560,3
DA:561,3
DA:562,1
DA:563,1
DA:569,2
DA:570,1
DA:576,1
DA:585,1
DA:586,3
DA:588,3
DA:590,3
DA:591,3
DA:592,1
DA:593,1
DA:599,2
DA:600,1
DA:606,1
DA:614,1
DA:615,3
DA:617,3
DA:619,3
DA:620,3
DA:621,1
DA:622,1
DA:628,2
DA:629,1
DA:635,1
DA:644,1
DA:645,3
DA:646,3
DA:648,3
DA:649,3
DA:650,1
DA:651,1
DA:657,2
DA:658,1
DA:664,1
DA:672,1
DA:673,3
DA:674,3
DA:676,3
DA:677,3
DA:678,1
DA:679,1
DA:685,2
DA:686,1
DA:692,1
DA:700,1
DA:701,3
DA:706,3
DA:708,3
DA:709,3
DA:710,1
DA:711,1
DA:717,2
DA:718,1
DA:724,1
DA:731,1
DA:732,3
DA:734,3
DA:736,3
DA:737,3
DA:738,1
DA:739,1
DA:745,2
DA:746,1
DA:752,1
DA:759,1
DA:760,3
DA:762,3
DA:763,3
DA:764,1
DA:765,1
DA:771,2
DA:772,1
DA:778,1
DA:786,1
DA:787,3
DA:789,3
DA:791,3
DA:792,3
DA:793,1
DA:794,1
DA:800,2
DA:801,1
DA:807,1
DA:815,1
DA:816,3
DA:818,3
DA:820,3
DA:821,3
DA:822,1
DA:823,1
DA:829,2
DA:830,1
DA:836,1
DA:845,1
DA:846,0
DA:848,0
DA:850,0
DA:851,0
DA:852,0
DA:853,0
DA:859,0
DA:860,0
DA:866,0
DA:873,1
DA:874,0
DA:876,0
DA:879,0
DA:880,0
DA:881,0
DA:882,0
DA:888,0
DA:889,0
DA:895,0
DA:903,1
DA:904,3
DA:906,3
DA:908,3
DA:909,3
DA:910,1
DA:911,1
DA:917,2
DA:918,1
DA:924,1
DA:933,1
LF:292
LH:265
BRDA:30,0,0,0
BRDA:30,0,1,1
BRDA:62,1,0,1
BRDA:62,1,1,1
BRDA:70,2,0,0
BRDA:70,2,1,0
BRDA:90,3,0,2
BRDA:90,3,1,3
BRDA:92,4,0,0
BRDA:92,4,1,2
BRDA:124,5,0,5
BRDA:124,5,1,3
BRDA:124,6,0,8
BRDA:124,6,1,5
BRDA:277,7,0,0
BRDA:277,7,1,3
BRDA:286,8,0,2
BRDA:286,8,1,1
BRDA:290,9,0,1
BRDA:290,9,1,1
BRDA:322,10,0,1
BRDA:322,10,1,2
BRDA:333,11,0,1
BRDA:333,11,1,1
BRDA:350,12,0,1
BRDA:350,12,1,2
BRDA:358,13,0,1
BRDA:358,13,1,1
BRDA:358,14,0,2
BRDA:358,14,1,2
BRDA:379,15,0,1
BRDA:379,15,1,2
BRDA:387,16,0,1
BRDA:387,16,1,1
BRDA:387,17,0,2
BRDA:387,17,1,2
BRDA:407,18,0,1
BRDA:407,18,1,2
BRDA:415,19,0,1
BRDA:415,19,1,1
BRDA:415,20,0,2
BRDA:415,20,1,2
BRDA:436,21,0,1
BRDA:436,21,1,2
BRDA:444,22,0,1
BRDA:444,22,1,1
BRDA:444,23,0,2
BRDA:444,23,1,2
BRDA:464,24,0,1
BRDA:464,24,1,2
BRDA:472,25,0,1
BRDA:472,25,1,1
BRDA:472,26,0,2
BRDA:472,26,1,2
BRDA:492,27,0,1
BRDA:492,27,1,2
BRDA:500,28,0,1
BRDA:500,28,1,1
BRDA:500,29,0,2
BRDA:500,29,1,2
BRDA:530,30,0,1
BRDA:530,30,1,2
BRDA:538,31,0,1
BRDA:538,31,1,1
BRDA:538,32,0,2
BRDA:538,32,1,2
BRDA:561,33,0,1
BRDA:561,33,1,2
BRDA:569,34,0,1
BRDA:569,34,1,1
BRDA:569,35,0,2
BRDA:569,35,1,2
BRDA:591,36,0,1
BRDA:591,36,1,2
BRDA:599,37,0,1
BRDA:599,37,1,1
BRDA:599,38,0,2
BRDA:599,38,1,2
BRDA:620,39,0,1
BRDA:620,39,1,2
BRDA:628,40,0,1
BRDA:628,40,1,1
BRDA:628,41,0,2
BRDA:628,41,1,2
BRDA:649,42,0,1
BRDA:649,42,1,2
BRDA:657,43,0,1
BRDA:657,43,1,1
BRDA:657,44,0,2
BRDA:657,44,1,2
BRDA:677,45,0,1
BRDA:677,45,1,2
BRDA:685,46,0,1
BRDA:685,46,1,1
BRDA:685,47,0,2
BRDA:685,47,1,2
BRDA:709,48,0,1
BRDA:709,48,1,2
BRDA:717,49,0,1
BRDA:717,49,1,1
BRDA:717,50,0,2
BRDA:717,50,1,2
BRDA:737,51,0,1
BRDA:737,51,1,2
BRDA:745,52,0,1
BRDA:745,52,1,1
BRDA:745,53,0,2
BRDA:745,53,1,2
BRDA:763,54,0,1
BRDA:763,54,1,2
BRDA:771,55,0,1
BRDA:771,55,1,1
BRDA:771,56,0,2
BRDA:771,56,1,2
BRDA:792,57,0,1
BRDA:792,57,1,2
BRDA:800,58,0,1
BRDA:800,58,1,1
BRDA:800,59,0,2
BRDA:800,59,1,2
BRDA:821,60,0,1
BRDA:821,60,1,2
BRDA:829,61,0,1
BRDA:829,61,1,1
BRDA:829,62,0,2
BRDA:829,62,1,2
BRDA:851,63,0,0
BRDA:851,63,1,0
BRDA:859,64,0,0
BRDA:859,64,1,0
BRDA:859,65,0,0
BRDA:859,65,1,0
BRDA:880,66,0,0
BRDA:880,66,1,0
BRDA:888,67,0,0
BRDA:888,67,1,0
BRDA:888,68,0,0
BRDA:888,68,1,0
BRDA:909,69,0,1
BRDA:909,69,1,2
BRDA:917,70,0,1
BRDA:917,70,1,1
BRDA:917,71,0,2
BRDA:917,71,1,2
BRF:144
BRH:127
end_of_record
TN:
SF:src\queries.js
FNF:0
FNH:0
DA:3,1
LF:1
LH:1
BRF:0
BRH:0
end_of_record
