TN:
SF:src\AddWorkoutsToRoutine.js
FN:16,(anonymous_0)
FN:37,(anonymous_1)
FN:51,(anonymous_2)
FN:68,(anonymous_3)
FN:72,(anonymous_4)
FN:76,(anonymous_5)
FN:80,(anonymous_6)
FN:98,(anonymous_7)
FN:107,(anonymous_8)
FN:127,(anonymous_9)
FN:191,(anonymous_10)
FN:194,(anonymous_11)
FN:211,(anonymous_12)
FN:216,(anonymous_13)
FN:233,(anonymous_14)
FN:248,(anonymous_15)
FNF:16
FNH:10
FNDA:4,(anonymous_0)
FNDA:2,(anonymous_1)
FNDA:2,(anonymous_2)
FNDA:2,(anonymous_3)
FNDA:2,(anonymous_4)
FNDA:2,(anonymous_5)
FNDA:2,(anonymous_6)
FNDA:2,(anonymous_7)
FNDA:0,(anonymous_8)
FNDA:0,(anonymous_9)
FNDA:0,(anonymous_10)
FNDA:2,(anonymous_11)
FNDA:0,(anonymous_12)
FNDA:2,(anonymous_13)
FNDA:0,(anonymous_14)
FNDA:0,(anonymous_15)
DA:16,1
DA:17,4
DA:18,4
DA:19,4
DA:20,4
DA:21,4
DA:22,4
DA:23,4
DA:24,4
DA:25,4
DA:26,4
DA:27,4
DA:29,4
DA:31,4
DA:33,4
DA:35,4
DA:37,4
DA:39,2
DA:40,2
DA:41,2
DA:43,2
DA:45,2
DA:51,4
DA:54,2
DA:55,2
DA:59,2
DA:65,2
DA:67,1
DA:68,2
DA:71,1
DA:72,2
DA:75,1
DA:76,2
DA:79,1
DA:80,2
DA:85,1
DA:86,1
DA:87,1
DA:88,1
DA:89,1
DA:90,1
DA:93,0
DA:94,0
DA:98,4
DA:99,2
DA:100,2
DA:101,0
DA:102,0
DA:104,0
DA:106,0
DA:107,0
DA:108,0
DA:109,0
DA:110,0
DA:111,0
DA:115,0
DA:116,0
DA:117,0
DA:120,0
DA:127,4
DA:128,0
DA:130,0
DA:131,0
DA:132,0
DA:135,0
DA:136,0
DA:137,0
DA:139,0
DA:140,0
DA:152,0
DA:153,0
DA:155,0
DA:156,0
DA:157,0
DA:159,0
DA:161,0
DA:162,0
DA:164,0
DA:165,0
DA:168,4
DA:191,0
DA:195,2
DA:211,0
DA:218,2
DA:233,0
DA:248,0
LF:86
LH:48
BRDA:35,0,0,4
BRDA:35,0,1,0
BRDA:65,1,0,1
BRDA:65,1,1,1
BRDA:65,2,0,2
BRDA:65,2,1,1
BRDA:89,3,0,1
BRDA:89,3,1,0
BRDA:89,4,0,1
BRDA:89,4,1,0
BRDA:100,5,0,0
BRDA:100,5,1,2
BRDA:106,6,0,0
BRDA:106,6,1,0
BRDA:109,7,0,0
BRDA:109,7,1,0
BRDA:115,8,0,0
BRDA:115,8,1,0
BRDA:115,9,0,0
BRDA:115,9,1,0
BRDA:130,10,0,0
BRDA:130,10,1,0
BRDA:130,11,0,0
BRDA:130,11,1,0
BRDA:130,11,2,0
BRDA:218,12,0,2
BRDA:218,12,1,2
BRDA:240,13,0,4
BRDA:240,13,1,0
BRDA:246,14,0,4
BRDA:246,14,1,0
BRDA:257,15,0,4
BRDA:257,15,1,1
BRF:33
BRH:14
end_of_record
TN:
SF:src\ApiStatus.js
FN:4,(anonymous_0)
FN:7,(anonymous_1)
FN:8,(anonymous_2)
FNF:3
FNH:3
FNDA:4,(anonymous_0)
FNDA:2,(anonymous_1)
FNDA:2,(anonymous_2)
DA:4,1
DA:5,4
DA:7,4
DA:8,2
DA:9,2
DA:10,2
DA:11,1
DA:13,1
DA:14,1
DA:18,2
DA:21,4
LF:11
LH:11
BRF:0
BRH:0
end_of_record
TN:
SF:src\AuthContext.js
FN:8,AuthProvider
FN:20,(anonymous_1)
FN:54,(anonymous_2)
FN:86,useAuth
FNF:4
FNH:3
FNDA:2,AuthProvider
FNDA:1,(anonymous_1)
FNDA:0,(anonymous_2)
FNDA:2,useAuth
DA:5,2
DA:12,2
DA:16,2
DA:17,2
DA:18,2
DA:20,2
DA:21,1
DA:22,1
DA:29,1
DA:30,1
DA:31,1
DA:32,1
DA:33,1
DA:34,1
DA:35,1
DA:36,1
DA:39,1
DA:40,1
DA:41,1
DA:42,1
DA:43,1
DA:45,0
DA:48,0
DA:54,2
DA:55,0
DA:56,0
DA:57,0
DA:60,0
DA:61,0
DA:62,0
DA:65,2
DA:68,2
DA:75,2
DA:87,2
LF:34
LH:26
BRDA:16,0,0,2
BRDA:16,0,1,2
BRDA:17,1,0,2
BRDA:17,1,1,2
BRDA:18,2,0,2
BRDA:18,2,1,2
BRDA:29,3,0,1
BRDA:29,3,1,0
BRF:8
BRH:7
end_of_record
TN:
SF:src\CreateWorkoutRoutine.js
FN:16,(anonymous_0)
FN:28,(anonymous_1)
FN:35,(anonymous_2)
FN:48,(anonymous_3)
FN:49,(anonymous_4)
FN:65,(anonymous_5)
FN:121,(anonymous_6)
FN:127,(anonymous_7)
FN:144,(anonymous_8)
FNF:9
FNH:8
FNDA:7,(anonymous_0)
FNDA:3,(anonymous_1)
FNDA:4,(anonymous_2)
FNDA:2,(anonymous_3)
FNDA:7,(anonymous_4)
FNDA:1,(anonymous_5)
FNDA:1,(anonymous_6)
FNDA:47,(anonymous_7)
FNDA:0,(anonymous_8)
DA:16,1
DA:17,7
DA:18,7
DA:19,7
DA:20,7
DA:21,7
DA:22,7
DA:23,7
DA:24,7
DA:25,7
DA:28,7
DA:30,3
DA:35,7
DA:36,4
DA:37,4
DA:44,2
DA:45,1
DA:46,1
DA:48,2
DA:49,7
DA:51,1
DA:52,1
DA:54,1
DA:56,1
DA:57,1
DA:60,0
DA:65,7
DA:66,1
DA:69,1
DA:70,0
DA:71,0
DA:74,1
DA:75,1
DA:80,1
DA:83,1
DA:86,1
DA:88,1
DA:91,1
DA:93,0
DA:99,7
DA:121,1
DA:128,47
DA:144,0
LF:43
LH:38
BRDA:21,0,0,7
BRDA:21,0,1,1
BRDA:44,1,0,1
BRDA:44,1,1,1
BRDA:56,2,0,1
BRDA:56,2,1,0
BRDA:69,3,0,0
BRDA:69,3,1,1
BRDA:136,4,0,7
BRDA:136,4,1,1
BRDA:142,5,0,7
BRDA:142,5,1,1
BRDA:153,6,0,7
BRDA:153,6,1,1
BRF:14
BRH:12
end_of_record
TN:
SF:src\DeleteUserWorkout.js
FN:17,(anonymous_0)
FN:31,(anonymous_1)
FN:37,(anonymous_2)
FN:54,(anonymous_3)
FN:55,(anonymous_4)
FN:61,(anonymous_5)
FN:65,(anonymous_6)
FN:68,(anonymous_7)
FN:69,(anonymous_8)
FN:83,(anonymous_9)
FN:121,(anonymous_10)
FN:129,(anonymous_11)
FN:164,(anonymous_12)
FN:167,(anonymous_13)
FN:174,(anonymous_14)
FNF:15
FNH:7
FNDA:7,(anonymous_0)
FNDA:3,(anonymous_1)
FNDA:3,(anonymous_2)
FNDA:2,(anonymous_3)
FNDA:2,(anonymous_4)
FNDA:0,(anonymous_5)
FNDA:0,(anonymous_6)
FNDA:0,(anonymous_7)
FNDA:0,(anonymous_8)
FNDA:0,(anonymous_9)
FNDA:0,(anonymous_10)
FNDA:0,(anonymous_11)
FNDA:0,(anonymous_12)
FNDA:3,(anonymous_13)
FNDA:1,(anonymous_14)
DA:17,1
DA:18,7
DA:19,7
DA:20,7
DA:21,7
DA:22,7
DA:23,7
DA:24,7
DA:25,7
DA:26,7
DA:28,7
DA:30,7
DA:31,7
DA:33,3
DA:37,7
DA:38,3
DA:39,3
DA:42,2
DA:46,2
DA:49,0
DA:50,0
DA:51,0
DA:52,0
DA:53,2
DA:54,2
DA:55,2
DA:57,2
DA:58,2
DA:60,0
DA:61,0
DA:64,0
DA:65,0
DA:68,0
DA:69,0
DA:71,0
DA:72,0
DA:76,1
DA:77,1
DA:83,7
DA:84,0
DA:87,0
DA:88,0
DA:89,0
DA:93,0
DA:94,0
DA:100,0
DA:101,0
DA:102,0
DA:103,0
DA:104,0
DA:105,0
DA:107,0
DA:108,0
DA:114,0
DA:115,0
DA:121,7
DA:129,0
DA:141,7
DA:164,0
DA:168,3
DA:174,1
LF:61
LH:31
BRDA:26,0,0,7
BRDA:26,0,1,0
BRDA:46,1,0,0
BRDA:46,1,1,2
BRDA:46,2,0,2
BRDA:46,2,1,0
BRDA:53,3,0,2
BRDA:53,3,1,0
BRDA:87,4,0,0
BRDA:87,4,1,0
BRDA:100,5,0,0
BRDA:100,5,1,0
BRDA:177,6,0,7
BRDA:177,6,1,0
BRDA:185,7,0,7
BRDA:185,7,1,1
BRF:16
BRH:7
end_of_record
TN:
SF:src\DeleteWorkoutRoutine.js
FN:16,(anonymous_0)
FN:27,(anonymous_1)
FN:36,(anonymous_2)
FN:40,(anonymous_3)
FN:58,(anonymous_4)
FN:62,(anonymous_5)
FN:96,(anonymous_6)
FN:104,(anonymous_7)
FN:138,(anonymous_8)
FN:141,(anonymous_9)
FN:148,(anonymous_10)
FNF:11
FNH:9
FNDA:12,(anonymous_0)
FNDA:4,(anonymous_1)
FNDA:3,(anonymous_2)
FNDA:3,(anonymous_3)
FNDA:4,(anonymous_4)
FNDA:1,(anonymous_5)
FNDA:0,(anonymous_6)
FNDA:0,(anonymous_7)
FNDA:2,(anonymous_8)
FNDA:7,(anonymous_9)
FNDA:2,(anonymous_10)
DA:16,1
DA:17,12
DA:18,12
DA:19,12
DA:20,12
DA:21,12
DA:22,12
DA:23,12
DA:24,12
DA:25,12
DA:27,12
DA:28,4
DA:29,4
DA:33,3
DA:35,3
DA:36,3
DA:39,3
DA:40,3
DA:43,3
DA:44,3
DA:47,0
DA:48,0
DA:49,0
DA:53,1
DA:54,1
DA:58,12
DA:59,4
DA:62,12
DA:64,1
DA:65,1
DA:66,1
DA:69,0
DA:70,0
DA:74,0
DA:76,0
DA:78,0
DA:79,0
DA:82,0
DA:84,0
DA:89,0
DA:90,0
DA:96,12
DA:104,0
DA:117,12
DA:138,2
DA:142,7
DA:148,2
LF:47
LH:33
BRDA:25,0,0,12
BRDA:25,0,1,12
BRDA:33,1,0,3
BRDA:33,1,1,0
BRDA:47,2,0,0
BRDA:47,2,1,0
BRDA:64,3,0,1
BRDA:64,3,1,0
BRDA:76,4,0,0
BRDA:76,4,1,0
BRDA:150,5,0,12
BRDA:150,5,1,12
BRDA:159,6,0,12
BRDA:159,6,1,1
BRF:14
BRH:8
end_of_record
TN:
SF:src\EditWorkouts.js
FN:16,(anonymous_0)
FN:34,(anonymous_1)
FN:41,(anonymous_2)
FN:52,(anonymous_3)
FN:56,(anonymous_4)
FN:67,(anonymous_5)
FN:104,(anonymous_6)
FN:116,(anonymous_7)
FN:160,(anonymous_8)
FN:175,(anonymous_9)
FN:187,(anonymous_10)
FN:202,(anonymous_11)
FNF:12
FNH:6
FNDA:3,(anonymous_0)
FNDA:1,(anonymous_1)
FNDA:1,(anonymous_2)
FNDA:1,(anonymous_3)
FNDA:1,(anonymous_4)
FNDA:0,(anonymous_5)
FNDA:0,(anonymous_6)
FNDA:0,(anonymous_7)
FNDA:1,(anonymous_8)
FNDA:0,(anonymous_9)
FNDA:0,(anonymous_10)
FNDA:0,(anonymous_11)
DA:16,1
DA:17,3
DA:18,2
DA:19,2
DA:20,2
DA:21,2
DA:22,2
DA:23,2
DA:24,2
DA:27,2
DA:29,2
DA:32,2
DA:34,2
DA:37,1
DA:41,2
DA:42,1
DA:43,1
DA:46,1
DA:49,1
DA:51,1
DA:52,1
DA:55,1
DA:56,1
DA:58,1
DA:59,1
DA:60,1
DA:63,0
DA:67,2
DA:68,0
DA:70,0
DA:71,0
DA:72,0
DA:75,0
DA:76,0
DA:77,0
DA:79,0
DA:80,0
DA:89,0
DA:92,0
DA:93,0
DA:94,0
DA:95,0
DA:96,0
DA:97,0
DA:99,0
DA:104,2
DA:105,0
DA:106,0
DA:108,0
DA:110,0
DA:111,0
DA:115,0
DA:116,0
DA:119,0
DA:122,0
DA:123,0
DA:125,0
DA:126,0
DA:131,2
DA:133,2
DA:161,1
DA:175,0
DA:187,0
DA:202,0
LF:64
LH:31
BRDA:27,0,0,2
BRDA:27,0,1,0
BRDA:70,1,0,0
BRDA:70,1,1,0
BRDA:70,2,0,0
BRDA:70,2,1,0
BRDA:70,2,2,0
BRDA:108,3,0,0
BRDA:108,3,1,0
BRDA:194,4,0,2
BRDA:194,4,1,0
BRDA:200,5,0,2
BRDA:200,5,1,0
BRF:13
BRH:3
end_of_record
TN:
SF:src\ExerciseCompletion.js
FN:16,(anonymous_0)
FN:30,(anonymous_1)
FN:36,(anonymous_2)
FN:47,(anonymous_3)
FN:67,(anonymous_4)
FN:70,(anonymous_5)
FN:71,(anonymous_6)
FN:80,(anonymous_7)
FN:84,(anonymous_8)
FN:100,(anonymous_9)
FN:107,(anonymous_10)
FN:110,(anonymous_11)
FN:118,(anonymous_12)
FN:181,(anonymous_13)
FN:204,(anonymous_14)
FN:205,(anonymous_15)
FN:218,(anonymous_16)
FN:233,(anonymous_17)
FN:248,(anonymous_18)
FNF:19
FNH:10
FNDA:5,(anonymous_0)
FNDA:2,(anonymous_1)
FNDA:2,(anonymous_2)
FNDA:1,(anonymous_3)
FNDA:1,(anonymous_4)
FNDA:1,(anonymous_5)
FNDA:1,(anonymous_6)
FNDA:0,(anonymous_7)
FNDA:0,(anonymous_8)
FNDA:0,(anonymous_9)
FNDA:0,(anonymous_10)
FNDA:0,(anonymous_11)
FNDA:0,(anonymous_12)
FNDA:2,(anonymous_13)
FNDA:1,(anonymous_14)
FNDA:1,(anonymous_15)
FNDA:0,(anonymous_16)
FNDA:0,(anonymous_17)
FNDA:0,(anonymous_18)
DA:16,1
DA:17,5
DA:18,5
DA:19,5
DA:20,5
DA:21,5
DA:23,5
DA:25,5
DA:27,5
DA:30,5
DA:32,2
DA:36,5
DA:37,2
DA:38,2
DA:43,2
DA:44,1
DA:47,1
DA:48,1
DA:52,1
DA:53,1
DA:58,0
DA:59,0
DA:65,5
DA:67,5
DA:68,1
DA:69,1
DA:70,1
DA:71,1
DA:77,1
DA:80,5
DA:81,0
DA:84,0
DA:85,0
DA:92,0
DA:93,0
DA:94,0
DA:100,0
DA:106,0
DA:107,0
DA:110,0
DA:118,0
DA:123,0
DA:124,0
DA:128,0
DA:129,0
DA:134,0
DA:135,0
DA:136,0
DA:137,0
DA:144,5
DA:154,5
DA:182,2
DA:204,1
DA:206,1
DA:219,0
DA:220,0
DA:224,0
DA:234,0
DA:235,0
DA:239,0
DA:249,0
DA:250,0
DA:254,0
LF:63
LH:33
BRDA:43,0,0,1
BRDA:43,0,1,1
BRDA:86,1,0,0
BRDA:86,1,1,0
BRDA:86,1,2,0
BRDA:92,2,0,0
BRDA:92,2,1,0
BRDA:103,3,0,0
BRDA:103,3,1,0
BRDA:189,4,0,5
BRDA:189,4,1,1
BRDA:217,5,0,1
BRDA:217,5,1,1
BRDA:232,6,0,1
BRDA:232,6,1,1
BRDA:247,7,0,1
BRDA:247,7,1,1
BRDA:270,8,0,5
BRDA:270,8,1,1
BRF:19
BRH:12
end_of_record
TN:
SF:src\Footer.js
FN:5,(anonymous_0)
FNF:1
FNH:1
FNDA:1,(anonymous_0)
DA:5,1
DA:6,1
LF:2
LH:2
BRF:0
BRH:0
end_of_record
TN:
SF:src\Home.js
FN:18,(anonymous_0)
FNF:1
FNH:1
FNDA:3,(anonymous_0)
DA:18,1
DA:19,3
LF:2
LH:2
BRF:0
BRH:0
end_of_record
TN:
SF:src\LeaderboardDisplay.js
FN:19,(anonymous_0)
FN:24,(anonymous_1)
FN:25,(anonymous_2)
FN:62,(anonymous_3)
FNF:4
FNH:4
FNDA:3,(anonymous_0)
FNDA:2,(anonymous_1)
FNDA:2,(anonymous_2)
FNDA:2,(anonymous_3)
DA:19,1
DA:21,3
DA:22,3
DA:24,3
DA:25,2
DA:26,2
DA:27,2
DA:30,1
DA:33,1
DA:36,1
DA:41,2
DA:46,3
DA:63,2
LF:13
LH:13
BRF:0
BRH:0
end_of_record
TN:
SF:src\LoginForm.js
FN:18,(anonymous_0)
FN:30,(anonymous_1)
FN:36,(anonymous_2)
FN:96,(anonymous_3)
FN:106,(anonymous_4)
FNF:5
FNH:4
FNDA:9,(anonymous_0)
FNDA:0,(anonymous_1)
FNDA:2,(anonymous_2)
FNDA:2,(anonymous_3)
FNDA:2,(anonymous_4)
DA:18,1
DA:19,9
DA:20,9
DA:21,9
DA:22,9
DA:23,9
DA:24,9
DA:25,9
DA:26,9
DA:30,9
DA:31,0
DA:36,9
DA:37,2
DA:40,2
DA:42,2
DA:47,1
DA:48,0
DA:49,0
DA:51,1
DA:55,1
DA:56,1
DA:67,9
DA:96,2
DA:106,2
LF:24
LH:21
BRDA:26,0,0,9
BRDA:26,0,1,0
BRDA:47,1,0,0
BRDA:47,1,1,1
BRDA:82,2,0,9
BRDA:82,2,1,0
BRDA:102,3,0,0
BRDA:102,3,1,9
BRDA:112,4,0,9
BRDA:112,4,1,2
BRF:10
BRH:6
end_of_record
TN:
SF:src\NewUserWorkout.js
FN:19,(anonymous_0)
FN:34,(anonymous_1)
FN:40,(anonymous_2)
FN:45,(anonymous_3)
FN:68,(anonymous_4)
FN:81,(anonymous_5)
FN:142,(anonymous_6)
FN:145,(anonymous_7)
FN:147,(anonymous_8)
FN:173,(anonymous_9)
FN:184,(anonymous_10)
FN:208,(anonymous_11)
FNF:12
FNH:6
FNDA:4,(anonymous_0)
FNDA:2,(anonymous_1)
FNDA:2,(anonymous_2)
FNDA:2,(anonymous_3)
FNDA:2,(anonymous_4)
FNDA:0,(anonymous_5)
FNDA:0,(anonymous_6)
FNDA:2,(anonymous_7)
FNDA:0,(anonymous_8)
FNDA:0,(anonymous_9)
FNDA:0,(anonymous_10)
FNDA:0,(anonymous_11)
DA:19,1
DA:20,4
DA:21,4
DA:22,4
DA:23,4
DA:24,4
DA:25,4
DA:26,4
DA:27,4
DA:28,4
DA:29,4
DA:30,4
DA:31,4
DA:34,4
DA:37,2
DA:40,4
DA:42,2
DA:45,4
DA:46,2
DA:47,2
DA:51,2
DA:52,1
DA:53,1
DA:54,1
DA:59,2
DA:63,0
DA:64,0
DA:68,4
DA:69,2
DA:70,2
DA:74,0
DA:76,0
DA:81,4
DA:82,0
DA:84,0
DA:85,0
DA:86,0
DA:89,0
DA:90,0
DA:101,0
DA:102,0
DA:104,0
DA:106,0
DA:107,0
DA:108,0
DA:110,0
DA:112,0
DA:116,4
DA:142,0
DA:146,2
DA:147,0
DA:150,2
DA:151,2
DA:157,0
DA:173,0
DA:184,0
DA:208,0
LF:57
LH:33
BRDA:28,0,0,4
BRDA:28,0,1,0
BRDA:51,1,0,1
BRDA:51,1,1,1
BRDA:53,2,0,1
BRDA:53,2,1,0
BRDA:84,3,0,0
BRDA:84,3,1,0
BRDA:84,4,0,0
BRDA:84,4,1,0
BRDA:84,4,2,0
BRDA:134,5,0,0
BRDA:134,5,1,4
BRDA:134,6,0,4
BRDA:134,6,1,0
BRDA:146,7,0,2
BRDA:146,7,1,2
BRDA:150,8,0,2
BRDA:150,8,1,0
BRDA:191,9,0,4
BRDA:191,9,1,0
BRDA:199,10,0,4
BRDA:199,10,1,1
BRDA:206,11,0,4
BRDA:206,11,1,0
BRF:25
BRH:13
end_of_record
TN:
SF:src\ProgressDeletion.js
FN:16,(anonymous_0)
FN:27,(anonymous_1)
FN:34,(anonymous_2)
FN:58,(anonymous_3)
FN:68,(anonymous_4)
FN:98,(anonymous_5)
FN:106,(anonymous_6)
FN:116,(anonymous_7)
FN:124,(anonymous_8)
FN:162,(anonymous_9)
FNF:10
FNH:8
FNDA:12,(anonymous_0)
FNDA:4,(anonymous_1)
FNDA:5,(anonymous_2)
FNDA:2,(anonymous_3)
FNDA:1,(anonymous_4)
FNDA:14,(anonymous_5)
FNDA:14,(anonymous_6)
FNDA:0,(anonymous_7)
FNDA:0,(anonymous_8)
FNDA:2,(anonymous_9)
DA:16,1
DA:17,12
DA:18,12
DA:19,12
DA:20,12
DA:21,12
DA:22,12
DA:23,12
DA:24,12
DA:27,12
DA:30,4
DA:34,12
DA:35,5
DA:36,5
DA:39,3
DA:41,3
DA:42,3
DA:43,0
DA:45,0
DA:46,0
DA:47,0
DA:51,1
DA:52,1
DA:58,12
DA:59,2
DA:61,2
DA:62,1
DA:64,1
DA:68,12
DA:69,1
DA:71,1
DA:72,0
DA:73,0
DA:76,1
DA:77,1
DA:81,1
DA:84,1
DA:85,1
DA:86,1
DA:89,1
DA:91,0
DA:97,12
DA:98,12
DA:99,14
DA:100,14
DA:101,14
DA:106,12
DA:107,14
DA:108,14
DA:116,12
DA:124,0
DA:134,12
DA:162,2
LF:53
LH:45
BRDA:23,0,0,12
BRDA:23,0,1,12
BRDA:41,1,0,3
BRDA:41,1,1,0
BRDA:43,2,0,0
BRDA:43,2,1,0
BRDA:61,3,0,1
BRDA:61,3,1,1
BRDA:71,4,0,0
BRDA:71,4,1,1
BRDA:165,5,0,12
BRDA:165,5,1,12
BRDA:173,6,0,12
BRDA:173,6,1,1
BRF:14
BRH:10
end_of_record
TN:
SF:src\ProtectedRoute.js
FN:8,(anonymous_0)
FN:20,(anonymous_1)
FNF:2
FNH:2
FNDA:4,(anonymous_0)
FNDA:4,(anonymous_1)
DA:8,1
DA:9,4
DA:10,4
DA:13,4
DA:16,4
DA:20,4
DA:22,4
DA:27,4
DA:29,2
DA:30,2
DA:35,4
DA:37,4
LF:12
LH:12
BRDA:27,0,0,2
BRDA:27,0,1,2
BRDA:27,1,0,4
BRDA:27,1,1,2
BRDA:41,2,0,2
BRDA:41,2,1,2
BRDA:43,3,0,2
BRDA:43,3,1,2
BRDA:43,4,0,4
BRDA:43,4,1,2
BRF:10
BRH:10
end_of_record
TN:
SF:src\RegisterForm.js
FN:19,(anonymous_0)
FN:32,(anonymous_1)
FN:106,(anonymous_2)
FN:116,(anonymous_3)
FN:126,(anonymous_4)
FN:136,(anonymous_5)
FN:146,(anonymous_6)
FN:155,(anonymous_7)
FNF:8
FNH:8
FNDA:17,(anonymous_0)
FNDA:3,(anonymous_1)
FNDA:2,(anonymous_2)
FNDA:2,(anonymous_3)
FNDA:2,(anonymous_4)
FNDA:2,(anonymous_5)
FNDA:2,(anonymous_6)
FNDA:2,(anonymous_7)
DA:19,1
DA:20,17
DA:21,17
DA:22,17
DA:23,17
DA:24,17
DA:25,17
DA:26,17
DA:29,17
DA:32,17
DA:33,3
DA:37,3
DA:38,0
DA:39,0
DA:43,3
DA:45,3
DA:46,3
DA:55,1
DA:58,1
DA:59,1
DA:62,0
DA:68,1
DA:70,1
DA:73,1
DA:75,1
DA:79,1
DA:85,17
DA:106,2
DA:116,2
DA:126,2
DA:136,2
DA:146,2
DA:155,2
LF:33
LH:30
BRDA:37,0,0,0
BRDA:37,0,1,3
BRDA:37,1,0,3
BRDA:37,1,1,3
BRDA:37,1,2,3
BRDA:37,1,3,3
BRDA:58,2,0,1
BRDA:58,2,1,0
BRDA:58,3,0,1
BRDA:58,3,1,1
BRDA:58,3,2,1
BRDA:75,4,0,1
BRDA:75,4,1,0
BRDA:75,5,0,1
BRDA:75,5,1,1
BRDA:75,5,2,1
BRDA:164,6,0,17
BRDA:164,6,1,1
BRF:18
BRH:15
end_of_record
TN:
SF:src\RegisteredNavbar.js
FN:12,(anonymous_0)
FN:16,(anonymous_1)
FNF:2
FNH:1
FNDA:5,(anonymous_0)
FNDA:0,(anonymous_1)
DA:12,2
DA:13,5
DA:14,5
DA:16,5
DA:17,0
DA:18,0
DA:23,5
LF:7
LH:5
BRF:0
BRH:0
end_of_record
TN:
SF:src\RemoveExerciseFromRoutine.js
FN:17,(anonymous_0)
FN:31,(anonymous_1)
FN:60,(anonymous_2)
FN:77,(anonymous_3)
FN:80,(anonymous_4)
FN:89,(anonymous_5)
FN:93,(anonymous_6)
FN:106,(anonymous_7)
FN:118,(anonymous_8)
FN:144,(anonymous_9)
FN:147,(anonymous_10)
FN:155,(anonymous_11)
FN:193,(anonymous_12)
FN:213,(anonymous_13)
FN:223,(anonymous_14)
FNF:15
FNH:12
FNDA:8,(anonymous_0)
FNDA:2,(anonymous_1)
FNDA:2,(anonymous_2)
FNDA:4,(anonymous_3)
FNDA:4,(anonymous_4)
FNDA:2,(anonymous_5)
FNDA:2,(anonymous_6)
FNDA:1,(anonymous_7)
FNDA:0,(anonymous_8)
FNDA:12,(anonymous_9)
FNDA:0,(anonymous_10)
FNDA:0,(anonymous_11)
FNDA:12,(anonymous_12)
FNDA:4,(anonymous_13)
FNDA:1,(anonymous_14)
DA:17,1
DA:18,8
DA:19,8
DA:20,8
DA:21,8
DA:22,8
DA:23,8
DA:24,8
DA:25,8
DA:26,8
DA:27,8
DA:28,8
DA:31,8
DA:33,2
DA:60,8
DA:61,2
DA:62,2
DA:66,2
DA:67,0
DA:68,0
DA:69,0
DA:70,0
DA:73,2
DA:75,2
DA:77,4
DA:78,2
DA:80,4
DA:81,2
DA:83,0
DA:89,8
DA:90,2
DA:91,2
DA:93,2
DA:95,2
DA:96,2
DA:98,0
DA:101,2
DA:106,8
DA:107,1
DA:109,1
DA:110,1
DA:113,1
DA:115,1
DA:118,8
DA:119,0
DA:121,0
DA:122,0
DA:123,0
DA:126,0
DA:127,0
DA:130,0
DA:132,0
DA:133,0
DA:137,0
DA:139,0
DA:144,12
DA:147,8
DA:155,0
DA:167,8
DA:194,12
DA:214,4
DA:223,1
LF:62
LH:44
BRDA:27,0,0,8
BRDA:27,0,1,0
BRDA:66,1,0,0
BRDA:66,1,1,2
BRDA:95,2,0,2
BRDA:95,2,1,0
BRDA:109,3,0,1
BRDA:109,3,1,0
BRDA:121,4,0,0
BRDA:121,4,1,0
BRDA:201,5,0,8
BRDA:201,5,1,4
BRDA:201,5,2,4
BRDA:227,6,0,8
BRDA:227,6,1,0
BRF:15
BRH:8
end_of_record
TN:
SF:src\Server.js
FN:31,(anonymous_0)
FN:34,(anonymous_1)
FN:48,(anonymous_2)
FN:50,(anonymous_3)
FN:72,(anonymous_4)
FN:80,(anonymous_5)
FN:93,(anonymous_6)
FN:96,(anonymous_7)
FN:135,(anonymous_8)
FN:142,(anonymous_9)
FN:159,(anonymous_10)
FN:175,(anonymous_11)
FN:180,(anonymous_12)
FN:215,(anonymous_13)
FN:225,(anonymous_14)
FN:236,(anonymous_15)
FN:250,(anonymous_16)
FN:253,(anonymous_17)
FN:276,(anonymous_18)
FN:282,(anonymous_19)
FN:305,(anonymous_20)
FN:311,(anonymous_21)
FN:336,(anonymous_22)
FN:341,(anonymous_23)
FN:365,(anonymous_24)
FN:370,(anonymous_25)
FN:393,(anonymous_26)
FN:398,(anonymous_27)
FN:421,(anonymous_28)
FN:426,(anonymous_29)
FN:450,(anonymous_30)
FN:464,(anonymous_31)
FN:488,(anonymous_32)
FN:494,(anonymous_33)
FN:511,(anonymous_34)
FN:532,(anonymous_35)
FN:537,(anonymous_36)
FN:561,(anonymous_37)
FN:566,(anonymous_38)
FN:591,(anonymous_39)
FN:595,(anonymous_40)
FN:619,(anonymous_41)
FN:625,(anonymous_42)
FN:649,(anonymous_43)
FN:657,(anonymous_44)
FN:680,(anonymous_45)
FN:685,(anonymous_46)
FN:708,(anonymous_47)
FN:711,(anonymous_48)
FN:735,(anonymous_49)
FN:740,(anonymous_50)
FN:764,(anonymous_51)
FN:769,(anonymous_52)
FN:794,(anonymous_53)
FN:799,(anonymous_54)
FN:822,(anonymous_55)
FN:828,(anonymous_56)
FN:852,(anonymous_57)
FN:857,(anonymous_58)
FNF:59
FNH:50
FNDA:0,(anonymous_0)
FNDA:0,(anonymous_1)
FNDA:1,(anonymous_2)
FNDA:0,(anonymous_3)
FNDA:2,(anonymous_4)
FNDA:0,(anonymous_5)
FNDA:2,(anonymous_6)
FNDA:5,(anonymous_7)
FNDA:3,(anonymous_8)
FNDA:5,(anonymous_9)
FNDA:0,(anonymous_10)
FNDA:3,(anonymous_11)
FNDA:3,(anonymous_12)
FNDA:3,(anonymous_13)
FNDA:3,(anonymous_14)
FNDA:2,(anonymous_15)
FNDA:3,(anonymous_16)
FNDA:3,(anonymous_17)
FNDA:3,(anonymous_18)
FNDA:3,(anonymous_19)
FNDA:3,(anonymous_20)
FNDA:3,(anonymous_21)
FNDA:3,(anonymous_22)
FNDA:3,(anonymous_23)
FNDA:3,(anonymous_24)
FNDA:3,(anonymous_25)
FNDA:3,(anonymous_26)
FNDA:3,(anonymous_27)
FNDA:3,(anonymous_28)
FNDA:3,(anonymous_29)
FNDA:3,(anonymous_30)
FNDA:3,(anonymous_31)
FNDA:3,(anonymous_32)
FNDA:3,(anonymous_33)
FNDA:1,(anonymous_34)
FNDA:3,(anonymous_35)
FNDA:3,(anonymous_36)
FNDA:3,(anonymous_37)
FNDA:3,(anonymous_38)
FNDA:3,(anonymous_39)
FNDA:3,(anonymous_40)
FNDA:3,(anonymous_41)
FNDA:3,(anonymous_42)
FNDA:3,(anonymous_43)
FNDA:3,(anonymous_44)
FNDA:3,(anonymous_45)
FNDA:3,(anonymous_46)
FNDA:3,(anonymous_47)
FNDA:3,(anonymous_48)
FNDA:3,(anonymous_49)
FNDA:3,(anonymous_50)
FNDA:3,(anonymous_51)
FNDA:3,(anonymous_52)
FNDA:0,(anonymous_53)
FNDA:0,(anonymous_54)
FNDA:0,(anonymous_55)
FNDA:0,(anonymous_56)
FNDA:3,(anonymous_57)
FNDA:3,(anonymous_58)
DA:2,1
DA:3,1
DA:4,1
DA:5,1
DA:6,1
DA:8,1
DA:9,1
DA:10,1
DA:11,1
DA:15,1
DA:18,1
DA:29,1
DA:31,1
DA:32,0
DA:34,0
DA:35,0
DA:36,0
DA:39,0
DA:42,1
DA:43,0
DA:46,1
DA:47,1
DA:48,1
DA:50,1
DA:51,0
DA:61,1
DA:72,1
DA:73,2
DA:75,1
DA:77,1
DA:78,2
DA:80,2
DA:81,0
DA:82,0
DA:84,0
DA:93,1
DA:94,2
DA:96,2
DA:97,5
DA:98,5
DA:99,5
DA:100,5
DA:101,5
DA:102,5
DA:104,5
DA:105,2
DA:106,2
DA:107,0
DA:113,2
DA:120,3
DA:131,2
DA:135,1
DA:136,3
DA:139,3
DA:140,8
DA:141,5
DA:142,5
DA:143,5
DA:148,3
DA:150,3
DA:159,1
DA:160,0
DA:169,0
DA:175,1
DA:176,3
DA:178,3
DA:180,3
DA:181,3
DA:182,0
DA:183,0
DA:188,3
DA:190,3
DA:191,2
DA:192,2
DA:194,2
DA:195,1
DA:196,1
DA:197,1
DA:198,1
DA:200,1
DA:201,1
DA:207,1
DA:215,1
DA:217,3
DA:220,3
DA:222,3
DA:226,3
DA:227,1
DA:229,2
DA:231,2
DA:234,2
DA:236,2
DA:237,2
DA:238,1
DA:242,1
DA:243,1
DA:250,1
DA:251,3
DA:253,3
DA:254,3
DA:255,1
DA:256,1
DA:262,2
DA:263,1
DA:269,1
DA:276,1
DA:277,3
DA:279,3
DA:282,3
DA:283,3
DA:284,1
DA:285,1
DA:291,2
DA:292,1
DA:298,1
DA:305,1
DA:306,3
DA:308,3
DA:311,3
DA:312,3
DA:313,1
DA:314,1
DA:320,2
DA:321,1
DA:327,1
DA:336,1
DA:337,3
DA:339,3
DA:341,3
DA:342,3
DA:343,1
DA:344,1
DA:350,2
DA:351,1
DA:357,1
DA:365,1
DA:366,3
DA:368,3
DA:370,3
DA:371,3
DA:372,1
DA:373,1
DA:379,2
DA:380,1
DA:386,1
DA:393,1
DA:394,3
DA:396,3
DA:398,3
DA:399,3
DA:400,1
DA:401,1
DA:407,2
DA:408,1
DA:414,1
DA:421,1
DA:422,3
DA:424,3
DA:426,3
DA:427,3
DA:428,1
DA:429,1
DA:435,2
DA:436,1
DA:442,1
DA:450,1
DA:456,3
DA:458,3
DA:460,3
DA:464,3
DA:465,3
DA:466,1
DA:467,1
DA:473,2
DA:474,1
DA:480,1
DA:488,1
DA:489,3
DA:490,3
DA:491,3
DA:492,3
DA:494,3
DA:495,3
DA:496,1
DA:497,1
DA:503,2
DA:504,1
DA:511,1
DA:512,1
DA:513,0
DA:514,0
DA:521,1
DA:532,1
DA:533,3
DA:535,3
DA:537,3
DA:538,3
DA:539,1
DA:540,1
DA:546,2
DA:547,1
DA:553,1
DA:561,1
DA:562,3
DA:564,3
DA:566,3
DA:567,3
DA:568,1
DA:569,1
DA:575,2
DA:576,1
DA:582,1
DA:591,1
DA:592,3
DA:593,3
DA:595,3
DA:596,3
DA:597,1
DA:598,1
DA:604,2
DA:605,1
DA:611,1
DA:619,1
DA:622,3
DA:623,3
DA:625,3
DA:626,3
DA:627,1
DA:628,1
DA:634,2
DA:635,1
DA:641,1
DA:649,1
DA:650,3
DA:655,3
DA:657,3
DA:658,3
DA:659,1
DA:660,1
DA:666,2
DA:667,1
DA:673,1
DA:680,1
DA:681,3
DA:683,3
DA:685,3
DA:686,3
DA:687,1
DA:688,1
DA:694,2
DA:695,1
DA:701,1
DA:708,1
DA:709,3
DA:711,3
DA:712,3
DA:713,1
DA:714,1
DA:720,2
DA:721,1
DA:727,1
DA:735,1
DA:736,3
DA:738,3
DA:740,3
DA:741,3
DA:742,1
DA:743,1
DA:749,2
DA:750,1
DA:756,1
DA:764,1
DA:765,3
DA:767,3
DA:769,3
DA:770,3
DA:771,1
DA:772,1
DA:778,2
DA:779,1
DA:785,1
DA:794,1
DA:795,0
DA:797,0
DA:799,0
DA:800,0
DA:801,0
DA:802,0
DA:808,0
DA:809,0
DA:815,0
DA:822,1
DA:823,0
DA:825,0
DA:828,0
DA:829,0
DA:830,0
DA:831,0
DA:837,0
DA:838,0
DA:844,0
DA:852,1
DA:853,3
DA:855,3
DA:857,3
DA:858,3
DA:859,1
DA:860,1
DA:866,2
DA:867,1
DA:873,1
DA:882,1
LF:312
LH:277
BRDA:32,0,0,0
BRDA:32,0,1,0
BRDA:36,1,0,0
BRDA:36,1,1,0
BRDA:42,2,0,0
BRDA:42,2,1,1
BRDA:73,3,0,1
BRDA:73,3,1,1
BRDA:81,4,0,0
BRDA:81,4,1,0
BRDA:104,5,0,2
BRDA:104,5,1,3
BRDA:106,6,0,0
BRDA:106,6,1,2
BRDA:140,7,0,5
BRDA:140,7,1,3
BRDA:140,8,0,8
BRDA:140,8,1,5
BRDA:181,9,0,0
BRDA:181,9,1,3
BRDA:190,10,0,2
BRDA:190,10,1,1
BRDA:194,11,0,1
BRDA:194,11,1,1
BRDA:226,12,0,1
BRDA:226,12,1,2
BRDA:237,13,0,1
BRDA:237,13,1,1
BRDA:254,14,0,1
BRDA:254,14,1,2
BRDA:262,15,0,1
BRDA:262,15,1,1
BRDA:262,16,0,2
BRDA:262,16,1,2
BRDA:283,17,0,1
BRDA:283,17,1,2
BRDA:291,18,0,1
BRDA:291,18,1,1
BRDA:291,19,0,2
BRDA:291,19,1,2
BRDA:312,20,0,1
BRDA:312,20,1,2
BRDA:320,21,0,1
BRDA:320,21,1,1
BRDA:320,22,0,2
BRDA:320,22,1,2
BRDA:342,23,0,1
BRDA:342,23,1,2
BRDA:350,24,0,1
BRDA:350,24,1,1
BRDA:350,25,0,2
BRDA:350,25,1,2
BRDA:371,26,0,1
BRDA:371,26,1,2
BRDA:379,27,0,1
BRDA:379,27,1,1
BRDA:379,28,0,2
BRDA:379,28,1,2
BRDA:399,29,0,1
BRDA:399,29,1,2
BRDA:407,30,0,1
BRDA:407,30,1,1
BRDA:407,31,0,2
BRDA:407,31,1,2
BRDA:427,32,0,1
BRDA:427,32,1,2
BRDA:435,33,0,1
BRDA:435,33,1,1
BRDA:435,34,0,2
BRDA:435,34,1,2
BRDA:465,35,0,1
BRDA:465,35,1,2
BRDA:473,36,0,1
BRDA:473,36,1,1
BRDA:473,37,0,2
BRDA:473,37,1,2
BRDA:495,38,0,1
BRDA:495,38,1,2
BRDA:503,39,0,1
BRDA:503,39,1,1
BRDA:503,40,0,2
BRDA:503,40,1,2
BRDA:512,41,0,0
BRDA:512,41,1,1
BRDA:538,42,0,1
BRDA:538,42,1,2
BRDA:546,43,0,1
BRDA:546,43,1,1
BRDA:546,44,0,2
BRDA:546,44,1,2
BRDA:567,45,0,1
BRDA:567,45,1,2
BRDA:575,46,0,1
BRDA:575,46,1,1
BRDA:575,47,0,2
BRDA:575,47,1,2
BRDA:596,48,0,1
BRDA:596,48,1,2
BRDA:604,49,0,1
BRDA:604,49,1,1
BRDA:604,50,0,2
BRDA:604,50,1,2
BRDA:626,51,0,1
BRDA:626,51,1,2
BRDA:634,52,0,1
BRDA:634,52,1,1
BRDA:634,53,0,2
BRDA:634,53,1,2
BRDA:658,54,0,1
BRDA:658,54,1,2
BRDA:666,55,0,1
BRDA:666,55,1,1
BRDA:666,56,0,2
BRDA:666,56,1,2
BRDA:686,57,0,1
BRDA:686,57,1,2
BRDA:694,58,0,1
BRDA:694,58,1,1
BRDA:694,59,0,2
BRDA:694,59,1,2
BRDA:712,60,0,1
BRDA:712,60,1,2
BRDA:720,61,0,1
BRDA:720,61,1,1
BRDA:720,62,0,2
BRDA:720,62,1,2
BRDA:741,63,0,1
BRDA:741,63,1,2
BRDA:749,64,0,1
BRDA:749,64,1,1
BRDA:749,65,0,2
BRDA:749,65,1,2
BRDA:770,66,0,1
BRDA:770,66,1,2
BRDA:778,67,0,1
BRDA:778,67,1,1
BRDA:778,68,0,2
BRDA:778,68,1,2
BRDA:800,69,0,0
BRDA:800,69,1,0
BRDA:808,70,0,0
BRDA:808,70,1,0
BRDA:808,71,0,0
BRDA:808,71,1,0
BRDA:829,72,0,0
BRDA:829,72,1,0
BRDA:837,73,0,0
BRDA:837,73,1,0
BRDA:837,74,0,0
BRDA:837,74,1,0
BRDA:858,75,0,1
BRDA:858,75,1,2
BRDA:866,76,0,1
BRDA:866,76,1,1
BRDA:866,77,0,2
BRDA:866,77,1,2
BRF:156
BRH:134
end_of_record
TN:
SF:src\UnregisteredNavbar.js
FN:10,(anonymous_0)
FNF:1
FNH:1
FNDA:4,(anonymous_0)
DA:10,2
DA:13,4
LF:2
LH:2
BRF:0
BRH:0
end_of_record
TN:
SF:src\User.js
FN:23,(anonymous_0)
FN:42,(anonymous_1)
FN:43,(anonymous_2)
FN:52,(anonymous_3)
FN:58,(anonymous_4)
FN:62,(anonymous_5)
FN:77,(anonymous_6)
FN:87,(anonymous_7)
FN:144,(anonymous_8)
FN:145,(anonymous_9)
FN:160,(anonymous_10)
FN:161,(anonymous_11)
FN:231,(anonymous_12)
FNF:13
FNH:9
FNDA:2,(anonymous_0)
FNDA:1,(anonymous_1)
FNDA:1,(anonymous_2)
FNDA:1,(anonymous_3)
FNDA:0,(anonymous_4)
FNDA:1,(anonymous_5)
FNDA:0,(anonymous_6)
FNDA:2,(anonymous_7)
FNDA:0,(anonymous_8)
FNDA:0,(anonymous_9)
FNDA:1,(anonymous_10)
FNDA:1,(anonymous_11)
FNDA:1,(anonymous_12)
DA:23,1
DA:24,2
DA:25,2
DA:26,2
DA:27,2
DA:28,2
DA:30,2
DA:31,2
DA:32,2
DA:33,2
DA:34,2
DA:35,2
DA:39,2
DA:42,2
DA:43,1
DA:44,1
DA:45,1
DA:48,1
DA:52,1
DA:58,1
DA:60,1
DA:62,1
DA:65,1
DA:68,0
DA:73,1
DA:77,2
DA:78,0
DA:79,0
DA:87,2
DA:88,2
DA:90,2
DA:91,2
DA:92,2
DA:94,2
DA:96,1
DA:104,1
DA:106,0
DA:109,0
DA:110,0
DA:117,0
DA:118,0
DA:119,0
DA:123,0
DA:124,0
DA:131,2
DA:132,0
DA:137,2
DA:141,2
DA:144,2
DA:145,2
DA:147,2
DA:160,2
DA:161,1
DA:162,1
DA:163,1
DA:166,1
DA:169,1
DA:170,1
DA:173,0
DA:178,1
DA:181,2
DA:232,1
LF:62
LH:49
BRDA:35,0,0,2
BRDA:35,0,1,0
BRDA:104,1,0,0
BRDA:104,1,1,1
BRDA:106,2,0,0
BRDA:106,2,1,0
BRDA:109,3,0,0
BRDA:109,3,1,0
BRDA:131,4,0,0
BRDA:131,4,1,2
BRDA:186,5,0,2
BRDA:186,5,1,0
BRF:12
BRH:4
end_of_record
TN:
SF:src\queries.js
FNF:0
FNH:0
DA:3,1
LF:1
LH:1
BRF:0
BRH:0
end_of_record
